TN:
SF:/home/konrad/Documents/0Uni/programming/ETR/include/etr_bits/add.hpp
FN:41,_ZN6VVPLUSId5STOREIdES1_EC2ERKS1_S4_bbiiii
FN:98,_ZNK6VVPLUSId5STOREIdES1_EixEi
FN:102,_ZNK6VVPLUSId5STOREIdES1_E4sizeEv
FN:107,_ZNK6VVPLUSId5STOREIdES1_E2imEv
FN:111,_ZNK6VVPLUSId5STOREIdES1_E2ncEv
FN:115,_ZNK6VVPLUSId5STOREIdES1_E2nrEv
FN:123,_ZplId5STOREIdES1_E3VECIT_6VVPLUSIS3_T0_T1_EERKS2_IS3_S5_ERKS2_IS3_S6_E
FN:141,_ZN6VSPLUSId5STOREIdEiEC2ERKS1_RKibii
FN:144,_ZNK6VSPLUSId5STOREIdEiEixEi
FN:148,_ZNK6VSPLUSId5STOREIdEiE4sizeEv
FN:153,_ZNK6VSPLUSId5STOREIdEiE2imEv
FN:157,_ZNK6VSPLUSId5STOREIdEiE2ncEv
FN:161,_ZNK6VSPLUSId5STOREIdEiE2nrEv
FN:168,_ZplId5STOREIdEiE3VECIT_6VSPLUSIS3_T0_T1_EERKS2_IS3_S5_ERKS6_
FN:186,_ZN6SVPLUSId5STOREIdEiEC2ERKiRKS1_bii
FN:189,_ZNK6SVPLUSId5STOREIdEiEixEi
FN:193,_ZNK6SVPLUSId5STOREIdEiE4sizeEv
FN:198,_ZNK6SVPLUSId5STOREIdEiE2imEv
FN:202,_ZNK6SVPLUSId5STOREIdEiE2ncEv
FN:206,_ZNK6SVPLUSId5STOREIdEiE2nrEv
FN:214,_ZplId5STOREIdEiE3VECIT_6SVPLUSIS3_T0_T1_EERKS6_RKS2_IS3_S5_E
FNDA:4,_ZNK6VSPLUSId5STOREIdEiE2imEv
FNDA:13,_ZNK6VSPLUSId5STOREIdEiEixEi
FNDA:3,_ZNK6VVPLUSId5STOREIdES1_E2nrEv
FNDA:4,_ZplId5STOREIdEiE3VECIT_6VSPLUSIS3_T0_T1_EERKS2_IS3_S5_ERKS6_
FNDA:4,_ZNK6VSPLUSId5STOREIdEiE4sizeEv
FNDA:1,_ZNK6SVPLUSId5STOREIdEiE2imEv
FNDA:1,_ZplId5STOREIdEiE3VECIT_6SVPLUSIS3_T0_T1_EERKS6_RKS2_IS3_S5_E
FNDA:0,_ZNK6SVPLUSId5STOREIdEiE2nrEv
FNDA:0,_ZNK6SVPLUSId5STOREIdEiE2ncEv
FNDA:1,_ZNK6VSPLUSId5STOREIdEiE2ncEv
FNDA:6,_ZNK6VVPLUSId5STOREIdES1_E4sizeEv
FNDA:4,_ZN6VVPLUSId5STOREIdES1_EC2ERKS1_S4_bbiiii
FNDA:1,_ZNK6SVPLUSId5STOREIdEiE4sizeEv
FNDA:4,_ZN6VSPLUSId5STOREIdEiEC2ERKS1_RKibii
FNDA:3,_ZNK6VVPLUSId5STOREIdES1_E2ncEv
FNDA:4,_ZNK6SVPLUSId5STOREIdEiEixEi
FNDA:1,_ZN6SVPLUSId5STOREIdEiEC2ERKiRKS1_bii
FNDA:4,_ZplId5STOREIdES1_E3VECIT_6VVPLUSIS3_T0_T1_EERKS2_IS3_S5_ERKS2_IS3_S6_E
FNDA:4,_ZNK6VVPLUSId5STOREIdES1_E2imEv
FNDA:16,_ZNK6VVPLUSId5STOREIdES1_EixEi
FNDA:1,_ZNK6VSPLUSId5STOREIdEiE2nrEv
FNF:21
FNH:19
DA:41,4
DA:42,4
DA:44,4
DA:45,4
DA:46,4
DA:47,4
DA:48,4
DA:49,4
DA:51,4
DA:52,1
DA:53,3
DA:54,3
DA:55,1
DA:56,1
DA:57,2
DA:58,2
DA:59,2
DA:60,0
DA:61,0
DA:62,0
DA:64,0
DA:68,4
DA:70,0
DA:71,0
DA:72,0
DA:73,0
DA:75,0
DA:76,0
DA:78,4
DA:80,2
DA:81,2
DA:82,10
DA:83,8
DA:85,8
DA:86,8
DA:88,2
DA:89,2
DA:90,2
DA:91,10
DA:92,8
DA:93,8
DA:96,4
DA:98,16
DA:99,16
DA:102,6
DA:103,6
DA:104,6
DA:107,4
DA:108,4
DA:111,3
DA:112,3
DA:115,3
DA:116,3
DA:123,4
DA:124,12
DA:125,4
DA:126,8
DA:141,4
DA:142,4
DA:144,13
DA:145,13
DA:148,4
DA:149,4
DA:153,4
DA:154,4
DA:157,1
DA:158,1
DA:161,1
DA:162,1
DA:168,4
DA:169,4
DA:186,1
DA:187,1
DA:189,4
DA:190,4
DA:193,1
DA:194,1
DA:198,1
DA:199,1
DA:202,0
DA:203,0
DA:206,0
DA:207,0
DA:214,1
DA:215,1
LF:85
LH:71
end_of_record
TN:
SF:/home/konrad/Documents/0Uni/programming/ETR/include/etr_bits/allocation.hpp
FN:28,_Z6vectori
FN:33,_Z6vectordi
FN:39,_Z6vector3VECId5STOREIdEE
FN:45,_Z6matrixii
FN:54,_Z6matrixdii
FN:62,_Z6matrix3VECId5STOREIdEEii
FNDA:42,_Z6vectordi
FNDA:2,_Z6vector3VECId5STOREIdEE
FNDA:13,_Z6matrixdii
FNDA:3,_Z6matrix3VECId5STOREIdEEii
FNDA:1,_Z6matrixii
FNDA:5,_Z6vectori
FNF:6
FNH:6
DA:28,5
DA:29,5
DA:30,5
DA:33,42
DA:34,42
DA:35,42
DA:39,2
DA:40,2
DA:41,2
DA:42,2
DA:45,1
DA:46,1
DA:47,1
DA:48,1
DA:49,1
DA:50,1
DA:54,13
DA:55,13
DA:56,13
DA:57,13
DA:58,13
DA:59,13
DA:62,3
DA:63,3
DA:64,3
DA:65,3
DA:66,3
DA:67,3
DA:68,3
LF:29
LH:29
end_of_record
TN:
SF:/home/konrad/Documents/0Uni/programming/ETR/include/etr_bits/colon.hpp
FN:29,_Z5colonii
FN:37,_Z5colondd
FN:47,_Z5colonid
FN:57,_Z5colondi
FN:67,_Z5coloni3VECId5STOREIdEE
FN:77,_Z5colond3VECId5STOREIdEE
FN:87,_Z5colon3VECId5STOREIdEEi
FN:97,_Z5colon3VECId5STOREIdEEd
FN:108,_Z5colon3VECId5STOREIdEES2_
FN:119,_Z6lengthd
FN:123,_Z6lengthi
FN:127,_Z6lengthb
FN:132,_Z6lengthIdEiR3VECIT_5STOREIS1_EE
FN:137,_Z3dimIdE3VECId5STOREIdEERS0_IT_S1_IS4_EE
FN:152,_Z3dimb
FN:157,_Z3dimi
FN:162,_Z3dimd
FNDA:0,_Z3dimb
FNDA:1,_Z5colon3VECId5STOREIdEEd
FNDA:0,_Z3dimd
FNDA:1,_Z6lengthd
FNDA:2,_Z6lengthIdEiR3VECIT_5STOREIS1_EE
FNDA:1,_Z5colon3VECId5STOREIdEEi
FNDA:9,_Z5colonii
FNDA:1,_Z5colondd
FNDA:1,_Z5colon3VECId5STOREIdEES2_
FNDA:4,_Z3dimIdE3VECId5STOREIdEERS0_IT_S1_IS4_EE
FNDA:1,_Z5colond3VECId5STOREIdEE
FNDA:1,_Z5colondi
FNDA:1,_Z5colonid
FNDA:1,_Z5coloni3VECId5STOREIdEE
FNDA:2,_Z6lengthi
FNDA:1,_Z6lengthb
FNDA:0,_Z3dimi
FNF:17
FNH:14
DA:29,9
DA:30,9
DA:31,137
DA:32,128
DA:34,9
DA:37,1
DA:39,1
DA:40,1
DA:41,4
DA:42,3
DA:44,1
DA:47,1
DA:49,1
DA:50,1
DA:51,4
DA:52,3
DA:54,1
DA:57,1
DA:59,1
DA:60,1
DA:61,4
DA:62,3
DA:64,1
DA:67,1
DA:69,1
DA:70,1
DA:71,4
DA:72,3
DA:74,1
DA:77,1
DA:79,1
DA:80,1
DA:81,4
DA:82,3
DA:84,1
DA:87,1
DA:89,1
DA:90,1
DA:91,4
DA:92,3
DA:94,1
DA:97,1
DA:99,1
DA:100,1
DA:101,4
DA:102,3
DA:104,1
DA:108,1
DA:110,1
DA:111,1
DA:112,4
DA:113,3
DA:115,1
DA:119,1
DA:120,1
DA:123,2
DA:124,2
DA:127,1
DA:128,1
DA:132,2
DA:133,2
DA:137,4
DA:138,4
DA:139,0
DA:140,0
DA:143,4
DA:145,4
DA:146,4
DA:148,4
DA:152,0
DA:153,0
DA:154,0
DA:157,0
DA:158,0
DA:159,0
DA:162,0
DA:163,0
DA:164,0
LF:78
LH:67
end_of_record
TN:
SF:/home/konrad/Documents/0Uni/programming/ETR/include/etr_bits/comparison.hpp
FN:28,_Z2cddd
FN:32,_ZeqR3VECId5STOREIdEEd
FN:41,_ZeqO3VECId5STOREIdEEd
FN:50,_ZeqR3VECId5STOREIdEEi
FN:59,_ZeqO3VECId5STOREIdEEi
FN:70,_ZgeR3VECId5STOREIdEEd
FN:79,_ZgeO3VECId5STOREIdEEd
FN:88,_ZgeR3VECId5STOREIdEEi
FN:97,_ZgeO3VECId5STOREIdEEi
FN:108,_ZleR3VECId5STOREIdEEd
FN:117,_ZleO3VECId5STOREIdEEd
FN:126,_ZleR3VECId5STOREIdEEi
FN:135,_ZleO3VECId5STOREIdEEi
FN:145,_ZltR3VECId5STOREIdEEd
FN:154,_ZltO3VECId5STOREIdEEd
FN:163,_ZltR3VECId5STOREIdEEi
FN:172,_ZltO3VECId5STOREIdEEi
FN:183,_ZgtR3VECId5STOREIdEEd
FN:192,_ZgtO3VECId5STOREIdEEd
FN:201,_ZgtR3VECId5STOREIdEEi
FN:210,_ZgtO3VECId5STOREIdEEi
FN:221,_ZneR3VECId5STOREIdEEd
FN:230,_ZneO3VECId5STOREIdEEd
FN:239,_ZneR3VECId5STOREIdEEi
FN:248,_ZneO3VECId5STOREIdEEi
FN:259,_ZeqR3VECId5STOREIdEES3_
FN:301,_ZgeR3VECId5STOREIdEES3_
FN:343,_ZleR3VECId5STOREIdEES3_
FN:386,_ZgtR3VECId5STOREIdEES3_
FN:429,_ZltR3VECId5STOREIdEES3_
FN:471,_ZneR3VECId5STOREIdEES3_
FN:547,_ZeqO3VECId5STOREIdEES3_
FN:587,_ZeqR3VECId5STOREIdEEOS2_
FN:627,_ZeqO3VECId5STOREIdEERS2_
FN:670,_ZgeO3VECId5STOREIdEES3_
FN:711,_ZgeR3VECId5STOREIdEEOS2_
FN:752,_ZgeO3VECId5STOREIdEERS2_
FN:794,_ZleO3VECId5STOREIdEES3_
FN:835,_ZleR3VECId5STOREIdEEOS2_
FN:876,_ZleO3VECId5STOREIdEERS2_
FN:920,_ZgtO3VECId5STOREIdEES3_
FN:962,_ZgtR3VECId5STOREIdEEOS2_
FN:1004,_ZgtO3VECId5STOREIdEERS2_
FN:1047,_ZltO3VECId5STOREIdEES3_
FN:1088,_ZltR3VECId5STOREIdEEOS2_
FN:1128,_ZltO3VECId5STOREIdEERS2_
FN:1173,_ZneO3VECId5STOREIdEES3_
FN:1215,_ZneR3VECId5STOREIdEEOS2_
FN:1256,_ZneO3VECId5STOREIdEERS2_
FNDA:1,_ZgeO3VECId5STOREIdEES3_
FNDA:2,_ZgeR3VECId5STOREIdEES3_
FNDA:2,_ZgtR3VECId5STOREIdEEd
FNDA:0,_ZgtO3VECId5STOREIdEEd
FNDA:5,_ZgtO3VECId5STOREIdEERS2_
FNDA:0,_ZleO3VECId5STOREIdEEi
FNDA:2,_ZleR3VECId5STOREIdEEi
FNDA:1,_ZneO3VECId5STOREIdEES3_
FNDA:1,_ZleR3VECId5STOREIdEEOS2_
FNDA:1,_ZneR3VECId5STOREIdEES3_
FNDA:0,_ZeqO3VECId5STOREIdEEd
FNDA:2,_ZeqR3VECId5STOREIdEEd
FNDA:2,_ZgtR3VECId5STOREIdEES3_
FNDA:1,_ZgtO3VECId5STOREIdEES3_
FNDA:0,_ZgeO3VECId5STOREIdEEd
FNDA:2,_ZgeR3VECId5STOREIdEEd
FNDA:2,_ZltR3VECId5STOREIdEEOS2_
FNDA:2,_ZltR3VECId5STOREIdEEi
FNDA:0,_ZltO3VECId5STOREIdEEi
FNDA:0,_ZneO3VECId5STOREIdEEd
FNDA:2,_ZneR3VECId5STOREIdEEd
FNDA:1,_ZeqO3VECId5STOREIdEES3_
FNDA:10,_ZeqR3VECId5STOREIdEES3_
FNDA:79,_Z2cddd
FNDA:0,_ZneR3VECId5STOREIdEEOS2_
FNDA:1,_ZeqR3VECId5STOREIdEEOS2_
FNDA:1,_ZgeR3VECId5STOREIdEEOS2_
FNDA:2,_ZgtR3VECId5STOREIdEEi
FNDA:0,_ZgtO3VECId5STOREIdEEi
FNDA:5,_ZgeO3VECId5STOREIdEERS2_
FNDA:5,_ZltO3VECId5STOREIdEERS2_
FNDA:3,_ZltR3VECId5STOREIdEES3_
FNDA:1,_ZltO3VECId5STOREIdEES3_
FNDA:1,_ZgtR3VECId5STOREIdEEOS2_
FNDA:0,_ZleO3VECId5STOREIdEEd
FNDA:2,_ZleR3VECId5STOREIdEEd
FNDA:5,_ZneO3VECId5STOREIdEERS2_
FNDA:0,_ZeqO3VECId5STOREIdEEi
FNDA:2,_ZeqR3VECId5STOREIdEEi
FNDA:0,_ZgeO3VECId5STOREIdEEi
FNDA:5,_ZeqO3VECId5STOREIdEERS2_
FNDA:2,_ZgeR3VECId5STOREIdEEi
FNDA:5,_ZleO3VECId5STOREIdEERS2_
FNDA:1,_ZleO3VECId5STOREIdEES3_
FNDA:2,_ZleR3VECId5STOREIdEES3_
FNDA:2,_ZltR3VECId5STOREIdEEd
FNDA:0,_ZltO3VECId5STOREIdEEd
FNDA:0,_ZneO3VECId5STOREIdEEi
FNDA:2,_ZneR3VECId5STOREIdEEi
FNF:49
FNH:36
DA:28,79
DA:29,79
DA:32,2
DA:33,2
DA:34,10
DA:35,8
DA:38,2
DA:41,0
DA:42,0
DA:43,0
DA:44,0
DA:47,0
DA:50,2
DA:51,2
DA:52,10
DA:53,8
DA:56,2
DA:59,0
DA:60,0
DA:61,0
DA:62,0
DA:65,0
DA:70,2
DA:71,2
DA:72,10
DA:73,8
DA:76,2
DA:79,0
DA:80,0
DA:81,0
DA:82,0
DA:85,0
DA:88,2
DA:89,2
DA:90,10
DA:91,8
DA:94,2
DA:97,0
DA:98,0
DA:99,0
DA:100,0
DA:103,0
DA:108,2
DA:109,2
DA:110,10
DA:111,8
DA:114,2
DA:117,0
DA:118,0
DA:119,0
DA:120,0
DA:123,0
DA:126,2
DA:127,2
DA:128,10
DA:129,8
DA:132,2
DA:135,0
DA:136,0
DA:137,0
DA:138,0
DA:141,0
DA:145,2
DA:146,2
DA:147,10
DA:148,8
DA:151,2
DA:154,0
DA:155,0
DA:156,0
DA:157,0
DA:160,0
DA:163,2
DA:164,2
DA:165,10
DA:166,8
DA:169,2
DA:172,0
DA:173,0
DA:174,0
DA:175,0
DA:178,0
DA:183,2
DA:184,2
DA:185,10
DA:186,8
DA:189,2
DA:192,0
DA:193,0
DA:194,0
DA:195,0
DA:198,0
DA:201,2
DA:202,2
DA:203,10
DA:204,8
DA:207,2
DA:210,0
DA:211,0
DA:212,0
DA:213,0
DA:216,0
DA:221,2
DA:222,2
DA:223,10
DA:224,8
DA:227,2
DA:230,0
DA:231,0
DA:232,0
DA:233,0
DA:236,0
DA:239,2
DA:240,2
DA:241,10
DA:242,8
DA:245,2
DA:248,0
DA:249,0
DA:250,0
DA:251,0
DA:254,0
DA:259,10
DA:261,10
DA:262,10
DA:263,10
DA:264,10
DA:265,10
DA:267,10
DA:268,39
DA:269,30
DA:271,9
DA:274,1
DA:276,6
DA:277,5
DA:278,1
DA:280,5
DA:283,0
DA:285,0
DA:286,0
DA:287,0
DA:289,0
DA:296,1
DA:301,2
DA:303,2
DA:304,2
DA:305,2
DA:306,2
DA:307,2
DA:309,2
DA:310,10
DA:311,8
DA:313,2
DA:316,0
DA:318,0
DA:319,0
DA:320,0
DA:322,0
DA:325,0
DA:327,0
DA:328,0
DA:329,0
DA:331,0
DA:338,0
DA:343,2
DA:345,2
DA:346,2
DA:347,2
DA:348,2
DA:349,2
DA:351,2
DA:352,10
DA:353,8
DA:355,2
DA:358,0
DA:360,0
DA:361,0
DA:362,0
DA:364,0
DA:367,0
DA:369,0
DA:370,0
DA:371,0
DA:373,0
DA:380,0
DA:386,2
DA:388,2
DA:389,2
DA:390,2
DA:391,2
DA:392,2
DA:394,2
DA:395,10
DA:396,8
DA:398,2
DA:401,0
DA:403,0
DA:404,0
DA:405,0
DA:407,0
DA:410,0
DA:412,0
DA:413,0
DA:414,0
DA:416,0
DA:423,0
DA:429,3
DA:431,3
DA:432,3
DA:433,3
DA:434,3
DA:435,3
DA:437,3
DA:438,15
DA:439,12
DA:441,3
DA:444,0
DA:446,0
DA:447,0
DA:448,0
DA:450,0
DA:453,0
DA:455,0
DA:456,0
DA:457,0
DA:459,0
DA:466,0
DA:471,1
DA:473,1
DA:474,1
DA:475,1
DA:476,1
DA:477,1
DA:479,1
DA:480,5
DA:481,4
DA:483,1
DA:486,0
DA:488,0
DA:489,0
DA:490,0
DA:492,0
DA:495,0
DA:497,0
DA:498,0
DA:499,0
DA:501,0
DA:508,0
DA:547,1
DA:549,1
DA:550,1
DA:551,1
DA:552,1
DA:553,1
DA:555,1
DA:556,5
DA:557,4
DA:559,1
DA:562,0
DA:564,0
DA:565,0
DA:566,0
DA:568,0
DA:571,0
DA:573,0
DA:574,0
DA:575,0
DA:577,0
DA:584,0
DA:587,1
DA:589,1
DA:590,1
DA:591,1
DA:592,1
DA:593,1
DA:595,1
DA:596,5
DA:597,4
DA:599,1
DA:602,0
DA:604,0
DA:605,0
DA:606,0
DA:608,0
DA:611,0
DA:613,0
DA:614,0
DA:615,0
DA:617,0
DA:624,0
DA:627,5
DA:629,5
DA:630,5
DA:631,5
DA:632,5
DA:633,5
DA:635,5
DA:636,5
DA:637,4
DA:639,1
DA:642,4
DA:644,0
DA:645,0
DA:646,0
DA:648,0
DA:651,4
DA:653,20
DA:654,16
DA:655,8
DA:657,16
DA:664,4
DA:670,1
DA:672,1
DA:673,1
DA:674,1
DA:675,1
DA:676,1
DA:678,1
DA:679,5
DA:680,4
DA:682,1
DA:685,0
DA:687,0
DA:688,0
DA:689,0
DA:691,0
DA:694,0
DA:696,0
DA:697,0
DA:698,0
DA:700,0
DA:707,0
DA:711,1
DA:713,1
DA:714,1
DA:715,1
DA:716,1
DA:717,1
DA:719,1
DA:720,5
DA:721,4
DA:723,1
DA:726,0
DA:728,0
DA:729,0
DA:730,0
DA:732,0
DA:735,0
DA:737,0
DA:738,0
DA:739,0
DA:741,0
DA:748,0
DA:752,5
DA:754,5
DA:755,5
DA:756,5
DA:757,5
DA:758,5
DA:760,5
DA:761,5
DA:762,4
DA:764,1
DA:767,4
DA:769,0
DA:770,0
DA:771,0
DA:773,0
DA:776,4
DA:778,20
DA:779,16
DA:780,8
DA:782,16
DA:789,4
DA:794,1
DA:796,1
DA:797,1
DA:798,1
DA:799,1
DA:800,1
DA:802,1
DA:803,5
DA:804,4
DA:806,1
DA:809,0
DA:811,0
DA:812,0
DA:813,0
DA:815,0
DA:818,0
DA:820,0
DA:821,0
DA:822,0
DA:824,0
DA:831,0
DA:835,1
DA:837,1
DA:838,1
DA:839,1
DA:840,1
DA:841,1
DA:843,1
DA:844,5
DA:845,4
DA:847,1
DA:850,0
DA:852,0
DA:853,0
DA:854,0
DA:856,0
DA:859,0
DA:861,0
DA:862,0
DA:863,0
DA:865,0
DA:872,0
DA:876,5
DA:878,5
DA:879,5
DA:880,5
DA:881,5
DA:882,5
DA:884,5
DA:885,5
DA:886,4
DA:888,1
DA:891,4
DA:893,0
DA:894,0
DA:895,0
DA:897,0
DA:900,4
DA:902,20
DA:903,16
DA:904,8
DA:906,16
DA:913,4
DA:920,1
DA:922,1
DA:923,1
DA:924,1
DA:925,1
DA:926,1
DA:928,1
DA:929,5
DA:930,4
DA:932,1
DA:935,0
DA:937,0
DA:938,0
DA:939,0
DA:941,0
DA:944,0
DA:946,0
DA:947,0
DA:948,0
DA:950,0
DA:957,0
DA:962,1
DA:964,1
DA:965,1
DA:966,1
DA:967,1
DA:968,1
DA:970,1
DA:971,5
DA:972,4
DA:974,1
DA:977,0
DA:979,0
DA:980,0
DA:981,0
DA:983,0
DA:986,0
DA:988,0
DA:989,0
DA:990,0
DA:992,0
DA:999,0
DA:1004,5
DA:1006,5
DA:1007,5
DA:1008,5
DA:1009,5
DA:1010,5
DA:1012,5
DA:1013,5
DA:1014,4
DA:1016,1
DA:1019,4
DA:1021,0
DA:1022,0
DA:1023,0
DA:1025,0
DA:1028,4
DA:1030,20
DA:1031,16
DA:1032,8
DA:1034,16
DA:1041,4
DA:1047,1
DA:1049,1
DA:1050,1
DA:1051,1
DA:1052,1
DA:1053,1
DA:1055,1
DA:1056,5
DA:1057,4
DA:1059,1
DA:1062,0
DA:1064,0
DA:1065,0
DA:1066,0
DA:1068,0
DA:1071,0
DA:1073,0
DA:1074,0
DA:1075,0
DA:1077,0
DA:1084,0
DA:1088,2
DA:1090,2
DA:1091,2
DA:1092,2
DA:1093,2
DA:1094,2
DA:1096,2
DA:1097,10
DA:1098,8
DA:1100,2
DA:1103,0
DA:1105,0
DA:1106,0
DA:1107,0
DA:1109,0
DA:1112,0
DA:1114,0
DA:1115,0
DA:1116,0
DA:1118,0
DA:1125,0
DA:1128,5
DA:1130,5
DA:1131,5
DA:1132,5
DA:1133,5
DA:1134,5
DA:1136,5
DA:1137,5
DA:1138,4
DA:1140,1
DA:1143,4
DA:1145,0
DA:1146,0
DA:1147,0
DA:1149,0
DA:1152,4
DA:1154,20
DA:1155,16
DA:1156,8
DA:1158,16
DA:1165,4
DA:1173,1
DA:1175,1
DA:1176,1
DA:1177,1
DA:1178,1
DA:1179,1
DA:1181,1
DA:1182,5
DA:1183,4
DA:1185,1
DA:1188,0
DA:1190,0
DA:1191,0
DA:1192,0
DA:1194,0
DA:1197,0
DA:1199,0
DA:1200,0
DA:1201,0
DA:1203,0
DA:1210,0
DA:1215,0
DA:1217,0
DA:1218,0
DA:1219,0
DA:1220,0
DA:1221,0
DA:1223,0
DA:1224,0
DA:1225,0
DA:1227,0
DA:1230,0
DA:1232,0
DA:1233,0
DA:1234,0
DA:1236,0
DA:1239,0
DA:1241,0
DA:1242,0
DA:1243,0
DA:1245,0
DA:1252,0
DA:1256,5
DA:1258,5
DA:1259,5
DA:1260,5
DA:1261,5
DA:1262,5
DA:1264,5
DA:1265,5
DA:1266,4
DA:1268,1
DA:1271,4
DA:1273,0
DA:1274,0
DA:1275,0
DA:1277,0
DA:1280,4
DA:1282,20
DA:1283,16
DA:1284,8
DA:1286,16
DA:1293,4
LF:626
LH:340
end_of_record
TN:
SF:/home/konrad/Documents/0Uni/programming/ETR/include/etr_bits/concatenate.hpp
FN:28,_Z7combineO3VECId5STOREIdEES3_
FN:43,_Z7combineR3VECId5STOREIdEES3_
FN:60,_Z7combineR3VECId5STOREIdEEd
FN:75,_Z7combinedR3VECId5STOREIdEE
FN:91,_Z4cocaIJiiEE3VECId5STOREIdEEDpOT_
FN:91,_Z4cocaIJiEE3VECId5STOREIdEEDpOT_
FN:91,_Z4cocaIJiR3VECId5STOREIdEEEES3_DpOT_
FN:91,_Z4cocaIJiiiiEE3VECId5STOREIdEEDpOT_
FN:91,_Z4cocaIJiiiiiiEE3VECId5STOREIdEEDpOT_
FN:91,_Z4cocaIJdddEE3VECId5STOREIdEEDpOT_
FN:91,_Z4cocaIJiiiiiEE3VECId5STOREIdEEDpOT_
FN:91,_Z4cocaIJiiiEE3VECId5STOREIdEEDpOT_
FN:91,_Z4cocaIJR3VECId5STOREIdEEiEES3_DpOT_
FN:91,_Z4cocaIJiiiiiiiiiEE3VECId5STOREIdEEDpOT_
FN:97,_ZZ4cocaIJdddEE3VECId5STOREIdEEDpOT_ENKUlRT_E0_clIdEEDaS8_
FN:97,_ZZ4cocaIJiiiiiEE3VECId5STOREIdEEDpOT_ENKUlRT_E3_clIiEEDaS8_
FN:97,_ZZ4cocaIJiiiiiiiiiEE3VECId5STOREIdEEDpOT_ENKUlRT_E0_clIiEEDaS8_
FN:97,_ZZ4cocaIJiiiiiiiiiEE3VECId5STOREIdEEDpOT_ENKUlRT_E2_clIiEEDaS8_
FN:97,_ZZ4cocaIJiiiiiiEE3VECId5STOREIdEEDpOT_ENKUlRT_E0_clIiEEDaS8_
FN:97,_ZZ4cocaIJiR3VECId5STOREIdEEEES3_DpOT_ENKUlRT_E0_clIS3_EEDaS9_
FN:97,_ZZ4cocaIJiiiiiEE3VECId5STOREIdEEDpOT_ENKUlRT_E0_clIiEEDaS8_
FN:97,_ZZ4cocaIJiiiEE3VECId5STOREIdEEDpOT_ENKUlRT_E0_clIiEEDaS8_
FN:97,_ZZ4cocaIJiiiiiEE3VECId5STOREIdEEDpOT_ENKUlRT_E1_clIiEEDaS8_
FN:97,_ZZ4cocaIJiiiiiiEE3VECId5STOREIdEEDpOT_ENKUlRT_E1_clIiEEDaS8_
FN:97,_ZZ4cocaIJiiiiiiiiiEE3VECId5STOREIdEEDpOT_ENKUlRT_E_clIiEEDaS8_
FN:97,_ZZ4cocaIJiiiiiiiiiEE3VECId5STOREIdEEDpOT_ENKUlRT_E6_clIiEEDaS8_
FN:97,_ZZ4cocaIJiiiEE3VECId5STOREIdEEDpOT_ENKUlRT_E1_clIiEEDaS8_
FN:97,_ZZ4cocaIJiR3VECId5STOREIdEEEES3_DpOT_ENKUlRT_E_clIiEEDaS9_
FN:97,_ZZ4cocaIJiiiiEE3VECId5STOREIdEEDpOT_ENKUlRT_E_clIiEEDaS8_
FN:97,_ZZ4cocaIJR3VECId5STOREIdEEiEES3_DpOT_ENKUlRT_E_clIS3_EEDaS9_
FN:97,_ZZ4cocaIJiiiEE3VECId5STOREIdEEDpOT_ENKUlRT_E_clIiEEDaS8_
FN:97,_ZZ4cocaIJR3VECId5STOREIdEEiEES3_DpOT_ENKUlRT_E0_clIiEEDaS9_
FN:97,_ZZ4cocaIJdddEE3VECId5STOREIdEEDpOT_ENKUlRT_E_clIdEEDaS8_
FN:97,_ZZ4cocaIJiiiiiiiiiEE3VECId5STOREIdEEDpOT_ENKUlRT_E5_clIiEEDaS8_
FN:97,_ZZ4cocaIJiiiiiiiiiEE3VECId5STOREIdEEDpOT_ENKUlRT_E7_clIiEEDaS8_
FN:97,_ZZ4cocaIJiiiiiiEE3VECId5STOREIdEEDpOT_ENKUlRT_E2_clIiEEDaS8_
FN:97,_ZZ4cocaIJiiiiiiiiiEE3VECId5STOREIdEEDpOT_ENKUlRT_E1_clIiEEDaS8_
FN:97,_ZZ4cocaIJiiiiiiiiiEE3VECId5STOREIdEEDpOT_ENKUlRT_E4_clIiEEDaS8_
FN:97,_ZZ4cocaIJiiiiiiEE3VECId5STOREIdEEDpOT_ENKUlRT_E_clIiEEDaS8_
FN:97,_ZZ4cocaIJiiiiEE3VECId5STOREIdEEDpOT_ENKUlRT_E0_clIiEEDaS8_
FN:97,_ZZ4cocaIJiiiiEE3VECId5STOREIdEEDpOT_ENKUlRT_E2_clIiEEDaS8_
FN:97,_ZZ4cocaIJiiiiEE3VECId5STOREIdEEDpOT_ENKUlRT_E1_clIiEEDaS8_
FN:97,_ZZ4cocaIJiiiiiiEE3VECId5STOREIdEEDpOT_ENKUlRT_E3_clIiEEDaS8_
FN:97,_ZZ4cocaIJiiEE3VECId5STOREIdEEDpOT_ENKUlRT_E_clIiEEDaS8_
FN:97,_ZZ4cocaIJiiEE3VECId5STOREIdEEDpOT_ENKUlRT_E0_clIiEEDaS8_
FN:97,_ZZ4cocaIJiiiiiEE3VECId5STOREIdEEDpOT_ENKUlRT_E_clIiEEDaS8_
FN:97,_ZZ4cocaIJiEE3VECId5STOREIdEEDpOT_ENKUlRT_E_clIiEEDaS8_
FN:97,_ZZ4cocaIJiiiiiiEE3VECId5STOREIdEEDpOT_ENKUlRT_E4_clIiEEDaS8_
FN:97,_ZZ4cocaIJdddEE3VECId5STOREIdEEDpOT_ENKUlRT_E1_clIdEEDaS8_
FN:97,_ZZ4cocaIJiiiiiEE3VECId5STOREIdEEDpOT_ENKUlRT_E2_clIiEEDaS8_
FN:97,_ZZ4cocaIJiiiiiiiiiEE3VECId5STOREIdEEDpOT_ENKUlRT_E3_clIiEEDaS8_
FN:115,_Z4cocaIJ3VECId5STOREIdEES3_EES3_DpRT_
FN:121,_ZZ4cocaIJ3VECId5STOREIdEES3_EES3_DpRT_ENKUlRT_E_clIS3_EEDaS8_
FN:121,_ZZ4cocaIJ3VECId5STOREIdEES3_EES3_DpRT_ENKUlRT_E0_clIS3_EEDaS8_
FNDA:1,_ZZ4cocaIJR3VECId5STOREIdEEiEES3_DpOT_ENKUlRT_E0_clIiEEDaS9_
FNDA:29,_ZZ4cocaIJiiiEE3VECId5STOREIdEEDpOT_ENKUlRT_E_clIiEEDaS8_
FNDA:1,_ZZ4cocaIJiiiiiiiiiEE3VECId5STOREIdEEDpOT_ENKUlRT_E5_clIiEEDaS8_
FNDA:1,_ZZ4cocaIJdddEE3VECId5STOREIdEEDpOT_ENKUlRT_E_clIdEEDaS8_
FNDA:1,_ZZ4cocaIJR3VECId5STOREIdEEiEES3_DpOT_ENKUlRT_E_clIS3_EEDaS9_
FNDA:1,_ZZ4cocaIJiR3VECId5STOREIdEEEES3_DpOT_ENKUlRT_E_clIiEEDaS9_
FNDA:29,_ZZ4cocaIJiiiEE3VECId5STOREIdEEDpOT_ENKUlRT_E1_clIiEEDaS8_
FNDA:46,_Z4cocaIJiiiiEE3VECId5STOREIdEEDpOT_
FNDA:1,_Z4cocaIJ3VECId5STOREIdEES3_EES3_DpRT_
FNDA:46,_ZZ4cocaIJiiiiEE3VECId5STOREIdEEDpOT_ENKUlRT_E_clIiEEDaS8_
FNDA:1,_ZZ4cocaIJiiiiiiiiiEE3VECId5STOREIdEEDpOT_ENKUlRT_E6_clIiEEDaS8_
FNDA:1,_Z4cocaIJiR3VECId5STOREIdEEEES3_DpOT_
FNDA:1,_Z4cocaIJdddEE3VECId5STOREIdEEDpOT_
FNDA:2,_ZZ4cocaIJiiiiiiEE3VECId5STOREIdEEDpOT_ENKUlRT_E_clIiEEDaS8_
FNDA:7,_Z4cocaIJiiiiiEE3VECId5STOREIdEEDpOT_
FNDA:1,_ZZ4cocaIJiiiiiiiiiEE3VECId5STOREIdEEDpOT_ENKUlRT_E4_clIiEEDaS8_
FNDA:1,_ZZ4cocaIJiiiiiiiiiEE3VECId5STOREIdEEDpOT_ENKUlRT_E1_clIiEEDaS8_
FNDA:2,_Z4cocaIJiiiiiiEE3VECId5STOREIdEEDpOT_
FNDA:2,_ZZ4cocaIJiiiiiiEE3VECId5STOREIdEEDpOT_ENKUlRT_E2_clIiEEDaS8_
FNDA:1,_ZZ4cocaIJiiiiiiiiiEE3VECId5STOREIdEEDpOT_ENKUlRT_E7_clIiEEDaS8_
FNDA:1,_ZZ4cocaIJiR3VECId5STOREIdEEEES3_DpOT_ENKUlRT_E0_clIS3_EEDaS9_
FNDA:2,_ZZ4cocaIJiiiiiiEE3VECId5STOREIdEEDpOT_ENKUlRT_E0_clIiEEDaS8_
FNDA:1,_ZZ4cocaIJdddEE3VECId5STOREIdEEDpOT_ENKUlRT_E0_clIdEEDaS8_
FNDA:7,_ZZ4cocaIJiiiiiEE3VECId5STOREIdEEDpOT_ENKUlRT_E3_clIiEEDaS8_
FNDA:1,_ZZ4cocaIJiiiiiiiiiEE3VECId5STOREIdEEDpOT_ENKUlRT_E2_clIiEEDaS8_
FNDA:1,_ZZ4cocaIJiiiiiiiiiEE3VECId5STOREIdEEDpOT_ENKUlRT_E0_clIiEEDaS8_
FNDA:7,_ZZ4cocaIJiiiiiEE3VECId5STOREIdEEDpOT_ENKUlRT_E1_clIiEEDaS8_
FNDA:2,_Z4cocaIJiEE3VECId5STOREIdEEDpOT_
FNDA:1,_ZZ4cocaIJiiiiiiiiiEE3VECId5STOREIdEEDpOT_ENKUlRT_E_clIiEEDaS8_
FNDA:2,_ZZ4cocaIJiiiiiiEE3VECId5STOREIdEEDpOT_ENKUlRT_E1_clIiEEDaS8_
FNDA:7,_ZZ4cocaIJiiiiiEE3VECId5STOREIdEEDpOT_ENKUlRT_E0_clIiEEDaS8_
FNDA:29,_ZZ4cocaIJiiiEE3VECId5STOREIdEEDpOT_ENKUlRT_E0_clIiEEDaS8_
FNDA:13,_Z4cocaIJiiEE3VECId5STOREIdEEDpOT_
FNDA:7,_ZZ4cocaIJiiiiiEE3VECId5STOREIdEEDpOT_ENKUlRT_E_clIiEEDaS8_
FNDA:1,_Z4cocaIJR3VECId5STOREIdEEiEES3_DpOT_
FNDA:13,_ZZ4cocaIJiiEE3VECId5STOREIdEEDpOT_ENKUlRT_E0_clIiEEDaS8_
FNDA:0,_Z7combineO3VECId5STOREIdEES3_
FNDA:1,_ZZ4cocaIJiiiiiiiiiEE3VECId5STOREIdEEDpOT_ENKUlRT_E3_clIiEEDaS8_
FNDA:1,_ZZ4cocaIJdddEE3VECId5STOREIdEEDpOT_ENKUlRT_E1_clIdEEDaS8_
FNDA:7,_ZZ4cocaIJiiiiiEE3VECId5STOREIdEEDpOT_ENKUlRT_E2_clIiEEDaS8_
FNDA:2,_ZZ4cocaIJiEE3VECId5STOREIdEEDpOT_ENKUlRT_E_clIiEEDaS8_
FNDA:2,_Z7combineR3VECId5STOREIdEES3_
FNDA:2,_ZZ4cocaIJiiiiiiEE3VECId5STOREIdEEDpOT_ENKUlRT_E4_clIiEEDaS8_
FNDA:1,_Z4cocaIJiiiiiiiiiEE3VECId5STOREIdEEDpOT_
FNDA:1,_ZZ4cocaIJ3VECId5STOREIdEES3_EES3_DpRT_ENKUlRT_E0_clIS3_EEDaS8_
FNDA:1,_ZZ4cocaIJ3VECId5STOREIdEES3_EES3_DpRT_ENKUlRT_E_clIS3_EEDaS8_
FNDA:29,_Z4cocaIJiiiEE3VECId5STOREIdEEDpOT_
FNDA:46,_ZZ4cocaIJiiiiEE3VECId5STOREIdEEDpOT_ENKUlRT_E0_clIiEEDaS8_
FNDA:13,_ZZ4cocaIJiiEE3VECId5STOREIdEEDpOT_ENKUlRT_E_clIiEEDaS8_
FNDA:258,_Z7combineR3VECId5STOREIdEEd
FNDA:46,_ZZ4cocaIJiiiiEE3VECId5STOREIdEEDpOT_ENKUlRT_E1_clIiEEDaS8_
FNDA:46,_ZZ4cocaIJiiiiEE3VECId5STOREIdEEDpOT_ENKUlRT_E2_clIiEEDaS8_
FNDA:2,_ZZ4cocaIJiiiiiiEE3VECId5STOREIdEEDpOT_ENKUlRT_E3_clIiEEDaS8_
FNDA:0,_Z7combinedR3VECId5STOREIdEE
FNF:54
FNH:52
DA:28,0
DA:31,0
DA:32,0
DA:33,0
DA:34,0
DA:35,0
DA:36,0
DA:39,0
DA:40,0
DA:43,2
DA:46,2
DA:47,12
DA:48,10
DA:49,4
DA:50,6
DA:51,6
DA:54,2
DA:55,2
DA:60,258
DA:61,258
DA:63,1034
DA:64,776
DA:65,518
DA:66,258
DA:67,258
DA:70,258
DA:71,258
DA:75,0
DA:76,0
DA:78,0
DA:79,0
DA:80,0
DA:82,0
DA:85,0
DA:86,0
DA:91,103
DA:93,103
DA:94,103
DA:95,103
DA:97,1345
DA:99,362
DA:100,103
DA:102,259
DA:105,362
DA:106,103
DA:108,206
DA:115,1
DA:117,1
DA:118,1
DA:119,1
DA:121,7
DA:123,2
DA:124,1
DA:126,1
DA:129,2
DA:130,1
DA:132,2
LF:57
LH:40
end_of_record
TN:
SF:/home/konrad/Documents/0Uni/programming/ETR/include/etr_bits/divide.hpp
FN:41,_ZN5VVDIVId5STOREIdES1_EC2ERKS1_S4_bbiiii
FN:98,_ZNK5VVDIVId5STOREIdES1_EixEi
FN:102,_ZNK5VVDIVId5STOREIdES1_E4sizeEv
FN:107,_ZNK5VVDIVId5STOREIdES1_E2imEv
FN:111,_ZNK5VVDIVId5STOREIdES1_E2ncEv
FN:115,_ZNK5VVDIVId5STOREIdES1_E2nrEv
FN:122,_ZdvId5STOREIdES1_E3VECIT_5VVDIVIS3_T0_T1_EERKS2_IS3_S5_ERKS2_IS3_S6_E
FN:139,_ZN5VSDIVId5STOREIdEdEC2ERKS1_RKdbii
FN:139,_ZN5VSDIVId5STOREIdEiEC2ERKS1_RKibii
FN:142,_ZNK5VSDIVId5STOREIdEiEixEi
FN:142,_ZNK5VSDIVId5STOREIdEdEixEi
FN:146,_ZNK5VSDIVId5STOREIdEdE4sizeEv
FN:146,_ZNK5VSDIVId5STOREIdEiE4sizeEv
FN:151,_ZNK5VSDIVId5STOREIdEiE2imEv
FN:151,_ZNK5VSDIVId5STOREIdEdE2imEv
FN:155,_ZNK5VSDIVId5STOREIdEdE2ncEv
FN:155,_ZNK5VSDIVId5STOREIdEiE2ncEv
FN:159,_ZNK5VSDIVId5STOREIdEiE2nrEv
FN:159,_ZNK5VSDIVId5STOREIdEdE2nrEv
FN:166,_ZdvId5STOREIdEiE3VECIT_5VSDIVIS3_T0_T1_EERKS2_IS3_S5_ERKS6_
FN:166,_ZdvId5STOREIdEdE3VECIT_5VSDIVIS3_T0_T1_EERKS2_IS3_S5_ERKS6_
FN:182,_ZN5SVDIVId5STOREIdEdEC2ERKdRKS1_bii
FN:185,_ZNK5SVDIVId5STOREIdEdEixEi
FN:189,_ZNK5SVDIVId5STOREIdEdE4sizeEv
FN:194,_ZNK5SVDIVId5STOREIdEdE2imEv
FN:198,_ZNK5SVDIVId5STOREIdEdE2ncEv
FN:202,_ZNK5SVDIVId5STOREIdEdE2nrEv
FN:210,_ZdvId5STOREIdEdE3VECIT_5SVDIVIS3_T0_T1_EERKS6_RKS2_IS3_S5_E
FNDA:1,_ZNK5SVDIVId5STOREIdEdE2imEv
FNDA:0,_ZNK5SVDIVId5STOREIdEdE2ncEv
FNDA:1,_ZdvId5STOREIdEdE3VECIT_5SVDIVIS3_T0_T1_EERKS6_RKS2_IS3_S5_E
FNDA:3,_ZNK5VVDIVId5STOREIdES1_E2nrEv
FNDA:6,_ZNK5VVDIVId5STOREIdES1_E4sizeEv
FNDA:0,_ZNK5VSDIVId5STOREIdEdE2nrEv
FNDA:1,_ZNK5VSDIVId5STOREIdEiE2ncEv
FNDA:3,_ZN5VSDIVId5STOREIdEiEC2ERKS1_RKibii
FNDA:1,_ZdvId5STOREIdEdE3VECIT_5VSDIVIS3_T0_T1_EERKS2_IS3_S5_ERKS6_
FNDA:3,_ZNK5VSDIVId5STOREIdEiE4sizeEv
FNDA:1,_ZNK5VSDIVId5STOREIdEdE2imEv
FNDA:16,_ZNK5VVDIVId5STOREIdES1_EixEi
FNDA:3,_ZNK5VVDIVId5STOREIdES1_E2ncEv
FNDA:0,_ZNK5VSDIVId5STOREIdEdE2ncEv
FNDA:4,_ZNK5VVDIVId5STOREIdES1_E2imEv
FNDA:4,_ZN5VVDIVId5STOREIdES1_EC2ERKS1_S4_bbiiii
FNDA:3,_ZdvId5STOREIdEiE3VECIT_5VSDIVIS3_T0_T1_EERKS2_IS3_S5_ERKS6_
FNDA:4,_ZNK5VSDIVId5STOREIdEdEixEi
FNDA:1,_ZNK5VSDIVId5STOREIdEiE2nrEv
FNDA:1,_ZN5VSDIVId5STOREIdEdEC2ERKS1_RKdbii
FNDA:4,_ZdvId5STOREIdES1_E3VECIT_5VVDIVIS3_T0_T1_EERKS2_IS3_S5_ERKS2_IS3_S6_E
FNDA:4,_ZNK5SVDIVId5STOREIdEdEixEi
FNDA:1,_ZN5SVDIVId5STOREIdEdEC2ERKdRKS1_bii
FNDA:9,_ZNK5VSDIVId5STOREIdEiEixEi
FNDA:3,_ZNK5VSDIVId5STOREIdEiE2imEv
FNDA:0,_ZNK5SVDIVId5STOREIdEdE2nrEv
FNDA:1,_ZNK5SVDIVId5STOREIdEdE4sizeEv
FNDA:1,_ZNK5VSDIVId5STOREIdEdE4sizeEv
FNF:28
FNH:24
DA:41,4
DA:42,4
DA:44,4
DA:45,4
DA:46,4
DA:47,4
DA:48,4
DA:49,4
DA:51,4
DA:52,1
DA:53,3
DA:54,3
DA:55,1
DA:56,1
DA:57,2
DA:58,2
DA:59,2
DA:60,0
DA:61,0
DA:62,0
DA:64,0
DA:68,4
DA:70,0
DA:71,0
DA:72,0
DA:73,0
DA:75,0
DA:76,0
DA:78,4
DA:80,2
DA:81,2
DA:82,10
DA:83,8
DA:85,8
DA:86,8
DA:88,2
DA:89,2
DA:90,2
DA:91,10
DA:92,8
DA:93,8
DA:96,4
DA:98,16
DA:99,16
DA:102,6
DA:103,6
DA:104,6
DA:107,4
DA:108,4
DA:111,3
DA:112,3
DA:115,3
DA:116,3
DA:122,4
DA:123,12
DA:124,4
DA:125,8
DA:139,4
DA:140,4
DA:142,13
DA:143,13
DA:146,4
DA:147,4
DA:151,4
DA:152,4
DA:155,1
DA:156,1
DA:159,1
DA:160,1
DA:166,4
DA:167,4
DA:182,1
DA:183,1
DA:185,4
DA:186,4
DA:189,1
DA:190,1
DA:194,1
DA:195,1
DA:198,0
DA:199,0
DA:202,0
DA:203,0
DA:210,1
DA:211,1
LF:85
LH:71
end_of_record
TN:
SF:/home/konrad/Documents/0Uni/programming/ETR/include/etr_bits/exponent.hpp
FN:40,_ZN5VVEXPId5STOREIdEiEC2ERKS1_biid
FN:50,_ZNK5VVEXPId5STOREIdEiEixEi
FN:54,_ZNK5VVEXPId5STOREIdEiE4sizeEv
FN:58,_ZNK5VVEXPId5STOREIdEiE2imEv
FN:62,_ZNK5VVEXPId5STOREIdEiE2ncEv
FN:66,_ZNK5VVEXPId5STOREIdEiE2nrEv
FN:74,_ZeoId5STOREIdEiE3VECIT_5VVEXPIS3_T0_T1_EERKS2_IS3_S5_ES6_
FN:80,_Z3expId5STOREIdEiE3VECIT_5VVEXPIS3_T0_T1_EERKS2_IS3_S5_ES6_
FN:85,_Z3expdd
FN:110,_ZN5VVlogId5STOREIdEEC2ERKS1_bii
FN:120,_ZNK5VVlogId5STOREIdEEixEi
FN:124,_ZNK5VVlogId5STOREIdEE4sizeEv
FN:128,_ZNK5VVlogId5STOREIdEE2imEv
FN:132,_ZNK5VVlogId5STOREIdEE2ncEv
FN:136,_ZNK5VVlogId5STOREIdEE2nrEv
FN:144,_Z2lnId5STOREIdEE3VECIT_5VVlogIS3_T0_EERKS2_IS3_S5_E
FN:149,_Z2lnd
FN:153,_Z2lni
FNDA:1,_Z3expId5STOREIdEiE3VECIT_5VVEXPIS3_T0_T1_EERKS2_IS3_S5_ES6_
FNDA:1,_Z2lnId5STOREIdEE3VECIT_5VVlogIS3_T0_EERKS2_IS3_S5_E
FNDA:0,_ZNK5VVlogId5STOREIdEE2nrEv
FNDA:1,_ZNK5VVlogId5STOREIdEE2imEv
FNDA:2,_ZNK5VVEXPId5STOREIdEiE4sizeEv
FNDA:1,_ZN5VVlogId5STOREIdEEC2ERKS1_bii
FNDA:0,_Z2lnd
FNDA:1,_Z2lni
FNDA:8,_ZNK5VVEXPId5STOREIdEiEixEi
FNDA:2,_ZNK5VVEXPId5STOREIdEiE2imEv
FNDA:0,_ZNK5VVEXPId5STOREIdEiE2nrEv
FNDA:0,_ZNK5VVEXPId5STOREIdEiE2ncEv
FNDA:1,_ZNK5VVlogId5STOREIdEE4sizeEv
FNDA:1,_ZeoId5STOREIdEiE3VECIT_5VVEXPIS3_T0_T1_EERKS2_IS3_S5_ES6_
FNDA:0,_ZNK5VVlogId5STOREIdEE2ncEv
FNDA:2,_ZN5VVEXPId5STOREIdEiEC2ERKS1_biid
FNDA:4,_ZNK5VVlogId5STOREIdEEixEi
FNDA:1,_Z3expdd
FNF:18
FNH:13
DA:40,2
DA:42,2
DA:43,0
DA:44,0
DA:45,0
DA:48,2
DA:50,8
DA:51,8
DA:54,2
DA:55,2
DA:58,2
DA:59,2
DA:62,0
DA:63,0
DA:66,0
DA:67,0
DA:74,1
DA:75,1
DA:80,1
DA:81,1
DA:85,1
DA:86,1
DA:110,1
DA:112,1
DA:113,0
DA:114,0
DA:115,0
DA:118,1
DA:120,4
DA:121,4
DA:124,1
DA:125,1
DA:128,1
DA:129,1
DA:132,0
DA:133,0
DA:136,0
DA:137,0
DA:144,1
DA:145,1
DA:149,0
DA:150,0
DA:153,1
DA:154,1
LF:44
LH:28
end_of_record
TN:
SF:/home/konrad/Documents/0Uni/programming/ETR/include/etr_bits/mul.hpp
FN:41,_ZN7VVTIMESId5STOREIdES1_EC2ERKS1_S4_bbiiii
FN:98,_ZNK7VVTIMESId5STOREIdES1_EixEi
FN:102,_ZNK7VVTIMESId5STOREIdES1_E4sizeEv
FN:107,_ZNK7VVTIMESId5STOREIdES1_E2imEv
FN:111,_ZNK7VVTIMESId5STOREIdES1_E2ncEv
FN:115,_ZNK7VVTIMESId5STOREIdES1_E2nrEv
FN:122,_ZmlId5STOREIdES1_E3VECIT_7VVTIMESIS3_T0_T1_EERKS2_IS3_S5_ERKS2_IS3_S6_E
FN:140,_ZN7VSTIMESId5STOREIdEiEC2ERKS1_RKibii
FN:140,_ZN7VSTIMESId5STOREIdEdEC2ERKS1_RKdbii
FN:143,_ZNK7VSTIMESId5STOREIdEiEixEi
FN:143,_ZNK7VSTIMESId5STOREIdEdEixEi
FN:147,_ZNK7VSTIMESId5STOREIdEiE4sizeEv
FN:147,_ZNK7VSTIMESId5STOREIdEdE4sizeEv
FN:152,_ZNK7VSTIMESId5STOREIdEdE2imEv
FN:152,_ZNK7VSTIMESId5STOREIdEiE2imEv
FN:156,_ZNK7VSTIMESId5STOREIdEiE2ncEv
FN:156,_ZNK7VSTIMESId5STOREIdEdE2ncEv
FN:160,_ZNK7VSTIMESId5STOREIdEdE2nrEv
FN:160,_ZNK7VSTIMESId5STOREIdEiE2nrEv
FN:167,_ZmlId5STOREIdEdE3VECIT_7VSTIMESIS3_T0_T1_EERKS2_IS3_S5_ERKS6_
FN:167,_ZmlId5STOREIdEiE3VECIT_7VSTIMESIS3_T0_T1_EERKS2_IS3_S5_ERKS6_
FN:184,_ZN7SVTIMESId5STOREIdEiEC2ERKiRKS1_bii
FN:187,_ZNK7SVTIMESId5STOREIdEiEixEi
FN:191,_ZNK7SVTIMESId5STOREIdEiE4sizeEv
FN:196,_ZNK7SVTIMESId5STOREIdEiE2imEv
FN:200,_ZNK7SVTIMESId5STOREIdEiE2ncEv
FN:204,_ZNK7SVTIMESId5STOREIdEiE2nrEv
FN:212,_ZmlId5STOREIdEiE3VECIT_7SVTIMESIS3_T0_T1_EERKS6_RKS2_IS3_S5_E
FNDA:0,_ZNK7SVTIMESId5STOREIdEiE2ncEv
FNDA:9,_ZNK7VSTIMESId5STOREIdEiEixEi
FNDA:3,_ZN7VSTIMESId5STOREIdEiEC2ERKS1_RKibii
FNDA:1,_ZNK7VSTIMESId5STOREIdEdE2imEv
FNDA:6,_ZNK7VVTIMESId5STOREIdES1_E4sizeEv
FNDA:0,_ZNK7SVTIMESId5STOREIdEiE2nrEv
FNDA:3,_ZNK7VVTIMESId5STOREIdES1_E2nrEv
FNDA:1,_ZN7VSTIMESId5STOREIdEdEC2ERKS1_RKdbii
FNDA:4,_ZmlId5STOREIdES1_E3VECIT_7VVTIMESIS3_T0_T1_EERKS2_IS3_S5_ERKS2_IS3_S6_E
FNDA:3,_ZNK7VSTIMESId5STOREIdEiE4sizeEv
FNDA:1,_ZNK7VSTIMESId5STOREIdEiE2ncEv
FNDA:1,_ZmlId5STOREIdEdE3VECIT_7VSTIMESIS3_T0_T1_EERKS2_IS3_S5_ERKS6_
FNDA:3,_ZmlId5STOREIdEiE3VECIT_7VSTIMESIS3_T0_T1_EERKS2_IS3_S5_ERKS6_
FNDA:1,_ZmlId5STOREIdEiE3VECIT_7SVTIMESIS3_T0_T1_EERKS6_RKS2_IS3_S5_E
FNDA:1,_ZNK7SVTIMESId5STOREIdEiE2imEv
FNDA:4,_ZNK7VVTIMESId5STOREIdES1_E2imEv
FNDA:0,_ZNK7VSTIMESId5STOREIdEdE2nrEv
FNDA:1,_ZNK7VSTIMESId5STOREIdEiE2nrEv
FNDA:3,_ZNK7VSTIMESId5STOREIdEiE2imEv
FNDA:3,_ZNK7VVTIMESId5STOREIdES1_E2ncEv
FNDA:4,_ZN7VVTIMESId5STOREIdES1_EC2ERKS1_S4_bbiiii
FNDA:4,_ZNK7SVTIMESId5STOREIdEiEixEi
FNDA:4,_ZNK7VSTIMESId5STOREIdEdEixEi
FNDA:1,_ZN7SVTIMESId5STOREIdEiEC2ERKiRKS1_bii
FNDA:0,_ZNK7VSTIMESId5STOREIdEdE2ncEv
FNDA:16,_ZNK7VVTIMESId5STOREIdES1_EixEi
FNDA:1,_ZNK7SVTIMESId5STOREIdEiE4sizeEv
FNDA:1,_ZNK7VSTIMESId5STOREIdEdE4sizeEv
FNF:28
FNH:24
DA:41,4
DA:42,4
DA:44,4
DA:45,4
DA:46,4
DA:47,4
DA:48,4
DA:49,4
DA:51,4
DA:52,1
DA:53,3
DA:54,3
DA:55,1
DA:56,1
DA:57,2
DA:58,2
DA:59,2
DA:60,0
DA:61,0
DA:62,0
DA:64,0
DA:68,4
DA:70,0
DA:71,0
DA:72,0
DA:73,0
DA:75,0
DA:76,0
DA:78,4
DA:80,2
DA:81,2
DA:82,10
DA:83,8
DA:85,8
DA:86,8
DA:88,2
DA:89,2
DA:90,2
DA:91,10
DA:92,8
DA:93,8
DA:96,4
DA:98,16
DA:99,16
DA:102,6
DA:103,6
DA:104,6
DA:107,4
DA:108,4
DA:111,3
DA:112,3
DA:115,3
DA:116,3
DA:122,4
DA:123,12
DA:124,4
DA:125,8
DA:140,4
DA:141,4
DA:143,13
DA:144,13
DA:147,4
DA:148,4
DA:152,4
DA:153,4
DA:156,1
DA:157,1
DA:160,1
DA:161,1
DA:167,4
DA:168,4
DA:184,1
DA:185,1
DA:187,4
DA:188,4
DA:191,1
DA:192,1
DA:196,1
DA:197,1
DA:200,0
DA:201,0
DA:204,0
DA:205,0
DA:212,1
DA:213,1
LF:85
LH:71
end_of_record
TN:
SF:/home/konrad/Documents/0Uni/programming/ETR/include/etr_bits/pointer_storage.hpp
FN:34,_ZN2ItIdEdeEv
FN:36,_ZN2ItIdEneERKS0_
FN:39,_ZN2ItIdEppEv
FN:57,_ZN5STOREIdEC2ERKS0_
FN:90,_ZN5STOREIiEC2Ei
FN:90,_ZN5STOREIdEC2Ei
FN:90,_ZN5STOREIbEC2Ei
FN:104,_ZN5STOREIdEC2Eid
FN:121,_ZN5STOREIdEC2ESt6vectorIdSaIdEE
FN:201,_ZN5STOREIiED2Ev
FN:201,_ZN5STOREIdED2Ev
FN:201,_ZN5STOREIbED2Ev
FN:211,_ZNK5STOREIbE4sizeEv
FN:211,_ZNK5STOREIiE4sizeEv
FN:211,_ZNK5STOREIdE4sizeEv
FN:244,_ZNK5STOREIdEixEi
FN:244,_ZNK5STOREIbEixEi
FN:244,_ZNK5STOREIiEixEi
FN:255,_ZN5STOREIbE6resizeEi
FN:255,_ZN5STOREIdE6resizeEi
FN:299,_ZN5STOREIiE4fillEi
FN:299,_ZN5STOREIbE4fillEb
FN:299,_ZN5STOREIdE4fillEd
FNDA:70,_ZN5STOREIdEC2Eid
FNDA:421,_ZN5STOREIdE6resizeEi
FNDA:217,_ZNK5STOREIiEixEi
FNDA:2250,_ZNK5STOREIbEixEi
FNDA:210,_ZN5STOREIbED2Ev
FNDA:210,_ZN5STOREIbEC2Ei
FNDA:8153,_ZNK5STOREIdE4sizeEv
FNDA:808,_ZN5STOREIdED2Ev
FNDA:617,_ZN5STOREIdEC2Ei
FNDA:108,_ZN5STOREIbE6resizeEi
FNDA:25,_ZN5STOREIiED2Ev
FNDA:25,_ZN5STOREIiEC2Ei
FNDA:162,_ZNK5STOREIiE4sizeEv
FNDA:469,_ZN5STOREIdE4fillEd
FNDA:1508,_ZNK5STOREIbE4sizeEv
FNDA:176,_ZN2ItIdEdeEv
FNDA:9004,_ZNK5STOREIdEixEi
FNDA:186,_ZN2ItIdEneERKS0_
FNDA:25,_ZN5STOREIiE4fillEi
FNDA:102,_ZN5STOREIbE4fillEb
FNDA:6,_ZN5STOREIdEC2ESt6vectorIdSaIdEE
FNDA:176,_ZN2ItIdEppEv
FNDA:115,_ZN5STOREIdEC2ERKS0_
FNF:23
FNH:23
DA:34,176
DA:36,186
DA:37,186
DA:39,176
DA:57,115
DA:58,115
DA:59,0
DA:60,0
DA:61,0
DA:64,115
DA:65,115
DA:66,115
DA:67,944
DA:68,829
DA:70,115
DA:71,115
DA:72,115
DA:90,852
DA:92,852
DA:93,0
DA:94,0
DA:95,0
DA:97,852
DA:98,852
DA:99,852
DA:100,852
DA:101,852
DA:102,852
DA:104,70
DA:106,70
DA:107,0
DA:108,0
DA:109,0
DA:111,70
DA:112,70
DA:113,70
DA:114,449
DA:115,379
DA:117,70
DA:118,70
DA:119,70
DA:121,6
DA:123,6
DA:124,0
DA:125,0
DA:126,0
DA:128,6
DA:129,6
DA:130,6
DA:131,51
DA:132,45
DA:134,6
DA:135,6
DA:136,6
DA:201,1043
DA:202,1043
DA:203,1043
DA:204,1043
DA:205,1043
DA:206,1043
DA:209,1043
DA:211,9823
DA:212,9823
DA:244,11471
DA:245,11471
DA:246,0
DA:247,0
DA:248,11471
DA:249,0
DA:250,0
DA:252,11471
DA:255,529
DA:256,529
DA:257,529
DA:258,529
DA:259,529
DA:260,529
DA:262,529
DA:263,529
DA:264,529
DA:265,529
DA:299,596
DA:300,2699
DA:301,2103
DA:303,596
LF:85
LH:69
end_of_record
TN:
SF:/home/konrad/Documents/0Uni/programming/ETR/include/etr_bits/print.hpp
FN:29,_Z5printv
FN:33,_Z5printNSt7__cxx1112basic_stringIcSt11char_traitsIcESaIcEEE
FN:37,_Z5printPKc
FN:43,_Z5printd
FN:47,_Z5printi
FN:51,_Z5printb
FN:59,_Z5printR3VECId5STOREIdEE
FN:98,_Z5printO3VECId5STOREIdEE
FN:140,_Z5printR3VECIb5STOREIbEE
FNDA:2,_Z5printv
FNDA:0,_Z5printR3VECIb5STOREIbEE
FNDA:2,_Z5printd
FNDA:3,_Z5printR3VECId5STOREIdEE
FNDA:1,_Z5printb
FNDA:2,_Z5printO3VECId5STOREIdEE
FNDA:0,_Z5printNSt7__cxx1112basic_stringIcSt11char_traitsIcESaIcEEE
FNDA:1,_Z5printi
FNDA:1,_Z5printPKc
FNF:9
FNH:7
DA:29,2
DA:30,2
DA:31,2
DA:33,0
DA:34,0
DA:35,0
DA:37,1
DA:38,1
DA:39,1
DA:43,2
DA:44,2
DA:45,2
DA:47,1
DA:48,1
DA:49,1
DA:51,1
DA:52,1
DA:53,1
DA:59,3
DA:61,3
DA:63,2
DA:64,5
DA:65,3
DA:68,0
DA:69,0
DA:73,1
DA:75,1
DA:76,3
DA:77,8
DA:78,6
DA:80,2
DA:84,0
DA:85,0
DA:86,0
DA:87,0
DA:89,0
DA:95,3
DA:98,2
DA:100,2
DA:102,1
DA:103,3
DA:104,2
DA:107,0
DA:108,0
DA:112,1
DA:114,1
DA:115,3
DA:116,4
DA:117,2
DA:119,2
DA:123,0
DA:124,0
DA:125,0
DA:126,0
DA:128,0
DA:134,2
DA:140,0
DA:142,0
DA:143,0
DA:144,0
DA:145,0
DA:147,0
DA:148,0
DA:152,0
DA:153,0
DA:156,0
LF:66
LH:39
end_of_record
TN:
SF:/home/konrad/Documents/0Uni/programming/ETR/include/etr_bits/subset.hpp
FN:25,_Z6subsetR3VECId5STOREIdEE
FN:31,_Z6subsetR3VECId5STOREIdEEi
FN:38,_Z6subsetR3VECId5STOREIdEEd
FN:46,_Z6subsetR3VECId5STOREIdEEb
FN:56,_Z6subsetR3VECId5STOREIdEEPv
FN:63,_Z6subsetR3VECId5STOREIdEES3_
FN:74,_Z6subsetR3VECId5STOREIdEERS_IbS0_IbEE
FN:105,_Z6subsetR3VECId5STOREIdEEii
FN:122,_Z6subsetR3VECId5STOREIdEEid
FN:141,_Z6subsetR3VECId5STOREIdEEib
FN:165,_Z6subsetR3VECId5STOREIdEEiPv
FN:184,_Z6subsetR3VECId5STOREIdEEiS3_
FN:202,_Z6subsetR3VECId5STOREIdEEiRS_IbS0_IbEE
FN:240,_Z6subsetR3VECId5STOREIdEEdi
FN:260,_Z6subsetR3VECId5STOREIdEEbi
FN:284,_Z6subsetR3VECId5STOREIdEEPvi
FN:303,_Z6subsetR3VECId5STOREIdEES3_i
FN:322,_Z6subsetR3VECId5STOREIdEERS_IbS0_IbEEi
FN:360,_Z6subsetR3VECId5STOREIdEEdd
FN:379,_Z6subsetR3VECId5STOREIdEEdb
FN:405,_Z6subsetR3VECId5STOREIdEEdPv
FN:425,_Z6subsetR3VECId5STOREIdEEdS3_
FN:445,_Z6subsetR3VECId5STOREIdEEdRS_IbS0_IbEE
FN:484,_Z6subsetR3VECId5STOREIdEEbd
FN:509,_Z6subsetR3VECId5STOREIdEEPvd
FN:529,_Z6subsetR3VECId5STOREIdEES3_d
FN:549,_Z6subsetR3VECId5STOREIdEERS_IbS0_IbEEd
FN:588,_Z6subsetR3VECId5STOREIdEEbb
FN:604,_Z6subsetR3VECId5STOREIdEEbPv
FN:620,_Z6subsetR3VECId5STOREIdEEbS3_
FN:650,_Z6subsetR3VECId5STOREIdEEbRS_IbS0_IbEE
FN:700,_Z6subsetR3VECId5STOREIdEEPvb
FN:716,_Z6subsetR3VECId5STOREIdEES3_b
FN:746,_Z6subsetR3VECId5STOREIdEERS_IbS0_IbEEb
FN:796,_Z6subsetR3VECId5STOREIdEEPvS4_
FN:809,_Z6subsetR3VECId5STOREIdEEPvS3_
FN:834,_Z6subsetR3VECId5STOREIdEEPvRS_IbS0_IbEE
FN:879,_Z6subsetR3VECId5STOREIdEES3_Pv
FN:904,_Z6subsetR3VECId5STOREIdEERS_IbS0_IbEEPv
FN:949,_Z6subsetR3VECId5STOREIdEES3_S3_
FN:974,_Z6subsetR3VECId5STOREIdEES3_RS_IbS0_IbEE
FN:1020,_Z6subsetR3VECId5STOREIdEERS_IbS0_IbEES3_
FN:1066,_Z6subsetR3VECId5STOREIdEERS_IbS0_IbEES6_
FN:1136,_Z6subsetR3VECId5STOREIdEEOS2_
FN:1147,_Z6subsetR3VECId5STOREIdEEOS_IbS0_IbEE
FN:1178,_Z6subsetR3VECId5STOREIdEEiOS2_
FN:1196,_Z6subsetR3VECId5STOREIdEEiOS_IbS0_IbEE
FN:1234,_Z6subsetR3VECId5STOREIdEEOS2_i
FN:1253,_Z6subsetR3VECId5STOREIdEEOS_IbS0_IbEEi
FN:1291,_Z6subsetR3VECId5STOREIdEEdOS2_
FN:1310,_Z6subsetR3VECId5STOREIdEEdOS_IbS0_IbEE
FN:1349,_Z6subsetR3VECId5STOREIdEEOS2_d
FN:1369,_Z6subsetR3VECId5STOREIdEEOS_IbS0_IbEEd
FN:1408,_Z6subsetR3VECId5STOREIdEEbOS2_
FN:1438,_Z6subsetR3VECId5STOREIdEEbOS_IbS0_IbEE
FN:1488,_Z6subsetR3VECId5STOREIdEEOS2_b
FN:1518,_Z6subsetR3VECId5STOREIdEEOS_IbS0_IbEEb
FN:1568,_Z6subsetR3VECId5STOREIdEEPvOS2_
FN:1593,_Z6subsetR3VECId5STOREIdEEPvOS_IbS0_IbEE
FN:1638,_Z6subsetR3VECId5STOREIdEEOS2_Pv
FN:1663,_Z6subsetR3VECId5STOREIdEEOS_IbS0_IbEEPv
FN:1708,_Z6subsetR3VECId5STOREIdEEOS2_S4_
FN:1733,_Z6subsetR3VECId5STOREIdEES3_OS2_
FN:1758,_Z6subsetR3VECId5STOREIdEEOS2_S3_
FN:1783,_Z6subsetR3VECId5STOREIdEEOS2_OS_IbS0_IbEE
FN:1829,_Z6subsetR3VECId5STOREIdEES3_OS_IbS0_IbEE
FN:1875,_Z6subsetR3VECId5STOREIdEEOS2_RS_IbS0_IbEE
FN:1921,_Z6subsetR3VECId5STOREIdEEOS_IbS0_IbEEOS2_
FN:1967,_Z6subsetR3VECId5STOREIdEERS_IbS0_IbEEOS2_
FN:2013,_Z6subsetR3VECId5STOREIdEEOS_IbS0_IbEES3_
FN:2059,_Z6subsetR3VECId5STOREIdEEOS_IbS0_IbEES6_
FN:2124,_Z6subsetR3VECId5STOREIdEERS_IbS0_IbEEOS5_
FN:2189,_Z6subsetR3VECId5STOREIdEEOS_IbS0_IbEERS5_
FNDA:2,_Z6subsetR3VECId5STOREIdEEb
FNDA:1,_Z6subsetR3VECId5STOREIdEEdPv
FNDA:1,_Z6subsetR3VECId5STOREIdEEPvd
FNDA:0,_Z6subsetR3VECId5STOREIdEEOS2_OS_IbS0_IbEE
FNDA:1,_Z6subsetR3VECId5STOREIdEEOS_IbS0_IbEE
FNDA:0,_Z6subsetR3VECId5STOREIdEES3_RS_IbS0_IbEE
FNDA:2,_Z6subsetR3VECId5STOREIdEEd
FNDA:0,_Z6subsetR3VECId5STOREIdEERS_IbS0_IbEEOS5_
FNDA:0,_Z6subsetR3VECId5STOREIdEEOS2_i
FNDA:0,_Z6subsetR3VECId5STOREIdEEPvRS_IbS0_IbEE
FNDA:1,_Z6subsetR3VECId5STOREIdEEPvb
FNDA:1,_Z6subsetR3VECId5STOREIdEEOS_IbS0_IbEEi
FNDA:1,_Z6subsetR3VECId5STOREIdEEiPv
FNDA:0,_Z6subsetR3VECId5STOREIdEES3_d
FNDA:1,_Z6subsetR3VECId5STOREIdEE
FNDA:0,_Z6subsetR3VECId5STOREIdEEbOS2_
FNDA:0,_Z6subsetR3VECId5STOREIdEEOS_IbS0_IbEEb
FNDA:0,_Z6subsetR3VECId5STOREIdEEbRS_IbS0_IbEE
FNDA:1,_Z6subsetR3VECId5STOREIdEEPvOS_IbS0_IbEE
FNDA:0,_Z6subsetR3VECId5STOREIdEERS_IbS0_IbEES3_
FNDA:82,_Z6subsetR3VECId5STOREIdEEii
FNDA:0,_Z6subsetR3VECId5STOREIdEEOS2_b
FNDA:1,_Z6subsetR3VECId5STOREIdEEPvS3_
FNDA:0,_Z6subsetR3VECId5STOREIdEEdRS_IbS0_IbEE
FNDA:1,_Z6subsetR3VECId5STOREIdEEOS2_
FNDA:1,_Z6subsetR3VECId5STOREIdEEPvi
FNDA:0,_Z6subsetR3VECId5STOREIdEEPvOS2_
FNDA:1,_Z6subsetR3VECId5STOREIdEEdi
FNDA:0,_Z6subsetR3VECId5STOREIdEEOS_IbS0_IbEES6_
FNDA:0,_Z6subsetR3VECId5STOREIdEES3_Pv
FNDA:0,_Z6subsetR3VECId5STOREIdEEOS_IbS0_IbEEOS2_
FNDA:3,_Z6subsetR3VECId5STOREIdEERS_IbS0_IbEEi
FNDA:2,_Z6subsetR3VECId5STOREIdEEbOS_IbS0_IbEE
FNDA:11,_Z6subsetR3VECId5STOREIdEEbi
FNDA:0,_Z6subsetR3VECId5STOREIdEERS_IbS0_IbEEPv
FNDA:1,_Z6subsetR3VECId5STOREIdEEPvS4_
FNDA:0,_Z6subsetR3VECId5STOREIdEERS_IbS0_IbEE
FNDA:1,_Z6subsetR3VECId5STOREIdEEOS2_d
FNDA:0,_Z6subsetR3VECId5STOREIdEEOS_IbS0_IbEERS5_
FNDA:0,_Z6subsetR3VECId5STOREIdEEiOS2_
FNDA:0,_Z6subsetR3VECId5STOREIdEERS_IbS0_IbEEOS2_
FNDA:1,_Z6subsetR3VECId5STOREIdEEOS2_S4_
FNDA:1,_Z6subsetR3VECId5STOREIdEEbd
FNDA:0,_Z6subsetR3VECId5STOREIdEEOS2_Pv
FNDA:2,_Z6subsetR3VECId5STOREIdEEib
FNDA:0,_Z6subsetR3VECId5STOREIdEES3_OS_IbS0_IbEE
FNDA:1,_Z6subsetR3VECId5STOREIdEEiOS_IbS0_IbEE
FNDA:1,_Z6subsetR3VECId5STOREIdEES3_S3_
FNDA:1,_Z6subsetR3VECId5STOREIdEES3_b
FNDA:1,_Z6subsetR3VECId5STOREIdEES3_i
FNDA:5,_Z6subsetR3VECId5STOREIdEEiRS_IbS0_IbEE
FNDA:1,_Z6subsetR3VECId5STOREIdEES3_OS2_
FNDA:1,_Z6subsetR3VECId5STOREIdEEiS3_
FNDA:1,_Z6subsetR3VECId5STOREIdEEdOS2_
FNDA:2,_Z6subsetR3VECId5STOREIdEEdd
FNDA:1,_Z6subsetR3VECId5STOREIdEEOS2_S3_
FNDA:2,_Z6subsetR3VECId5STOREIdEEid
FNDA:1,_Z6subsetR3VECId5STOREIdEES3_
FNDA:16,_Z6subsetR3VECId5STOREIdEEbS3_
FNDA:1,_Z6subsetR3VECId5STOREIdEEPv
FNDA:1,_Z6subsetR3VECId5STOREIdEEdOS_IbS0_IbEE
FNDA:1,_Z6subsetR3VECId5STOREIdEEdb
FNDA:0,_Z6subsetR3VECId5STOREIdEEdS3_
FNDA:0,_Z6subsetR3VECId5STOREIdEEOS_IbS0_IbEES3_
FNDA:0,_Z6subsetR3VECId5STOREIdEEOS_IbS0_IbEEPv
FNDA:0,_Z6subsetR3VECId5STOREIdEERS_IbS0_IbEEb
FNDA:3,_Z6subsetR3VECId5STOREIdEEbb
FNDA:1,_Z6subsetR3VECId5STOREIdEEbPv
FNDA:0,_Z6subsetR3VECId5STOREIdEERS_IbS0_IbEES6_
FNDA:0,_Z6subsetR3VECId5STOREIdEERS_IbS0_IbEEd
FNDA:0,_Z6subsetR3VECId5STOREIdEEOS2_RS_IbS0_IbEE
FNDA:13,_Z6subsetR3VECId5STOREIdEEi
FNDA:1,_Z6subsetR3VECId5STOREIdEEOS_IbS0_IbEEd
FNF:73
FNH:43
DA:25,1
DA:26,1
DA:27,1
DA:28,1
DA:31,13
DA:32,13
DA:33,13
DA:34,13
DA:35,13
DA:38,2
DA:39,2
DA:40,2
DA:41,2
DA:42,2
DA:43,2
DA:46,2
DA:48,2
DA:49,2
DA:50,1
DA:52,1
DA:53,1
DA:56,1
DA:58,1
DA:59,1
DA:60,1
DA:63,1
DA:65,1
DA:67,4
DA:68,3
DA:71,1
DA:74,0
DA:76,0
DA:77,0
DA:78,0
DA:79,0
DA:83,0
DA:84,0
DA:85,0
DA:86,0
DA:87,0
DA:88,0
DA:90,0
DA:91,0
DA:92,0
DA:96,0
DA:98,0
DA:99,0
DA:102,0
DA:105,82
DA:107,82
DA:108,0
DA:109,0
DA:112,82
DA:113,82
DA:114,82
DA:115,82
DA:117,82
DA:119,82
DA:122,2
DA:124,2
DA:126,2
DA:127,0
DA:128,0
DA:131,2
DA:132,2
DA:133,2
DA:134,2
DA:136,2
DA:138,2
DA:141,2
DA:143,2
DA:144,0
DA:145,0
DA:148,2
DA:149,2
DA:150,1
DA:153,2
DA:154,1
DA:155,1
DA:157,6
DA:158,5
DA:159,5
DA:162,1
DA:165,1
DA:167,1
DA:168,0
DA:169,0
DA:172,1
DA:173,1
DA:174,1
DA:176,6
DA:177,5
DA:178,5
DA:181,1
DA:184,1
DA:186,1
DA:187,0
DA:188,0
DA:191,1
DA:192,1
DA:193,1
DA:194,5
DA:195,4
DA:196,4
DA:199,1
DA:202,5
DA:204,5
DA:205,0
DA:206,0
DA:209,5
DA:210,45
DA:211,40
DA:212,25
DA:216,10
DA:217,5
DA:218,5
DA:219,45
DA:220,40
DA:221,5
DA:223,40
DA:224,25
DA:225,25
DA:229,5
DA:230,5
DA:231,5
DA:232,30
DA:233,25
DA:234,25
DA:237,10
DA:240,1
DA:242,1
DA:244,1
DA:245,0
DA:246,0
DA:249,1
DA:250,1
DA:251,1
DA:252,1
DA:254,1
DA:256,1
DA:260,11
DA:262,11
DA:263,0
DA:264,0
DA:267,11
DA:268,0
DA:269,0
DA:272,22
DA:273,11
DA:274,11
DA:276,64
DA:277,53
DA:278,53
DA:281,11
DA:284,1
DA:286,1
DA:287,0
DA:288,0
DA:291,1
DA:292,1
DA:293,1
DA:295,4
DA:296,3
DA:297,3
DA:300,1
DA:303,1
DA:305,1
DA:306,0
DA:307,0
DA:310,1
DA:311,1
DA:312,1
DA:314,3
DA:315,2
DA:316,2
DA:319,1
DA:322,3
DA:324,3
DA:325,0
DA:326,0
DA:329,3
DA:330,21
DA:331,18
DA:332,12
DA:336,6
DA:337,3
DA:338,3
DA:339,21
DA:340,18
DA:341,3
DA:343,18
DA:344,12
DA:345,12
DA:349,3
DA:350,3
DA:351,3
DA:352,15
DA:353,12
DA:354,12
DA:357,6
DA:360,2
DA:361,2
DA:362,2
DA:364,2
DA:365,0
DA:366,0
DA:369,2
DA:370,2
DA:371,2
DA:372,2
DA:374,2
DA:376,2
DA:379,1
DA:381,1
DA:383,1
DA:384,0
DA:385,0
DA:388,1
DA:389,0
DA:390,0
DA:393,2
DA:394,1
DA:395,1
DA:397,6
DA:398,5
DA:399,5
DA:402,1
DA:405,1
DA:406,1
DA:408,1
DA:409,0
DA:410,0
DA:413,1
DA:414,1
DA:415,1
DA:417,6
DA:418,5
DA:419,5
DA:422,1
DA:425,0
DA:426,0
DA:428,0
DA:429,0
DA:430,0
DA:433,0
DA:434,0
DA:435,0
DA:436,0
DA:437,0
DA:438,0
DA:441,0
DA:445,0
DA:446,0
DA:448,0
DA:449,0
DA:450,0
DA:453,0
DA:454,0
DA:455,0
DA:456,0
DA:460,0
DA:461,0
DA:462,0
DA:463,0
DA:464,0
DA:465,0
DA:467,0
DA:468,0
DA:469,0
DA:473,0
DA:474,0
DA:475,0
DA:476,0
DA:477,0
DA:478,0
DA:481,0
DA:484,1
DA:485,1
DA:487,1
DA:488,0
DA:489,0
DA:492,1
DA:493,0
DA:494,0
DA:497,2
DA:498,1
DA:499,1
DA:501,4
DA:502,3
DA:503,3
DA:506,1
DA:509,1
DA:510,1
DA:512,1
DA:513,0
DA:514,0
DA:517,1
DA:518,1
DA:519,1
DA:521,4
DA:522,3
DA:523,3
DA:526,1
DA:529,0
DA:530,0
DA:532,0
DA:533,0
DA:534,0
DA:537,0
DA:538,0
DA:539,0
DA:541,0
DA:542,0
DA:543,0
DA:546,0
DA:549,0
DA:550,0
DA:552,0
DA:553,0
DA:554,0
DA:557,0
DA:558,0
DA:559,0
DA:560,0
DA:564,0
DA:565,0
DA:566,0
DA:567,0
DA:568,0
DA:569,0
DA:571,0
DA:572,0
DA:573,0
DA:577,0
DA:578,0
DA:579,0
DA:580,0
DA:581,0
DA:582,0
DA:585,0
DA:588,3
DA:590,3
DA:591,0
DA:592,0
DA:595,3
DA:596,3
DA:597,1
DA:598,1
DA:601,2
DA:604,1
DA:606,1
DA:607,0
DA:608,0
DA:611,1
DA:612,1
DA:613,1
DA:614,1
DA:617,0
DA:620,16
DA:622,16
DA:623,0
DA:624,0
DA:627,16
DA:628,0
DA:629,0
DA:632,32
DA:633,16
DA:634,16
DA:635,16
DA:637,16
DA:638,16
DA:639,64
DA:640,282
DA:641,234
DA:642,234
DA:643,234
DA:647,16
DA:650,0
DA:652,0
DA:653,0
DA:654,0
DA:657,0
DA:658,0
DA:659,0
DA:662,0
DA:663,0
DA:664,0
DA:665,0
DA:669,0
DA:670,0
DA:671,0
DA:672,0
DA:673,0
DA:674,0
DA:676,0
DA:677,0
DA:678,0
DA:682,0
DA:683,0
DA:684,0
DA:685,0
DA:687,0
DA:688,0
DA:689,0
DA:690,0
DA:691,0
DA:692,0
DA:693,0
DA:697,0
DA:700,1
DA:702,1
DA:703,0
DA:704,0
DA:707,1
DA:708,1
DA:709,1
DA:710,1
DA:713,0
DA:716,1
DA:718,1
DA:719,0
DA:720,0
DA:723,1
DA:724,0
DA:725,0
DA:728,2
DA:729,1
DA:730,1
DA:731,1
DA:733,1
DA:734,1
DA:735,6
DA:736,10
DA:737,5
DA:738,5
DA:739,5
DA:743,1
DA:746,0
DA:748,0
DA:749,0
DA:750,0
DA:753,0
DA:754,0
DA:755,0
DA:758,0
DA:759,0
DA:760,0
DA:761,0
DA:765,0
DA:766,0
DA:767,0
DA:768,0
DA:769,0
DA:770,0
DA:772,0
DA:773,0
DA:774,0
DA:778,0
DA:779,0
DA:780,0
DA:781,0
DA:783,0
DA:784,0
DA:785,0
DA:786,0
DA:787,0
DA:788,0
DA:789,0
DA:793,0
DA:796,1
DA:798,1
DA:799,0
DA:800,0
DA:803,1
DA:804,1
DA:806,1
DA:809,1
DA:811,1
DA:812,0
DA:813,0
DA:816,1
DA:817,1
DA:818,1
DA:819,1
DA:821,1
DA:822,1
DA:823,4
DA:824,12
DA:825,9
DA:826,9
DA:827,9
DA:831,1
DA:834,0
DA:836,0
DA:837,0
DA:838,0
DA:841,0
DA:842,0
DA:843,0
DA:844,0
DA:848,0
DA:849,0
DA:850,0
DA:851,0
DA:852,0
DA:853,0
DA:855,0
DA:856,0
DA:857,0
DA:861,0
DA:862,0
DA:863,0
DA:864,0
DA:866,0
DA:867,0
DA:868,0
DA:869,0
DA:870,0
DA:871,0
DA:872,0
DA:876,0
DA:879,0
DA:881,0
DA:882,0
DA:883,0
DA:886,0
DA:887,0
DA:888,0
DA:889,0
DA:891,0
DA:892,0
DA:893,0
DA:894,0
DA:895,0
DA:896,0
DA:897,0
DA:901,0
DA:904,0
DA:906,0
DA:907,0
DA:908,0
DA:911,0
DA:912,0
DA:913,0
DA:914,0
DA:918,0
DA:919,0
DA:920,0
DA:921,0
DA:922,0
DA:923,0
DA:925,0
DA:926,0
DA:927,0
DA:931,0
DA:932,0
DA:933,0
DA:934,0
DA:936,0
DA:937,0
DA:938,0
DA:939,0
DA:940,0
DA:941,0
DA:942,0
DA:946,0
DA:949,1
DA:950,1
DA:951,0
DA:952,0
DA:955,1
DA:956,1
DA:957,1
DA:958,1
DA:960,1
DA:961,1
DA:963,5
DA:964,12
DA:965,8
DA:966,8
DA:967,8
DA:971,1
DA:974,0
DA:976,0
DA:977,0
DA:978,0
DA:981,0
DA:982,0
DA:983,0
DA:984,0
DA:988,0
DA:989,0
DA:990,0
DA:991,0
DA:992,0
DA:993,0
DA:995,0
DA:996,0
DA:997,0
DA:1001,0
DA:1002,0
DA:1003,0
DA:1004,0
DA:1006,0
DA:1007,0
DA:1009,0
DA:1010,0
DA:1011,0
DA:1012,0
DA:1013,0
DA:1017,0
DA:1020,0
DA:1022,0
DA:1023,0
DA:1024,0
DA:1027,0
DA:1028,0
DA:1029,0
DA:1030,0
DA:1034,0
DA:1035,0
DA:1036,0
DA:1037,0
DA:1038,0
DA:1039,0
DA:1041,0
DA:1042,0
DA:1043,0
DA:1047,0
DA:1048,0
DA:1049,0
DA:1050,0
DA:1052,0
DA:1053,0
DA:1055,0
DA:1056,0
DA:1057,0
DA:1058,0
DA:1059,0
DA:1063,0
DA:1066,0
DA:1068,0
DA:1069,0
DA:1070,0
DA:1073,0
DA:1074,0
DA:1075,0
DA:1076,0
DA:1079,0
DA:1080,0
DA:1081,0
DA:1082,0
DA:1083,0
DA:1084,0
DA:1086,0
DA:1087,0
DA:1088,0
DA:1092,0
DA:1093,0
DA:1094,0
DA:1095,0
DA:1098,0
DA:1099,0
DA:1100,0
DA:1101,0
DA:1102,0
DA:1103,0
DA:1105,0
DA:1106,0
DA:1107,0
DA:1112,0
DA:1113,0
DA:1114,0
DA:1115,0
DA:1117,0
DA:1118,0
DA:1120,0
DA:1121,0
DA:1122,0
DA:1123,0
DA:1124,0
DA:1128,0
DA:1136,1
DA:1138,1
DA:1140,4
DA:1141,3
DA:1144,1
DA:1147,1
DA:1149,1
DA:1150,6
DA:1151,5
DA:1152,1
DA:1156,2
DA:1157,1
DA:1158,1
DA:1159,6
DA:1160,5
DA:1161,0
DA:1163,5
DA:1164,1
DA:1165,1
DA:1169,1
DA:1171,2
DA:1172,1
DA:1175,2
DA:1178,0
DA:1180,0
DA:1181,0
DA:1182,0
DA:1185,0
DA:1186,0
DA:1187,0
DA:1188,0
DA:1189,0
DA:1190,0
DA:1193,0
DA:1196,1
DA:1198,1
DA:1199,0
DA:1200,0
DA:1203,1
DA:1204,6
DA:1205,5
DA:1206,4
DA:1210,2
DA:1211,1
DA:1212,1
DA:1213,6
DA:1214,5
DA:1215,0
DA:1217,5
DA:1218,4
DA:1219,4
DA:1223,1
DA:1224,1
DA:1225,1
DA:1226,5
DA:1227,4
DA:1228,4
DA:1231,2
DA:1234,0
DA:1236,0
DA:1237,0
DA:1238,0
DA:1241,0
DA:1242,0
DA:1243,0
DA:1245,0
DA:1246,0
DA:1247,0
DA:1250,0
DA:1253,1
DA:1255,1
DA:1256,0
DA:1257,0
DA:1260,1
DA:1261,4
DA:1262,3
DA:1263,2
DA:1267,2
DA:1268,1
DA:1269,1
DA:1270,4
DA:1271,3
DA:1272,0
DA:1274,3
DA:1275,2
DA:1276,2
DA:1280,1
DA:1281,1
DA:1282,1
DA:1283,3
DA:1284,2
DA:1285,2
DA:1288,2
DA:1291,1
DA:1292,1
DA:1294,1
DA:1295,0
DA:1296,0
DA:1299,1
DA:1300,1
DA:1301,1
DA:1302,3
DA:1303,2
DA:1304,2
DA:1307,1
DA:1310,1
DA:1311,1
DA:1313,1
DA:1314,0
DA:1315,0
DA:1318,1
DA:1319,3
DA:1320,2
DA:1321,1
DA:1325,2
DA:1326,1
DA:1327,1
DA:1328,3
DA:1329,2
DA:1330,0
DA:1332,2
DA:1333,1
DA:1334,1
DA:1338,1
DA:1339,1
DA:1340,1
DA:1341,2
DA:1342,1
DA:1343,1
DA:1346,2
DA:1349,1
DA:1350,1
DA:1352,1
DA:1353,0
DA:1354,0
DA:1357,1
DA:1358,1
DA:1359,1
DA:1361,4
DA:1362,3
DA:1363,3
DA:1366,1
DA:1369,1
DA:1370,1
DA:1372,1
DA:1373,0
DA:1374,0
DA:1377,1
DA:1378,4
DA:1379,3
DA:1380,2
DA:1384,2
DA:1385,1
DA:1386,1
DA:1387,4
DA:1388,3
DA:1389,0
DA:1391,3
DA:1392,2
DA:1393,2
DA:1397,1
DA:1398,1
DA:1399,1
DA:1400,3
DA:1401,2
DA:1402,2
DA:1405,2
DA:1408,0
DA:1410,0
DA:1411,0
DA:1412,0
DA:1415,0
DA:1416,0
DA:1417,0
DA:1420,0
DA:1421,0
DA:1422,0
DA:1423,0
DA:1425,0
DA:1426,0
DA:1427,0
DA:1428,0
DA:1429,0
DA:1430,0
DA:1431,0
DA:1435,0
DA:1438,2
DA:1440,2
DA:1441,0
DA:1442,0
DA:1445,2
DA:1446,0
DA:1447,0
DA:1450,2
DA:1451,8
DA:1452,6
DA:1453,4
DA:1457,4
DA:1458,2
DA:1459,2
DA:1460,8
DA:1461,6
DA:1462,0
DA:1464,6
DA:1465,4
DA:1466,4
DA:1470,4
DA:1471,2
DA:1472,2
DA:1473,2
DA:1475,2
DA:1476,2
DA:1477,6
DA:1478,16
DA:1479,12
DA:1480,12
DA:1481,12
DA:1485,2
DA:1488,0
DA:1490,0
DA:1491,0
DA:1492,0
DA:1495,0
DA:1496,0
DA:1497,0
DA:1500,0
DA:1501,0
DA:1502,0
DA:1503,0
DA:1505,0
DA:1506,0
DA:1507,0
DA:1508,0
DA:1509,0
DA:1510,0
DA:1511,0
DA:1515,0
DA:1518,0
DA:1520,0
DA:1521,0
DA:1522,0
DA:1525,0
DA:1526,0
DA:1527,0
DA:1530,0
DA:1531,0
DA:1532,0
DA:1533,0
DA:1537,0
DA:1538,0
DA:1539,0
DA:1540,0
DA:1541,0
DA:1542,0
DA:1544,0
DA:1545,0
DA:1546,0
DA:1550,0
DA:1551,0
DA:1552,0
DA:1553,0
DA:1555,0
DA:1556,0
DA:1557,0
DA:1558,0
DA:1559,0
DA:1560,0
DA:1561,0
DA:1565,0
DA:1568,0
DA:1570,0
DA:1571,0
DA:1572,0
DA:1575,0
DA:1576,0
DA:1577,0
DA:1578,0
DA:1580,0
DA:1581,0
DA:1582,0
DA:1583,0
DA:1584,0
DA:1585,0
DA:1586,0
DA:1590,0
DA:1593,1
DA:1595,1
DA:1596,0
DA:1597,0
DA:1600,1
DA:1601,4
DA:1602,3
DA:1603,2
DA:1607,2
DA:1608,1
DA:1609,1
DA:1610,4
DA:1611,3
DA:1612,0
DA:1614,3
DA:1615,2
DA:1616,2
DA:1620,1
DA:1621,1
DA:1622,1
DA:1623,1
DA:1625,1
DA:1626,1
DA:1627,3
DA:1628,8
DA:1629,6
DA:1630,6
DA:1631,6
DA:1635,2
DA:1638,0
DA:1640,0
DA:1641,0
DA:1642,0
DA:1645,0
DA:1646,0
DA:1647,0
DA:1648,0
DA:1650,0
DA:1651,0
DA:1652,0
DA:1653,0
DA:1654,0
DA:1655,0
DA:1656,0
DA:1660,0
DA:1663,0
DA:1665,0
DA:1666,0
DA:1667,0
DA:1670,0
DA:1671,0
DA:1672,0
DA:1673,0
DA:1677,0
DA:1678,0
DA:1679,0
DA:1680,0
DA:1681,0
DA:1682,0
DA:1684,0
DA:1685,0
DA:1686,0
DA:1690,0
DA:1691,0
DA:1692,0
DA:1693,0
DA:1695,0
DA:1696,0
DA:1697,0
DA:1698,0
DA:1699,0
DA:1700,0
DA:1701,0
DA:1705,0
DA:1708,1
DA:1709,1
DA:1710,0
DA:1711,0
DA:1714,1
DA:1715,1
DA:1716,1
DA:1717,1
DA:1719,1
DA:1720,1
DA:1722,5
DA:1723,12
DA:1724,8
DA:1725,8
DA:1726,8
DA:1730,1
DA:1733,1
DA:1734,1
DA:1735,0
DA:1736,0
DA:1739,1
DA:1740,1
DA:1741,1
DA:1742,1
DA:1744,1
DA:1745,1
DA:1747,5
DA:1748,12
DA:1749,8
DA:1750,8
DA:1751,8
DA:1755,1
DA:1758,1
DA:1759,1
DA:1760,0
DA:1761,0
DA:1764,1
DA:1765,1
DA:1766,1
DA:1767,1
DA:1769,1
DA:1770,1
DA:1772,5
DA:1773,12
DA:1774,8
DA:1775,8
DA:1776,8
DA:1780,1
DA:1783,0
DA:1785,0
DA:1786,0
DA:1787,0
DA:1790,0
DA:1791,0
DA:1792,0
DA:1793,0
DA:1797,0
DA:1798,0
DA:1799,0
DA:1800,0
DA:1801,0
DA:1802,0
DA:1804,0
DA:1805,0
DA:1806,0
DA:1810,0
DA:1811,0
DA:1812,0
DA:1813,0
DA:1815,0
DA:1816,0
DA:1818,0
DA:1819,0
DA:1820,0
DA:1821,0
DA:1822,0
DA:1826,0
DA:1829,0
DA:1831,0
DA:1832,0
DA:1833,0
DA:1836,0
DA:1837,0
DA:1838,0
DA:1839,0
DA:1843,0
DA:1844,0
DA:1845,0
DA:1846,0
DA:1847,0
DA:1848,0
DA:1850,0
DA:1851,0
DA:1852,0
DA:1856,0
DA:1857,0
DA:1858,0
DA:1859,0
DA:1861,0
DA:1862,0
DA:1864,0
DA:1865,0
DA:1866,0
DA:1867,0
DA:1868,0
DA:1872,0
DA:1875,0
DA:1877,0
DA:1878,0
DA:1879,0
DA:1882,0
DA:1883,0
DA:1884,0
DA:1885,0
DA:1889,0
DA:1890,0
DA:1891,0
DA:1892,0
DA:1893,0
DA:1894,0
DA:1896,0
DA:1897,0
DA:1898,0
DA:1902,0
DA:1903,0
DA:1904,0
DA:1905,0
DA:1907,0
DA:1908,0
DA:1910,0
DA:1911,0
DA:1912,0
DA:1913,0
DA:1914,0
DA:1918,0
DA:1921,0
DA:1923,0
DA:1924,0
DA:1925,0
DA:1928,0
DA:1929,0
DA:1930,0
DA:1931,0
DA:1935,0
DA:1936,0
DA:1937,0
DA:1938,0
DA:1939,0
DA:1940,0
DA:1942,0
DA:1943,0
DA:1944,0
DA:1948,0
DA:1949,0
DA:1950,0
DA:1951,0
DA:1953,0
DA:1954,0
DA:1956,0
DA:1957,0
DA:1958,0
DA:1959,0
DA:1960,0
DA:1964,0
DA:1967,0
DA:1969,0
DA:1970,0
DA:1971,0
DA:1974,0
DA:1975,0
DA:1976,0
DA:1977,0
DA:1981,0
DA:1982,0
DA:1983,0
DA:1984,0
DA:1985,0
DA:1986,0
DA:1988,0
DA:1989,0
DA:1990,0
DA:1994,0
DA:1995,0
DA:1996,0
DA:1997,0
DA:1999,0
DA:2000,0
DA:2002,0
DA:2003,0
DA:2004,0
DA:2005,0
DA:2006,0
DA:2010,0
DA:2013,0
DA:2015,0
DA:2016,0
DA:2017,0
DA:2020,0
DA:2021,0
DA:2022,0
DA:2023,0
DA:2027,0
DA:2028,0
DA:2029,0
DA:2030,0
DA:2031,0
DA:2032,0
DA:2034,0
DA:2035,0
DA:2036,0
DA:2040,0
DA:2041,0
DA:2042,0
DA:2043,0
DA:2045,0
DA:2046,0
DA:2048,0
DA:2049,0
DA:2050,0
DA:2051,0
DA:2052,0
DA:2056,0
DA:2059,0
DA:2061,0
DA:2062,0
DA:2063,0
DA:2066,0
DA:2067,0
DA:2068,0
DA:2069,0
DA:2072,0
DA:2073,0
DA:2074,0
DA:2075,0
DA:2076,0
DA:2077,0
DA:2079,0
DA:2080,0
DA:2081,0
DA:2085,0
DA:2086,0
DA:2087,0
DA:2088,0
DA:2091,0
DA:2092,0
DA:2093,0
DA:2094,0
DA:2095,0
DA:2096,0
DA:2098,0
DA:2099,0
DA:2100,0
DA:2105,0
DA:2106,0
DA:2107,0
DA:2108,0
DA:2110,0
DA:2111,0
DA:2113,0
DA:2114,0
DA:2115,0
DA:2116,0
DA:2117,0
DA:2121,0
DA:2124,0
DA:2126,0
DA:2127,0
DA:2128,0
DA:2131,0
DA:2132,0
DA:2133,0
DA:2134,0
DA:2137,0
DA:2138,0
DA:2139,0
DA:2140,0
DA:2141,0
DA:2142,0
DA:2144,0
DA:2145,0
DA:2146,0
DA:2150,0
DA:2151,0
DA:2152,0
DA:2153,0
DA:2156,0
DA:2157,0
DA:2158,0
DA:2159,0
DA:2160,0
DA:2161,0
DA:2163,0
DA:2164,0
DA:2165,0
DA:2170,0
DA:2171,0
DA:2172,0
DA:2173,0
DA:2175,0
DA:2176,0
DA:2178,0
DA:2179,0
DA:2180,0
DA:2181,0
DA:2182,0
DA:2186,0
DA:2189,0
DA:2191,0
DA:2192,0
DA:2193,0
DA:2196,0
DA:2197,0
DA:2198,0
DA:2199,0
DA:2202,0
DA:2203,0
DA:2204,0
DA:2205,0
DA:2206,0
DA:2207,0
DA:2209,0
DA:2210,0
DA:2211,0
DA:2215,0
DA:2216,0
DA:2217,0
DA:2218,0
DA:2221,0
DA:2222,0
DA:2223,0
DA:2224,0
DA:2225,0
DA:2226,0
DA:2228,0
DA:2229,0
DA:2230,0
DA:2235,0
DA:2236,0
DA:2237,0
DA:2238,0
DA:2240,0
DA:2241,0
DA:2243,0
DA:2244,0
DA:2245,0
DA:2246,0
DA:2247,0
DA:2251,0
LF:1389
LH:515
end_of_record
TN:
SF:/home/konrad/Documents/0Uni/programming/ETR/include/etr_bits/subsetassign.hpp
FN:28,_Z9subassignR3VECId5STOREIdEE
FN:36,_Z9subassignR3VECId5STOREIdEEi
FN:44,_Z9subassignR3VECId5STOREIdEEd
FN:53,_Z9subassignR3VECId5STOREIdEEb
FN:69,_Z9subassignR3VECId5STOREIdEEPv
FN:78,_Z9subassignR3VECId5STOREIdEES3_
FN:90,_Z9subassignR3VECId5STOREIdEERS_IbS0_IbEE
FN:122,_Z9subassignR3VECId5STOREIdEEii
FN:141,_Z9subassignR3VECId5STOREIdEEid
FN:162,_Z9subassignR3VECId5STOREIdEEib
FN:187,_Z9subassignR3VECId5STOREIdEEiPv
FN:206,_Z9subassignR3VECId5STOREIdEEiS3_
FN:226,_Z9subassignR3VECId5STOREIdEEiRS_IbS0_IbEE
FN:265,_Z9subassignR3VECId5STOREIdEEdi
FN:287,_Z9subassignR3VECId5STOREIdEEbi
FN:311,_Z9subassignR3VECId5STOREIdEEPvi
FN:330,_Z9subassignR3VECId5STOREIdEES3_i
FN:350,_Z9subassignR3VECId5STOREIdEERS_IbS0_IbEEi
FN:390,_Z9subassignR3VECId5STOREIdEEdd
FN:410,_Z9subassignR3VECId5STOREIdEEdb
FN:436,_Z9subassignR3VECId5STOREIdEEdPv
FN:456,_Z9subassignR3VECId5STOREIdEEdS3_
FN:477,_Z9subassignR3VECId5STOREIdEEdRS_IbS0_IbEE
FN:518,_Z9subassignR3VECId5STOREIdEEbd
FN:543,_Z9subassignR3VECId5STOREIdEEPvd
FN:564,_Z9subassignR3VECId5STOREIdEES3_d
FN:585,_Z9subassignR3VECId5STOREIdEERS_IbS0_IbEEd
FN:627,_Z9subassignR3VECId5STOREIdEEbb
FN:648,_Z9subassignR3VECId5STOREIdEEbPv
FN:669,_Z9subassignR3VECId5STOREIdEEbS3_
FN:698,_Z9subassignR3VECId5STOREIdEEbRS_IbS0_IbEE
FN:747,_Z9subassignR3VECId5STOREIdEEPvb
FN:769,_Z9subassignR3VECId5STOREIdEES3_b
FN:798,_Z9subassignR3VECId5STOREIdEERS_IbS0_IbEEb
FN:847,_Z9subassignR3VECId5STOREIdEEPvS4_
FN:856,_Z9subassignR3VECId5STOREIdEEPvS3_
FN:879,_Z9subassignR3VECId5STOREIdEEPvRS_IbS0_IbEE
FN:922,_Z9subassignR3VECId5STOREIdEES3_Pv
FN:945,_Z9subassignR3VECId5STOREIdEERS_IbS0_IbEEPv
FN:988,_Z9subassignR3VECId5STOREIdEES3_S3_
FN:1011,_Z9subassignR3VECId5STOREIdEES3_RS_IbS0_IbEE
FN:1055,_Z9subassignR3VECId5STOREIdEERS_IbS0_IbEES3_
FN:1099,_Z9subassignR3VECId5STOREIdEERS_IbS0_IbEES6_
FN:1162,_Z9subassignR3VECId5STOREIdEEOS2_
FN:1174,_Z9subassignR3VECId5STOREIdEEOS_IbS0_IbEE
FN:1206,_Z9subassignR3VECId5STOREIdEEiOS2_
FN:1226,_Z9subassignR3VECId5STOREIdEEiOS_IbS0_IbEE
FN:1265,_Z9subassignR3VECId5STOREIdEEOS2_i
FN:1285,_Z9subassignR3VECId5STOREIdEEOS_IbS0_IbEEi
FN:1325,_Z9subassignR3VECId5STOREIdEEdOS2_
FN:1345,_Z9subassignR3VECId5STOREIdEEdOS_IbS0_IbEE
FN:1386,_Z9subassignR3VECId5STOREIdEEOS2_d
FN:1407,_Z9subassignR3VECId5STOREIdEEOS_IbS0_IbEEd
FN:1449,_Z9subassignR3VECId5STOREIdEEbOS2_
FN:1478,_Z9subassignR3VECId5STOREIdEEbOS_IbS0_IbEE
FN:1527,_Z9subassignR3VECId5STOREIdEEOS2_b
FN:1556,_Z9subassignR3VECId5STOREIdEEOS_IbS0_IbEEb
FN:1605,_Z9subassignR3VECId5STOREIdEEPvOS2_
FN:1628,_Z9subassignR3VECId5STOREIdEEPvOS_IbS0_IbEE
FN:1671,_Z9subassignR3VECId5STOREIdEEOS2_Pv
FN:1694,_Z9subassignR3VECId5STOREIdEEOS_IbS0_IbEEPv
FN:1737,_Z9subassignR3VECId5STOREIdEEOS2_S4_
FN:1760,_Z9subassignR3VECId5STOREIdEEOS2_S3_
FN:1783,_Z9subassignR3VECId5STOREIdEES3_OS2_
FN:1806,_Z9subassignR3VECId5STOREIdEEOS2_OS_IbS0_IbEE
FN:1850,_Z9subassignR3VECId5STOREIdEEOS2_RS_IbS0_IbEE
FN:1894,_Z9subassignR3VECId5STOREIdEES3_OS_IbS0_IbEE
FN:1939,_Z9subassignR3VECId5STOREIdEEOS_IbS0_IbEEOS2_
FN:1983,_Z9subassignR3VECId5STOREIdEEOS_IbS0_IbEES3_
FN:2027,_Z9subassignR3VECId5STOREIdEERS_IbS0_IbEEOS2_
FN:2071,_Z9subassignR3VECId5STOREIdEEOS_IbS0_IbEES6_
FN:2133,_Z9subassignR3VECId5STOREIdEEOS_IbS0_IbEERS5_
FN:2195,_Z9subassignR3VECId5STOREIdEERS_IbS0_IbEEOS5_
FNDA:1,_Z9subassignR3VECId5STOREIdEERS_IbS0_IbEES6_
FNDA:0,_Z9subassignR3VECId5STOREIdEEOS2_b
FNDA:0,_Z9subassignR3VECId5STOREIdEERS_IbS0_IbEEd
FNDA:1,_Z9subassignR3VECId5STOREIdEEid
FNDA:1,_Z9subassignR3VECId5STOREIdEES3_i
FNDA:0,_Z9subassignR3VECId5STOREIdEEiOS2_
FNDA:1,_Z9subassignR3VECId5STOREIdEES3_RS_IbS0_IbEE
FNDA:1,_Z9subassignR3VECId5STOREIdEERS_IbS0_IbEES3_
FNDA:0,_Z9subassignR3VECId5STOREIdEEPvd
FNDA:0,_Z9subassignR3VECId5STOREIdEEPvS3_
FNDA:0,_Z9subassignR3VECId5STOREIdEEbd
FNDA:0,_Z9subassignR3VECId5STOREIdEERS_IbS0_IbEEPv
FNDA:1,_Z9subassignR3VECId5STOREIdEEiRS_IbS0_IbEE
FNDA:0,_Z9subassignR3VECId5STOREIdEEiPv
FNDA:0,_Z9subassignR3VECId5STOREIdEEbOS2_
FNDA:0,_Z9subassignR3VECId5STOREIdEEbOS_IbS0_IbEE
FNDA:0,_Z9subassignR3VECId5STOREIdEEOS2_S4_
FNDA:1,_Z9subassignR3VECId5STOREIdEERS_IbS0_IbEEi
FNDA:1,_Z9subassignR3VECId5STOREIdEEi
FNDA:1,_Z9subassignR3VECId5STOREIdEEbPv
FNDA:1,_Z9subassignR3VECId5STOREIdEERS_IbS0_IbEE
FNDA:0,_Z9subassignR3VECId5STOREIdEEOS2_
FNDA:0,_Z9subassignR3VECId5STOREIdEEOS_IbS0_IbEES6_
FNDA:0,_Z9subassignR3VECId5STOREIdEEOS_IbS0_IbEERS5_
FNDA:0,_Z9subassignR3VECId5STOREIdEES3_d
FNDA:0,_Z9subassignR3VECId5STOREIdEEdOS_IbS0_IbEE
FNDA:1,_Z9subassignR3VECId5STOREIdEEd
FNDA:0,_Z9subassignR3VECId5STOREIdEEOS_IbS0_IbEEb
FNDA:0,_Z9subassignR3VECId5STOREIdEEOS_IbS0_IbEEi
FNDA:1,_Z9subassignR3VECId5STOREIdEEb
FNDA:0,_Z9subassignR3VECId5STOREIdEEOS2_S3_
FNDA:0,_Z9subassignR3VECId5STOREIdEEiOS_IbS0_IbEE
FNDA:1,_Z9subassignR3VECId5STOREIdEEPvb
FNDA:0,_Z9subassignR3VECId5STOREIdEEOS_IbS0_IbEEd
FNDA:1,_Z9subassignR3VECId5STOREIdEEPvi
FNDA:0,_Z9subassignR3VECId5STOREIdEEdPv
FNDA:1,_Z9subassignR3VECId5STOREIdEEiS3_
FNDA:1,_Z9subassignR3VECId5STOREIdEERS_IbS0_IbEEb
FNDA:0,_Z9subassignR3VECId5STOREIdEES3_OS_IbS0_IbEE
FNDA:0,_Z9subassignR3VECId5STOREIdEEOS2_RS_IbS0_IbEE
FNDA:1,_Z9subassignR3VECId5STOREIdEEbS3_
FNDA:0,_Z9subassignR3VECId5STOREIdEEOS_IbS0_IbEE
FNDA:0,_Z9subassignR3VECId5STOREIdEEdi
FNDA:0,_Z9subassignR3VECId5STOREIdEEOS2_Pv
FNDA:0,_Z9subassignR3VECId5STOREIdEEdb
FNDA:0,_Z9subassignR3VECId5STOREIdEEOS2_i
FNDA:1,_Z9subassignR3VECId5STOREIdEES3_
FNDA:0,_Z9subassignR3VECId5STOREIdEEOS2_OS_IbS0_IbEE
FNDA:0,_Z9subassignR3VECId5STOREIdEEOS_IbS0_IbEEOS2_
FNDA:1,_Z9subassignR3VECId5STOREIdEEii
FNDA:0,_Z9subassignR3VECId5STOREIdEEOS_IbS0_IbEEPv
FNDA:1,_Z9subassignR3VECId5STOREIdEEPv
FNDA:0,_Z9subassignR3VECId5STOREIdEES3_Pv
FNDA:0,_Z9subassignR3VECId5STOREIdEEdd
FNDA:0,_Z9subassignR3VECId5STOREIdEEPvRS_IbS0_IbEE
FNDA:0,_Z9subassignR3VECId5STOREIdEERS_IbS0_IbEEOS5_
FNDA:0,_Z9subassignR3VECId5STOREIdEEib
FNDA:1,_Z9subassignR3VECId5STOREIdEES3_S3_
FNDA:0,_Z9subassignR3VECId5STOREIdEE
FNDA:0,_Z9subassignR3VECId5STOREIdEEOS2_d
FNDA:1,_Z9subassignR3VECId5STOREIdEEPvS4_
FNDA:1,_Z9subassignR3VECId5STOREIdEES3_b
FNDA:0,_Z9subassignR3VECId5STOREIdEEPvOS2_
FNDA:0,_Z9subassignR3VECId5STOREIdEEdOS2_
FNDA:0,_Z9subassignR3VECId5STOREIdEEdS3_
FNDA:0,_Z9subassignR3VECId5STOREIdEEOS_IbS0_IbEES3_
FNDA:1,_Z9subassignR3VECId5STOREIdEEbb
FNDA:0,_Z9subassignR3VECId5STOREIdEEPvOS_IbS0_IbEE
FNDA:0,_Z9subassignR3VECId5STOREIdEEdRS_IbS0_IbEE
FNDA:1,_Z9subassignR3VECId5STOREIdEEbi
FNDA:0,_Z9subassignR3VECId5STOREIdEERS_IbS0_IbEEOS2_
FNDA:1,_Z9subassignR3VECId5STOREIdEEbRS_IbS0_IbEE
FNDA:0,_Z9subassignR3VECId5STOREIdEES3_OS2_
FNF:73
FNH:26
DA:28,0
DA:29,0
DA:30,0
DA:31,0
DA:33,0
DA:36,1
DA:37,1
DA:38,1
DA:39,1
DA:40,1
DA:41,1
DA:44,1
DA:45,1
DA:46,1
DA:47,1
DA:48,1
DA:49,1
DA:50,1
DA:53,1
DA:55,1
DA:56,0
DA:57,0
DA:58,0
DA:60,1
DA:62,1
DA:63,11
DA:64,10
DA:66,1
DA:69,1
DA:70,1
DA:71,11
DA:72,10
DA:74,1
DA:75,1
DA:78,1
DA:80,1
DA:81,1
DA:83,5
DA:84,4
DA:87,1
DA:90,1
DA:92,1
DA:93,5
DA:94,4
DA:95,3
DA:99,1
DA:100,1
DA:101,1
DA:102,5
DA:103,4
DA:104,0
DA:106,4
DA:107,3
DA:108,3
DA:112,1
DA:113,1
DA:115,4
DA:116,3
DA:119,2
DA:122,1
DA:124,1
DA:125,0
DA:126,0
DA:129,1
DA:130,1
DA:131,1
DA:132,1
DA:134,1
DA:136,1
DA:138,1
DA:141,1
DA:143,1
DA:145,1
DA:146,0
DA:147,0
DA:150,1
DA:151,1
DA:152,1
DA:153,1
DA:155,1
DA:157,1
DA:159,1
DA:162,0
DA:164,0
DA:165,0
DA:166,0
DA:169,0
DA:170,0
DA:171,0
DA:172,0
DA:175,0
DA:176,0
DA:177,0
DA:179,0
DA:180,0
DA:181,0
DA:184,0
DA:187,0
DA:189,0
DA:190,0
DA:191,0
DA:194,0
DA:195,0
DA:196,0
DA:198,0
DA:199,0
DA:200,0
DA:203,0
DA:206,1
DA:208,1
DA:209,0
DA:210,0
DA:213,1
DA:214,1
DA:216,1
DA:217,1
DA:218,3
DA:219,2
DA:220,2
DA:223,1
DA:226,1
DA:228,1
DA:229,0
DA:230,0
DA:233,1
DA:234,9
DA:235,8
DA:236,5
DA:240,1
DA:241,1
DA:242,1
DA:243,9
DA:244,8
DA:245,1
DA:247,8
DA:248,5
DA:249,5
DA:253,1
DA:254,1
DA:255,1
DA:256,1
DA:257,6
DA:258,5
DA:259,5
DA:262,2
DA:265,0
DA:267,0
DA:269,0
DA:270,0
DA:271,0
DA:274,0
DA:275,0
DA:277,0
DA:278,0
DA:279,0
DA:281,0
DA:283,0
DA:287,1
DA:289,1
DA:290,0
DA:291,0
DA:293,1
DA:294,1
DA:295,0
DA:296,0
DA:299,1
DA:300,1
DA:302,6
DA:303,5
DA:304,5
DA:307,1
DA:311,1
DA:313,1
DA:314,0
DA:315,0
DA:318,1
DA:319,1
DA:320,1
DA:322,6
DA:323,5
DA:324,5
DA:327,1
DA:330,1
DA:332,1
DA:333,0
DA:334,0
DA:337,1
DA:338,1
DA:339,1
DA:340,1
DA:342,4
DA:343,3
DA:344,3
DA:347,1
DA:350,1
DA:352,1
DA:353,0
DA:354,0
DA:357,1
DA:358,7
DA:359,6
DA:360,4
DA:364,1
DA:365,1
DA:366,1
DA:367,7
DA:368,6
DA:369,1
DA:371,6
DA:372,4
DA:373,4
DA:377,1
DA:378,1
DA:380,1
DA:381,1
DA:382,5
DA:383,4
DA:384,4
DA:387,2
DA:390,0
DA:391,0
DA:392,0
DA:394,0
DA:395,0
DA:396,0
DA:399,0
DA:400,0
DA:401,0
DA:402,0
DA:403,0
DA:405,0
DA:407,0
DA:410,0
DA:412,0
DA:414,0
DA:415,0
DA:416,0
DA:419,0
DA:420,0
DA:421,0
DA:422,0
DA:425,0
DA:426,0
DA:428,0
DA:429,0
DA:430,0
DA:433,0
DA:436,0
DA:437,0
DA:439,0
DA:440,0
DA:441,0
DA:444,0
DA:445,0
DA:446,0
DA:448,0
DA:449,0
DA:450,0
DA:453,0
DA:456,0
DA:457,0
DA:459,0
DA:460,0
DA:461,0
DA:464,0
DA:465,0
DA:466,0
DA:467,0
DA:468,0
DA:469,0
DA:470,0
DA:473,0
DA:477,0
DA:478,0
DA:480,0
DA:481,0
DA:482,0
DA:485,0
DA:486,0
DA:487,0
DA:488,0
DA:492,0
DA:493,0
DA:494,0
DA:495,0
DA:496,0
DA:497,0
DA:499,0
DA:500,0
DA:501,0
DA:505,0
DA:506,0
DA:508,0
DA:509,0
DA:510,0
DA:511,0
DA:512,0
DA:515,0
DA:518,0
DA:519,0
DA:521,0
DA:522,0
DA:523,0
DA:526,0
DA:527,0
DA:528,0
DA:529,0
DA:532,0
DA:533,0
DA:534,0
DA:535,0
DA:536,0
DA:537,0
DA:540,0
DA:543,0
DA:544,0
DA:546,0
DA:547,0
DA:548,0
DA:551,0
DA:552,0
DA:554,0
DA:556,0
DA:557,0
DA:558,0
DA:561,0
DA:564,0
DA:565,0
DA:567,0
DA:568,0
DA:569,0
DA:572,0
DA:573,0
DA:574,0
DA:575,0
DA:577,0
DA:578,0
DA:579,0
DA:582,0
DA:585,0
DA:586,0
DA:588,0
DA:589,0
DA:590,0
DA:593,0
DA:594,0
DA:595,0
DA:596,0
DA:600,0
DA:601,0
DA:602,0
DA:603,0
DA:604,0
DA:605,0
DA:607,0
DA:608,0
DA:609,0
DA:613,0
DA:614,0
DA:615,0
DA:617,0
DA:618,0
DA:619,0
DA:620,0
DA:621,0
DA:624,0
DA:627,1
DA:629,1
DA:630,0
DA:631,0
DA:634,1
DA:635,1
DA:636,1
DA:637,36
DA:638,35
DA:640,1
DA:643,0
DA:644,0
DA:645,0
DA:648,1
DA:650,1
DA:651,0
DA:652,0
DA:655,1
DA:656,1
DA:657,36
DA:658,35
DA:660,1
DA:661,1
DA:664,0
DA:665,0
DA:666,0
DA:669,1
DA:671,1
DA:672,0
DA:673,0
DA:676,1
DA:677,0
DA:678,0
DA:679,0
DA:682,1
DA:683,1
DA:685,1
DA:686,1
DA:687,4
DA:688,18
DA:689,15
DA:690,15
DA:691,15
DA:695,1
DA:698,1
DA:700,1
DA:701,0
DA:702,0
DA:705,1
DA:706,0
DA:707,0
DA:708,0
DA:711,1
DA:712,9
DA:713,8
DA:714,3
DA:718,1
DA:719,1
DA:720,1
DA:721,9
DA:722,8
DA:723,1
DA:725,8
DA:726,3
DA:727,3
DA:731,1
DA:732,1
DA:734,1
DA:735,1
DA:736,4
DA:737,18
DA:738,15
DA:739,15
DA:740,15
DA:744,1
DA:747,1
DA:749,1
DA:750,0
DA:751,0
DA:754,1
DA:755,0
DA:756,0
DA:757,0
DA:760,1
DA:761,36
DA:762,35
DA:764,1
DA:766,1
DA:769,1
DA:771,1
DA:772,0
DA:773,0
DA:776,1
DA:777,0
DA:778,0
DA:779,0
DA:782,1
DA:783,1
DA:785,1
DA:786,1
DA:787,8
DA:788,28
DA:789,21
DA:790,21
DA:791,21
DA:795,1
DA:798,1
DA:800,1
DA:801,0
DA:802,0
DA:805,1
DA:806,0
DA:807,0
DA:808,0
DA:811,1
DA:812,3
DA:813,2
DA:814,2
DA:818,1
DA:819,1
DA:820,1
DA:821,3
DA:822,2
DA:823,0
DA:825,2
DA:826,2
DA:827,2
DA:831,1
DA:832,1
DA:834,1
DA:835,1
DA:836,8
DA:837,21
DA:838,14
DA:839,14
DA:840,14
DA:844,1
DA:847,1
DA:848,1
DA:849,36
DA:850,35
DA:852,1
DA:853,1
DA:856,0
DA:858,0
DA:859,0
DA:860,0
DA:863,0
DA:864,0
DA:866,0
DA:867,0
DA:868,0
DA:869,0
DA:870,0
DA:871,0
DA:872,0
DA:876,0
DA:879,0
DA:881,0
DA:882,0
DA:883,0
DA:886,0
DA:887,0
DA:888,0
DA:889,0
DA:893,0
DA:894,0
DA:895,0
DA:896,0
DA:897,0
DA:898,0
DA:900,0
DA:901,0
DA:902,0
DA:906,0
DA:907,0
DA:909,0
DA:910,0
DA:911,0
DA:912,0
DA:913,0
DA:914,0
DA:915,0
DA:919,0
DA:922,0
DA:924,0
DA:925,0
DA:926,0
DA:929,0
DA:930,0
DA:932,0
DA:933,0
DA:934,0
DA:935,0
DA:936,0
DA:937,0
DA:938,0
DA:942,0
DA:945,0
DA:947,0
DA:948,0
DA:949,0
DA:952,0
DA:953,0
DA:954,0
DA:955,0
DA:959,0
DA:960,0
DA:961,0
DA:962,0
DA:963,0
DA:964,0
DA:966,0
DA:967,0
DA:968,0
DA:972,0
DA:973,0
DA:975,0
DA:976,0
DA:977,0
DA:978,0
DA:979,0
DA:980,0
DA:981,0
DA:985,0
DA:988,1
DA:989,1
DA:990,0
DA:991,0
DA:994,1
DA:995,1
DA:997,1
DA:998,1
DA:1000,4
DA:1001,12
DA:1002,9
DA:1003,9
DA:1004,9
DA:1008,1
DA:1011,1
DA:1013,1
DA:1014,0
DA:1015,0
DA:1018,1
DA:1019,5
DA:1020,4
DA:1021,3
DA:1025,1
DA:1026,1
DA:1027,1
DA:1028,5
DA:1029,4
DA:1030,0
DA:1032,4
DA:1033,3
DA:1034,3
DA:1038,1
DA:1039,1
DA:1041,1
DA:1042,1
DA:1044,4
DA:1045,12
DA:1046,9
DA:1047,9
DA:1048,9
DA:1052,2
DA:1055,1
DA:1057,1
DA:1058,0
DA:1059,0
DA:1062,1
DA:1063,5
DA:1064,4
DA:1065,3
DA:1069,1
DA:1070,1
DA:1071,1
DA:1072,5
DA:1073,4
DA:1074,0
DA:1076,4
DA:1077,3
DA:1078,3
DA:1082,1
DA:1083,1
DA:1085,1
DA:1086,1
DA:1088,4
DA:1089,12
DA:1090,9
DA:1091,9
DA:1092,9
DA:1096,2
DA:1099,1
DA:1101,1
DA:1102,0
DA:1103,0
DA:1106,1
DA:1107,4
DA:1108,3
DA:1109,3
DA:1112,2
DA:1113,1
DA:1114,1
DA:1115,4
DA:1116,3
DA:1117,0
DA:1119,3
DA:1120,3
DA:1121,3
DA:1125,1
DA:1126,4
DA:1127,3
DA:1128,2
DA:1131,1
DA:1132,1
DA:1133,1
DA:1134,4
DA:1135,3
DA:1136,0
DA:1138,3
DA:1139,2
DA:1140,2
DA:1144,1
DA:1145,1
DA:1147,1
DA:1148,1
DA:1150,3
DA:1151,8
DA:1152,6
DA:1153,6
DA:1154,6
DA:1158,2
DA:1162,0
DA:1164,0
DA:1165,0
DA:1167,0
DA:1168,0
DA:1171,0
DA:1174,0
DA:1176,0
DA:1177,0
DA:1178,0
DA:1179,0
DA:1183,0
DA:1184,0
DA:1185,0
DA:1186,0
DA:1187,0
DA:1188,0
DA:1190,0
DA:1191,0
DA:1192,0
DA:1196,0
DA:1197,0
DA:1199,0
DA:1200,0
DA:1203,0
DA:1206,0
DA:1208,0
DA:1209,0
DA:1210,0
DA:1213,0
DA:1214,0
DA:1216,0
DA:1217,0
DA:1218,0
DA:1219,0
DA:1220,0
DA:1223,0
DA:1226,0
DA:1228,0
DA:1229,0
DA:1230,0
DA:1233,0
DA:1234,0
DA:1235,0
DA:1236,0
DA:1240,0
DA:1241,0
DA:1242,0
DA:1243,0
DA:1244,0
DA:1245,0
DA:1247,0
DA:1248,0
DA:1249,0
DA:1253,0
DA:1254,0
DA:1255,0
DA:1256,0
DA:1257,0
DA:1258,0
DA:1259,0
DA:1262,0
DA:1265,0
DA:1267,0
DA:1268,0
DA:1269,0
DA:1272,0
DA:1273,0
DA:1274,0
DA:1275,0
DA:1277,0
DA:1278,0
DA:1279,0
DA:1282,0
DA:1285,0
DA:1287,0
DA:1288,0
DA:1289,0
DA:1292,0
DA:1293,0
DA:1294,0
DA:1295,0
DA:1299,0
DA:1300,0
DA:1301,0
DA:1302,0
DA:1303,0
DA:1304,0
DA:1306,0
DA:1307,0
DA:1308,0
DA:1312,0
DA:1313,0
DA:1315,0
DA:1316,0
DA:1317,0
DA:1318,0
DA:1319,0
DA:1322,0
DA:1325,0
DA:1326,0
DA:1328,0
DA:1329,0
DA:1330,0
DA:1333,0
DA:1334,0
DA:1335,0
DA:1336,0
DA:1337,0
DA:1338,0
DA:1339,0
DA:1342,0
DA:1345,0
DA:1346,0
DA:1348,0
DA:1349,0
DA:1350,0
DA:1353,0
DA:1354,0
DA:1355,0
DA:1356,0
DA:1360,0
DA:1361,0
DA:1362,0
DA:1363,0
DA:1364,0
DA:1365,0
DA:1367,0
DA:1368,0
DA:1369,0
DA:1373,0
DA:1374,0
DA:1376,0
DA:1377,0
DA:1378,0
DA:1379,0
DA:1380,0
DA:1383,0
DA:1386,0
DA:1387,0
DA:1389,0
DA:1390,0
DA:1391,0
DA:1394,0
DA:1395,0
DA:1396,0
DA:1397,0
DA:1399,0
DA:1400,0
DA:1401,0
DA:1404,0
DA:1407,0
DA:1408,0
DA:1410,0
DA:1411,0
DA:1412,0
DA:1415,0
DA:1416,0
DA:1417,0
DA:1418,0
DA:1422,0
DA:1423,0
DA:1424,0
DA:1425,0
DA:1426,0
DA:1427,0
DA:1429,0
DA:1430,0
DA:1431,0
DA:1435,0
DA:1436,0
DA:1437,0
DA:1439,0
DA:1440,0
DA:1441,0
DA:1442,0
DA:1443,0
DA:1446,0
DA:1449,0
DA:1451,0
DA:1452,0
DA:1453,0
DA:1456,0
DA:1457,0
DA:1458,0
DA:1459,0
DA:1462,0
DA:1463,0
DA:1465,0
DA:1466,0
DA:1467,0
DA:1468,0
DA:1469,0
DA:1470,0
DA:1471,0
DA:1475,0
DA:1478,0
DA:1480,0
DA:1481,0
DA:1482,0
DA:1485,0
DA:1486,0
DA:1487,0
DA:1488,0
DA:1491,0
DA:1492,0
DA:1493,0
DA:1494,0
DA:1498,0
DA:1499,0
DA:1500,0
DA:1501,0
DA:1502,0
DA:1503,0
DA:1505,0
DA:1506,0
DA:1507,0
DA:1511,0
DA:1512,0
DA:1514,0
DA:1515,0
DA:1516,0
DA:1517,0
DA:1518,0
DA:1519,0
DA:1520,0
DA:1524,0
DA:1527,0
DA:1529,0
DA:1530,0
DA:1531,0
DA:1534,0
DA:1535,0
DA:1536,0
DA:1537,0
DA:1540,0
DA:1541,0
DA:1543,0
DA:1544,0
DA:1545,0
DA:1546,0
DA:1547,0
DA:1548,0
DA:1549,0
DA:1553,0
DA:1556,0
DA:1558,0
DA:1559,0
DA:1560,0
DA:1563,0
DA:1564,0
DA:1565,0
DA:1566,0
DA:1569,0
DA:1570,0
DA:1571,0
DA:1572,0
DA:1576,0
DA:1577,0
DA:1578,0
DA:1579,0
DA:1580,0
DA:1581,0
DA:1583,0
DA:1584,0
DA:1585,0
DA:1589,0
DA:1590,0
DA:1592,0
DA:1593,0
DA:1594,0
DA:1595,0
DA:1596,0
DA:1597,0
DA:1598,0
DA:1602,0
DA:1605,0
DA:1607,0
DA:1608,0
DA:1609,0
DA:1612,0
DA:1613,0
DA:1615,0
DA:1616,0
DA:1617,0
DA:1618,0
DA:1619,0
DA:1620,0
DA:1621,0
DA:1625,0
DA:1628,0
DA:1630,0
DA:1631,0
DA:1632,0
DA:1635,0
DA:1636,0
DA:1637,0
DA:1638,0
DA:1642,0
DA:1643,0
DA:1644,0
DA:1645,0
DA:1646,0
DA:1647,0
DA:1649,0
DA:1650,0
DA:1651,0
DA:1655,0
DA:1656,0
DA:1658,0
DA:1659,0
DA:1660,0
DA:1661,0
DA:1662,0
DA:1663,0
DA:1664,0
DA:1668,0
DA:1671,0
DA:1673,0
DA:1674,0
DA:1675,0
DA:1678,0
DA:1679,0
DA:1681,0
DA:1682,0
DA:1683,0
DA:1684,0
DA:1685,0
DA:1686,0
DA:1687,0
DA:1691,0
DA:1694,0
DA:1696,0
DA:1697,0
DA:1698,0
DA:1701,0
DA:1702,0
DA:1703,0
DA:1704,0
DA:1708,0
DA:1709,0
DA:1710,0
DA:1711,0
DA:1712,0
DA:1713,0
DA:1715,0
DA:1716,0
DA:1717,0
DA:1721,0
DA:1722,0
DA:1724,0
DA:1725,0
DA:1726,0
DA:1727,0
DA:1728,0
DA:1729,0
DA:1730,0
DA:1734,0
DA:1737,0
DA:1738,0
DA:1739,0
DA:1740,0
DA:1743,0
DA:1744,0
DA:1746,0
DA:1747,0
DA:1749,0
DA:1750,0
DA:1751,0
DA:1752,0
DA:1753,0
DA:1757,0
DA:1760,0
DA:1761,0
DA:1762,0
DA:1763,0
DA:1766,0
DA:1767,0
DA:1769,0
DA:1770,0
DA:1772,0
DA:1773,0
DA:1774,0
DA:1775,0
DA:1776,0
DA:1780,0
DA:1783,0
DA:1784,0
DA:1785,0
DA:1786,0
DA:1789,0
DA:1790,0
DA:1792,0
DA:1793,0
DA:1795,0
DA:1796,0
DA:1797,0
DA:1798,0
DA:1799,0
DA:1803,0
DA:1806,0
DA:1808,0
DA:1809,0
DA:1810,0
DA:1813,0
DA:1814,0
DA:1815,0
DA:1816,0
DA:1820,0
DA:1821,0
DA:1822,0
DA:1823,0
DA:1824,0
DA:1825,0
DA:1827,0
DA:1828,0
DA:1829,0
DA:1833,0
DA:1834,0
DA:1836,0
DA:1837,0
DA:1839,0
DA:1840,0
DA:1841,0
DA:1842,0
DA:1843,0
DA:1847,0
DA:1850,0
DA:1852,0
DA:1853,0
DA:1854,0
DA:1857,0
DA:1858,0
DA:1859,0
DA:1860,0
DA:1864,0
DA:1865,0
DA:1866,0
DA:1867,0
DA:1868,0
DA:1869,0
DA:1871,0
DA:1872,0
DA:1873,0
DA:1877,0
DA:1878,0
DA:1880,0
DA:1881,0
DA:1883,0
DA:1884,0
DA:1885,0
DA:1886,0
DA:1887,0
DA:1891,0
DA:1894,0
DA:1896,0
DA:1897,0
DA:1898,0
DA:1901,0
DA:1902,0
DA:1903,0
DA:1904,0
DA:1908,0
DA:1909,0
DA:1910,0
DA:1911,0
DA:1912,0
DA:1913,0
DA:1915,0
DA:1916,0
DA:1917,0
DA:1921,0
DA:1922,0
DA:1924,0
DA:1925,0
DA:1927,0
DA:1928,0
DA:1929,0
DA:1930,0
DA:1931,0
DA:1935,0
DA:1939,0
DA:1941,0
DA:1942,0
DA:1943,0
DA:1946,0
DA:1947,0
DA:1948,0
DA:1949,0
DA:1953,0
DA:1954,0
DA:1955,0
DA:1956,0
DA:1957,0
DA:1958,0
DA:1960,0
DA:1961,0
DA:1962,0
DA:1966,0
DA:1967,0
DA:1969,0
DA:1970,0
DA:1972,0
DA:1973,0
DA:1974,0
DA:1975,0
DA:1976,0
DA:1980,0
DA:1983,0
DA:1985,0
DA:1986,0
DA:1987,0
DA:1990,0
DA:1991,0
DA:1992,0
DA:1993,0
DA:1997,0
DA:1998,0
DA:1999,0
DA:2000,0
DA:2001,0
DA:2002,0
DA:2004,0
DA:2005,0
DA:2006,0
DA:2010,0
DA:2011,0
DA:2013,0
DA:2014,0
DA:2016,0
DA:2017,0
DA:2018,0
DA:2019,0
DA:2020,0
DA:2024,0
DA:2027,0
DA:2029,0
DA:2030,0
DA:2031,0
DA:2034,0
DA:2035,0
DA:2036,0
DA:2037,0
DA:2041,0
DA:2042,0
DA:2043,0
DA:2044,0
DA:2045,0
DA:2046,0
DA:2048,0
DA:2049,0
DA:2050,0
DA:2054,0
DA:2055,0
DA:2057,0
DA:2058,0
DA:2060,0
DA:2061,0
DA:2062,0
DA:2063,0
DA:2064,0
DA:2068,0
DA:2071,0
DA:2073,0
DA:2074,0
DA:2075,0
DA:2078,0
DA:2079,0
DA:2080,0
DA:2081,0
DA:2084,0
DA:2085,0
DA:2086,0
DA:2087,0
DA:2088,0
DA:2089,0
DA:2091,0
DA:2092,0
DA:2093,0
DA:2097,0
DA:2098,0
DA:2099,0
DA:2100,0
DA:2103,0
DA:2104,0
DA:2105,0
DA:2106,0
DA:2107,0
DA:2108,0
DA:2110,0
DA:2111,0
DA:2112,0
DA:2116,0
DA:2117,0
DA:2119,0
DA:2120,0
DA:2122,0
DA:2123,0
DA:2124,0
DA:2125,0
DA:2126,0
DA:2130,0
DA:2133,0
DA:2135,0
DA:2136,0
DA:2137,0
DA:2140,0
DA:2141,0
DA:2142,0
DA:2143,0
DA:2146,0
DA:2147,0
DA:2148,0
DA:2149,0
DA:2150,0
DA:2151,0
DA:2153,0
DA:2154,0
DA:2155,0
DA:2159,0
DA:2160,0
DA:2161,0
DA:2162,0
DA:2165,0
DA:2166,0
DA:2167,0
DA:2168,0
DA:2169,0
DA:2170,0
DA:2172,0
DA:2173,0
DA:2174,0
DA:2178,0
DA:2179,0
DA:2181,0
DA:2182,0
DA:2184,0
DA:2185,0
DA:2186,0
DA:2187,0
DA:2188,0
DA:2192,0
DA:2195,0
DA:2197,0
DA:2198,0
DA:2199,0
DA:2202,0
DA:2203,0
DA:2204,0
DA:2205,0
DA:2208,0
DA:2209,0
DA:2210,0
DA:2211,0
DA:2212,0
DA:2213,0
DA:2215,0
DA:2216,0
DA:2217,0
DA:2221,0
DA:2222,0
DA:2223,0
DA:2224,0
DA:2227,0
DA:2228,0
DA:2229,0
DA:2230,0
DA:2231,0
DA:2232,0
DA:2234,0
DA:2235,0
DA:2236,0
DA:2240,0
DA:2241,0
DA:2243,0
DA:2244,0
DA:2246,0
DA:2247,0
DA:2248,0
DA:2249,0
DA:2250,0
DA:2254,0
LF:1381
LH:357
end_of_record
TN:
SF:/home/konrad/Documents/0Uni/programming/ETR/include/etr_bits/subtract.hpp
FN:41,_ZN7VVMINUSId5STOREIdES1_EC2ERKS1_S4_bbiiii
FN:98,_ZNK7VVMINUSId5STOREIdES1_EixEi
FN:102,_ZNK7VVMINUSId5STOREIdES1_E4sizeEv
FN:107,_ZNK7VVMINUSId5STOREIdES1_E2imEv
FN:111,_ZNK7VVMINUSId5STOREIdES1_E2ncEv
FN:115,_ZNK7VVMINUSId5STOREIdES1_E2nrEv
FN:122,_ZmiId5STOREIdES1_E3VECIT_7VVMINUSIS3_T0_T1_EERKS2_IS3_S5_ERKS2_IS3_S6_E
FN:139,_ZN7VSMINUSId5STOREIdEiEC2ERKS1_RKibii
FN:142,_ZNK7VSMINUSId5STOREIdEiEixEi
FN:146,_ZNK7VSMINUSId5STOREIdEiE4sizeEv
FN:151,_ZNK7VSMINUSId5STOREIdEiE2imEv
FN:155,_ZNK7VSMINUSId5STOREIdEiE2ncEv
FN:159,_ZNK7VSMINUSId5STOREIdEiE2nrEv
FN:166,_ZmiId5STOREIdEiE3VECIT_7VSMINUSIS3_T0_T1_EERKS2_IS3_S5_ERKS6_
FN:182,_ZN7SVMINUSId5STOREIdEiEC2ERKiRKS1_bii
FN:185,_ZNK7SVMINUSId5STOREIdEiEixEi
FN:189,_ZNK7SVMINUSId5STOREIdEiE4sizeEv
FN:194,_ZNK7SVMINUSId5STOREIdEiE2imEv
FN:198,_ZNK7SVMINUSId5STOREIdEiE2ncEv
FN:202,_ZNK7SVMINUSId5STOREIdEiE2nrEv
FN:210,_ZmiId5STOREIdEiE3VECIT_7SVMINUSIS3_T0_T1_EERKS6_RKS2_IS3_S5_E
FNDA:3,_ZNK7VVMINUSId5STOREIdES1_E2nrEv
FNDA:4,_ZNK7VSMINUSId5STOREIdEiE2imEv
FNDA:4,_ZNK7SVMINUSId5STOREIdEiEixEi
FNDA:4,_ZN7VSMINUSId5STOREIdEiEC2ERKS1_RKibii
FNDA:1,_ZN7SVMINUSId5STOREIdEiEC2ERKiRKS1_bii
FNDA:13,_ZNK7VSMINUSId5STOREIdEiEixEi
FNDA:1,_ZNK7VSMINUSId5STOREIdEiE2nrEv
FNDA:4,_ZNK7VVMINUSId5STOREIdES1_E2imEv
FNDA:4,_ZN7VVMINUSId5STOREIdES1_EC2ERKS1_S4_bbiiii
FNDA:16,_ZNK7VVMINUSId5STOREIdES1_EixEi
FNDA:1,_ZmiId5STOREIdEiE3VECIT_7SVMINUSIS3_T0_T1_EERKS6_RKS2_IS3_S5_E
FNDA:1,_ZNK7VSMINUSId5STOREIdEiE2ncEv
FNDA:3,_ZNK7VVMINUSId5STOREIdES1_E2ncEv
FNDA:1,_ZNK7SVMINUSId5STOREIdEiE2imEv
FNDA:4,_ZNK7VSMINUSId5STOREIdEiE4sizeEv
FNDA:0,_ZNK7SVMINUSId5STOREIdEiE2ncEv
FNDA:4,_ZmiId5STOREIdES1_E3VECIT_7VVMINUSIS3_T0_T1_EERKS2_IS3_S5_ERKS2_IS3_S6_E
FNDA:1,_ZNK7SVMINUSId5STOREIdEiE4sizeEv
FNDA:0,_ZNK7SVMINUSId5STOREIdEiE2nrEv
FNDA:4,_ZmiId5STOREIdEiE3VECIT_7VSMINUSIS3_T0_T1_EERKS2_IS3_S5_ERKS6_
FNDA:6,_ZNK7VVMINUSId5STOREIdES1_E4sizeEv
FNF:21
FNH:19
DA:41,4
DA:42,4
DA:44,4
DA:45,4
DA:46,4
DA:47,4
DA:48,4
DA:49,4
DA:51,4
DA:52,1
DA:53,3
DA:54,3
DA:55,1
DA:56,1
DA:57,2
DA:58,2
DA:59,2
DA:60,0
DA:61,0
DA:62,0
DA:64,0
DA:68,4
DA:70,0
DA:71,0
DA:72,0
DA:73,0
DA:75,0
DA:76,0
DA:78,4
DA:80,2
DA:81,2
DA:82,10
DA:83,8
DA:85,8
DA:86,8
DA:88,2
DA:89,2
DA:90,2
DA:91,10
DA:92,8
DA:93,8
DA:96,4
DA:98,16
DA:99,16
DA:102,6
DA:103,6
DA:104,6
DA:107,4
DA:108,4
DA:111,3
DA:112,3
DA:115,3
DA:116,3
DA:122,4
DA:123,12
DA:124,4
DA:125,8
DA:139,4
DA:140,4
DA:142,13
DA:143,13
DA:146,4
DA:147,4
DA:151,4
DA:152,4
DA:155,1
DA:156,1
DA:159,1
DA:160,1
DA:166,4
DA:167,4
DA:182,1
DA:183,1
DA:185,4
DA:186,4
DA:189,1
DA:190,1
DA:194,1
DA:195,1
DA:198,0
DA:199,0
DA:202,0
DA:203,0
DA:210,1
DA:211,1
LF:85
LH:71
end_of_record
TN:
SF:/home/konrad/Documents/0Uni/programming/ETR/include/etr_bits/trigo.hpp
FN:78,_Z5sinusd
FN:82,_Z5sinusi
FN:138,_Z6sinushd
FN:142,_Z6sinushi
FN:197,_Z6asinusd
FN:201,_Z6asinusi
FN:259,_Z7cosinusd
FN:263,_Z7cosinusi
FN:322,_Z8acosinusd
FN:326,_Z8acosinusi
FN:384,_Z8cosinushd
FN:388,_Z8cosinushi
FN:448,_Z7tangensd
FN:452,_Z7tangensi
FN:510,_Z8atangensd
FN:514,_Z8atangensi
FN:572,_Z8tangenshd
FN:576,_Z8tangenshi
FNDA:0,_Z7tangensi
FNDA:1,_Z5sinusi
FNDA:0,_Z8atangensd
FNDA:0,_Z8cosinushi
FNDA:0,_Z8acosinusi
FNDA:0,_Z6asinusd
FNDA:0,_Z8atangensi
FNDA:0,_Z6sinushi
FNDA:0,_Z7cosinusd
FNDA:0,_Z8acosinusd
FNDA:0,_Z8cosinushd
FNDA:0,_Z6sinushd
FNDA:0,_Z8tangenshi
FNDA:0,_Z6asinusi
FNDA:0,_Z8tangenshd
FNDA:0,_Z7tangensd
FNDA:0,_Z7cosinusi
FNDA:0,_Z5sinusd
FNF:18
FNH:1
DA:78,0
DA:79,0
DA:82,1
DA:83,1
DA:138,0
DA:139,0
DA:142,0
DA:143,0
DA:197,0
DA:198,0
DA:201,0
DA:202,0
DA:259,0
DA:260,0
DA:263,0
DA:264,0
DA:322,0
DA:323,0
DA:326,0
DA:327,0
DA:384,0
DA:385,0
DA:388,0
DA:389,0
DA:448,0
DA:449,0
DA:452,0
DA:453,0
DA:510,0
DA:511,0
DA:514,0
DA:515,0
DA:572,0
DA:573,0
DA:576,0
DA:577,0
LF:36
LH:2
end_of_record
TN:
SF:/home/konrad/Documents/0Uni/programming/ETR/include/etr_bits/util.hpp
FN:28,_Z3assbNSt7__cxx1112basic_stringIcSt11char_traitsIcESaIcEEE
FN:36,_Z5rangeii
FNDA:6,_Z5rangeii
FNDA:2266,_Z3assbNSt7__cxx1112basic_stringIcSt11char_traitsIcESaIcEEE
FNF:2
FNH:2
DA:28,2266
DA:29,2266
DA:30,0
DA:31,0
DA:33,2266
DA:36,6
DA:37,6
DA:38,51
DA:39,45
DA:41,6
LF:10
LH:8
end_of_record
TN:
SF:/home/konrad/Documents/0Uni/programming/ETR/include/etr_bits/vec.hpp
FN:58,_ZN3VECId5STOREIdEEC2Ed
FN:62,_ZN3VECId5STOREIdEEC2Ei
FN:62,_ZN3VECIb5STOREIbEEC2Ei
FN:62,_ZN3VECIi5STOREIiEEC2Ei
FN:63,_ZN3VECId5STOREIdEEC2Eid
FN:64,_ZN3VECId5VVlogId5STOREIdEEEC2ERKS3_
FN:64,_ZN3VECId6VSPLUSId5STOREIdEiEEC2ERKS3_
FN:64,_ZN3VECId7SVTIMESId5STOREIdEiEEC2ERKS3_
FN:64,_ZN3VECId7VSMINUSId5STOREIdEiEEC2ERKS3_
FN:64,_ZN3VECId7VSTIMESId5STOREIdEdEEC2ERKS3_
FN:64,_ZN3VECId7VVTIMESId5STOREIdES2_EEC2ERKS3_
FN:64,_ZN3VECId5VSDIVId5STOREIdEdEEC2ERKS3_
FN:64,_ZN3VECId6SVPLUSId5STOREIdEiEEC2ERKS3_
FN:64,_ZN3VECId7VVMINUSId5STOREIdES2_EEC2ERKS3_
FN:64,_ZN3VECId7VSTIMESId5STOREIdEiEEC2ERKS3_
FN:64,_ZN3VECId6VVPLUSId5STOREIdES2_EEC2ERKS3_
FN:64,_ZN3VECId5VVEXPId5STOREIdEiEEC2ERKS3_
FN:64,_ZN3VECId5VSDIVId5STOREIdEiEEC2ERKS3_
FN:64,_ZN3VECId7SVMINUSId5STOREIdEiEEC2ERKS3_
FN:64,_ZN3VECId5VVDIVId5STOREIdES2_EEC2ERKS3_
FN:64,_ZN3VECId5SVDIVId5STOREIdEdEEC2ERKS3_
FN:68,_ZN3VECId5STOREIdEEC2Ev
FN:69,_ZN3VECId5STOREIdEEC2ESt6vectorIdSaIdEE
FN:72,_ZN3VECId5STOREIdEEC2Eii
FN:73,_ZN3VECId5STOREIdEEC2Eiid
FN:78,_ZN3VECId5STOREIdEEC2Id7SVMINUSIdS1_iEEERKS_IT_T0_E
FN:78,_ZN3VECId5STOREIdEEC2Id7VSMINUSIdS1_iEEERKS_IT_T0_E
FN:78,_ZN3VECId5STOREIdEEC2Id6SVPLUSIdS1_iEEERKS_IT_T0_E
FN:78,_ZN3VECId5STOREIdEEC2Id7VSTIMESIdS1_dEEERKS_IT_T0_E
FN:78,_ZN3VECId5STOREIdEEC2Id6VSPLUSIdS1_iEEERKS_IT_T0_E
FN:78,_ZN3VECId5STOREIdEEC2Id7SVTIMESIdS1_iEEERKS_IT_T0_E
FN:78,_ZN3VECId5STOREIdEEC2Id5SVDIVIdS1_dEEERKS_IT_T0_E
FN:78,_ZN3VECId5STOREIdEEC2Id5VSDIVIdS1_dEEERKS_IT_T0_E
FN:97,_ZN3VECIb5STOREIbEEC2ERKS2_
FN:115,_ZN3VECId5STOREIdEEaSERKd
FN:131,_ZN3VECId5STOREIdEEaSERKS2_
FN:171,_ZN3VECId5STOREIdEEaSId7VSTIMESIdS1_iEEERS2_RKS_IT_T0_E
FN:171,_ZN3VECId5STOREIdEEaSId6VVPLUSIdS1_S1_EEERS2_RKS_IT_T0_E
FN:171,_ZN3VECId5STOREIdEEaSId5VVEXPIdS1_iEEERS2_RKS_IT_T0_E
FN:171,_ZN3VECId5STOREIdEEaSId7VVTIMESIdS1_S1_EEERS2_RKS_IT_T0_E
FN:171,_ZN3VECId5STOREIdEEaSId5VVlogIdS1_EEERS2_RKS_IT_T0_E
FN:171,_ZN3VECId5STOREIdEEaSId6VSPLUSIdS1_iEEERS2_RKS_IT_T0_E
FN:171,_ZN3VECId5STOREIdEEaSId7VSMINUSIdS1_iEEERS2_RKS_IT_T0_E
FN:171,_ZN3VECId5STOREIdEEaSId5VVDIVIdS1_S1_EEERS2_RKS_IT_T0_E
FN:171,_ZN3VECId5STOREIdEEaSId5VSDIVIdS1_iEEERS2_RKS_IT_T0_E
FN:171,_ZN3VECId5STOREIdEEaSId7VVMINUSIdS1_S1_EEERS2_RKS_IT_T0_E
FN:201,_ZNK3VECIb5STOREIbEE4sizeEv
FN:201,_ZNK3VECId5VSDIVId5STOREIdEiEE4sizeEv
FN:201,_ZNK3VECId7VVTIMESId5STOREIdES2_EE4sizeEv
FN:201,_ZNK3VECIi5STOREIiEE4sizeEv
FN:201,_ZNK3VECId5VSDIVId5STOREIdEdEE4sizeEv
FN:201,_ZNK3VECId7VSMINUSId5STOREIdEiEE4sizeEv
FN:201,_ZNK3VECId7VSTIMESId5STOREIdEdEE4sizeEv
FN:201,_ZNK3VECId6VVPLUSId5STOREIdES2_EE4sizeEv
FN:201,_ZNK3VECId5VVEXPId5STOREIdEiEE4sizeEv
FN:201,_ZNK3VECId7VVMINUSId5STOREIdES2_EE4sizeEv
FN:201,_ZNK3VECId6SVPLUSId5STOREIdEiEE4sizeEv
FN:201,_ZNK3VECId5VVDIVId5STOREIdES2_EE4sizeEv
FN:201,_ZNK3VECId7SVTIMESId5STOREIdEiEE4sizeEv
FN:201,_ZNK3VECId7SVMINUSId5STOREIdEiEE4sizeEv
FN:201,_ZNK3VECId5STOREIdEE4sizeEv
FN:201,_ZNK3VECId6VSPLUSId5STOREIdEiEE4sizeEv
FN:201,_ZNK3VECId7VSTIMESId5STOREIdEiEE4sizeEv
FN:201,_ZNK3VECId5SVDIVId5STOREIdEdEE4sizeEv
FN:201,_ZNK3VECId5VVlogId5STOREIdEEE4sizeEv
FN:205,_ZNK3VECId5SVDIVId5STOREIdEdEEixEi
FN:205,_ZNK3VECId7SVMINUSId5STOREIdEiEEixEi
FN:205,_ZNK3VECId5VVDIVId5STOREIdES2_EEixEi
FN:205,_ZNK3VECId7VSTIMESId5STOREIdEiEEixEi
FN:205,_ZNK3VECId7VSTIMESId5STOREIdEdEEixEi
FN:205,_ZNK3VECId7VSMINUSId5STOREIdEiEEixEi
FN:205,_ZNK3VECId6VSPLUSId5STOREIdEiEEixEi
FN:205,_ZNK3VECId7VVMINUSId5STOREIdES2_EEixEi
FN:205,_ZNK3VECId5VSDIVId5STOREIdEdEEixEi
FN:205,_ZNK3VECId5VVlogId5STOREIdEEEixEi
FN:205,_ZNK3VECIb5STOREIbEEixEi
FN:205,_ZNK3VECId5VSDIVId5STOREIdEiEEixEi
FN:205,_ZNK3VECId5STOREIdEEixEi
FN:205,_ZNK3VECId7SVTIMESId5STOREIdEiEEixEi
FN:205,_ZNK3VECId5VVEXPId5STOREIdEiEEixEi
FN:205,_ZNK3VECId6SVPLUSId5STOREIdEiEEixEi
FN:205,_ZNK3VECId7VVTIMESId5STOREIdES2_EEixEi
FN:205,_ZNK3VECId6VVPLUSId5STOREIdES2_EEixEi
FN:209,_ZN3VECIi5STOREIiEEixEi
FN:209,_ZN3VECId5STOREIdEEixEi
FN:209,_ZN3VECIb5STOREIbEEixEi
FN:213,_ZNK3VECId5STOREIdEE4dataEv
FN:236,_ZNK3VECId5STOREIdEE4ncolEv
FN:240,_ZNK3VECId5STOREIdEE4nrowEv
FN:245,_ZNK3VECId5STOREIdEE2imEv
FN:249,_ZNK3VECId5STOREIdEE2ncEv
FN:253,_ZNK3VECId5STOREIdEE2nrEv
FN:257,_ZNK3VECId5STOREIdEE5beginEv
FN:261,_ZNK3VECId5STOREIdEE3endEv
FN:270,_ZN3VECId5STOREIdEE3rsiEi
FN:278,_Z3d2id
FNDA:35,_ZNK3VECId5STOREIdEE4ncolEv
FNDA:6,_ZNK3VECId7VVTIMESId5STOREIdES2_EE4sizeEv
FNDA:3,_ZN3VECId5STOREIdEEaSId7VSTIMESIdS1_iEEERS2_RKS_IT_T0_E
FNDA:1,_ZN3VECId7SVTIMESId5STOREIdEiEEC2ERKS3_
FNDA:469,_ZN3VECId5STOREIdEEC2Ei
FNDA:4,_ZN3VECId6VSPLUSId5STOREIdEiEEC2ERKS3_
FNDA:1,_ZN3VECId5STOREIdEEC2Id7VSMINUSIdS1_iEEERKS_IT_T0_E
FNDA:116,_ZN3VECId5STOREIdEEaSERKd
FNDA:3,_ZNK3VECId5VSDIVId5STOREIdEiEE4sizeEv
FNDA:1,_ZN3VECId5STOREIdEEC2Id7SVMINUSIdS1_iEEERKS_IT_T0_E
FNDA:1,_ZN3VECId5VVlogId5STOREIdEEEC2ERKS3_
FNDA:4,_ZNK3VECId7SVMINUSId5STOREIdEiEEixEi
FNDA:4,_ZNK3VECId5SVDIVId5STOREIdEdEEixEi
FNDA:968,_ZNK3VECIb5STOREIbEE4sizeEv
FNDA:4,_ZN3VECId7VVMINUSId5STOREIdES2_EEC2ERKS3_
FNDA:16,_ZNK3VECId7VVMINUSId5STOREIdES2_EEixEi
FNDA:1,_ZN3VECId5STOREIdEEC2Id7SVTIMESIdS1_iEEERKS_IT_T0_E
FNDA:13,_ZNK3VECId6VSPLUSId5STOREIdEiEEixEi
FNDA:13,_ZN3VECId5STOREIdEEC2Ed
FNDA:1311,_ZNK3VECId5STOREIdEE2nrEv
FNDA:13,_ZNK3VECId7VSMINUSId5STOREIdEiEEixEi
FNDA:1,_ZN3VECId5STOREIdEEaSId5VVlogIdS1_EEERS2_RKS_IT_T0_E
FNDA:102,_ZN3VECIb5STOREIbEEC2Ei
FNDA:26,_ZN3VECId5STOREIdEE3rsiEi
FNDA:6,_ZNK3VECId6VVPLUSId5STOREIdES2_EE4sizeEv
FNDA:13,_ZN3VECId5STOREIdEEC2Eiid
FNDA:1,_ZN3VECId6SVPLUSId5STOREIdEiEEC2ERKS3_
FNDA:1,_ZNK3VECId7VSTIMESId5STOREIdEdEE4sizeEv
FNDA:4,_ZN3VECId7VVTIMESId5STOREIdES2_EEC2ERKS3_
FNDA:4,_ZN3VECId5STOREIdEEaSId7VVTIMESIdS1_S1_EEERS2_RKS_IT_T0_E
FNDA:1,_ZN3VECId5VSDIVId5STOREIdEdEEC2ERKS3_
FNDA:4,_ZNK3VECId7VSMINUSId5STOREIdEiEE4sizeEv
FNDA:6,_ZN3VECId5STOREIdEEC2ESt6vectorIdSaIdEE
FNDA:2,_ZN3VECId5STOREIdEEaSId5VVEXPIdS1_iEEERS2_RKS_IT_T0_E
FNDA:1,_ZN3VECId5STOREIdEEC2Id6VSPLUSIdS1_iEEERKS_IT_T0_E
FNDA:4,_ZNK3VECId7VSTIMESId5STOREIdEdEEixEi
FNDA:1,_ZNK3VECId5VSDIVId5STOREIdEdEE4sizeEv
FNDA:352,_ZN3VECId5STOREIdEEaSERKS2_
FNDA:1,_ZN3VECId7VSTIMESId5STOREIdEdEEC2ERKS3_
FNDA:395,_ZNK3VECId5STOREIdEE2imEv
FNDA:16,_ZNK3VECId5VVDIVId5STOREIdES2_EEixEi
FNDA:9,_ZNK3VECId7VSTIMESId5STOREIdEiEEixEi
FNDA:217,_ZN3VECIi5STOREIiEEixEi
FNDA:1,_ZN3VECId5STOREIdEEC2Id7VSTIMESIdS1_dEEERKS_IT_T0_E
FNDA:162,_ZNK3VECIi5STOREIiEE4sizeEv
FNDA:1,_ZN3VECId5STOREIdEEC2Id6SVPLUSIdS1_iEEERKS_IT_T0_E
FNDA:4,_ZN3VECId7VSMINUSId5STOREIdEiEEC2ERKS3_
FNDA:4,_ZN3VECId5STOREIdEEaSId6VVPLUSIdS1_S1_EEERS2_RKS_IT_T0_E
FNDA:9,_ZNK3VECId5VSDIVId5STOREIdEiEEixEi
FNDA:2,_ZN3VECId5VVEXPId5STOREIdEiEEC2ERKS3_
FNDA:108,_ZN3VECIb5STOREIbEEC2ERKS2_
FNDA:3,_ZN3VECId5STOREIdEEaSId7VSMINUSIdS1_iEEERS2_RKS_IT_T0_E
FNDA:55,_ZNK3VECId5STOREIdEE4dataEv
FNDA:4,_ZN3VECId5STOREIdEEC2Eii
FNDA:4,_ZN3VECId6VVPLUSId5STOREIdES2_EEC2ERKS3_
FNDA:1,_ZNK3VECId7SVTIMESId5STOREIdEiEE4sizeEv
FNDA:4718,_ZN3VECId5STOREIdEEixEi
FNDA:1,_ZNK3VECId7SVMINUSId5STOREIdEiEE4sizeEv
FNDA:1,_ZN3VECId5STOREIdEEC2Id5SVDIVIdS1_dEEERKS_IT_T0_E
FNDA:432,_ZNK3VECIb5STOREIbEEixEi
FNDA:6,_ZNK3VECId5VVDIVId5STOREIdES2_EE4sizeEv
FNDA:3,_ZN3VECId5STOREIdEEaSId6VSPLUSIdS1_iEEERS2_RKS_IT_T0_E
FNDA:4,_ZNK3VECId5VVlogId5STOREIdEEEixEi
FNDA:460,_Z3d2id
FNDA:1,_ZNK3VECId6SVPLUSId5STOREIdEiEE4sizeEv
FNDA:2,_ZNK3VECId5VVEXPId5STOREIdEiEE4sizeEv
FNDA:6,_ZNK3VECId7VVMINUSId5STOREIdES2_EE4sizeEv
FNDA:4,_ZNK3VECId5VSDIVId5STOREIdEdEEixEi
FNDA:3,_ZN3VECId7VSTIMESId5STOREIdEiEEC2ERKS3_
FNDA:44,_ZN3VECId5STOREIdEEC2Eid
FNDA:1386,_ZN3VECIb5STOREIbEEixEi
FNDA:1,_ZNK3VECId5VVlogId5STOREIdEEE4sizeEv
FNDA:4,_ZN3VECId5STOREIdEEaSId7VVMINUSIdS1_S1_EEERS2_RKS_IT_T0_E
FNDA:16,_ZNK3VECId6VVPLUSId5STOREIdES2_EEixEi
FNDA:1,_ZNK3VECId5SVDIVId5STOREIdEdEE4sizeEv
FNDA:3,_ZNK3VECId7VSTIMESId5STOREIdEiEE4sizeEv
FNDA:1,_ZN3VECId5SVDIVId5STOREIdEdEEC2ERKS3_
FNDA:16,_ZNK3VECId7VVTIMESId5STOREIdES2_EEixEi
FNDA:4,_ZNK3VECId6VSPLUSId5STOREIdEiEE4sizeEv
FNDA:4,_ZNK3VECId6SVPLUSId5STOREIdEiEEixEi
FNDA:8,_ZNK3VECId5VVEXPId5STOREIdEiEEixEi
FNDA:4,_ZN3VECId5VVDIVId5STOREIdES2_EEC2ERKS3_
FNDA:10,_ZNK3VECId5STOREIdEE3endEv
FNDA:3,_ZN3VECId5STOREIdEEaSId5VSDIVIdS1_iEEERS2_RKS_IT_T0_E
FNDA:5297,_ZNK3VECId5STOREIdEE4sizeEv
FNDA:4,_ZN3VECId5STOREIdEEaSId5VVDIVIdS1_S1_EEERS2_RKS_IT_T0_E
FNDA:1,_ZN3VECId7SVMINUSId5STOREIdEiEEC2ERKS3_
FNDA:250,_ZNK3VECId5STOREIdEE2ncEv
FNDA:25,_ZN3VECIi5STOREIiEEC2Ei
FNDA:136,_ZN3VECId5STOREIdEEC2Ev
FNDA:10,_ZNK3VECId5STOREIdEE5beginEv
FNDA:3,_ZN3VECId5VSDIVId5STOREIdEiEEC2ERKS3_
FNDA:35,_ZNK3VECId5STOREIdEE4nrowEv
FNDA:4,_ZNK3VECId7SVTIMESId5STOREIdEiEEixEi
FNDA:1,_ZN3VECId5STOREIdEEC2Id5VSDIVIdS1_dEEERKS_IT_T0_E
FNDA:1828,_ZNK3VECId5STOREIdEEixEi
FNF:96
FNH:96
DA:58,13
DA:62,596
DA:63,44
DA:64,39
DA:68,136
DA:69,6
DA:72,4
DA:73,13
DA:78,8
DA:80,8
DA:81,8
DA:82,40
DA:83,32
DA:86,8
DA:87,0
DA:88,0
DA:89,0
DA:92,8
DA:94,8
DA:97,108
DA:98,108
DA:99,108
DA:100,108
DA:101,540
DA:102,432
DA:105,108
DA:115,116
DA:117,116
DA:118,106
DA:119,106
DA:120,106
DA:122,174
DA:123,164
DA:127,116
DA:128,116
DA:131,352
DA:144,352
DA:145,336
DA:147,299
DA:150,336
DA:151,2035
DA:152,1699
DA:154,336
DA:155,24
DA:156,24
DA:157,24
DA:160,145
DA:161,129
DA:165,352
DA:167,352
DA:171,31
DA:173,31
DA:174,31
DA:175,8
DA:178,31
DA:180,143
DA:181,112
DA:183,31
DA:184,16
DA:185,16
DA:186,16
DA:189,0
DA:190,0
DA:194,31
DA:196,31
DA:201,6474
DA:202,6474
DA:205,2404
DA:206,2404
DA:209,6321
DA:210,6321
DA:213,55
DA:214,55
DA:236,35
DA:237,35
DA:240,35
DA:241,35
DA:245,395
DA:246,395
DA:249,250
DA:250,250
DA:253,1311
DA:254,1311
DA:257,10
DA:258,10
DA:261,10
DA:262,10
DA:270,26
DA:271,26
DA:272,26
DA:278,460
DA:279,460
LF:92
LH:87
end_of_record
TN:
SF:/home/konrad/Documents/0Uni/programming/ETR/tests/alltests.cpp
FN:7,_Z3deqdd
FN:12,_Z2eq3VECId5STOREIdEES2_
FN:31,_Z2eq3VECId5STOREIdEEd
FN:48,_Z3eqb3VECIb5STOREIbEES2_
FN:64,_ZL29____C_A_T_C_H____T_E_S_T____0v
FN:98,_ZL29____C_A_T_C_H____T_E_S_T____2v
FN:132,_ZL29____C_A_T_C_H____T_E_S_T____4v
FN:165,_ZL29____C_A_T_C_H____T_E_S_T____6v
FN:212,_ZL29____C_A_T_C_H____T_E_S_T____8v
FN:244,_ZL30____C_A_T_C_H____T_E_S_T____10v
FN:266,_ZL30____C_A_T_C_H____T_E_S_T____12v
FN:317,_ZL30____C_A_T_C_H____T_E_S_T____14v
FN:368,_ZL30____C_A_T_C_H____T_E_S_T____16v
FN:419,_ZL30____C_A_T_C_H____T_E_S_T____18v
FN:470,_ZL30____C_A_T_C_H____T_E_S_T____20v
FN:522,_ZL30____C_A_T_C_H____T_E_S_T____22v
FN:574,_ZL30____C_A_T_C_H____T_E_S_T____24v
FN:613,_ZL30____C_A_T_C_H____T_E_S_T____26v
FN:641,_ZL30____C_A_T_C_H____T_E_S_T____28v
FN:662,_ZL30____C_A_T_C_H____T_E_S_T____30v
FN:692,_ZL30____C_A_T_C_H____T_E_S_T____32v
FN:792,_ZL30____C_A_T_C_H____T_E_S_T____34v
FN:838,_ZL30____C_A_T_C_H____T_E_S_T____36v
FNDA:1,_ZL30____C_A_T_C_H____T_E_S_T____30v
FNDA:1,_ZL30____C_A_T_C_H____T_E_S_T____12v
FNDA:87,_Z2eq3VECId5STOREIdEES2_
FNDA:1,_ZL30____C_A_T_C_H____T_E_S_T____26v
FNDA:1,_ZL30____C_A_T_C_H____T_E_S_T____32v
FNDA:1,_ZL30____C_A_T_C_H____T_E_S_T____24v
FNDA:1,_ZL30____C_A_T_C_H____T_E_S_T____14v
FNDA:1,_ZL30____C_A_T_C_H____T_E_S_T____16v
FNDA:1,_ZL29____C_A_T_C_H____T_E_S_T____4v
FNDA:1,_ZL30____C_A_T_C_H____T_E_S_T____10v
FNDA:1,_ZL30____C_A_T_C_H____T_E_S_T____18v
FNDA:1,_ZL30____C_A_T_C_H____T_E_S_T____22v
FNDA:1,_ZL29____C_A_T_C_H____T_E_S_T____0v
FNDA:1,_ZL29____C_A_T_C_H____T_E_S_T____2v
FNDA:1,_ZL30____C_A_T_C_H____T_E_S_T____20v
FNDA:1,_ZL29____C_A_T_C_H____T_E_S_T____8v
FNDA:1,_ZL30____C_A_T_C_H____T_E_S_T____34v
FNDA:6,_Z2eq3VECId5STOREIdEEd
FNDA:1,_ZL30____C_A_T_C_H____T_E_S_T____36v
FNDA:1,_ZL30____C_A_T_C_H____T_E_S_T____28v
FNDA:78,_Z3eqb3VECIb5STOREIbEES2_
FNDA:1,_ZL29____C_A_T_C_H____T_E_S_T____6v
FNDA:488,_Z3deqdd
FNF:23
FNH:23
DA:7,488
DA:8,488
DA:12,87
DA:14,87
DA:16,87
DA:18,569
DA:19,482
DA:20,0
DA:21,0
DA:25,87
DA:31,6
DA:33,6
DA:35,12
DA:36,6
DA:37,0
DA:38,0
DA:42,6
DA:48,78
DA:50,78
DA:52,78
DA:54,390
DA:55,312
DA:56,0
DA:57,0
DA:61,78
DA:64,1
DA:66,2
DA:67,1
DA:68,1
DA:69,1
DA:71,1
DA:72,1
DA:74,1
DA:75,1
DA:76,1
DA:78,1
DA:79,1
DA:81,1
DA:82,1
DA:85,1
DA:86,1
DA:87,1
DA:89,1
DA:90,1
DA:92,1
DA:93,1
DA:94,1
DA:98,1
DA:100,2
DA:101,1
DA:102,1
DA:103,1
DA:105,1
DA:106,1
DA:108,1
DA:109,1
DA:110,1
DA:111,1
DA:112,1
DA:114,1
DA:115,1
DA:117,1
DA:118,1
DA:119,1
DA:121,1
DA:122,1
DA:124,1
DA:125,1
DA:127,1
DA:132,1
DA:134,2
DA:135,1
DA:136,1
DA:137,1
DA:139,1
DA:140,1
DA:142,1
DA:143,1
DA:144,1
DA:145,1
DA:146,1
DA:148,1
DA:149,1
DA:151,1
DA:152,1
DA:153,1
DA:155,1
DA:156,1
DA:158,1
DA:159,1
DA:161,1
DA:165,1
DA:167,2
DA:168,1
DA:169,1
DA:170,1
DA:172,1
DA:173,1
DA:175,1
DA:176,1
DA:177,1
DA:178,1
DA:179,1
DA:183,1
DA:184,5
DA:185,4
DA:189,1
DA:190,1
DA:191,5
DA:192,4
DA:196,1
DA:197,5
DA:198,4
DA:201,1
DA:202,5
DA:203,4
DA:207,1
DA:212,1
DA:214,1
DA:215,1
DA:216,1
DA:217,1
DA:219,2
DA:220,1
DA:221,1
DA:223,2
DA:224,1
DA:225,1
DA:227,1
DA:229,1
DA:230,1
DA:232,2
DA:233,2
DA:235,1
DA:236,1
DA:238,1
DA:239,1
DA:241,1
DA:244,1
DA:246,2
DA:247,1
DA:249,2
DA:250,1
DA:252,2
DA:253,1
DA:255,2
DA:256,1
DA:258,2
DA:259,1
DA:261,2
DA:262,1
DA:263,1
DA:266,1
DA:267,2
DA:268,2
DA:270,2
DA:271,1
DA:272,1
DA:273,1
DA:274,1
DA:276,2
DA:277,1
DA:278,1
DA:279,1
DA:280,1
DA:281,1
DA:283,1
DA:284,1
DA:285,1
DA:286,1
DA:287,2
DA:288,1
DA:289,1
DA:291,1
DA:292,1
DA:293,1
DA:294,1
DA:295,2
DA:296,1
DA:297,1
DA:299,1
DA:300,1
DA:301,1
DA:302,1
DA:303,2
DA:304,1
DA:305,1
DA:307,1
DA:308,1
DA:309,1
DA:310,1
DA:311,2
DA:312,1
DA:313,1
DA:314,1
DA:317,1
DA:318,2
DA:319,2
DA:321,2
DA:322,1
DA:323,1
DA:324,1
DA:325,1
DA:327,2
DA:328,1
DA:329,1
DA:330,1
DA:331,1
DA:332,1
DA:334,1
DA:335,1
DA:336,1
DA:337,1
DA:338,2
DA:339,1
DA:340,1
DA:342,1
DA:343,1
DA:344,1
DA:345,1
DA:346,2
DA:347,1
DA:348,1
DA:351,1
DA:352,1
DA:353,1
DA:354,1
DA:355,2
DA:356,1
DA:357,1
DA:359,1
DA:360,1
DA:361,1
DA:362,1
DA:363,2
DA:364,1
DA:365,1
DA:366,1
DA:368,1
DA:369,2
DA:370,2
DA:372,2
DA:373,1
DA:374,1
DA:375,1
DA:376,1
DA:378,2
DA:379,1
DA:380,1
DA:381,1
DA:382,1
DA:383,1
DA:385,1
DA:386,1
DA:387,1
DA:388,1
DA:389,2
DA:390,1
DA:391,1
DA:393,1
DA:394,1
DA:395,1
DA:396,1
DA:397,2
DA:398,1
DA:399,1
DA:401,1
DA:402,1
DA:403,1
DA:404,1
DA:405,2
DA:406,1
DA:407,1
DA:409,1
DA:410,1
DA:411,1
DA:412,1
DA:413,2
DA:414,1
DA:415,1
DA:416,1
DA:419,1
DA:420,2
DA:421,2
DA:423,2
DA:424,1
DA:425,1
DA:426,1
DA:427,1
DA:429,2
DA:430,1
DA:431,1
DA:432,1
DA:433,1
DA:434,1
DA:436,1
DA:437,1
DA:438,1
DA:439,1
DA:440,2
DA:441,1
DA:442,1
DA:444,1
DA:445,1
DA:446,1
DA:447,1
DA:448,2
DA:449,1
DA:450,1
DA:452,1
DA:453,1
DA:454,1
DA:455,1
DA:456,2
DA:457,1
DA:458,1
DA:460,1
DA:461,1
DA:462,1
DA:463,1
DA:464,2
DA:465,1
DA:466,1
DA:467,1
DA:470,1
DA:471,2
DA:472,2
DA:474,2
DA:475,1
DA:476,1
DA:477,1
DA:478,1
DA:480,2
DA:481,1
DA:482,1
DA:483,1
DA:484,1
DA:485,1
DA:487,1
DA:488,1
DA:489,1
DA:490,1
DA:491,2
DA:492,1
DA:493,1
DA:495,1
DA:496,1
DA:497,1
DA:498,1
DA:499,2
DA:500,1
DA:501,1
DA:503,1
DA:504,1
DA:505,1
DA:506,1
DA:507,2
DA:508,1
DA:509,1
DA:511,1
DA:512,1
DA:513,1
DA:514,1
DA:515,2
DA:516,1
DA:517,1
DA:518,1
DA:522,1
DA:523,2
DA:524,2
DA:526,2
DA:527,1
DA:528,1
DA:529,1
DA:530,1
DA:532,2
DA:533,1
DA:534,1
DA:535,1
DA:536,1
DA:537,1
DA:539,1
DA:540,1
DA:541,1
DA:542,1
DA:543,2
DA:544,1
DA:545,1
DA:547,1
DA:548,1
DA:549,1
DA:550,1
DA:551,2
DA:552,1
DA:553,1
DA:555,1
DA:556,1
DA:557,1
DA:558,1
DA:559,2
DA:560,1
DA:561,1
DA:563,1
DA:564,1
DA:565,1
DA:566,1
DA:567,2
DA:568,1
DA:569,1
DA:570,1
DA:574,1
DA:576,2
DA:577,2
DA:578,1
DA:579,1
DA:580,1
DA:581,1
DA:583,2
DA:584,2
DA:585,1
DA:586,1
DA:587,1
DA:588,1
DA:589,1
DA:591,2
DA:592,2
DA:593,1
DA:594,1
DA:595,1
DA:596,1
DA:597,1
DA:600,2
DA:601,2
DA:602,1
DA:603,1
DA:604,1
DA:605,1
DA:606,1
DA:607,1
DA:608,1
DA:610,1
DA:613,1
DA:614,2
DA:615,1
DA:616,2
DA:617,1
DA:618,1
DA:619,1
DA:620,1
DA:621,1
DA:623,2
DA:624,1
DA:625,1
DA:627,1
DA:629,1
DA:630,1
DA:631,1
DA:632,1
DA:633,1
DA:634,1
DA:635,1
DA:637,1
DA:639,1
DA:641,1
DA:643,2
DA:644,2
DA:645,1
DA:647,1
DA:648,1
DA:649,1
DA:650,1
DA:651,1
DA:652,1
DA:653,1
DA:654,1
DA:655,1
DA:656,1
DA:658,1
DA:662,1
DA:664,2
DA:665,2
DA:666,2
DA:667,1
DA:668,1
DA:669,1
DA:671,1
DA:672,1
DA:673,1
DA:674,1
DA:675,1
DA:676,1
DA:677,1
DA:678,1
DA:681,2
DA:682,1
DA:683,1
DA:684,1
DA:685,1
DA:686,1
DA:687,1
DA:688,1
DA:692,1
DA:694,2
DA:695,2
DA:696,2
DA:697,2
DA:698,1
DA:699,1
DA:700,1
DA:701,1
DA:702,1
DA:703,1
DA:704,1
DA:705,1
DA:706,1
DA:707,1
DA:708,1
DA:709,1
DA:710,1
DA:711,1
DA:712,1
DA:713,1
DA:714,1
DA:715,1
DA:717,1
DA:718,1
DA:719,1
DA:720,1
DA:722,1
DA:723,1
DA:724,1
DA:725,1
DA:726,1
DA:727,1
DA:729,1
DA:730,1
DA:732,2
DA:733,2
DA:734,1
DA:735,1
DA:737,1
DA:738,1
DA:739,1
DA:741,1
DA:742,1
DA:744,1
DA:745,1
DA:746,1
DA:747,1
DA:749,1
DA:751,1
DA:752,1
DA:754,1
DA:755,1
DA:756,1
DA:757,1
DA:759,1
DA:760,1
DA:761,1
DA:763,1
DA:764,1
DA:766,1
DA:767,1
DA:768,1
DA:769,1
DA:772,1
DA:773,1
DA:774,1
DA:775,1
DA:777,1
DA:778,1
DA:779,1
DA:781,1
DA:782,1
DA:783,1
DA:785,1
DA:786,1
DA:787,1
DA:792,1
DA:794,2
DA:796,1
DA:797,1
DA:799,1
DA:800,1
DA:801,1
DA:802,1
DA:803,1
DA:805,1
DA:806,1
DA:807,1
DA:808,1
DA:809,1
DA:810,1
DA:811,1
DA:813,2
DA:814,1
DA:815,1
DA:816,1
DA:817,1
DA:818,1
DA:819,1
DA:820,1
DA:821,1
DA:822,1
DA:825,1
DA:826,11
DA:827,10
DA:829,1
DA:830,11
DA:831,10
DA:834,1
DA:838,1
DA:840,2
DA:841,2
DA:842,2
DA:844,1
DA:845,1
DA:846,1
DA:847,1
DA:848,1
DA:849,1
DA:850,1
DA:851,1
DA:852,1
DA:853,1
DA:854,1
DA:855,1
DA:857,1
DA:858,1
DA:859,1
DA:860,1
DA:861,1
DA:862,1
DA:864,1
DA:865,1
DA:866,1
DA:867,1
DA:869,1
DA:870,1
DA:871,1
DA:872,1
DA:873,1
DA:875,1
DA:876,1
DA:877,1
DA:878,1
DA:879,1
DA:882,1
DA:883,1
DA:884,1
DA:885,1
DA:886,1
DA:887,1
DA:888,1
DA:889,1
DA:891,1
DA:892,1
DA:893,1
DA:894,1
DA:895,1
DA:896,1
DA:898,1
DA:899,1
DA:900,2
DA:901,1
DA:902,1
DA:903,1
DA:904,1
DA:905,1
DA:906,1
DA:907,1
DA:908,1
DA:909,1
DA:910,1
DA:911,1
DA:913,1
DA:914,36
DA:915,35
DA:917,1
DA:918,36
DA:919,35
DA:922,1
DA:924,1
DA:925,1
DA:926,1
DA:927,1
DA:928,1
DA:929,1
DA:930,1
DA:931,1
DA:932,1
DA:933,1
DA:934,1
DA:935,1
DA:936,1
DA:937,1
DA:938,1
DA:939,1
DA:940,1
DA:941,1
DA:945,2
DA:946,1
DA:947,1
DA:948,1
DA:949,1
DA:950,1
DA:951,1
DA:952,1
DA:953,1
DA:954,1
DA:955,1
DA:956,1
DA:957,1
DA:958,1
DA:959,1
DA:960,1
DA:961,1
DA:962,1
DA:963,1
DA:964,1
DA:966,1
DA:969,1
DA:970,36
DA:971,35
DA:973,1
DA:976,1
DA:977,1
DA:978,1
DA:979,1
DA:980,1
DA:981,1
DA:982,1
DA:983,1
DA:984,1
DA:985,1
DA:986,1
DA:987,1
DA:988,1
DA:989,1
DA:990,1
DA:991,1
DA:992,1
DA:993,1
DA:994,1
DA:995,1
DA:996,1
DA:997,1
DA:998,1
DA:999,1
DA:1002,2
DA:1003,1
DA:1004,1
DA:1005,1
DA:1006,1
DA:1007,1
DA:1008,1
DA:1009,1
DA:1010,1
DA:1011,1
DA:1012,1
DA:1013,1
DA:1014,1
DA:1015,1
DA:1016,1
DA:1017,1
DA:1018,1
DA:1019,1
DA:1020,1
DA:1023,1
DA:1024,36
DA:1025,35
DA:1027,1
DA:1030,1
DA:1031,1
DA:1032,1
DA:1034,1
DA:1035,1
DA:1036,1
DA:1037,1
DA:1038,1
DA:1039,1
DA:1040,1
DA:1041,1
DA:1042,1
DA:1043,1
DA:1046,2
DA:1047,1
DA:1048,1
DA:1049,1
DA:1050,1
DA:1051,1
DA:1052,1
DA:1053,1
DA:1054,1
DA:1055,1
DA:1056,1
DA:1057,1
DA:1058,1
DA:1059,1
DA:1060,1
DA:1062,1
DA:1063,1
DA:1064,1
DA:1065,1
DA:1066,1
DA:1067,1
DA:1068,1
DA:1069,1
DA:1070,1
DA:1071,1
DA:1072,1
DA:1073,1
DA:1074,1
DA:1077,2
DA:1078,1
DA:1079,1
DA:1080,1
DA:1082,2
DA:1083,1
DA:1084,1
DA:1085,1
DA:1086,1
DA:1087,1
DA:1088,1
DA:1089,1
DA:1090,1
DA:1091,1
DA:1092,1
DA:1093,1
DA:1095,1
LF:830
LH:824
end_of_record
