TN:
SF:/home/konrad/Documents/0Uni/programming/ETR/include/etr_bits/add.hpp
FN:41,_ZN6VVPLUSId5STOREIdES1_EC2ERKS1_S4_bbiiii
FN:98,_ZNK6VVPLUSId5STOREIdES1_EixEi
FN:102,_ZNK6VVPLUSId5STOREIdES1_E4sizeEv
FN:107,_ZNK6VVPLUSId5STOREIdES1_E2imEv
FN:111,_ZNK6VVPLUSId5STOREIdES1_E2ncEv
FN:115,_ZNK6VVPLUSId5STOREIdES1_E2nrEv
FN:123,_ZplId5STOREIdES1_E3VECIT_6VVPLUSIS3_T0_T1_EERKS2_IS3_S5_ERKS2_IS3_S6_E
FN:141,_ZN6VSPLUSId5STOREIdEiEC2ERKS1_RKibii
FN:144,_ZNK6VSPLUSId5STOREIdEiEixEi
FN:148,_ZNK6VSPLUSId5STOREIdEiE4sizeEv
FN:153,_ZNK6VSPLUSId5STOREIdEiE2imEv
FN:157,_ZNK6VSPLUSId5STOREIdEiE2ncEv
FN:161,_ZNK6VSPLUSId5STOREIdEiE2nrEv
FN:168,_ZplId5STOREIdEiE3VECIT_6VSPLUSIS3_T0_T1_EERKS2_IS3_S5_ERKS6_
FN:186,_ZN6SVPLUSId5STOREIdEiEC2ERKiRKS1_bii
FN:189,_ZNK6SVPLUSId5STOREIdEiEixEi
FN:193,_ZNK6SVPLUSId5STOREIdEiE4sizeEv
FN:198,_ZNK6SVPLUSId5STOREIdEiE2imEv
FN:202,_ZNK6SVPLUSId5STOREIdEiE2ncEv
FN:206,_ZNK6SVPLUSId5STOREIdEiE2nrEv
FN:214,_ZplId5STOREIdEiE3VECIT_6SVPLUSIS3_T0_T1_EERKS6_RKS2_IS3_S5_E
FNDA:4,_ZN6VVPLUSId5STOREIdES1_EC2ERKS1_S4_bbiiii
FNDA:1,_ZNK6VSPLUSId5STOREIdEiE2ncEv
FNDA:1,_ZplId5STOREIdEiE3VECIT_6SVPLUSIS3_T0_T1_EERKS6_RKS2_IS3_S5_E
FNDA:1,_ZNK6SVPLUSId5STOREIdEiE4sizeEv
FNDA:6,_ZNK6VVPLUSId5STOREIdES1_E4sizeEv
FNDA:4,_ZNK6VVPLUSId5STOREIdES1_E2imEv
FNDA:3,_ZNK6VVPLUSId5STOREIdES1_E2nrEv
FNDA:4,_ZNK6VSPLUSId5STOREIdEiE2imEv
FNDA:4,_ZNK6SVPLUSId5STOREIdEiEixEi
FNDA:1,_ZNK6SVPLUSId5STOREIdEiE2imEv
FNDA:4,_ZplId5STOREIdEiE3VECIT_6VSPLUSIS3_T0_T1_EERKS2_IS3_S5_ERKS6_
FNDA:0,_ZNK6SVPLUSId5STOREIdEiE2nrEv
FNDA:4,_ZplId5STOREIdES1_E3VECIT_6VVPLUSIS3_T0_T1_EERKS2_IS3_S5_ERKS2_IS3_S6_E
FNDA:4,_ZNK6VSPLUSId5STOREIdEiE4sizeEv
FNDA:13,_ZNK6VSPLUSId5STOREIdEiEixEi
FNDA:4,_ZN6VSPLUSId5STOREIdEiEC2ERKS1_RKibii
FNDA:3,_ZNK6VVPLUSId5STOREIdES1_E2ncEv
FNDA:0,_ZNK6SVPLUSId5STOREIdEiE2ncEv
FNDA:1,_ZNK6VSPLUSId5STOREIdEiE2nrEv
FNDA:16,_ZNK6VVPLUSId5STOREIdES1_EixEi
FNDA:1,_ZN6SVPLUSId5STOREIdEiEC2ERKiRKS1_bii
FNF:21
FNH:19
DA:41,4
DA:42,4
DA:44,4
DA:45,4
DA:46,4
DA:47,4
DA:48,4
DA:49,4
DA:51,4
DA:52,1
DA:53,3
DA:54,3
DA:55,1
DA:56,1
DA:57,2
DA:58,2
DA:59,2
DA:60,0
DA:61,0
DA:62,0
DA:64,0
DA:68,4
DA:70,0
DA:71,0
DA:72,0
DA:73,0
DA:75,0
DA:76,0
DA:78,4
DA:80,2
DA:81,2
DA:82,10
DA:83,8
DA:85,8
DA:86,8
DA:88,2
DA:89,2
DA:90,2
DA:91,10
DA:92,8
DA:93,8
DA:96,4
DA:98,16
DA:99,16
DA:102,6
DA:103,6
DA:104,6
DA:107,4
DA:108,4
DA:111,3
DA:112,3
DA:115,3
DA:116,3
DA:123,4
DA:124,12
DA:125,4
DA:126,8
DA:141,4
DA:142,4
DA:144,13
DA:145,13
DA:148,4
DA:149,4
DA:153,4
DA:154,4
DA:157,1
DA:158,1
DA:161,1
DA:162,1
DA:168,4
DA:169,4
DA:186,1
DA:187,1
DA:189,4
DA:190,4
DA:193,1
DA:194,1
DA:198,1
DA:199,1
DA:202,0
DA:203,0
DA:206,0
DA:207,0
DA:214,1
DA:215,1
LF:85
LH:71
end_of_record
TN:
SF:/home/konrad/Documents/0Uni/programming/ETR/include/etr_bits/allocation.hpp
FN:28,_Z6vectori
FN:33,_Z6vectordi
FN:39,_Z6vector3VECId5STOREIdEE
FN:45,_Z6matrixii
FN:54,_Z6matrixdii
FN:62,_Z6matrix3VECId5STOREIdEEii
FNDA:1,_Z6matrixii
FNDA:3,_Z6matrix3VECId5STOREIdEEii
FNDA:2,_Z6vector3VECId5STOREIdEE
FNDA:5,_Z6vectori
FNDA:42,_Z6vectordi
FNDA:13,_Z6matrixdii
FNF:6
FNH:6
DA:28,5
DA:29,5
DA:30,5
DA:33,42
DA:34,42
DA:35,42
DA:39,2
DA:40,2
DA:41,2
DA:42,2
DA:45,1
DA:46,1
DA:47,1
DA:48,1
DA:49,1
DA:50,1
DA:54,13
DA:55,13
DA:56,13
DA:57,13
DA:58,13
DA:59,13
DA:62,3
DA:63,3
DA:64,3
DA:65,3
DA:66,3
DA:67,3
DA:68,3
LF:29
LH:29
end_of_record
TN:
SF:/home/konrad/Documents/0Uni/programming/ETR/include/etr_bits/colon.hpp
FN:29,_Z5colonii
FN:37,_Z5colondd
FN:47,_Z5colonid
FN:57,_Z5colondi
FN:67,_Z5coloni3VECId5STOREIdEE
FN:77,_Z5colond3VECId5STOREIdEE
FN:87,_Z5colon3VECId5STOREIdEEi
FN:97,_Z5colon3VECId5STOREIdEEd
FN:108,_Z5colon3VECId5STOREIdEES2_
FN:119,_Z6lengthd
FN:123,_Z6lengthi
FN:127,_Z6lengthb
FN:132,_Z6lengthIdEiR3VECIT_5STOREIS1_EE
FN:137,_Z3dimIdE3VECId5STOREIdEERS0_IT_S1_IS4_EE
FN:152,_Z3dimb
FN:157,_Z3dimi
FN:162,_Z3dimd
FNDA:2,_Z6lengthIdEiR3VECIT_5STOREIS1_EE
FNDA:2,_Z6lengthi
FNDA:4,_Z3dimIdE3VECId5STOREIdEERS0_IT_S1_IS4_EE
FNDA:1,_Z6lengthb
FNDA:1,_Z5colonid
FNDA:0,_Z3dimd
FNDA:1,_Z5colon3VECId5STOREIdEEd
FNDA:1,_Z5colondd
FNDA:1,_Z5colond3VECId5STOREIdEE
FNDA:1,_Z5colon3VECId5STOREIdEES2_
FNDA:0,_Z3dimb
FNDA:1,_Z6lengthd
FNDA:9,_Z5colonii
FNDA:0,_Z3dimi
FNDA:1,_Z5coloni3VECId5STOREIdEE
FNDA:1,_Z5colon3VECId5STOREIdEEi
FNDA:1,_Z5colondi
FNF:17
FNH:14
DA:29,9
DA:30,9
DA:31,137
DA:32,128
DA:34,9
DA:37,1
DA:39,1
DA:40,1
DA:41,4
DA:42,3
DA:44,1
DA:47,1
DA:49,1
DA:50,1
DA:51,4
DA:52,3
DA:54,1
DA:57,1
DA:59,1
DA:60,1
DA:61,4
DA:62,3
DA:64,1
DA:67,1
DA:69,1
DA:70,1
DA:71,4
DA:72,3
DA:74,1
DA:77,1
DA:79,1
DA:80,1
DA:81,4
DA:82,3
DA:84,1
DA:87,1
DA:89,1
DA:90,1
DA:91,4
DA:92,3
DA:94,1
DA:97,1
DA:99,1
DA:100,1
DA:101,4
DA:102,3
DA:104,1
DA:108,1
DA:110,1
DA:111,1
DA:112,4
DA:113,3
DA:115,1
DA:119,1
DA:120,1
DA:123,2
DA:124,2
DA:127,1
DA:128,1
DA:132,2
DA:133,2
DA:137,4
DA:138,4
DA:139,0
DA:140,0
DA:143,4
DA:145,4
DA:146,4
DA:148,4
DA:152,0
DA:153,0
DA:154,0
DA:157,0
DA:158,0
DA:159,0
DA:162,0
DA:163,0
DA:164,0
LF:78
LH:67
end_of_record
TN:
SF:/home/konrad/Documents/0Uni/programming/ETR/include/etr_bits/comparison.hpp
FN:28,_Z2cddd
FN:32,_ZeqR3VECId5STOREIdEEd
FN:41,_ZeqO3VECId5STOREIdEEd
FN:50,_ZeqR3VECId5STOREIdEEi
FN:59,_ZeqO3VECId5STOREIdEEi
FN:70,_ZgeR3VECId5STOREIdEEd
FN:79,_ZgeO3VECId5STOREIdEEd
FN:88,_ZgeR3VECId5STOREIdEEi
FN:97,_ZgeO3VECId5STOREIdEEi
FN:108,_ZleR3VECId5STOREIdEEd
FN:117,_ZleO3VECId5STOREIdEEd
FN:126,_ZleR3VECId5STOREIdEEi
FN:135,_ZleO3VECId5STOREIdEEi
FN:145,_ZltR3VECId5STOREIdEEd
FN:154,_ZltO3VECId5STOREIdEEd
FN:163,_ZltR3VECId5STOREIdEEi
FN:172,_ZltO3VECId5STOREIdEEi
FN:183,_ZgtR3VECId5STOREIdEEd
FN:192,_ZgtO3VECId5STOREIdEEd
FN:201,_ZgtR3VECId5STOREIdEEi
FN:210,_ZgtO3VECId5STOREIdEEi
FN:221,_ZneR3VECId5STOREIdEEd
FN:230,_ZneO3VECId5STOREIdEEd
FN:239,_ZneR3VECId5STOREIdEEi
FN:248,_ZneO3VECId5STOREIdEEi
FN:259,_ZeqR3VECId5STOREIdEES3_
FN:301,_ZgeR3VECId5STOREIdEES3_
FN:343,_ZleR3VECId5STOREIdEES3_
FN:386,_ZgtR3VECId5STOREIdEES3_
FN:429,_ZltR3VECId5STOREIdEES3_
FN:471,_ZneR3VECId5STOREIdEES3_
FN:547,_ZeqO3VECId5STOREIdEES3_
FN:587,_ZeqR3VECId5STOREIdEEOS2_
FN:627,_ZeqO3VECId5STOREIdEERS2_
FN:670,_ZgeO3VECId5STOREIdEES3_
FN:711,_ZgeR3VECId5STOREIdEEOS2_
FN:752,_ZgeO3VECId5STOREIdEERS2_
FN:794,_ZleO3VECId5STOREIdEES3_
FN:835,_ZleR3VECId5STOREIdEEOS2_
FN:876,_ZleO3VECId5STOREIdEERS2_
FN:920,_ZgtO3VECId5STOREIdEES3_
FN:962,_ZgtR3VECId5STOREIdEEOS2_
FN:1004,_ZgtO3VECId5STOREIdEERS2_
FN:1047,_ZltO3VECId5STOREIdEES3_
FN:1088,_ZltR3VECId5STOREIdEEOS2_
FN:1128,_ZltO3VECId5STOREIdEERS2_
FN:1173,_ZneO3VECId5STOREIdEES3_
FN:1215,_ZneR3VECId5STOREIdEEOS2_
FN:1256,_ZneO3VECId5STOREIdEERS2_
FNDA:1,_ZeqO3VECId5STOREIdEES3_
FNDA:2,_ZltR3VECId5STOREIdEEd
FNDA:5,_ZgtO3VECId5STOREIdEERS2_
FNDA:0,_ZneO3VECId5STOREIdEEd
FNDA:2,_ZleR3VECId5STOREIdEEi
FNDA:1,_ZleO3VECId5STOREIdEES3_
FNDA:0,_ZneR3VECId5STOREIdEEOS2_
FNDA:5,_ZleO3VECId5STOREIdEERS2_
FNDA:1,_ZgtR3VECId5STOREIdEEOS2_
FNDA:2,_ZeqR3VECId5STOREIdEEi
FNDA:5,_ZgeO3VECId5STOREIdEERS2_
FNDA:5,_ZneO3VECId5STOREIdEERS2_
FNDA:1,_ZgeO3VECId5STOREIdEES3_
FNDA:79,_Z2cddd
FNDA:2,_ZgtR3VECId5STOREIdEEd
FNDA:2,_ZgeR3VECId5STOREIdEEi
FNDA:2,_ZneR3VECId5STOREIdEEd
FNDA:0,_ZleO3VECId5STOREIdEEi
FNDA:0,_ZltO3VECId5STOREIdEEd
FNDA:1,_ZleR3VECId5STOREIdEEOS2_
FNDA:10,_ZeqR3VECId5STOREIdEES3_
FNDA:0,_ZeqO3VECId5STOREIdEEi
FNDA:2,_ZleR3VECId5STOREIdEES3_
FNDA:1,_ZgeR3VECId5STOREIdEEOS2_
FNDA:2,_ZgeR3VECId5STOREIdEES3_
FNDA:0,_ZgeO3VECId5STOREIdEEi
FNDA:2,_ZltR3VECId5STOREIdEEOS2_
FNDA:0,_ZgtO3VECId5STOREIdEEd
FNDA:2,_ZgtR3VECId5STOREIdEES3_
FNDA:0,_ZgtO3VECId5STOREIdEEi
FNDA:5,_ZltO3VECId5STOREIdEERS2_
FNDA:0,_ZgeO3VECId5STOREIdEEd
FNDA:0,_ZltO3VECId5STOREIdEEi
FNDA:2,_ZneR3VECId5STOREIdEEi
FNDA:0,_ZleO3VECId5STOREIdEEd
FNDA:1,_ZneO3VECId5STOREIdEES3_
FNDA:1,_ZeqR3VECId5STOREIdEEOS2_
FNDA:0,_ZeqO3VECId5STOREIdEEd
FNDA:3,_ZltR3VECId5STOREIdEES3_
FNDA:1,_ZgtO3VECId5STOREIdEES3_
FNDA:5,_ZeqO3VECId5STOREIdEERS2_
FNDA:2,_ZgeR3VECId5STOREIdEEd
FNDA:2,_ZgtR3VECId5STOREIdEEi
FNDA:2,_ZleR3VECId5STOREIdEEd
FNDA:0,_ZneO3VECId5STOREIdEEi
FNDA:2,_ZltR3VECId5STOREIdEEi
FNDA:1,_ZltO3VECId5STOREIdEES3_
FNDA:2,_ZeqR3VECId5STOREIdEEd
FNDA:1,_ZneR3VECId5STOREIdEES3_
FNF:49
FNH:36
DA:28,79
DA:29,79
DA:32,2
DA:33,2
DA:34,10
DA:35,8
DA:38,2
DA:41,0
DA:42,0
DA:43,0
DA:44,0
DA:47,0
DA:50,2
DA:51,2
DA:52,10
DA:53,8
DA:56,2
DA:59,0
DA:60,0
DA:61,0
DA:62,0
DA:65,0
DA:70,2
DA:71,2
DA:72,10
DA:73,8
DA:76,2
DA:79,0
DA:80,0
DA:81,0
DA:82,0
DA:85,0
DA:88,2
DA:89,2
DA:90,10
DA:91,8
DA:94,2
DA:97,0
DA:98,0
DA:99,0
DA:100,0
DA:103,0
DA:108,2
DA:109,2
DA:110,10
DA:111,8
DA:114,2
DA:117,0
DA:118,0
DA:119,0
DA:120,0
DA:123,0
DA:126,2
DA:127,2
DA:128,10
DA:129,8
DA:132,2
DA:135,0
DA:136,0
DA:137,0
DA:138,0
DA:141,0
DA:145,2
DA:146,2
DA:147,10
DA:148,8
DA:151,2
DA:154,0
DA:155,0
DA:156,0
DA:157,0
DA:160,0
DA:163,2
DA:164,2
DA:165,10
DA:166,8
DA:169,2
DA:172,0
DA:173,0
DA:174,0
DA:175,0
DA:178,0
DA:183,2
DA:184,2
DA:185,10
DA:186,8
DA:189,2
DA:192,0
DA:193,0
DA:194,0
DA:195,0
DA:198,0
DA:201,2
DA:202,2
DA:203,10
DA:204,8
DA:207,2
DA:210,0
DA:211,0
DA:212,0
DA:213,0
DA:216,0
DA:221,2
DA:222,2
DA:223,10
DA:224,8
DA:227,2
DA:230,0
DA:231,0
DA:232,0
DA:233,0
DA:236,0
DA:239,2
DA:240,2
DA:241,10
DA:242,8
DA:245,2
DA:248,0
DA:249,0
DA:250,0
DA:251,0
DA:254,0
DA:259,10
DA:261,10
DA:262,10
DA:263,10
DA:264,10
DA:265,10
DA:267,10
DA:268,39
DA:269,30
DA:271,9
DA:274,1
DA:276,6
DA:277,5
DA:278,1
DA:280,5
DA:283,0
DA:285,0
DA:286,0
DA:287,0
DA:289,0
DA:296,1
DA:301,2
DA:303,2
DA:304,2
DA:305,2
DA:306,2
DA:307,2
DA:309,2
DA:310,10
DA:311,8
DA:313,2
DA:316,0
DA:318,0
DA:319,0
DA:320,0
DA:322,0
DA:325,0
DA:327,0
DA:328,0
DA:329,0
DA:331,0
DA:338,0
DA:343,2
DA:345,2
DA:346,2
DA:347,2
DA:348,2
DA:349,2
DA:351,2
DA:352,10
DA:353,8
DA:355,2
DA:358,0
DA:360,0
DA:361,0
DA:362,0
DA:364,0
DA:367,0
DA:369,0
DA:370,0
DA:371,0
DA:373,0
DA:380,0
DA:386,2
DA:388,2
DA:389,2
DA:390,2
DA:391,2
DA:392,2
DA:394,2
DA:395,10
DA:396,8
DA:398,2
DA:401,0
DA:403,0
DA:404,0
DA:405,0
DA:407,0
DA:410,0
DA:412,0
DA:413,0
DA:414,0
DA:416,0
DA:423,0
DA:429,3
DA:431,3
DA:432,3
DA:433,3
DA:434,3
DA:435,3
DA:437,3
DA:438,15
DA:439,12
DA:441,3
DA:444,0
DA:446,0
DA:447,0
DA:448,0
DA:450,0
DA:453,0
DA:455,0
DA:456,0
DA:457,0
DA:459,0
DA:466,0
DA:471,1
DA:473,1
DA:474,1
DA:475,1
DA:476,1
DA:477,1
DA:479,1
DA:480,5
DA:481,4
DA:483,1
DA:486,0
DA:488,0
DA:489,0
DA:490,0
DA:492,0
DA:495,0
DA:497,0
DA:498,0
DA:499,0
DA:501,0
DA:508,0
DA:547,1
DA:549,1
DA:550,1
DA:551,1
DA:552,1
DA:553,1
DA:555,1
DA:556,5
DA:557,4
DA:559,1
DA:562,0
DA:564,0
DA:565,0
DA:566,0
DA:568,0
DA:571,0
DA:573,0
DA:574,0
DA:575,0
DA:577,0
DA:584,0
DA:587,1
DA:589,1
DA:590,1
DA:591,1
DA:592,1
DA:593,1
DA:595,1
DA:596,5
DA:597,4
DA:599,1
DA:602,0
DA:604,0
DA:605,0
DA:606,0
DA:608,0
DA:611,0
DA:613,0
DA:614,0
DA:615,0
DA:617,0
DA:624,0
DA:627,5
DA:629,5
DA:630,5
DA:631,5
DA:632,5
DA:633,5
DA:635,5
DA:636,5
DA:637,4
DA:639,1
DA:642,4
DA:644,0
DA:645,0
DA:646,0
DA:648,0
DA:651,4
DA:653,20
DA:654,16
DA:655,8
DA:657,16
DA:664,4
DA:670,1
DA:672,1
DA:673,1
DA:674,1
DA:675,1
DA:676,1
DA:678,1
DA:679,5
DA:680,4
DA:682,1
DA:685,0
DA:687,0
DA:688,0
DA:689,0
DA:691,0
DA:694,0
DA:696,0
DA:697,0
DA:698,0
DA:700,0
DA:707,0
DA:711,1
DA:713,1
DA:714,1
DA:715,1
DA:716,1
DA:717,1
DA:719,1
DA:720,5
DA:721,4
DA:723,1
DA:726,0
DA:728,0
DA:729,0
DA:730,0
DA:732,0
DA:735,0
DA:737,0
DA:738,0
DA:739,0
DA:741,0
DA:748,0
DA:752,5
DA:754,5
DA:755,5
DA:756,5
DA:757,5
DA:758,5
DA:760,5
DA:761,5
DA:762,4
DA:764,1
DA:767,4
DA:769,0
DA:770,0
DA:771,0
DA:773,0
DA:776,4
DA:778,20
DA:779,16
DA:780,8
DA:782,16
DA:789,4
DA:794,1
DA:796,1
DA:797,1
DA:798,1
DA:799,1
DA:800,1
DA:802,1
DA:803,5
DA:804,4
DA:806,1
DA:809,0
DA:811,0
DA:812,0
DA:813,0
DA:815,0
DA:818,0
DA:820,0
DA:821,0
DA:822,0
DA:824,0
DA:831,0
DA:835,1
DA:837,1
DA:838,1
DA:839,1
DA:840,1
DA:841,1
DA:843,1
DA:844,5
DA:845,4
DA:847,1
DA:850,0
DA:852,0
DA:853,0
DA:854,0
DA:856,0
DA:859,0
DA:861,0
DA:862,0
DA:863,0
DA:865,0
DA:872,0
DA:876,5
DA:878,5
DA:879,5
DA:880,5
DA:881,5
DA:882,5
DA:884,5
DA:885,5
DA:886,4
DA:888,1
DA:891,4
DA:893,0
DA:894,0
DA:895,0
DA:897,0
DA:900,4
DA:902,20
DA:903,16
DA:904,8
DA:906,16
DA:913,4
DA:920,1
DA:922,1
DA:923,1
DA:924,1
DA:925,1
DA:926,1
DA:928,1
DA:929,5
DA:930,4
DA:932,1
DA:935,0
DA:937,0
DA:938,0
DA:939,0
DA:941,0
DA:944,0
DA:946,0
DA:947,0
DA:948,0
DA:950,0
DA:957,0
DA:962,1
DA:964,1
DA:965,1
DA:966,1
DA:967,1
DA:968,1
DA:970,1
DA:971,5
DA:972,4
DA:974,1
DA:977,0
DA:979,0
DA:980,0
DA:981,0
DA:983,0
DA:986,0
DA:988,0
DA:989,0
DA:990,0
DA:992,0
DA:999,0
DA:1004,5
DA:1006,5
DA:1007,5
DA:1008,5
DA:1009,5
DA:1010,5
DA:1012,5
DA:1013,5
DA:1014,4
DA:1016,1
DA:1019,4
DA:1021,0
DA:1022,0
DA:1023,0
DA:1025,0
DA:1028,4
DA:1030,20
DA:1031,16
DA:1032,8
DA:1034,16
DA:1041,4
DA:1047,1
DA:1049,1
DA:1050,1
DA:1051,1
DA:1052,1
DA:1053,1
DA:1055,1
DA:1056,5
DA:1057,4
DA:1059,1
DA:1062,0
DA:1064,0
DA:1065,0
DA:1066,0
DA:1068,0
DA:1071,0
DA:1073,0
DA:1074,0
DA:1075,0
DA:1077,0
DA:1084,0
DA:1088,2
DA:1090,2
DA:1091,2
DA:1092,2
DA:1093,2
DA:1094,2
DA:1096,2
DA:1097,10
DA:1098,8
DA:1100,2
DA:1103,0
DA:1105,0
DA:1106,0
DA:1107,0
DA:1109,0
DA:1112,0
DA:1114,0
DA:1115,0
DA:1116,0
DA:1118,0
DA:1125,0
DA:1128,5
DA:1130,5
DA:1131,5
DA:1132,5
DA:1133,5
DA:1134,5
DA:1136,5
DA:1137,5
DA:1138,4
DA:1140,1
DA:1143,4
DA:1145,0
DA:1146,0
DA:1147,0
DA:1149,0
DA:1152,4
DA:1154,20
DA:1155,16
DA:1156,8
DA:1158,16
DA:1165,4
DA:1173,1
DA:1175,1
DA:1176,1
DA:1177,1
DA:1178,1
DA:1179,1
DA:1181,1
DA:1182,5
DA:1183,4
DA:1185,1
DA:1188,0
DA:1190,0
DA:1191,0
DA:1192,0
DA:1194,0
DA:1197,0
DA:1199,0
DA:1200,0
DA:1201,0
DA:1203,0
DA:1210,0
DA:1215,0
DA:1217,0
DA:1218,0
DA:1219,0
DA:1220,0
DA:1221,0
DA:1223,0
DA:1224,0
DA:1225,0
DA:1227,0
DA:1230,0
DA:1232,0
DA:1233,0
DA:1234,0
DA:1236,0
DA:1239,0
DA:1241,0
DA:1242,0
DA:1243,0
DA:1245,0
DA:1252,0
DA:1256,5
DA:1258,5
DA:1259,5
DA:1260,5
DA:1261,5
DA:1262,5
DA:1264,5
DA:1265,5
DA:1266,4
DA:1268,1
DA:1271,4
DA:1273,0
DA:1274,0
DA:1275,0
DA:1277,0
DA:1280,4
DA:1282,20
DA:1283,16
DA:1284,8
DA:1286,16
DA:1293,4
LF:626
LH:340
end_of_record
TN:
SF:/home/konrad/Documents/0Uni/programming/ETR/include/etr_bits/concatenate.hpp
FN:28,_Z7combineO3VECId5STOREIdEES3_
FN:43,_Z7combineR3VECId5STOREIdEES3_
FN:60,_Z7combineR3VECId5STOREIdEEd
FN:75,_Z7combinedR3VECId5STOREIdEE
FN:91,_Z4cocaIJiEE3VECId5STOREIdEEDpOT_
FN:91,_Z4cocaIJiiiiiEE3VECId5STOREIdEEDpOT_
FN:91,_Z4cocaIJR3VECId5STOREIdEEiEES3_DpOT_
FN:91,_Z4cocaIJiiiiiiiiiEE3VECId5STOREIdEEDpOT_
FN:91,_Z4cocaIJiR3VECId5STOREIdEEEES3_DpOT_
FN:91,_Z4cocaIJiiiEE3VECId5STOREIdEEDpOT_
FN:91,_Z4cocaIJiiiiiiEE3VECId5STOREIdEEDpOT_
FN:91,_Z4cocaIJiiEE3VECId5STOREIdEEDpOT_
FN:91,_Z4cocaIJiiiiEE3VECId5STOREIdEEDpOT_
FN:91,_Z4cocaIJdddEE3VECId5STOREIdEEDpOT_
FN:97,_ZZ4cocaIJiiiiEE3VECId5STOREIdEEDpOT_ENKUlRT_E_clIiEEDaS8_
FN:97,_ZZ4cocaIJiR3VECId5STOREIdEEEES3_DpOT_ENKUlRT_E_clIiEEDaS9_
FN:97,_ZZ4cocaIJiiiiiEE3VECId5STOREIdEEDpOT_ENKUlRT_E0_clIiEEDaS8_
FN:97,_ZZ4cocaIJiiiiiEE3VECId5STOREIdEEDpOT_ENKUlRT_E2_clIiEEDaS8_
FN:97,_ZZ4cocaIJiiiiiEE3VECId5STOREIdEEDpOT_ENKUlRT_E3_clIiEEDaS8_
FN:97,_ZZ4cocaIJiiiiiiEE3VECId5STOREIdEEDpOT_ENKUlRT_E1_clIiEEDaS8_
FN:97,_ZZ4cocaIJiiiiiiEE3VECId5STOREIdEEDpOT_ENKUlRT_E0_clIiEEDaS8_
FN:97,_ZZ4cocaIJiiiiiiEE3VECId5STOREIdEEDpOT_ENKUlRT_E4_clIiEEDaS8_
FN:97,_ZZ4cocaIJiiiEE3VECId5STOREIdEEDpOT_ENKUlRT_E1_clIiEEDaS8_
FN:97,_ZZ4cocaIJdddEE3VECId5STOREIdEEDpOT_ENKUlRT_E0_clIdEEDaS8_
FN:97,_ZZ4cocaIJiiiiiiiiiEE3VECId5STOREIdEEDpOT_ENKUlRT_E6_clIiEEDaS8_
FN:97,_ZZ4cocaIJiR3VECId5STOREIdEEEES3_DpOT_ENKUlRT_E0_clIS3_EEDaS9_
FN:97,_ZZ4cocaIJiiiiiEE3VECId5STOREIdEEDpOT_ENKUlRT_E_clIiEEDaS8_
FN:97,_ZZ4cocaIJiiiiiiiiiEE3VECId5STOREIdEEDpOT_ENKUlRT_E5_clIiEEDaS8_
FN:97,_ZZ4cocaIJiiiiiiiiiEE3VECId5STOREIdEEDpOT_ENKUlRT_E7_clIiEEDaS8_
FN:97,_ZZ4cocaIJiiiiEE3VECId5STOREIdEEDpOT_ENKUlRT_E2_clIiEEDaS8_
FN:97,_ZZ4cocaIJiiiiiiiiiEE3VECId5STOREIdEEDpOT_ENKUlRT_E3_clIiEEDaS8_
FN:97,_ZZ4cocaIJdddEE3VECId5STOREIdEEDpOT_ENKUlRT_E_clIdEEDaS8_
FN:97,_ZZ4cocaIJiiiiiiEE3VECId5STOREIdEEDpOT_ENKUlRT_E_clIiEEDaS8_
FN:97,_ZZ4cocaIJiEE3VECId5STOREIdEEDpOT_ENKUlRT_E_clIiEEDaS8_
FN:97,_ZZ4cocaIJR3VECId5STOREIdEEiEES3_DpOT_ENKUlRT_E_clIS3_EEDaS9_
FN:97,_ZZ4cocaIJiiiiiiiiiEE3VECId5STOREIdEEDpOT_ENKUlRT_E_clIiEEDaS8_
FN:97,_ZZ4cocaIJiiiiEE3VECId5STOREIdEEDpOT_ENKUlRT_E1_clIiEEDaS8_
FN:97,_ZZ4cocaIJiiiiiiiiiEE3VECId5STOREIdEEDpOT_ENKUlRT_E1_clIiEEDaS8_
FN:97,_ZZ4cocaIJiiEE3VECId5STOREIdEEDpOT_ENKUlRT_E0_clIiEEDaS8_
FN:97,_ZZ4cocaIJiiiEE3VECId5STOREIdEEDpOT_ENKUlRT_E0_clIiEEDaS8_
FN:97,_ZZ4cocaIJiiEE3VECId5STOREIdEEDpOT_ENKUlRT_E_clIiEEDaS8_
FN:97,_ZZ4cocaIJiiiiiiEE3VECId5STOREIdEEDpOT_ENKUlRT_E2_clIiEEDaS8_
FN:97,_ZZ4cocaIJR3VECId5STOREIdEEiEES3_DpOT_ENKUlRT_E0_clIiEEDaS9_
FN:97,_ZZ4cocaIJiiiiiEE3VECId5STOREIdEEDpOT_ENKUlRT_E1_clIiEEDaS8_
FN:97,_ZZ4cocaIJiiiiEE3VECId5STOREIdEEDpOT_ENKUlRT_E0_clIiEEDaS8_
FN:97,_ZZ4cocaIJiiiiiiiiiEE3VECId5STOREIdEEDpOT_ENKUlRT_E4_clIiEEDaS8_
FN:97,_ZZ4cocaIJiiiiiiiiiEE3VECId5STOREIdEEDpOT_ENKUlRT_E0_clIiEEDaS8_
FN:97,_ZZ4cocaIJiiiiiiEE3VECId5STOREIdEEDpOT_ENKUlRT_E3_clIiEEDaS8_
FN:97,_ZZ4cocaIJdddEE3VECId5STOREIdEEDpOT_ENKUlRT_E1_clIdEEDaS8_
FN:97,_ZZ4cocaIJiiiiiiiiiEE3VECId5STOREIdEEDpOT_ENKUlRT_E2_clIiEEDaS8_
FN:97,_ZZ4cocaIJiiiEE3VECId5STOREIdEEDpOT_ENKUlRT_E_clIiEEDaS8_
FN:115,_Z4cocaIJ3VECId5STOREIdEES3_EES3_DpRT_
FN:121,_ZZ4cocaIJ3VECId5STOREIdEES3_EES3_DpRT_ENKUlRT_E_clIS3_EEDaS8_
FN:121,_ZZ4cocaIJ3VECId5STOREIdEES3_EES3_DpRT_ENKUlRT_E0_clIS3_EEDaS8_
FNDA:1,_ZZ4cocaIJiR3VECId5STOREIdEEEES3_DpOT_ENKUlRT_E0_clIS3_EEDaS9_
FNDA:7,_ZZ4cocaIJiiiiiEE3VECId5STOREIdEEDpOT_ENKUlRT_E_clIiEEDaS8_
FNDA:1,_ZZ4cocaIJiiiiiiiiiEE3VECId5STOREIdEEDpOT_ENKUlRT_E5_clIiEEDaS8_
FNDA:29,_Z4cocaIJiiiEE3VECId5STOREIdEEDpOT_
FNDA:1,_ZZ4cocaIJdddEE3VECId5STOREIdEEDpOT_ENKUlRT_E0_clIdEEDaS8_
FNDA:1,_ZZ4cocaIJiiiiiiiiiEE3VECId5STOREIdEEDpOT_ENKUlRT_E6_clIiEEDaS8_
FNDA:29,_ZZ4cocaIJiiiEE3VECId5STOREIdEEDpOT_ENKUlRT_E1_clIiEEDaS8_
FNDA:1,_ZZ4cocaIJ3VECId5STOREIdEES3_EES3_DpRT_ENKUlRT_E0_clIS3_EEDaS8_
FNDA:1,_ZZ4cocaIJiiiiiiiiiEE3VECId5STOREIdEEDpOT_ENKUlRT_E3_clIiEEDaS8_
FNDA:258,_Z7combineR3VECId5STOREIdEEd
FNDA:46,_ZZ4cocaIJiiiiEE3VECId5STOREIdEEDpOT_ENKUlRT_E2_clIiEEDaS8_
FNDA:1,_Z4cocaIJ3VECId5STOREIdEES3_EES3_DpRT_
FNDA:1,_ZZ4cocaIJiiiiiiiiiEE3VECId5STOREIdEEDpOT_ENKUlRT_E7_clIiEEDaS8_
FNDA:1,_Z4cocaIJiiiiiiiiiEE3VECId5STOREIdEEDpOT_
FNDA:7,_ZZ4cocaIJiiiiiEE3VECId5STOREIdEEDpOT_ENKUlRT_E0_clIiEEDaS8_
FNDA:7,_ZZ4cocaIJiiiiiEE3VECId5STOREIdEEDpOT_ENKUlRT_E2_clIiEEDaS8_
FNDA:2,_ZZ4cocaIJiiiiiiEE3VECId5STOREIdEEDpOT_ENKUlRT_E1_clIiEEDaS8_
FNDA:7,_ZZ4cocaIJiiiiiEE3VECId5STOREIdEEDpOT_ENKUlRT_E3_clIiEEDaS8_
FNDA:0,_Z7combinedR3VECId5STOREIdEE
FNDA:1,_Z4cocaIJR3VECId5STOREIdEEiEES3_DpOT_
FNDA:1,_ZZ4cocaIJiR3VECId5STOREIdEEEES3_DpOT_ENKUlRT_E_clIiEEDaS9_
FNDA:46,_ZZ4cocaIJiiiiEE3VECId5STOREIdEEDpOT_ENKUlRT_E_clIiEEDaS8_
FNDA:0,_Z7combineO3VECId5STOREIdEES3_
FNDA:2,_Z4cocaIJiEE3VECId5STOREIdEEDpOT_
FNDA:7,_Z4cocaIJiiiiiEE3VECId5STOREIdEEDpOT_
FNDA:2,_ZZ4cocaIJiiiiiiEE3VECId5STOREIdEEDpOT_ENKUlRT_E4_clIiEEDaS8_
FNDA:2,_ZZ4cocaIJiiiiiiEE3VECId5STOREIdEEDpOT_ENKUlRT_E0_clIiEEDaS8_
FNDA:2,_Z7combineR3VECId5STOREIdEES3_
FNDA:1,_Z4cocaIJiR3VECId5STOREIdEEEES3_DpOT_
FNDA:1,_ZZ4cocaIJ3VECId5STOREIdEES3_EES3_DpRT_ENKUlRT_E_clIS3_EEDaS8_
FNDA:46,_Z4cocaIJiiiiEE3VECId5STOREIdEEDpOT_
FNDA:29,_ZZ4cocaIJiiiEE3VECId5STOREIdEEDpOT_ENKUlRT_E_clIiEEDaS8_
FNDA:1,_Z4cocaIJdddEE3VECId5STOREIdEEDpOT_
FNDA:1,_ZZ4cocaIJiiiiiiiiiEE3VECId5STOREIdEEDpOT_ENKUlRT_E2_clIiEEDaS8_
FNDA:1,_ZZ4cocaIJdddEE3VECId5STOREIdEEDpOT_ENKUlRT_E1_clIdEEDaS8_
FNDA:2,_Z4cocaIJiiiiiiEE3VECId5STOREIdEEDpOT_
FNDA:13,_Z4cocaIJiiEE3VECId5STOREIdEEDpOT_
FNDA:1,_ZZ4cocaIJiiiiiiiiiEE3VECId5STOREIdEEDpOT_ENKUlRT_E_clIiEEDaS8_
FNDA:2,_ZZ4cocaIJiEE3VECId5STOREIdEEDpOT_ENKUlRT_E_clIiEEDaS8_
FNDA:1,_ZZ4cocaIJR3VECId5STOREIdEEiEES3_DpOT_ENKUlRT_E_clIS3_EEDaS9_
FNDA:1,_ZZ4cocaIJdddEE3VECId5STOREIdEEDpOT_ENKUlRT_E_clIdEEDaS8_
FNDA:2,_ZZ4cocaIJiiiiiiEE3VECId5STOREIdEEDpOT_ENKUlRT_E_clIiEEDaS8_
FNDA:7,_ZZ4cocaIJiiiiiEE3VECId5STOREIdEEDpOT_ENKUlRT_E1_clIiEEDaS8_
FNDA:46,_ZZ4cocaIJiiiiEE3VECId5STOREIdEEDpOT_ENKUlRT_E0_clIiEEDaS8_
FNDA:2,_ZZ4cocaIJiiiiiiEE3VECId5STOREIdEEDpOT_ENKUlRT_E3_clIiEEDaS8_
FNDA:1,_ZZ4cocaIJiiiiiiiiiEE3VECId5STOREIdEEDpOT_ENKUlRT_E0_clIiEEDaS8_
FNDA:1,_ZZ4cocaIJiiiiiiiiiEE3VECId5STOREIdEEDpOT_ENKUlRT_E4_clIiEEDaS8_
FNDA:13,_ZZ4cocaIJiiEE3VECId5STOREIdEEDpOT_ENKUlRT_E_clIiEEDaS8_
FNDA:2,_ZZ4cocaIJiiiiiiEE3VECId5STOREIdEEDpOT_ENKUlRT_E2_clIiEEDaS8_
FNDA:1,_ZZ4cocaIJR3VECId5STOREIdEEiEES3_DpOT_ENKUlRT_E0_clIiEEDaS9_
FNDA:13,_ZZ4cocaIJiiEE3VECId5STOREIdEEDpOT_ENKUlRT_E0_clIiEEDaS8_
FNDA:29,_ZZ4cocaIJiiiEE3VECId5STOREIdEEDpOT_ENKUlRT_E0_clIiEEDaS8_
FNDA:46,_ZZ4cocaIJiiiiEE3VECId5STOREIdEEDpOT_ENKUlRT_E1_clIiEEDaS8_
FNDA:1,_ZZ4cocaIJiiiiiiiiiEE3VECId5STOREIdEEDpOT_ENKUlRT_E1_clIiEEDaS8_
FNF:54
FNH:52
DA:28,0
DA:31,0
DA:32,0
DA:33,0
DA:34,0
DA:35,0
DA:36,0
DA:39,0
DA:40,0
DA:43,2
DA:46,2
DA:47,12
DA:48,10
DA:49,4
DA:50,6
DA:51,6
DA:54,2
DA:55,2
DA:60,258
DA:61,258
DA:63,1034
DA:64,776
DA:65,518
DA:66,258
DA:67,258
DA:70,258
DA:71,258
DA:75,0
DA:76,0
DA:78,0
DA:79,0
DA:80,0
DA:82,0
DA:85,0
DA:86,0
DA:91,103
DA:93,103
DA:94,103
DA:95,103
DA:97,1345
DA:99,362
DA:100,103
DA:102,259
DA:105,362
DA:106,103
DA:108,206
DA:115,1
DA:117,1
DA:118,1
DA:119,1
DA:121,7
DA:123,2
DA:124,1
DA:126,1
DA:129,2
DA:130,1
DA:132,2
LF:57
LH:40
end_of_record
TN:
SF:/home/konrad/Documents/0Uni/programming/ETR/include/etr_bits/divide.hpp
FN:41,_ZN5VVDIVId5STOREIdES1_EC2ERKS1_S4_bbiiii
FN:98,_ZNK5VVDIVId5STOREIdES1_EixEi
FN:102,_ZNK5VVDIVId5STOREIdES1_E4sizeEv
FN:107,_ZNK5VVDIVId5STOREIdES1_E2imEv
FN:111,_ZNK5VVDIVId5STOREIdES1_E2ncEv
FN:115,_ZNK5VVDIVId5STOREIdES1_E2nrEv
FN:122,_ZdvId5STOREIdES1_E3VECIT_5VVDIVIS3_T0_T1_EERKS2_IS3_S5_ERKS2_IS3_S6_E
FN:139,_ZN5VSDIVId5STOREIdEiEC2ERKS1_RKibii
FN:139,_ZN5VSDIVId5STOREIdEdEC2ERKS1_RKdbii
FN:142,_ZNK5VSDIVId5STOREIdEiEixEi
FN:142,_ZNK5VSDIVId5STOREIdEdEixEi
FN:146,_ZNK5VSDIVId5STOREIdEdE4sizeEv
FN:146,_ZNK5VSDIVId5STOREIdEiE4sizeEv
FN:151,_ZNK5VSDIVId5STOREIdEiE2imEv
FN:151,_ZNK5VSDIVId5STOREIdEdE2imEv
FN:155,_ZNK5VSDIVId5STOREIdEiE2ncEv
FN:155,_ZNK5VSDIVId5STOREIdEdE2ncEv
FN:159,_ZNK5VSDIVId5STOREIdEiE2nrEv
FN:159,_ZNK5VSDIVId5STOREIdEdE2nrEv
FN:166,_ZdvId5STOREIdEiE3VECIT_5VSDIVIS3_T0_T1_EERKS2_IS3_S5_ERKS6_
FN:166,_ZdvId5STOREIdEdE3VECIT_5VSDIVIS3_T0_T1_EERKS2_IS3_S5_ERKS6_
FN:182,_ZN5SVDIVId5STOREIdEdEC2ERKdRKS1_bii
FN:185,_ZNK5SVDIVId5STOREIdEdEixEi
FN:189,_ZNK5SVDIVId5STOREIdEdE4sizeEv
FN:194,_ZNK5SVDIVId5STOREIdEdE2imEv
FN:198,_ZNK5SVDIVId5STOREIdEdE2ncEv
FN:202,_ZNK5SVDIVId5STOREIdEdE2nrEv
FN:210,_ZdvId5STOREIdEdE3VECIT_5SVDIVIS3_T0_T1_EERKS6_RKS2_IS3_S5_E
FNDA:4,_ZdvId5STOREIdES1_E3VECIT_5VVDIVIS3_T0_T1_EERKS2_IS3_S5_ERKS2_IS3_S6_E
FNDA:3,_ZNK5VSDIVId5STOREIdEiE2imEv
FNDA:3,_ZN5VSDIVId5STOREIdEiEC2ERKS1_RKibii
FNDA:9,_ZNK5VSDIVId5STOREIdEiEixEi
FNDA:1,_ZNK5VSDIVId5STOREIdEdE2imEv
FNDA:3,_ZNK5VVDIVId5STOREIdES1_E2nrEv
FNDA:1,_ZNK5VSDIVId5STOREIdEiE2ncEv
FNDA:1,_ZN5SVDIVId5STOREIdEdEC2ERKdRKS1_bii
FNDA:16,_ZNK5VVDIVId5STOREIdES1_EixEi
FNDA:1,_ZNK5VSDIVId5STOREIdEdE4sizeEv
FNDA:6,_ZNK5VVDIVId5STOREIdES1_E4sizeEv
FNDA:4,_ZNK5VVDIVId5STOREIdES1_E2imEv
FNDA:0,_ZNK5SVDIVId5STOREIdEdE2ncEv
FNDA:1,_ZN5VSDIVId5STOREIdEdEC2ERKS1_RKdbii
FNDA:1,_ZdvId5STOREIdEdE3VECIT_5SVDIVIS3_T0_T1_EERKS6_RKS2_IS3_S5_E
FNDA:4,_ZN5VVDIVId5STOREIdES1_EC2ERKS1_S4_bbiiii
FNDA:3,_ZdvId5STOREIdEiE3VECIT_5VSDIVIS3_T0_T1_EERKS2_IS3_S5_ERKS6_
FNDA:1,_ZdvId5STOREIdEdE3VECIT_5VSDIVIS3_T0_T1_EERKS2_IS3_S5_ERKS6_
FNDA:1,_ZNK5VSDIVId5STOREIdEiE2nrEv
FNDA:1,_ZNK5SVDIVId5STOREIdEdE4sizeEv
FNDA:0,_ZNK5SVDIVId5STOREIdEdE2nrEv
FNDA:3,_ZNK5VSDIVId5STOREIdEiE4sizeEv
FNDA:1,_ZNK5SVDIVId5STOREIdEdE2imEv
FNDA:3,_ZNK5VVDIVId5STOREIdES1_E2ncEv
FNDA:4,_ZNK5VSDIVId5STOREIdEdEixEi
FNDA:4,_ZNK5SVDIVId5STOREIdEdEixEi
FNDA:0,_ZNK5VSDIVId5STOREIdEdE2ncEv
FNDA:0,_ZNK5VSDIVId5STOREIdEdE2nrEv
FNF:28
FNH:24
DA:41,4
DA:42,4
DA:44,4
DA:45,4
DA:46,4
DA:47,4
DA:48,4
DA:49,4
DA:51,4
DA:52,1
DA:53,3
DA:54,3
DA:55,1
DA:56,1
DA:57,2
DA:58,2
DA:59,2
DA:60,0
DA:61,0
DA:62,0
DA:64,0
DA:68,4
DA:70,0
DA:71,0
DA:72,0
DA:73,0
DA:75,0
DA:76,0
DA:78,4
DA:80,2
DA:81,2
DA:82,10
DA:83,8
DA:85,8
DA:86,8
DA:88,2
DA:89,2
DA:90,2
DA:91,10
DA:92,8
DA:93,8
DA:96,4
DA:98,16
DA:99,16
DA:102,6
DA:103,6
DA:104,6
DA:107,4
DA:108,4
DA:111,3
DA:112,3
DA:115,3
DA:116,3
DA:122,4
DA:123,12
DA:124,4
DA:125,8
DA:139,4
DA:140,4
DA:142,13
DA:143,13
DA:146,4
DA:147,4
DA:151,4
DA:152,4
DA:155,1
DA:156,1
DA:159,1
DA:160,1
DA:166,4
DA:167,4
DA:182,1
DA:183,1
DA:185,4
DA:186,4
DA:189,1
DA:190,1
DA:194,1
DA:195,1
DA:198,0
DA:199,0
DA:202,0
DA:203,0
DA:210,1
DA:211,1
LF:85
LH:71
end_of_record
TN:
SF:/home/konrad/Documents/0Uni/programming/ETR/include/etr_bits/exponent.hpp
FN:40,_ZN5VVEXPId5STOREIdEiEC2ERKS1_biid
FN:50,_ZNK5VVEXPId5STOREIdEiEixEi
FN:54,_ZNK5VVEXPId5STOREIdEiE4sizeEv
FN:58,_ZNK5VVEXPId5STOREIdEiE2imEv
FN:62,_ZNK5VVEXPId5STOREIdEiE2ncEv
FN:66,_ZNK5VVEXPId5STOREIdEiE2nrEv
FN:74,_ZeoId5STOREIdEiE3VECIT_5VVEXPIS3_T0_T1_EERKS2_IS3_S5_ES6_
FN:80,_Z3expId5STOREIdEiE3VECIT_5VVEXPIS3_T0_T1_EERKS2_IS3_S5_ES6_
FN:85,_Z3expdd
FN:110,_ZN5VVlogId5STOREIdEEC2ERKS1_bii
FN:120,_ZNK5VVlogId5STOREIdEEixEi
FN:124,_ZNK5VVlogId5STOREIdEE4sizeEv
FN:128,_ZNK5VVlogId5STOREIdEE2imEv
FN:132,_ZNK5VVlogId5STOREIdEE2ncEv
FN:136,_ZNK5VVlogId5STOREIdEE2nrEv
FN:144,_Z2lnId5STOREIdEE3VECIT_5VVlogIS3_T0_EERKS2_IS3_S5_E
FN:149,_Z2lnd
FN:153,_Z2lni
FNDA:1,_ZN5VVlogId5STOREIdEEC2ERKS1_bii
FNDA:4,_ZNK5VVlogId5STOREIdEEixEi
FNDA:0,_ZNK5VVEXPId5STOREIdEiE2ncEv
FNDA:2,_ZN5VVEXPId5STOREIdEiEC2ERKS1_biid
FNDA:0,_ZNK5VVlogId5STOREIdEE2ncEv
FNDA:0,_ZNK5VVlogId5STOREIdEE2nrEv
FNDA:1,_Z2lnId5STOREIdEE3VECIT_5VVlogIS3_T0_EERKS2_IS3_S5_E
FNDA:0,_Z2lnd
FNDA:0,_ZNK5VVEXPId5STOREIdEiE2nrEv
FNDA:8,_ZNK5VVEXPId5STOREIdEiEixEi
FNDA:1,_Z3expdd
FNDA:1,_ZNK5VVlogId5STOREIdEE2imEv
FNDA:1,_ZNK5VVlogId5STOREIdEE4sizeEv
FNDA:1,_Z3expId5STOREIdEiE3VECIT_5VVEXPIS3_T0_T1_EERKS2_IS3_S5_ES6_
FNDA:2,_ZNK5VVEXPId5STOREIdEiE2imEv
FNDA:2,_ZNK5VVEXPId5STOREIdEiE4sizeEv
FNDA:1,_ZeoId5STOREIdEiE3VECIT_5VVEXPIS3_T0_T1_EERKS2_IS3_S5_ES6_
FNDA:1,_Z2lni
FNF:18
FNH:13
DA:40,2
DA:42,2
DA:43,0
DA:44,0
DA:45,0
DA:48,2
DA:50,8
DA:51,8
DA:54,2
DA:55,2
DA:58,2
DA:59,2
DA:62,0
DA:63,0
DA:66,0
DA:67,0
DA:74,1
DA:75,1
DA:80,1
DA:81,1
DA:85,1
DA:86,1
DA:110,1
DA:112,1
DA:113,0
DA:114,0
DA:115,0
DA:118,1
DA:120,4
DA:121,4
DA:124,1
DA:125,1
DA:128,1
DA:129,1
DA:132,0
DA:133,0
DA:136,0
DA:137,0
DA:144,1
DA:145,1
DA:149,0
DA:150,0
DA:153,1
DA:154,1
LF:44
LH:28
end_of_record
TN:
SF:/home/konrad/Documents/0Uni/programming/ETR/include/etr_bits/mul.hpp
FN:41,_ZN7VVTIMESId5STOREIdES1_EC2ERKS1_S4_bbiiii
FN:98,_ZNK7VVTIMESId5STOREIdES1_EixEi
FN:102,_ZNK7VVTIMESId5STOREIdES1_E4sizeEv
FN:107,_ZNK7VVTIMESId5STOREIdES1_E2imEv
FN:111,_ZNK7VVTIMESId5STOREIdES1_E2ncEv
FN:115,_ZNK7VVTIMESId5STOREIdES1_E2nrEv
FN:122,_ZmlId5STOREIdES1_E3VECIT_7VVTIMESIS3_T0_T1_EERKS2_IS3_S5_ERKS2_IS3_S6_E
FN:140,_ZN7VSTIMESId5STOREIdEdEC2ERKS1_RKdbii
FN:140,_ZN7VSTIMESId5STOREIdEiEC2ERKS1_RKibii
FN:143,_ZNK7VSTIMESId5STOREIdEdEixEi
FN:143,_ZNK7VSTIMESId5STOREIdEiEixEi
FN:147,_ZNK7VSTIMESId5STOREIdEdE4sizeEv
FN:147,_ZNK7VSTIMESId5STOREIdEiE4sizeEv
FN:152,_ZNK7VSTIMESId5STOREIdEdE2imEv
FN:152,_ZNK7VSTIMESId5STOREIdEiE2imEv
FN:156,_ZNK7VSTIMESId5STOREIdEdE2ncEv
FN:156,_ZNK7VSTIMESId5STOREIdEiE2ncEv
FN:160,_ZNK7VSTIMESId5STOREIdEiE2nrEv
FN:160,_ZNK7VSTIMESId5STOREIdEdE2nrEv
FN:167,_ZmlId5STOREIdEdE3VECIT_7VSTIMESIS3_T0_T1_EERKS2_IS3_S5_ERKS6_
FN:167,_ZmlId5STOREIdEiE3VECIT_7VSTIMESIS3_T0_T1_EERKS2_IS3_S5_ERKS6_
FN:184,_ZN7SVTIMESId5STOREIdEiEC2ERKiRKS1_bii
FN:187,_ZNK7SVTIMESId5STOREIdEiEixEi
FN:191,_ZNK7SVTIMESId5STOREIdEiE4sizeEv
FN:196,_ZNK7SVTIMESId5STOREIdEiE2imEv
FN:200,_ZNK7SVTIMESId5STOREIdEiE2ncEv
FN:204,_ZNK7SVTIMESId5STOREIdEiE2nrEv
FN:212,_ZmlId5STOREIdEiE3VECIT_7SVTIMESIS3_T0_T1_EERKS6_RKS2_IS3_S5_E
FNDA:0,_ZNK7VSTIMESId5STOREIdEdE2nrEv
FNDA:3,_ZN7VSTIMESId5STOREIdEiEC2ERKS1_RKibii
FNDA:6,_ZNK7VVTIMESId5STOREIdES1_E4sizeEv
FNDA:1,_ZN7VSTIMESId5STOREIdEdEC2ERKS1_RKdbii
FNDA:1,_ZNK7VSTIMESId5STOREIdEiE2nrEv
FNDA:4,_ZNK7VVTIMESId5STOREIdES1_E2imEv
FNDA:1,_ZNK7VSTIMESId5STOREIdEdE2imEv
FNDA:3,_ZNK7VSTIMESId5STOREIdEiE2imEv
FNDA:3,_ZNK7VVTIMESId5STOREIdES1_E2ncEv
FNDA:1,_ZmlId5STOREIdEdE3VECIT_7VSTIMESIS3_T0_T1_EERKS2_IS3_S5_ERKS6_
FNDA:0,_ZNK7SVTIMESId5STOREIdEiE2ncEv
FNDA:4,_ZNK7SVTIMESId5STOREIdEiEixEi
FNDA:4,_ZNK7VSTIMESId5STOREIdEdEixEi
FNDA:0,_ZNK7VSTIMESId5STOREIdEdE2ncEv
FNDA:4,_ZN7VVTIMESId5STOREIdES1_EC2ERKS1_S4_bbiiii
FNDA:1,_ZNK7VSTIMESId5STOREIdEiE2ncEv
FNDA:3,_ZmlId5STOREIdEiE3VECIT_7VSTIMESIS3_T0_T1_EERKS2_IS3_S5_ERKS6_
FNDA:4,_ZmlId5STOREIdES1_E3VECIT_7VVTIMESIS3_T0_T1_EERKS2_IS3_S5_ERKS2_IS3_S6_E
FNDA:3,_ZNK7VVTIMESId5STOREIdES1_E2nrEv
FNDA:9,_ZNK7VSTIMESId5STOREIdEiEixEi
FNDA:16,_ZNK7VVTIMESId5STOREIdES1_EixEi
FNDA:1,_ZNK7VSTIMESId5STOREIdEdE4sizeEv
FNDA:1,_ZNK7SVTIMESId5STOREIdEiE4sizeEv
FNDA:1,_ZmlId5STOREIdEiE3VECIT_7SVTIMESIS3_T0_T1_EERKS6_RKS2_IS3_S5_E
FNDA:0,_ZNK7SVTIMESId5STOREIdEiE2nrEv
FNDA:1,_ZN7SVTIMESId5STOREIdEiEC2ERKiRKS1_bii
FNDA:1,_ZNK7SVTIMESId5STOREIdEiE2imEv
FNDA:3,_ZNK7VSTIMESId5STOREIdEiE4sizeEv
FNF:28
FNH:24
DA:41,4
DA:42,4
DA:44,4
DA:45,4
DA:46,4
DA:47,4
DA:48,4
DA:49,4
DA:51,4
DA:52,1
DA:53,3
DA:54,3
DA:55,1
DA:56,1
DA:57,2
DA:58,2
DA:59,2
DA:60,0
DA:61,0
DA:62,0
DA:64,0
DA:68,4
DA:70,0
DA:71,0
DA:72,0
DA:73,0
DA:75,0
DA:76,0
DA:78,4
DA:80,2
DA:81,2
DA:82,10
DA:83,8
DA:85,8
DA:86,8
DA:88,2
DA:89,2
DA:90,2
DA:91,10
DA:92,8
DA:93,8
DA:96,4
DA:98,16
DA:99,16
DA:102,6
DA:103,6
DA:104,6
DA:107,4
DA:108,4
DA:111,3
DA:112,3
DA:115,3
DA:116,3
DA:122,4
DA:123,12
DA:124,4
DA:125,8
DA:140,4
DA:141,4
DA:143,13
DA:144,13
DA:147,4
DA:148,4
DA:152,4
DA:153,4
DA:156,1
DA:157,1
DA:160,1
DA:161,1
DA:167,4
DA:168,4
DA:184,1
DA:185,1
DA:187,4
DA:188,4
DA:191,1
DA:192,1
DA:196,1
DA:197,1
DA:200,0
DA:201,0
DA:204,0
DA:205,0
DA:212,1
DA:213,1
LF:85
LH:71
end_of_record
TN:
SF:/home/konrad/Documents/0Uni/programming/ETR/include/etr_bits/pointer_storage.hpp
FN:34,_ZN2ItIdEdeEv
FN:36,_ZN2ItIdEneERKS0_
FN:39,_ZN2ItIdEppEv
FN:56,_ZN5STOREIdEC2ERKS0_
FN:89,_ZN5STOREIdEC2Ei
FN:89,_ZN5STOREIbEC2Ei
FN:89,_ZN5STOREIiEC2Ei
FN:103,_ZN5STOREIdEC2Eid
FN:120,_ZN5STOREIdEC2ESt6vectorIdSaIdEE
FN:191,_ZN5STOREIiED2Ev
FN:191,_ZN5STOREIbED2Ev
FN:191,_ZN5STOREIdED2Ev
FN:201,_ZNK5STOREIdE4sizeEv
FN:201,_ZNK5STOREIiE4sizeEv
FN:201,_ZNK5STOREIbE4sizeEv
FN:216,_ZN5STOREIdEaSERKS0_
FN:234,_ZNK5STOREIiEixEi
FN:234,_ZNK5STOREIbEixEi
FN:234,_ZNK5STOREIdEixEi
FN:245,_ZN5STOREIbE6resizeEi
FN:245,_ZN5STOREIdE6resizeEi
FN:256,_ZN5STOREIdE7reallocEi
FN:286,_ZN5STOREIiE4fillEi
FN:286,_ZN5STOREIdE4fillEd
FN:286,_ZN5STOREIbE4fillEb
FNDA:1508,_ZNK5STOREIbE4sizeEv
FNDA:102,_ZN5STOREIbE4fillEb
FNDA:421,_ZN5STOREIdE6resizeEi
FNDA:210,_ZN5STOREIbEC2Ei
FNDA:162,_ZNK5STOREIiE4sizeEv
FNDA:70,_ZN5STOREIdEC2Eid
FNDA:9004,_ZNK5STOREIdEixEi
FNDA:115,_ZN5STOREIdEC2ERKS0_
FNDA:0,_ZN5STOREIdE7reallocEi
FNDA:808,_ZN5STOREIdED2Ev
FNDA:25,_ZN5STOREIiEC2Ei
FNDA:0,_ZN5STOREIdEaSERKS0_
FNDA:25,_ZN5STOREIiED2Ev
FNDA:108,_ZN5STOREIbE6resizeEi
FNDA:176,_ZN2ItIdEppEv
FNDA:8153,_ZNK5STOREIdE4sizeEv
FNDA:617,_ZN5STOREIdEC2Ei
FNDA:6,_ZN5STOREIdEC2ESt6vectorIdSaIdEE
FNDA:210,_ZN5STOREIbED2Ev
FNDA:176,_ZN2ItIdEdeEv
FNDA:469,_ZN5STOREIdE4fillEd
FNDA:25,_ZN5STOREIiE4fillEi
FNDA:2250,_ZNK5STOREIbEixEi
FNDA:186,_ZN2ItIdEneERKS0_
FNDA:217,_ZNK5STOREIiEixEi
FNF:25
FNH:23
DA:34,176
DA:36,186
DA:37,186
DA:39,176
DA:56,115
DA:57,115
DA:58,0
DA:59,0
DA:60,0
DA:63,115
DA:64,115
DA:65,115
DA:66,944
DA:67,829
DA:69,115
DA:70,115
DA:71,115
DA:89,852
DA:91,852
DA:92,0
DA:93,0
DA:94,0
DA:96,852
DA:97,852
DA:98,852
DA:99,852
DA:100,852
DA:101,852
DA:103,70
DA:105,70
DA:106,0
DA:107,0
DA:108,0
DA:110,70
DA:111,70
DA:112,70
DA:113,449
DA:114,379
DA:116,70
DA:117,70
DA:118,70
DA:120,6
DA:122,6
DA:123,0
DA:124,0
DA:125,0
DA:127,6
DA:128,6
DA:129,6
DA:130,51
DA:131,45
DA:133,6
DA:134,6
DA:135,6
DA:191,1043
DA:192,1043
DA:193,1043
DA:194,1043
DA:195,1043
DA:196,1043
DA:199,1043
DA:201,9823
DA:202,9823
DA:216,0
DA:218,0
DA:219,0
DA:222,0
DA:223,0
DA:224,0
DA:227,0
DA:228,0
DA:230,0
DA:234,11471
DA:235,11471
DA:236,0
DA:237,0
DA:238,11471
DA:239,0
DA:240,0
DA:242,11471
DA:245,529
DA:246,529
DA:247,529
DA:248,529
DA:249,529
DA:251,529
DA:252,529
DA:253,529
DA:254,529
DA:256,0
DA:259,0
DA:260,0
DA:261,0
DA:264,0
DA:265,0
DA:266,0
DA:267,0
DA:268,0
DA:269,0
DA:272,0
DA:273,0
DA:274,0
DA:275,0
DA:286,596
DA:287,2699
DA:288,2103
DA:290,596
LF:107
LH:68
end_of_record
TN:
SF:/home/konrad/Documents/0Uni/programming/ETR/include/etr_bits/print.hpp
FN:29,_Z5printv
FN:33,_Z5printNSt7__cxx1112basic_stringIcSt11char_traitsIcESaIcEEE
FN:37,_Z5printPKc
FN:43,_Z5printd
FN:47,_Z5printi
FN:51,_Z5printb
FN:59,_Z5printR3VECId5STOREIdEE
FN:98,_Z5printO3VECId5STOREIdEE
FN:140,_Z5printR3VECIb5STOREIbEE
FNDA:0,_Z5printR3VECIb5STOREIbEE
FNDA:1,_Z5printPKc
FNDA:2,_Z5printv
FNDA:2,_Z5printd
FNDA:0,_Z5printNSt7__cxx1112basic_stringIcSt11char_traitsIcESaIcEEE
FNDA:1,_Z5printb
FNDA:3,_Z5printR3VECId5STOREIdEE
FNDA:1,_Z5printi
FNDA:2,_Z5printO3VECId5STOREIdEE
FNF:9
FNH:7
DA:29,2
DA:30,2
DA:31,2
DA:33,0
DA:34,0
DA:35,0
DA:37,1
DA:38,1
DA:39,1
DA:43,2
DA:44,2
DA:45,2
DA:47,1
DA:48,1
DA:49,1
DA:51,1
DA:52,1
DA:53,1
DA:59,3
DA:61,3
DA:63,2
DA:64,5
DA:65,3
DA:68,0
DA:69,0
DA:73,1
DA:75,1
DA:76,3
DA:77,8
DA:78,6
DA:80,2
DA:84,0
DA:85,0
DA:86,0
DA:87,0
DA:89,0
DA:95,3
DA:98,2
DA:100,2
DA:102,1
DA:103,3
DA:104,2
DA:107,0
DA:108,0
DA:112,1
DA:114,1
DA:115,3
DA:116,4
DA:117,2
DA:119,2
DA:123,0
DA:124,0
DA:125,0
DA:126,0
DA:128,0
DA:134,2
DA:140,0
DA:142,0
DA:143,0
DA:144,0
DA:145,0
DA:147,0
DA:148,0
DA:152,0
DA:153,0
DA:156,0
LF:66
LH:39
end_of_record
TN:
SF:/home/konrad/Documents/0Uni/programming/ETR/include/etr_bits/subset.hpp
FN:25,_Z6subsetR3VECId5STOREIdEE
FN:31,_Z6subsetR3VECId5STOREIdEEi
FN:38,_Z6subsetR3VECId5STOREIdEEd
FN:46,_Z6subsetR3VECId5STOREIdEEb
FN:56,_Z6subsetR3VECId5STOREIdEEPv
FN:63,_Z6subsetR3VECId5STOREIdEES3_
FN:74,_Z6subsetR3VECId5STOREIdEERS_IbS0_IbEE
FN:105,_Z6subsetR3VECId5STOREIdEEii
FN:122,_Z6subsetR3VECId5STOREIdEEid
FN:141,_Z6subsetR3VECId5STOREIdEEib
FN:165,_Z6subsetR3VECId5STOREIdEEiPv
FN:184,_Z6subsetR3VECId5STOREIdEEiS3_
FN:202,_Z6subsetR3VECId5STOREIdEEiRS_IbS0_IbEE
FN:240,_Z6subsetR3VECId5STOREIdEEdi
FN:260,_Z6subsetR3VECId5STOREIdEEbi
FN:284,_Z6subsetR3VECId5STOREIdEEPvi
FN:303,_Z6subsetR3VECId5STOREIdEES3_i
FN:322,_Z6subsetR3VECId5STOREIdEERS_IbS0_IbEEi
FN:360,_Z6subsetR3VECId5STOREIdEEdd
FN:379,_Z6subsetR3VECId5STOREIdEEdb
FN:405,_Z6subsetR3VECId5STOREIdEEdPv
FN:425,_Z6subsetR3VECId5STOREIdEEdS3_
FN:445,_Z6subsetR3VECId5STOREIdEEdRS_IbS0_IbEE
FN:484,_Z6subsetR3VECId5STOREIdEEbd
FN:509,_Z6subsetR3VECId5STOREIdEEPvd
FN:529,_Z6subsetR3VECId5STOREIdEES3_d
FN:549,_Z6subsetR3VECId5STOREIdEERS_IbS0_IbEEd
FN:588,_Z6subsetR3VECId5STOREIdEEbb
FN:604,_Z6subsetR3VECId5STOREIdEEbPv
FN:620,_Z6subsetR3VECId5STOREIdEEbS3_
FN:650,_Z6subsetR3VECId5STOREIdEEbRS_IbS0_IbEE
FN:700,_Z6subsetR3VECId5STOREIdEEPvb
FN:716,_Z6subsetR3VECId5STOREIdEES3_b
FN:746,_Z6subsetR3VECId5STOREIdEERS_IbS0_IbEEb
FN:796,_Z6subsetR3VECId5STOREIdEEPvS4_
FN:809,_Z6subsetR3VECId5STOREIdEEPvS3_
FN:834,_Z6subsetR3VECId5STOREIdEEPvRS_IbS0_IbEE
FN:879,_Z6subsetR3VECId5STOREIdEES3_Pv
FN:904,_Z6subsetR3VECId5STOREIdEERS_IbS0_IbEEPv
FN:949,_Z6subsetR3VECId5STOREIdEES3_S3_
FN:974,_Z6subsetR3VECId5STOREIdEES3_RS_IbS0_IbEE
FN:1020,_Z6subsetR3VECId5STOREIdEERS_IbS0_IbEES3_
FN:1066,_Z6subsetR3VECId5STOREIdEERS_IbS0_IbEES6_
FN:1136,_Z6subsetR3VECId5STOREIdEEOS2_
FN:1147,_Z6subsetR3VECId5STOREIdEEOS_IbS0_IbEE
FN:1178,_Z6subsetR3VECId5STOREIdEEiOS2_
FN:1196,_Z6subsetR3VECId5STOREIdEEiOS_IbS0_IbEE
FN:1234,_Z6subsetR3VECId5STOREIdEEOS2_i
FN:1253,_Z6subsetR3VECId5STOREIdEEOS_IbS0_IbEEi
FN:1291,_Z6subsetR3VECId5STOREIdEEdOS2_
FN:1310,_Z6subsetR3VECId5STOREIdEEdOS_IbS0_IbEE
FN:1349,_Z6subsetR3VECId5STOREIdEEOS2_d
FN:1369,_Z6subsetR3VECId5STOREIdEEOS_IbS0_IbEEd
FN:1408,_Z6subsetR3VECId5STOREIdEEbOS2_
FN:1438,_Z6subsetR3VECId5STOREIdEEbOS_IbS0_IbEE
FN:1488,_Z6subsetR3VECId5STOREIdEEOS2_b
FN:1518,_Z6subsetR3VECId5STOREIdEEOS_IbS0_IbEEb
FN:1568,_Z6subsetR3VECId5STOREIdEEPvOS2_
FN:1593,_Z6subsetR3VECId5STOREIdEEPvOS_IbS0_IbEE
FN:1638,_Z6subsetR3VECId5STOREIdEEOS2_Pv
FN:1663,_Z6subsetR3VECId5STOREIdEEOS_IbS0_IbEEPv
FN:1708,_Z6subsetR3VECId5STOREIdEEOS2_S4_
FN:1733,_Z6subsetR3VECId5STOREIdEES3_OS2_
FN:1758,_Z6subsetR3VECId5STOREIdEEOS2_S3_
FN:1783,_Z6subsetR3VECId5STOREIdEEOS2_OS_IbS0_IbEE
FN:1829,_Z6subsetR3VECId5STOREIdEES3_OS_IbS0_IbEE
FN:1875,_Z6subsetR3VECId5STOREIdEEOS2_RS_IbS0_IbEE
FN:1921,_Z6subsetR3VECId5STOREIdEEOS_IbS0_IbEEOS2_
FN:1967,_Z6subsetR3VECId5STOREIdEERS_IbS0_IbEEOS2_
FN:2013,_Z6subsetR3VECId5STOREIdEEOS_IbS0_IbEES3_
FN:2059,_Z6subsetR3VECId5STOREIdEEOS_IbS0_IbEES6_
FN:2124,_Z6subsetR3VECId5STOREIdEERS_IbS0_IbEEOS5_
FN:2189,_Z6subsetR3VECId5STOREIdEEOS_IbS0_IbEERS5_
FNDA:0,_Z6subsetR3VECId5STOREIdEEOS2_i
FNDA:1,_Z6subsetR3VECId5STOREIdEEPv
FNDA:1,_Z6subsetR3VECId5STOREIdEEPvOS_IbS0_IbEE
FNDA:0,_Z6subsetR3VECId5STOREIdEEOS_IbS0_IbEEb
FNDA:1,_Z6subsetR3VECId5STOREIdEEOS_IbS0_IbEE
FNDA:0,_Z6subsetR3VECId5STOREIdEEOS2_b
FNDA:0,_Z6subsetR3VECId5STOREIdEEiOS2_
FNDA:0,_Z6subsetR3VECId5STOREIdEEOS_IbS0_IbEERS5_
FNDA:2,_Z6subsetR3VECId5STOREIdEEdd
FNDA:0,_Z6subsetR3VECId5STOREIdEERS_IbS0_IbEEb
FNDA:1,_Z6subsetR3VECId5STOREIdEEOS2_
FNDA:2,_Z6subsetR3VECId5STOREIdEEbOS_IbS0_IbEE
FNDA:0,_Z6subsetR3VECId5STOREIdEES3_Pv
FNDA:1,_Z6subsetR3VECId5STOREIdEEiPv
FNDA:0,_Z6subsetR3VECId5STOREIdEERS_IbS0_IbEEOS5_
FNDA:3,_Z6subsetR3VECId5STOREIdEERS_IbS0_IbEEi
FNDA:2,_Z6subsetR3VECId5STOREIdEEid
FNDA:0,_Z6subsetR3VECId5STOREIdEEOS2_Pv
FNDA:1,_Z6subsetR3VECId5STOREIdEES3_S3_
FNDA:0,_Z6subsetR3VECId5STOREIdEEbRS_IbS0_IbEE
FNDA:1,_Z6subsetR3VECId5STOREIdEEPvS3_
FNDA:0,_Z6subsetR3VECId5STOREIdEERS_IbS0_IbEEOS2_
FNDA:13,_Z6subsetR3VECId5STOREIdEEi
FNDA:1,_Z6subsetR3VECId5STOREIdEEPvi
FNDA:1,_Z6subsetR3VECId5STOREIdEEOS2_S3_
FNDA:1,_Z6subsetR3VECId5STOREIdEEiS3_
FNDA:0,_Z6subsetR3VECId5STOREIdEERS_IbS0_IbEES3_
FNDA:0,_Z6subsetR3VECId5STOREIdEEdRS_IbS0_IbEE
FNDA:1,_Z6subsetR3VECId5STOREIdEEbPv
FNDA:0,_Z6subsetR3VECId5STOREIdEERS_IbS0_IbEE
FNDA:1,_Z6subsetR3VECId5STOREIdEEOS_IbS0_IbEEd
FNDA:2,_Z6subsetR3VECId5STOREIdEEd
FNDA:0,_Z6subsetR3VECId5STOREIdEES3_OS_IbS0_IbEE
FNDA:0,_Z6subsetR3VECId5STOREIdEERS_IbS0_IbEEd
FNDA:0,_Z6subsetR3VECId5STOREIdEERS_IbS0_IbEES6_
FNDA:0,_Z6subsetR3VECId5STOREIdEES3_d
FNDA:1,_Z6subsetR3VECId5STOREIdEEOS_IbS0_IbEEi
FNDA:1,_Z6subsetR3VECId5STOREIdEEdOS_IbS0_IbEE
FNDA:82,_Z6subsetR3VECId5STOREIdEEii
FNDA:1,_Z6subsetR3VECId5STOREIdEEPvb
FNDA:0,_Z6subsetR3VECId5STOREIdEEPvRS_IbS0_IbEE
FNDA:0,_Z6subsetR3VECId5STOREIdEEbOS2_
FNDA:2,_Z6subsetR3VECId5STOREIdEEb
FNDA:1,_Z6subsetR3VECId5STOREIdEEOS2_S4_
FNDA:0,_Z6subsetR3VECId5STOREIdEEOS_IbS0_IbEES3_
FNDA:1,_Z6subsetR3VECId5STOREIdEEdOS2_
FNDA:3,_Z6subsetR3VECId5STOREIdEEbb
FNDA:0,_Z6subsetR3VECId5STOREIdEEOS_IbS0_IbEEOS2_
FNDA:1,_Z6subsetR3VECId5STOREIdEEdb
FNDA:1,_Z6subsetR3VECId5STOREIdEES3_b
FNDA:1,_Z6subsetR3VECId5STOREIdEEdPv
FNDA:0,_Z6subsetR3VECId5STOREIdEEOS2_RS_IbS0_IbEE
FNDA:0,_Z6subsetR3VECId5STOREIdEEOS2_OS_IbS0_IbEE
FNDA:0,_Z6subsetR3VECId5STOREIdEEdS3_
FNDA:1,_Z6subsetR3VECId5STOREIdEEOS2_d
FNDA:0,_Z6subsetR3VECId5STOREIdEERS_IbS0_IbEEPv
FNDA:1,_Z6subsetR3VECId5STOREIdEEbd
FNDA:1,_Z6subsetR3VECId5STOREIdEES3_OS2_
FNDA:0,_Z6subsetR3VECId5STOREIdEEOS_IbS0_IbEES6_
FNDA:1,_Z6subsetR3VECId5STOREIdEE
FNDA:11,_Z6subsetR3VECId5STOREIdEEbi
FNDA:1,_Z6subsetR3VECId5STOREIdEES3_
FNDA:1,_Z6subsetR3VECId5STOREIdEEdi
FNDA:1,_Z6subsetR3VECId5STOREIdEEiOS_IbS0_IbEE
FNDA:1,_Z6subsetR3VECId5STOREIdEES3_i
FNDA:5,_Z6subsetR3VECId5STOREIdEEiRS_IbS0_IbEE
FNDA:1,_Z6subsetR3VECId5STOREIdEEPvS4_
FNDA:0,_Z6subsetR3VECId5STOREIdEEPvOS2_
FNDA:2,_Z6subsetR3VECId5STOREIdEEib
FNDA:1,_Z6subsetR3VECId5STOREIdEEPvd
FNDA:0,_Z6subsetR3VECId5STOREIdEEOS_IbS0_IbEEPv
FNDA:0,_Z6subsetR3VECId5STOREIdEES3_RS_IbS0_IbEE
FNDA:16,_Z6subsetR3VECId5STOREIdEEbS3_
FNF:73
FNH:43
DA:25,1
DA:26,1
DA:27,1
DA:28,1
DA:31,13
DA:32,13
DA:33,13
DA:34,13
DA:35,13
DA:38,2
DA:39,2
DA:40,2
DA:41,2
DA:42,2
DA:43,2
DA:46,2
DA:48,2
DA:49,2
DA:50,1
DA:52,1
DA:53,1
DA:56,1
DA:58,1
DA:59,1
DA:60,1
DA:63,1
DA:65,1
DA:67,4
DA:68,3
DA:71,1
DA:74,0
DA:76,0
DA:77,0
DA:78,0
DA:79,0
DA:83,0
DA:84,0
DA:85,0
DA:86,0
DA:87,0
DA:88,0
DA:90,0
DA:91,0
DA:92,0
DA:96,0
DA:98,0
DA:99,0
DA:102,0
DA:105,82
DA:107,82
DA:108,0
DA:109,0
DA:112,82
DA:113,82
DA:114,82
DA:115,82
DA:117,82
DA:119,82
DA:122,2
DA:124,2
DA:126,2
DA:127,0
DA:128,0
DA:131,2
DA:132,2
DA:133,2
DA:134,2
DA:136,2
DA:138,2
DA:141,2
DA:143,2
DA:144,0
DA:145,0
DA:148,2
DA:149,2
DA:150,1
DA:153,2
DA:154,1
DA:155,1
DA:157,6
DA:158,5
DA:159,5
DA:162,1
DA:165,1
DA:167,1
DA:168,0
DA:169,0
DA:172,1
DA:173,1
DA:174,1
DA:176,6
DA:177,5
DA:178,5
DA:181,1
DA:184,1
DA:186,1
DA:187,0
DA:188,0
DA:191,1
DA:192,1
DA:193,1
DA:194,5
DA:195,4
DA:196,4
DA:199,1
DA:202,5
DA:204,5
DA:205,0
DA:206,0
DA:209,5
DA:210,45
DA:211,40
DA:212,25
DA:216,10
DA:217,5
DA:218,5
DA:219,45
DA:220,40
DA:221,5
DA:223,40
DA:224,25
DA:225,25
DA:229,5
DA:230,5
DA:231,5
DA:232,30
DA:233,25
DA:234,25
DA:237,10
DA:240,1
DA:242,1
DA:244,1
DA:245,0
DA:246,0
DA:249,1
DA:250,1
DA:251,1
DA:252,1
DA:254,1
DA:256,1
DA:260,11
DA:262,11
DA:263,0
DA:264,0
DA:267,11
DA:268,0
DA:269,0
DA:272,22
DA:273,11
DA:274,11
DA:276,64
DA:277,53
DA:278,53
DA:281,11
DA:284,1
DA:286,1
DA:287,0
DA:288,0
DA:291,1
DA:292,1
DA:293,1
DA:295,4
DA:296,3
DA:297,3
DA:300,1
DA:303,1
DA:305,1
DA:306,0
DA:307,0
DA:310,1
DA:311,1
DA:312,1
DA:314,3
DA:315,2
DA:316,2
DA:319,1
DA:322,3
DA:324,3
DA:325,0
DA:326,0
DA:329,3
DA:330,21
DA:331,18
DA:332,12
DA:336,6
DA:337,3
DA:338,3
DA:339,21
DA:340,18
DA:341,3
DA:343,18
DA:344,12
DA:345,12
DA:349,3
DA:350,3
DA:351,3
DA:352,15
DA:353,12
DA:354,12
DA:357,6
DA:360,2
DA:361,2
DA:362,2
DA:364,2
DA:365,0
DA:366,0
DA:369,2
DA:370,2
DA:371,2
DA:372,2
DA:374,2
DA:376,2
DA:379,1
DA:381,1
DA:383,1
DA:384,0
DA:385,0
DA:388,1
DA:389,0
DA:390,0
DA:393,2
DA:394,1
DA:395,1
DA:397,6
DA:398,5
DA:399,5
DA:402,1
DA:405,1
DA:406,1
DA:408,1
DA:409,0
DA:410,0
DA:413,1
DA:414,1
DA:415,1
DA:417,6
DA:418,5
DA:419,5
DA:422,1
DA:425,0
DA:426,0
DA:428,0
DA:429,0
DA:430,0
DA:433,0
DA:434,0
DA:435,0
DA:436,0
DA:437,0
DA:438,0
DA:441,0
DA:445,0
DA:446,0
DA:448,0
DA:449,0
DA:450,0
DA:453,0
DA:454,0
DA:455,0
DA:456,0
DA:460,0
DA:461,0
DA:462,0
DA:463,0
DA:464,0
DA:465,0
DA:467,0
DA:468,0
DA:469,0
DA:473,0
DA:474,0
DA:475,0
DA:476,0
DA:477,0
DA:478,0
DA:481,0
DA:484,1
DA:485,1
DA:487,1
DA:488,0
DA:489,0
DA:492,1
DA:493,0
DA:494,0
DA:497,2
DA:498,1
DA:499,1
DA:501,4
DA:502,3
DA:503,3
DA:506,1
DA:509,1
DA:510,1
DA:512,1
DA:513,0
DA:514,0
DA:517,1
DA:518,1
DA:519,1
DA:521,4
DA:522,3
DA:523,3
DA:526,1
DA:529,0
DA:530,0
DA:532,0
DA:533,0
DA:534,0
DA:537,0
DA:538,0
DA:539,0
DA:541,0
DA:542,0
DA:543,0
DA:546,0
DA:549,0
DA:550,0
DA:552,0
DA:553,0
DA:554,0
DA:557,0
DA:558,0
DA:559,0
DA:560,0
DA:564,0
DA:565,0
DA:566,0
DA:567,0
DA:568,0
DA:569,0
DA:571,0
DA:572,0
DA:573,0
DA:577,0
DA:578,0
DA:579,0
DA:580,0
DA:581,0
DA:582,0
DA:585,0
DA:588,3
DA:590,3
DA:591,0
DA:592,0
DA:595,3
DA:596,3
DA:597,1
DA:598,1
DA:601,2
DA:604,1
DA:606,1
DA:607,0
DA:608,0
DA:611,1
DA:612,1
DA:613,1
DA:614,1
DA:617,0
DA:620,16
DA:622,16
DA:623,0
DA:624,0
DA:627,16
DA:628,0
DA:629,0
DA:632,32
DA:633,16
DA:634,16
DA:635,16
DA:637,16
DA:638,16
DA:639,64
DA:640,282
DA:641,234
DA:642,234
DA:643,234
DA:647,16
DA:650,0
DA:652,0
DA:653,0
DA:654,0
DA:657,0
DA:658,0
DA:659,0
DA:662,0
DA:663,0
DA:664,0
DA:665,0
DA:669,0
DA:670,0
DA:671,0
DA:672,0
DA:673,0
DA:674,0
DA:676,0
DA:677,0
DA:678,0
DA:682,0
DA:683,0
DA:684,0
DA:685,0
DA:687,0
DA:688,0
DA:689,0
DA:690,0
DA:691,0
DA:692,0
DA:693,0
DA:697,0
DA:700,1
DA:702,1
DA:703,0
DA:704,0
DA:707,1
DA:708,1
DA:709,1
DA:710,1
DA:713,0
DA:716,1
DA:718,1
DA:719,0
DA:720,0
DA:723,1
DA:724,0
DA:725,0
DA:728,2
DA:729,1
DA:730,1
DA:731,1
DA:733,1
DA:734,1
DA:735,6
DA:736,10
DA:737,5
DA:738,5
DA:739,5
DA:743,1
DA:746,0
DA:748,0
DA:749,0
DA:750,0
DA:753,0
DA:754,0
DA:755,0
DA:758,0
DA:759,0
DA:760,0
DA:761,0
DA:765,0
DA:766,0
DA:767,0
DA:768,0
DA:769,0
DA:770,0
DA:772,0
DA:773,0
DA:774,0
DA:778,0
DA:779,0
DA:780,0
DA:781,0
DA:783,0
DA:784,0
DA:785,0
DA:786,0
DA:787,0
DA:788,0
DA:789,0
DA:793,0
DA:796,1
DA:798,1
DA:799,0
DA:800,0
DA:803,1
DA:804,1
DA:806,1
DA:809,1
DA:811,1
DA:812,0
DA:813,0
DA:816,1
DA:817,1
DA:818,1
DA:819,1
DA:821,1
DA:822,1
DA:823,4
DA:824,12
DA:825,9
DA:826,9
DA:827,9
DA:831,1
DA:834,0
DA:836,0
DA:837,0
DA:838,0
DA:841,0
DA:842,0
DA:843,0
DA:844,0
DA:848,0
DA:849,0
DA:850,0
DA:851,0
DA:852,0
DA:853,0
DA:855,0
DA:856,0
DA:857,0
DA:861,0
DA:862,0
DA:863,0
DA:864,0
DA:866,0
DA:867,0
DA:868,0
DA:869,0
DA:870,0
DA:871,0
DA:872,0
DA:876,0
DA:879,0
DA:881,0
DA:882,0
DA:883,0
DA:886,0
DA:887,0
DA:888,0
DA:889,0
DA:891,0
DA:892,0
DA:893,0
DA:894,0
DA:895,0
DA:896,0
DA:897,0
DA:901,0
DA:904,0
DA:906,0
DA:907,0
DA:908,0
DA:911,0
DA:912,0
DA:913,0
DA:914,0
DA:918,0
DA:919,0
DA:920,0
DA:921,0
DA:922,0
DA:923,0
DA:925,0
DA:926,0
DA:927,0
DA:931,0
DA:932,0
DA:933,0
DA:934,0
DA:936,0
DA:937,0
DA:938,0
DA:939,0
DA:940,0
DA:941,0
DA:942,0
DA:946,0
DA:949,1
DA:950,1
DA:951,0
DA:952,0
DA:955,1
DA:956,1
DA:957,1
DA:958,1
DA:960,1
DA:961,1
DA:963,5
DA:964,12
DA:965,8
DA:966,8
DA:967,8
DA:971,1
DA:974,0
DA:976,0
DA:977,0
DA:978,0
DA:981,0
DA:982,0
DA:983,0
DA:984,0
DA:988,0
DA:989,0
DA:990,0
DA:991,0
DA:992,0
DA:993,0
DA:995,0
DA:996,0
DA:997,0
DA:1001,0
DA:1002,0
DA:1003,0
DA:1004,0
DA:1006,0
DA:1007,0
DA:1009,0
DA:1010,0
DA:1011,0
DA:1012,0
DA:1013,0
DA:1017,0
DA:1020,0
DA:1022,0
DA:1023,0
DA:1024,0
DA:1027,0
DA:1028,0
DA:1029,0
DA:1030,0
DA:1034,0
DA:1035,0
DA:1036,0
DA:1037,0
DA:1038,0
DA:1039,0
DA:1041,0
DA:1042,0
DA:1043,0
DA:1047,0
DA:1048,0
DA:1049,0
DA:1050,0
DA:1052,0
DA:1053,0
DA:1055,0
DA:1056,0
DA:1057,0
DA:1058,0
DA:1059,0
DA:1063,0
DA:1066,0
DA:1068,0
DA:1069,0
DA:1070,0
DA:1073,0
DA:1074,0
DA:1075,0
DA:1076,0
DA:1079,0
DA:1080,0
DA:1081,0
DA:1082,0
DA:1083,0
DA:1084,0
DA:1086,0
DA:1087,0
DA:1088,0
DA:1092,0
DA:1093,0
DA:1094,0
DA:1095,0
DA:1098,0
DA:1099,0
DA:1100,0
DA:1101,0
DA:1102,0
DA:1103,0
DA:1105,0
DA:1106,0
DA:1107,0
DA:1112,0
DA:1113,0
DA:1114,0
DA:1115,0
DA:1117,0
DA:1118,0
DA:1120,0
DA:1121,0
DA:1122,0
DA:1123,0
DA:1124,0
DA:1128,0
DA:1136,1
DA:1138,1
DA:1140,4
DA:1141,3
DA:1144,1
DA:1147,1
DA:1149,1
DA:1150,6
DA:1151,5
DA:1152,1
DA:1156,2
DA:1157,1
DA:1158,1
DA:1159,6
DA:1160,5
DA:1161,0
DA:1163,5
DA:1164,1
DA:1165,1
DA:1169,1
DA:1171,2
DA:1172,1
DA:1175,2
DA:1178,0
DA:1180,0
DA:1181,0
DA:1182,0
DA:1185,0
DA:1186,0
DA:1187,0
DA:1188,0
DA:1189,0
DA:1190,0
DA:1193,0
DA:1196,1
DA:1198,1
DA:1199,0
DA:1200,0
DA:1203,1
DA:1204,6
DA:1205,5
DA:1206,4
DA:1210,2
DA:1211,1
DA:1212,1
DA:1213,6
DA:1214,5
DA:1215,0
DA:1217,5
DA:1218,4
DA:1219,4
DA:1223,1
DA:1224,1
DA:1225,1
DA:1226,5
DA:1227,4
DA:1228,4
DA:1231,2
DA:1234,0
DA:1236,0
DA:1237,0
DA:1238,0
DA:1241,0
DA:1242,0
DA:1243,0
DA:1245,0
DA:1246,0
DA:1247,0
DA:1250,0
DA:1253,1
DA:1255,1
DA:1256,0
DA:1257,0
DA:1260,1
DA:1261,4
DA:1262,3
DA:1263,2
DA:1267,2
DA:1268,1
DA:1269,1
DA:1270,4
DA:1271,3
DA:1272,0
DA:1274,3
DA:1275,2
DA:1276,2
DA:1280,1
DA:1281,1
DA:1282,1
DA:1283,3
DA:1284,2
DA:1285,2
DA:1288,2
DA:1291,1
DA:1292,1
DA:1294,1
DA:1295,0
DA:1296,0
DA:1299,1
DA:1300,1
DA:1301,1
DA:1302,3
DA:1303,2
DA:1304,2
DA:1307,1
DA:1310,1
DA:1311,1
DA:1313,1
DA:1314,0
DA:1315,0
DA:1318,1
DA:1319,3
DA:1320,2
DA:1321,1
DA:1325,2
DA:1326,1
DA:1327,1
DA:1328,3
DA:1329,2
DA:1330,0
DA:1332,2
DA:1333,1
DA:1334,1
DA:1338,1
DA:1339,1
DA:1340,1
DA:1341,2
DA:1342,1
DA:1343,1
DA:1346,2
DA:1349,1
DA:1350,1
DA:1352,1
DA:1353,0
DA:1354,0
DA:1357,1
DA:1358,1
DA:1359,1
DA:1361,4
DA:1362,3
DA:1363,3
DA:1366,1
DA:1369,1
DA:1370,1
DA:1372,1
DA:1373,0
DA:1374,0
DA:1377,1
DA:1378,4
DA:1379,3
DA:1380,2
DA:1384,2
DA:1385,1
DA:1386,1
DA:1387,4
DA:1388,3
DA:1389,0
DA:1391,3
DA:1392,2
DA:1393,2
DA:1397,1
DA:1398,1
DA:1399,1
DA:1400,3
DA:1401,2
DA:1402,2
DA:1405,2
DA:1408,0
DA:1410,0
DA:1411,0
DA:1412,0
DA:1415,0
DA:1416,0
DA:1417,0
DA:1420,0
DA:1421,0
DA:1422,0
DA:1423,0
DA:1425,0
DA:1426,0
DA:1427,0
DA:1428,0
DA:1429,0
DA:1430,0
DA:1431,0
DA:1435,0
DA:1438,2
DA:1440,2
DA:1441,0
DA:1442,0
DA:1445,2
DA:1446,0
DA:1447,0
DA:1450,2
DA:1451,8
DA:1452,6
DA:1453,4
DA:1457,4
DA:1458,2
DA:1459,2
DA:1460,8
DA:1461,6
DA:1462,0
DA:1464,6
DA:1465,4
DA:1466,4
DA:1470,4
DA:1471,2
DA:1472,2
DA:1473,2
DA:1475,2
DA:1476,2
DA:1477,6
DA:1478,16
DA:1479,12
DA:1480,12
DA:1481,12
DA:1485,2
DA:1488,0
DA:1490,0
DA:1491,0
DA:1492,0
DA:1495,0
DA:1496,0
DA:1497,0
DA:1500,0
DA:1501,0
DA:1502,0
DA:1503,0
DA:1505,0
DA:1506,0
DA:1507,0
DA:1508,0
DA:1509,0
DA:1510,0
DA:1511,0
DA:1515,0
DA:1518,0
DA:1520,0
DA:1521,0
DA:1522,0
DA:1525,0
DA:1526,0
DA:1527,0
DA:1530,0
DA:1531,0
DA:1532,0
DA:1533,0
DA:1537,0
DA:1538,0
DA:1539,0
DA:1540,0
DA:1541,0
DA:1542,0
DA:1544,0
DA:1545,0
DA:1546,0
DA:1550,0
DA:1551,0
DA:1552,0
DA:1553,0
DA:1555,0
DA:1556,0
DA:1557,0
DA:1558,0
DA:1559,0
DA:1560,0
DA:1561,0
DA:1565,0
DA:1568,0
DA:1570,0
DA:1571,0
DA:1572,0
DA:1575,0
DA:1576,0
DA:1577,0
DA:1578,0
DA:1580,0
DA:1581,0
DA:1582,0
DA:1583,0
DA:1584,0
DA:1585,0
DA:1586,0
DA:1590,0
DA:1593,1
DA:1595,1
DA:1596,0
DA:1597,0
DA:1600,1
DA:1601,4
DA:1602,3
DA:1603,2
DA:1607,2
DA:1608,1
DA:1609,1
DA:1610,4
DA:1611,3
DA:1612,0
DA:1614,3
DA:1615,2
DA:1616,2
DA:1620,1
DA:1621,1
DA:1622,1
DA:1623,1
DA:1625,1
DA:1626,1
DA:1627,3
DA:1628,8
DA:1629,6
DA:1630,6
DA:1631,6
DA:1635,2
DA:1638,0
DA:1640,0
DA:1641,0
DA:1642,0
DA:1645,0
DA:1646,0
DA:1647,0
DA:1648,0
DA:1650,0
DA:1651,0
DA:1652,0
DA:1653,0
DA:1654,0
DA:1655,0
DA:1656,0
DA:1660,0
DA:1663,0
DA:1665,0
DA:1666,0
DA:1667,0
DA:1670,0
DA:1671,0
DA:1672,0
DA:1673,0
DA:1677,0
DA:1678,0
DA:1679,0
DA:1680,0
DA:1681,0
DA:1682,0
DA:1684,0
DA:1685,0
DA:1686,0
DA:1690,0
DA:1691,0
DA:1692,0
DA:1693,0
DA:1695,0
DA:1696,0
DA:1697,0
DA:1698,0
DA:1699,0
DA:1700,0
DA:1701,0
DA:1705,0
DA:1708,1
DA:1709,1
DA:1710,0
DA:1711,0
DA:1714,1
DA:1715,1
DA:1716,1
DA:1717,1
DA:1719,1
DA:1720,1
DA:1722,5
DA:1723,12
DA:1724,8
DA:1725,8
DA:1726,8
DA:1730,1
DA:1733,1
DA:1734,1
DA:1735,0
DA:1736,0
DA:1739,1
DA:1740,1
DA:1741,1
DA:1742,1
DA:1744,1
DA:1745,1
DA:1747,5
DA:1748,12
DA:1749,8
DA:1750,8
DA:1751,8
DA:1755,1
DA:1758,1
DA:1759,1
DA:1760,0
DA:1761,0
DA:1764,1
DA:1765,1
DA:1766,1
DA:1767,1
DA:1769,1
DA:1770,1
DA:1772,5
DA:1773,12
DA:1774,8
DA:1775,8
DA:1776,8
DA:1780,1
DA:1783,0
DA:1785,0
DA:1786,0
DA:1787,0
DA:1790,0
DA:1791,0
DA:1792,0
DA:1793,0
DA:1797,0
DA:1798,0
DA:1799,0
DA:1800,0
DA:1801,0
DA:1802,0
DA:1804,0
DA:1805,0
DA:1806,0
DA:1810,0
DA:1811,0
DA:1812,0
DA:1813,0
DA:1815,0
DA:1816,0
DA:1818,0
DA:1819,0
DA:1820,0
DA:1821,0
DA:1822,0
DA:1826,0
DA:1829,0
DA:1831,0
DA:1832,0
DA:1833,0
DA:1836,0
DA:1837,0
DA:1838,0
DA:1839,0
DA:1843,0
DA:1844,0
DA:1845,0
DA:1846,0
DA:1847,0
DA:1848,0
DA:1850,0
DA:1851,0
DA:1852,0
DA:1856,0
DA:1857,0
DA:1858,0
DA:1859,0
DA:1861,0
DA:1862,0
DA:1864,0
DA:1865,0
DA:1866,0
DA:1867,0
DA:1868,0
DA:1872,0
DA:1875,0
DA:1877,0
DA:1878,0
DA:1879,0
DA:1882,0
DA:1883,0
DA:1884,0
DA:1885,0
DA:1889,0
DA:1890,0
DA:1891,0
DA:1892,0
DA:1893,0
DA:1894,0
DA:1896,0
DA:1897,0
DA:1898,0
DA:1902,0
DA:1903,0
DA:1904,0
DA:1905,0
DA:1907,0
DA:1908,0
DA:1910,0
DA:1911,0
DA:1912,0
DA:1913,0
DA:1914,0
DA:1918,0
DA:1921,0
DA:1923,0
DA:1924,0
DA:1925,0
DA:1928,0
DA:1929,0
DA:1930,0
DA:1931,0
DA:1935,0
DA:1936,0
DA:1937,0
DA:1938,0
DA:1939,0
DA:1940,0
DA:1942,0
DA:1943,0
DA:1944,0
DA:1948,0
DA:1949,0
DA:1950,0
DA:1951,0
DA:1953,0
DA:1954,0
DA:1956,0
DA:1957,0
DA:1958,0
DA:1959,0
DA:1960,0
DA:1964,0
DA:1967,0
DA:1969,0
DA:1970,0
DA:1971,0
DA:1974,0
DA:1975,0
DA:1976,0
DA:1977,0
DA:1981,0
DA:1982,0
DA:1983,0
DA:1984,0
DA:1985,0
DA:1986,0
DA:1988,0
DA:1989,0
DA:1990,0
DA:1994,0
DA:1995,0
DA:1996,0
DA:1997,0
DA:1999,0
DA:2000,0
DA:2002,0
DA:2003,0
DA:2004,0
DA:2005,0
DA:2006,0
DA:2010,0
DA:2013,0
DA:2015,0
DA:2016,0
DA:2017,0
DA:2020,0
DA:2021,0
DA:2022,0
DA:2023,0
DA:2027,0
DA:2028,0
DA:2029,0
DA:2030,0
DA:2031,0
DA:2032,0
DA:2034,0
DA:2035,0
DA:2036,0
DA:2040,0
DA:2041,0
DA:2042,0
DA:2043,0
DA:2045,0
DA:2046,0
DA:2048,0
DA:2049,0
DA:2050,0
DA:2051,0
DA:2052,0
DA:2056,0
DA:2059,0
DA:2061,0
DA:2062,0
DA:2063,0
DA:2066,0
DA:2067,0
DA:2068,0
DA:2069,0
DA:2072,0
DA:2073,0
DA:2074,0
DA:2075,0
DA:2076,0
DA:2077,0
DA:2079,0
DA:2080,0
DA:2081,0
DA:2085,0
DA:2086,0
DA:2087,0
DA:2088,0
DA:2091,0
DA:2092,0
DA:2093,0
DA:2094,0
DA:2095,0
DA:2096,0
DA:2098,0
DA:2099,0
DA:2100,0
DA:2105,0
DA:2106,0
DA:2107,0
DA:2108,0
DA:2110,0
DA:2111,0
DA:2113,0
DA:2114,0
DA:2115,0
DA:2116,0
DA:2117,0
DA:2121,0
DA:2124,0
DA:2126,0
DA:2127,0
DA:2128,0
DA:2131,0
DA:2132,0
DA:2133,0
DA:2134,0
DA:2137,0
DA:2138,0
DA:2139,0
DA:2140,0
DA:2141,0
DA:2142,0
DA:2144,0
DA:2145,0
DA:2146,0
DA:2150,0
DA:2151,0
DA:2152,0
DA:2153,0
DA:2156,0
DA:2157,0
DA:2158,0
DA:2159,0
DA:2160,0
DA:2161,0
DA:2163,0
DA:2164,0
DA:2165,0
DA:2170,0
DA:2171,0
DA:2172,0
DA:2173,0
DA:2175,0
DA:2176,0
DA:2178,0
DA:2179,0
DA:2180,0
DA:2181,0
DA:2182,0
DA:2186,0
DA:2189,0
DA:2191,0
DA:2192,0
DA:2193,0
DA:2196,0
DA:2197,0
DA:2198,0
DA:2199,0
DA:2202,0
DA:2203,0
DA:2204,0
DA:2205,0
DA:2206,0
DA:2207,0
DA:2209,0
DA:2210,0
DA:2211,0
DA:2215,0
DA:2216,0
DA:2217,0
DA:2218,0
DA:2221,0
DA:2222,0
DA:2223,0
DA:2224,0
DA:2225,0
DA:2226,0
DA:2228,0
DA:2229,0
DA:2230,0
DA:2235,0
DA:2236,0
DA:2237,0
DA:2238,0
DA:2240,0
DA:2241,0
DA:2243,0
DA:2244,0
DA:2245,0
DA:2246,0
DA:2247,0
DA:2251,0
LF:1389
LH:515
end_of_record
TN:
SF:/home/konrad/Documents/0Uni/programming/ETR/include/etr_bits/subsetassign.hpp
FN:28,_Z9subassignR3VECId5STOREIdEE
FN:36,_Z9subassignR3VECId5STOREIdEEi
FN:44,_Z9subassignR3VECId5STOREIdEEd
FN:53,_Z9subassignR3VECId5STOREIdEEb
FN:69,_Z9subassignR3VECId5STOREIdEEPv
FN:78,_Z9subassignR3VECId5STOREIdEES3_
FN:90,_Z9subassignR3VECId5STOREIdEERS_IbS0_IbEE
FN:122,_Z9subassignR3VECId5STOREIdEEii
FN:141,_Z9subassignR3VECId5STOREIdEEid
FN:162,_Z9subassignR3VECId5STOREIdEEib
FN:187,_Z9subassignR3VECId5STOREIdEEiPv
FN:206,_Z9subassignR3VECId5STOREIdEEiS3_
FN:226,_Z9subassignR3VECId5STOREIdEEiRS_IbS0_IbEE
FN:265,_Z9subassignR3VECId5STOREIdEEdi
FN:287,_Z9subassignR3VECId5STOREIdEEbi
FN:311,_Z9subassignR3VECId5STOREIdEEPvi
FN:330,_Z9subassignR3VECId5STOREIdEES3_i
FN:350,_Z9subassignR3VECId5STOREIdEERS_IbS0_IbEEi
FN:390,_Z9subassignR3VECId5STOREIdEEdd
FN:410,_Z9subassignR3VECId5STOREIdEEdb
FN:436,_Z9subassignR3VECId5STOREIdEEdPv
FN:456,_Z9subassignR3VECId5STOREIdEEdS3_
FN:477,_Z9subassignR3VECId5STOREIdEEdRS_IbS0_IbEE
FN:518,_Z9subassignR3VECId5STOREIdEEbd
FN:543,_Z9subassignR3VECId5STOREIdEEPvd
FN:564,_Z9subassignR3VECId5STOREIdEES3_d
FN:585,_Z9subassignR3VECId5STOREIdEERS_IbS0_IbEEd
FN:627,_Z9subassignR3VECId5STOREIdEEbb
FN:648,_Z9subassignR3VECId5STOREIdEEbPv
FN:669,_Z9subassignR3VECId5STOREIdEEbS3_
FN:698,_Z9subassignR3VECId5STOREIdEEbRS_IbS0_IbEE
FN:747,_Z9subassignR3VECId5STOREIdEEPvb
FN:769,_Z9subassignR3VECId5STOREIdEES3_b
FN:798,_Z9subassignR3VECId5STOREIdEERS_IbS0_IbEEb
FN:847,_Z9subassignR3VECId5STOREIdEEPvS4_
FN:856,_Z9subassignR3VECId5STOREIdEEPvS3_
FN:879,_Z9subassignR3VECId5STOREIdEEPvRS_IbS0_IbEE
FN:922,_Z9subassignR3VECId5STOREIdEES3_Pv
FN:945,_Z9subassignR3VECId5STOREIdEERS_IbS0_IbEEPv
FN:988,_Z9subassignR3VECId5STOREIdEES3_S3_
FN:1011,_Z9subassignR3VECId5STOREIdEES3_RS_IbS0_IbEE
FN:1055,_Z9subassignR3VECId5STOREIdEERS_IbS0_IbEES3_
FN:1099,_Z9subassignR3VECId5STOREIdEERS_IbS0_IbEES6_
FN:1162,_Z9subassignR3VECId5STOREIdEEOS2_
FN:1174,_Z9subassignR3VECId5STOREIdEEOS_IbS0_IbEE
FN:1206,_Z9subassignR3VECId5STOREIdEEiOS2_
FN:1226,_Z9subassignR3VECId5STOREIdEEiOS_IbS0_IbEE
FN:1265,_Z9subassignR3VECId5STOREIdEEOS2_i
FN:1285,_Z9subassignR3VECId5STOREIdEEOS_IbS0_IbEEi
FN:1325,_Z9subassignR3VECId5STOREIdEEdOS2_
FN:1345,_Z9subassignR3VECId5STOREIdEEdOS_IbS0_IbEE
FN:1386,_Z9subassignR3VECId5STOREIdEEOS2_d
FN:1407,_Z9subassignR3VECId5STOREIdEEOS_IbS0_IbEEd
FN:1449,_Z9subassignR3VECId5STOREIdEEbOS2_
FN:1478,_Z9subassignR3VECId5STOREIdEEbOS_IbS0_IbEE
FN:1527,_Z9subassignR3VECId5STOREIdEEOS2_b
FN:1556,_Z9subassignR3VECId5STOREIdEEOS_IbS0_IbEEb
FN:1605,_Z9subassignR3VECId5STOREIdEEPvOS2_
FN:1628,_Z9subassignR3VECId5STOREIdEEPvOS_IbS0_IbEE
FN:1671,_Z9subassignR3VECId5STOREIdEEOS2_Pv
FN:1694,_Z9subassignR3VECId5STOREIdEEOS_IbS0_IbEEPv
FN:1737,_Z9subassignR3VECId5STOREIdEEOS2_S4_
FN:1760,_Z9subassignR3VECId5STOREIdEEOS2_S3_
FN:1783,_Z9subassignR3VECId5STOREIdEES3_OS2_
FN:1806,_Z9subassignR3VECId5STOREIdEEOS2_OS_IbS0_IbEE
FN:1850,_Z9subassignR3VECId5STOREIdEEOS2_RS_IbS0_IbEE
FN:1894,_Z9subassignR3VECId5STOREIdEES3_OS_IbS0_IbEE
FN:1939,_Z9subassignR3VECId5STOREIdEEOS_IbS0_IbEEOS2_
FN:1983,_Z9subassignR3VECId5STOREIdEEOS_IbS0_IbEES3_
FN:2027,_Z9subassignR3VECId5STOREIdEERS_IbS0_IbEEOS2_
FN:2071,_Z9subassignR3VECId5STOREIdEEOS_IbS0_IbEES6_
FN:2133,_Z9subassignR3VECId5STOREIdEEOS_IbS0_IbEERS5_
FN:2195,_Z9subassignR3VECId5STOREIdEERS_IbS0_IbEEOS5_
FNDA:0,_Z9subassignR3VECId5STOREIdEEPvd
FNDA:0,_Z9subassignR3VECId5STOREIdEEOS2_
FNDA:0,_Z9subassignR3VECId5STOREIdEEbOS2_
FNDA:0,_Z9subassignR3VECId5STOREIdEEiOS_IbS0_IbEE
FNDA:0,_Z9subassignR3VECId5STOREIdEEOS_IbS0_IbEES6_
FNDA:1,_Z9subassignR3VECId5STOREIdEEb
FNDA:0,_Z9subassignR3VECId5STOREIdEEiOS2_
FNDA:1,_Z9subassignR3VECId5STOREIdEEbPv
FNDA:1,_Z9subassignR3VECId5STOREIdEEbb
FNDA:0,_Z9subassignR3VECId5STOREIdEEOS_IbS0_IbEEOS2_
FNDA:0,_Z9subassignR3VECId5STOREIdEEOS2_S4_
FNDA:1,_Z9subassignR3VECId5STOREIdEERS_IbS0_IbEEi
FNDA:0,_Z9subassignR3VECId5STOREIdEEib
FNDA:0,_Z9subassignR3VECId5STOREIdEERS_IbS0_IbEEPv
FNDA:1,_Z9subassignR3VECId5STOREIdEEid
FNDA:0,_Z9subassignR3VECId5STOREIdEEOS2_Pv
FNDA:0,_Z9subassignR3VECId5STOREIdEERS_IbS0_IbEEd
FNDA:0,_Z9subassignR3VECId5STOREIdEEOS2_S3_
FNDA:0,_Z9subassignR3VECId5STOREIdEEOS2_d
FNDA:1,_Z9subassignR3VECId5STOREIdEEPvS4_
FNDA:1,_Z9subassignR3VECId5STOREIdEEbRS_IbS0_IbEE
FNDA:0,_Z9subassignR3VECId5STOREIdEEdPv
FNDA:0,_Z9subassignR3VECId5STOREIdEEbOS_IbS0_IbEE
FNDA:0,_Z9subassignR3VECId5STOREIdEEOS_IbS0_IbEES3_
FNDA:0,_Z9subassignR3VECId5STOREIdEEOS2_RS_IbS0_IbEE
FNDA:1,_Z9subassignR3VECId5STOREIdEEbi
FNDA:1,_Z9subassignR3VECId5STOREIdEERS_IbS0_IbEEb
FNDA:0,_Z9subassignR3VECId5STOREIdEEOS_IbS0_IbEEb
FNDA:0,_Z9subassignR3VECId5STOREIdEEdb
FNDA:1,_Z9subassignR3VECId5STOREIdEERS_IbS0_IbEES3_
FNDA:0,_Z9subassignR3VECId5STOREIdEE
FNDA:0,_Z9subassignR3VECId5STOREIdEES3_d
FNDA:0,_Z9subassignR3VECId5STOREIdEEbd
FNDA:0,_Z9subassignR3VECId5STOREIdEEOS_IbS0_IbEEi
FNDA:1,_Z9subassignR3VECId5STOREIdEEiRS_IbS0_IbEE
FNDA:1,_Z9subassignR3VECId5STOREIdEEii
FNDA:1,_Z9subassignR3VECId5STOREIdEES3_S3_
FNDA:1,_Z9subassignR3VECId5STOREIdEEPvb
FNDA:0,_Z9subassignR3VECId5STOREIdEEPvOS2_
FNDA:0,_Z9subassignR3VECId5STOREIdEEdRS_IbS0_IbEE
FNDA:1,_Z9subassignR3VECId5STOREIdEERS_IbS0_IbEES6_
FNDA:0,_Z9subassignR3VECId5STOREIdEEOS_IbS0_IbEE
FNDA:0,_Z9subassignR3VECId5STOREIdEERS_IbS0_IbEEOS2_
FNDA:1,_Z9subassignR3VECId5STOREIdEES3_
FNDA:0,_Z9subassignR3VECId5STOREIdEERS_IbS0_IbEEOS5_
FNDA:0,_Z9subassignR3VECId5STOREIdEEdS3_
FNDA:1,_Z9subassignR3VECId5STOREIdEEi
FNDA:0,_Z9subassignR3VECId5STOREIdEEOS2_i
FNDA:1,_Z9subassignR3VECId5STOREIdEEiS3_
FNDA:0,_Z9subassignR3VECId5STOREIdEEdOS2_
FNDA:0,_Z9subassignR3VECId5STOREIdEEdi
FNDA:0,_Z9subassignR3VECId5STOREIdEEPvOS_IbS0_IbEE
FNDA:0,_Z9subassignR3VECId5STOREIdEEOS2_b
FNDA:1,_Z9subassignR3VECId5STOREIdEES3_i
FNDA:0,_Z9subassignR3VECId5STOREIdEEOS_IbS0_IbEEPv
FNDA:1,_Z9subassignR3VECId5STOREIdEERS_IbS0_IbEE
FNDA:1,_Z9subassignR3VECId5STOREIdEEPv
FNDA:0,_Z9subassignR3VECId5STOREIdEEdOS_IbS0_IbEE
FNDA:0,_Z9subassignR3VECId5STOREIdEEOS_IbS0_IbEERS5_
FNDA:0,_Z9subassignR3VECId5STOREIdEES3_Pv
FNDA:0,_Z9subassignR3VECId5STOREIdEEOS_IbS0_IbEEd
FNDA:1,_Z9subassignR3VECId5STOREIdEES3_RS_IbS0_IbEE
FNDA:0,_Z9subassignR3VECId5STOREIdEEiPv
FNDA:0,_Z9subassignR3VECId5STOREIdEEPvS3_
FNDA:1,_Z9subassignR3VECId5STOREIdEEd
FNDA:0,_Z9subassignR3VECId5STOREIdEEPvRS_IbS0_IbEE
FNDA:1,_Z9subassignR3VECId5STOREIdEEbS3_
FNDA:0,_Z9subassignR3VECId5STOREIdEES3_OS2_
FNDA:0,_Z9subassignR3VECId5STOREIdEEOS2_OS_IbS0_IbEE
FNDA:1,_Z9subassignR3VECId5STOREIdEEPvi
FNDA:1,_Z9subassignR3VECId5STOREIdEES3_b
FNDA:0,_Z9subassignR3VECId5STOREIdEEdd
FNDA:0,_Z9subassignR3VECId5STOREIdEES3_OS_IbS0_IbEE
FNF:73
FNH:26
DA:28,0
DA:29,0
DA:30,0
DA:31,0
DA:33,0
DA:36,1
DA:37,1
DA:38,1
DA:39,1
DA:40,1
DA:41,1
DA:44,1
DA:45,1
DA:46,1
DA:47,1
DA:48,1
DA:49,1
DA:50,1
DA:53,1
DA:55,1
DA:56,0
DA:57,0
DA:58,0
DA:60,1
DA:62,1
DA:63,11
DA:64,10
DA:66,1
DA:69,1
DA:70,1
DA:71,11
DA:72,10
DA:74,1
DA:75,1
DA:78,1
DA:80,1
DA:81,1
DA:83,5
DA:84,4
DA:87,1
DA:90,1
DA:92,1
DA:93,5
DA:94,4
DA:95,3
DA:99,1
DA:100,1
DA:101,1
DA:102,5
DA:103,4
DA:104,0
DA:106,4
DA:107,3
DA:108,3
DA:112,1
DA:113,1
DA:115,4
DA:116,3
DA:119,2
DA:122,1
DA:124,1
DA:125,0
DA:126,0
DA:129,1
DA:130,1
DA:131,1
DA:132,1
DA:134,1
DA:136,1
DA:138,1
DA:141,1
DA:143,1
DA:145,1
DA:146,0
DA:147,0
DA:150,1
DA:151,1
DA:152,1
DA:153,1
DA:155,1
DA:157,1
DA:159,1
DA:162,0
DA:164,0
DA:165,0
DA:166,0
DA:169,0
DA:170,0
DA:171,0
DA:172,0
DA:175,0
DA:176,0
DA:177,0
DA:179,0
DA:180,0
DA:181,0
DA:184,0
DA:187,0
DA:189,0
DA:190,0
DA:191,0
DA:194,0
DA:195,0
DA:196,0
DA:198,0
DA:199,0
DA:200,0
DA:203,0
DA:206,1
DA:208,1
DA:209,0
DA:210,0
DA:213,1
DA:214,1
DA:216,1
DA:217,1
DA:218,3
DA:219,2
DA:220,2
DA:223,1
DA:226,1
DA:228,1
DA:229,0
DA:230,0
DA:233,1
DA:234,9
DA:235,8
DA:236,5
DA:240,1
DA:241,1
DA:242,1
DA:243,9
DA:244,8
DA:245,1
DA:247,8
DA:248,5
DA:249,5
DA:253,1
DA:254,1
DA:255,1
DA:256,1
DA:257,6
DA:258,5
DA:259,5
DA:262,2
DA:265,0
DA:267,0
DA:269,0
DA:270,0
DA:271,0
DA:274,0
DA:275,0
DA:277,0
DA:278,0
DA:279,0
DA:281,0
DA:283,0
DA:287,1
DA:289,1
DA:290,0
DA:291,0
DA:293,1
DA:294,1
DA:295,0
DA:296,0
DA:299,1
DA:300,1
DA:302,6
DA:303,5
DA:304,5
DA:307,1
DA:311,1
DA:313,1
DA:314,0
DA:315,0
DA:318,1
DA:319,1
DA:320,1
DA:322,6
DA:323,5
DA:324,5
DA:327,1
DA:330,1
DA:332,1
DA:333,0
DA:334,0
DA:337,1
DA:338,1
DA:339,1
DA:340,1
DA:342,4
DA:343,3
DA:344,3
DA:347,1
DA:350,1
DA:352,1
DA:353,0
DA:354,0
DA:357,1
DA:358,7
DA:359,6
DA:360,4
DA:364,1
DA:365,1
DA:366,1
DA:367,7
DA:368,6
DA:369,1
DA:371,6
DA:372,4
DA:373,4
DA:377,1
DA:378,1
DA:380,1
DA:381,1
DA:382,5
DA:383,4
DA:384,4
DA:387,2
DA:390,0
DA:391,0
DA:392,0
DA:394,0
DA:395,0
DA:396,0
DA:399,0
DA:400,0
DA:401,0
DA:402,0
DA:403,0
DA:405,0
DA:407,0
DA:410,0
DA:412,0
DA:414,0
DA:415,0
DA:416,0
DA:419,0
DA:420,0
DA:421,0
DA:422,0
DA:425,0
DA:426,0
DA:428,0
DA:429,0
DA:430,0
DA:433,0
DA:436,0
DA:437,0
DA:439,0
DA:440,0
DA:441,0
DA:444,0
DA:445,0
DA:446,0
DA:448,0
DA:449,0
DA:450,0
DA:453,0
DA:456,0
DA:457,0
DA:459,0
DA:460,0
DA:461,0
DA:464,0
DA:465,0
DA:466,0
DA:467,0
DA:468,0
DA:469,0
DA:470,0
DA:473,0
DA:477,0
DA:478,0
DA:480,0
DA:481,0
DA:482,0
DA:485,0
DA:486,0
DA:487,0
DA:488,0
DA:492,0
DA:493,0
DA:494,0
DA:495,0
DA:496,0
DA:497,0
DA:499,0
DA:500,0
DA:501,0
DA:505,0
DA:506,0
DA:508,0
DA:509,0
DA:510,0
DA:511,0
DA:512,0
DA:515,0
DA:518,0
DA:519,0
DA:521,0
DA:522,0
DA:523,0
DA:526,0
DA:527,0
DA:528,0
DA:529,0
DA:532,0
DA:533,0
DA:534,0
DA:535,0
DA:536,0
DA:537,0
DA:540,0
DA:543,0
DA:544,0
DA:546,0
DA:547,0
DA:548,0
DA:551,0
DA:552,0
DA:554,0
DA:556,0
DA:557,0
DA:558,0
DA:561,0
DA:564,0
DA:565,0
DA:567,0
DA:568,0
DA:569,0
DA:572,0
DA:573,0
DA:574,0
DA:575,0
DA:577,0
DA:578,0
DA:579,0
DA:582,0
DA:585,0
DA:586,0
DA:588,0
DA:589,0
DA:590,0
DA:593,0
DA:594,0
DA:595,0
DA:596,0
DA:600,0
DA:601,0
DA:602,0
DA:603,0
DA:604,0
DA:605,0
DA:607,0
DA:608,0
DA:609,0
DA:613,0
DA:614,0
DA:615,0
DA:617,0
DA:618,0
DA:619,0
DA:620,0
DA:621,0
DA:624,0
DA:627,1
DA:629,1
DA:630,0
DA:631,0
DA:634,1
DA:635,1
DA:636,1
DA:637,36
DA:638,35
DA:640,1
DA:643,0
DA:644,0
DA:645,0
DA:648,1
DA:650,1
DA:651,0
DA:652,0
DA:655,1
DA:656,1
DA:657,36
DA:658,35
DA:660,1
DA:661,1
DA:664,0
DA:665,0
DA:666,0
DA:669,1
DA:671,1
DA:672,0
DA:673,0
DA:676,1
DA:677,0
DA:678,0
DA:679,0
DA:682,1
DA:683,1
DA:685,1
DA:686,1
DA:687,4
DA:688,18
DA:689,15
DA:690,15
DA:691,15
DA:695,1
DA:698,1
DA:700,1
DA:701,0
DA:702,0
DA:705,1
DA:706,0
DA:707,0
DA:708,0
DA:711,1
DA:712,9
DA:713,8
DA:714,3
DA:718,1
DA:719,1
DA:720,1
DA:721,9
DA:722,8
DA:723,1
DA:725,8
DA:726,3
DA:727,3
DA:731,1
DA:732,1
DA:734,1
DA:735,1
DA:736,4
DA:737,18
DA:738,15
DA:739,15
DA:740,15
DA:744,1
DA:747,1
DA:749,1
DA:750,0
DA:751,0
DA:754,1
DA:755,0
DA:756,0
DA:757,0
DA:760,1
DA:761,36
DA:762,35
DA:764,1
DA:766,1
DA:769,1
DA:771,1
DA:772,0
DA:773,0
DA:776,1
DA:777,0
DA:778,0
DA:779,0
DA:782,1
DA:783,1
DA:785,1
DA:786,1
DA:787,8
DA:788,28
DA:789,21
DA:790,21
DA:791,21
DA:795,1
DA:798,1
DA:800,1
DA:801,0
DA:802,0
DA:805,1
DA:806,0
DA:807,0
DA:808,0
DA:811,1
DA:812,3
DA:813,2
DA:814,2
DA:818,1
DA:819,1
DA:820,1
DA:821,3
DA:822,2
DA:823,0
DA:825,2
DA:826,2
DA:827,2
DA:831,1
DA:832,1
DA:834,1
DA:835,1
DA:836,8
DA:837,21
DA:838,14
DA:839,14
DA:840,14
DA:844,1
DA:847,1
DA:848,1
DA:849,36
DA:850,35
DA:852,1
DA:853,1
DA:856,0
DA:858,0
DA:859,0
DA:860,0
DA:863,0
DA:864,0
DA:866,0
DA:867,0
DA:868,0
DA:869,0
DA:870,0
DA:871,0
DA:872,0
DA:876,0
DA:879,0
DA:881,0
DA:882,0
DA:883,0
DA:886,0
DA:887,0
DA:888,0
DA:889,0
DA:893,0
DA:894,0
DA:895,0
DA:896,0
DA:897,0
DA:898,0
DA:900,0
DA:901,0
DA:902,0
DA:906,0
DA:907,0
DA:909,0
DA:910,0
DA:911,0
DA:912,0
DA:913,0
DA:914,0
DA:915,0
DA:919,0
DA:922,0
DA:924,0
DA:925,0
DA:926,0
DA:929,0
DA:930,0
DA:932,0
DA:933,0
DA:934,0
DA:935,0
DA:936,0
DA:937,0
DA:938,0
DA:942,0
DA:945,0
DA:947,0
DA:948,0
DA:949,0
DA:952,0
DA:953,0
DA:954,0
DA:955,0
DA:959,0
DA:960,0
DA:961,0
DA:962,0
DA:963,0
DA:964,0
DA:966,0
DA:967,0
DA:968,0
DA:972,0
DA:973,0
DA:975,0
DA:976,0
DA:977,0
DA:978,0
DA:979,0
DA:980,0
DA:981,0
DA:985,0
DA:988,1
DA:989,1
DA:990,0
DA:991,0
DA:994,1
DA:995,1
DA:997,1
DA:998,1
DA:1000,4
DA:1001,12
DA:1002,9
DA:1003,9
DA:1004,9
DA:1008,1
DA:1011,1
DA:1013,1
DA:1014,0
DA:1015,0
DA:1018,1
DA:1019,5
DA:1020,4
DA:1021,3
DA:1025,1
DA:1026,1
DA:1027,1
DA:1028,5
DA:1029,4
DA:1030,0
DA:1032,4
DA:1033,3
DA:1034,3
DA:1038,1
DA:1039,1
DA:1041,1
DA:1042,1
DA:1044,4
DA:1045,12
DA:1046,9
DA:1047,9
DA:1048,9
DA:1052,2
DA:1055,1
DA:1057,1
DA:1058,0
DA:1059,0
DA:1062,1
DA:1063,5
DA:1064,4
DA:1065,3
DA:1069,1
DA:1070,1
DA:1071,1
DA:1072,5
DA:1073,4
DA:1074,0
DA:1076,4
DA:1077,3
DA:1078,3
DA:1082,1
DA:1083,1
DA:1085,1
DA:1086,1
DA:1088,4
DA:1089,12
DA:1090,9
DA:1091,9
DA:1092,9
DA:1096,2
DA:1099,1
DA:1101,1
DA:1102,0
DA:1103,0
DA:1106,1
DA:1107,4
DA:1108,3
DA:1109,3
DA:1112,2
DA:1113,1
DA:1114,1
DA:1115,4
DA:1116,3
DA:1117,0
DA:1119,3
DA:1120,3
DA:1121,3
DA:1125,1
DA:1126,4
DA:1127,3
DA:1128,2
DA:1131,1
DA:1132,1
DA:1133,1
DA:1134,4
DA:1135,3
DA:1136,0
DA:1138,3
DA:1139,2
DA:1140,2
DA:1144,1
DA:1145,1
DA:1147,1
DA:1148,1
DA:1150,3
DA:1151,8
DA:1152,6
DA:1153,6
DA:1154,6
DA:1158,2
DA:1162,0
DA:1164,0
DA:1165,0
DA:1167,0
DA:1168,0
DA:1171,0
DA:1174,0
DA:1176,0
DA:1177,0
DA:1178,0
DA:1179,0
DA:1183,0
DA:1184,0
DA:1185,0
DA:1186,0
DA:1187,0
DA:1188,0
DA:1190,0
DA:1191,0
DA:1192,0
DA:1196,0
DA:1197,0
DA:1199,0
DA:1200,0
DA:1203,0
DA:1206,0
DA:1208,0
DA:1209,0
DA:1210,0
DA:1213,0
DA:1214,0
DA:1216,0
DA:1217,0
DA:1218,0
DA:1219,0
DA:1220,0
DA:1223,0
DA:1226,0
DA:1228,0
DA:1229,0
DA:1230,0
DA:1233,0
DA:1234,0
DA:1235,0
DA:1236,0
DA:1240,0
DA:1241,0
DA:1242,0
DA:1243,0
DA:1244,0
DA:1245,0
DA:1247,0
DA:1248,0
DA:1249,0
DA:1253,0
DA:1254,0
DA:1255,0
DA:1256,0
DA:1257,0
DA:1258,0
DA:1259,0
DA:1262,0
DA:1265,0
DA:1267,0
DA:1268,0
DA:1269,0
DA:1272,0
DA:1273,0
DA:1274,0
DA:1275,0
DA:1277,0
DA:1278,0
DA:1279,0
DA:1282,0
DA:1285,0
DA:1287,0
DA:1288,0
DA:1289,0
DA:1292,0
DA:1293,0
DA:1294,0
DA:1295,0
DA:1299,0
DA:1300,0
DA:1301,0
DA:1302,0
DA:1303,0
DA:1304,0
DA:1306,0
DA:1307,0
DA:1308,0
DA:1312,0
DA:1313,0
DA:1315,0
DA:1316,0
DA:1317,0
DA:1318,0
DA:1319,0
DA:1322,0
DA:1325,0
DA:1326,0
DA:1328,0
DA:1329,0
DA:1330,0
DA:1333,0
DA:1334,0
DA:1335,0
DA:1336,0
DA:1337,0
DA:1338,0
DA:1339,0
DA:1342,0
DA:1345,0
DA:1346,0
DA:1348,0
DA:1349,0
DA:1350,0
DA:1353,0
DA:1354,0
DA:1355,0
DA:1356,0
DA:1360,0
DA:1361,0
DA:1362,0
DA:1363,0
DA:1364,0
DA:1365,0
DA:1367,0
DA:1368,0
DA:1369,0
DA:1373,0
DA:1374,0
DA:1376,0
DA:1377,0
DA:1378,0
DA:1379,0
DA:1380,0
DA:1383,0
DA:1386,0
DA:1387,0
DA:1389,0
DA:1390,0
DA:1391,0
DA:1394,0
DA:1395,0
DA:1396,0
DA:1397,0
DA:1399,0
DA:1400,0
DA:1401,0
DA:1404,0
DA:1407,0
DA:1408,0
DA:1410,0
DA:1411,0
DA:1412,0
DA:1415,0
DA:1416,0
DA:1417,0
DA:1418,0
DA:1422,0
DA:1423,0
DA:1424,0
DA:1425,0
DA:1426,0
DA:1427,0
DA:1429,0
DA:1430,0
DA:1431,0
DA:1435,0
DA:1436,0
DA:1437,0
DA:1439,0
DA:1440,0
DA:1441,0
DA:1442,0
DA:1443,0
DA:1446,0
DA:1449,0
DA:1451,0
DA:1452,0
DA:1453,0
DA:1456,0
DA:1457,0
DA:1458,0
DA:1459,0
DA:1462,0
DA:1463,0
DA:1465,0
DA:1466,0
DA:1467,0
DA:1468,0
DA:1469,0
DA:1470,0
DA:1471,0
DA:1475,0
DA:1478,0
DA:1480,0
DA:1481,0
DA:1482,0
DA:1485,0
DA:1486,0
DA:1487,0
DA:1488,0
DA:1491,0
DA:1492,0
DA:1493,0
DA:1494,0
DA:1498,0
DA:1499,0
DA:1500,0
DA:1501,0
DA:1502,0
DA:1503,0
DA:1505,0
DA:1506,0
DA:1507,0
DA:1511,0
DA:1512,0
DA:1514,0
DA:1515,0
DA:1516,0
DA:1517,0
DA:1518,0
DA:1519,0
DA:1520,0
DA:1524,0
DA:1527,0
DA:1529,0
DA:1530,0
DA:1531,0
DA:1534,0
DA:1535,0
DA:1536,0
DA:1537,0
DA:1540,0
DA:1541,0
DA:1543,0
DA:1544,0
DA:1545,0
DA:1546,0
DA:1547,0
DA:1548,0
DA:1549,0
DA:1553,0
DA:1556,0
DA:1558,0
DA:1559,0
DA:1560,0
DA:1563,0
DA:1564,0
DA:1565,0
DA:1566,0
DA:1569,0
DA:1570,0
DA:1571,0
DA:1572,0
DA:1576,0
DA:1577,0
DA:1578,0
DA:1579,0
DA:1580,0
DA:1581,0
DA:1583,0
DA:1584,0
DA:1585,0
DA:1589,0
DA:1590,0
DA:1592,0
DA:1593,0
DA:1594,0
DA:1595,0
DA:1596,0
DA:1597,0
DA:1598,0
DA:1602,0
DA:1605,0
DA:1607,0
DA:1608,0
DA:1609,0
DA:1612,0
DA:1613,0
DA:1615,0
DA:1616,0
DA:1617,0
DA:1618,0
DA:1619,0
DA:1620,0
DA:1621,0
DA:1625,0
DA:1628,0
DA:1630,0
DA:1631,0
DA:1632,0
DA:1635,0
DA:1636,0
DA:1637,0
DA:1638,0
DA:1642,0
DA:1643,0
DA:1644,0
DA:1645,0
DA:1646,0
DA:1647,0
DA:1649,0
DA:1650,0
DA:1651,0
DA:1655,0
DA:1656,0
DA:1658,0
DA:1659,0
DA:1660,0
DA:1661,0
DA:1662,0
DA:1663,0
DA:1664,0
DA:1668,0
DA:1671,0
DA:1673,0
DA:1674,0
DA:1675,0
DA:1678,0
DA:1679,0
DA:1681,0
DA:1682,0
DA:1683,0
DA:1684,0
DA:1685,0
DA:1686,0
DA:1687,0
DA:1691,0
DA:1694,0
DA:1696,0
DA:1697,0
DA:1698,0
DA:1701,0
DA:1702,0
DA:1703,0
DA:1704,0
DA:1708,0
DA:1709,0
DA:1710,0
DA:1711,0
DA:1712,0
DA:1713,0
DA:1715,0
DA:1716,0
DA:1717,0
DA:1721,0
DA:1722,0
DA:1724,0
DA:1725,0
DA:1726,0
DA:1727,0
DA:1728,0
DA:1729,0
DA:1730,0
DA:1734,0
DA:1737,0
DA:1738,0
DA:1739,0
DA:1740,0
DA:1743,0
DA:1744,0
DA:1746,0
DA:1747,0
DA:1749,0
DA:1750,0
DA:1751,0
DA:1752,0
DA:1753,0
DA:1757,0
DA:1760,0
DA:1761,0
DA:1762,0
DA:1763,0
DA:1766,0
DA:1767,0
DA:1769,0
DA:1770,0
DA:1772,0
DA:1773,0
DA:1774,0
DA:1775,0
DA:1776,0
DA:1780,0
DA:1783,0
DA:1784,0
DA:1785,0
DA:1786,0
DA:1789,0
DA:1790,0
DA:1792,0
DA:1793,0
DA:1795,0
DA:1796,0
DA:1797,0
DA:1798,0
DA:1799,0
DA:1803,0
DA:1806,0
DA:1808,0
DA:1809,0
DA:1810,0
DA:1813,0
DA:1814,0
DA:1815,0
DA:1816,0
DA:1820,0
DA:1821,0
DA:1822,0
DA:1823,0
DA:1824,0
DA:1825,0
DA:1827,0
DA:1828,0
DA:1829,0
DA:1833,0
DA:1834,0
DA:1836,0
DA:1837,0
DA:1839,0
DA:1840,0
DA:1841,0
DA:1842,0
DA:1843,0
DA:1847,0
DA:1850,0
DA:1852,0
DA:1853,0
DA:1854,0
DA:1857,0
DA:1858,0
DA:1859,0
DA:1860,0
DA:1864,0
DA:1865,0
DA:1866,0
DA:1867,0
DA:1868,0
DA:1869,0
DA:1871,0
DA:1872,0
DA:1873,0
DA:1877,0
DA:1878,0
DA:1880,0
DA:1881,0
DA:1883,0
DA:1884,0
DA:1885,0
DA:1886,0
DA:1887,0
DA:1891,0
DA:1894,0
DA:1896,0
DA:1897,0
DA:1898,0
DA:1901,0
DA:1902,0
DA:1903,0
DA:1904,0
DA:1908,0
DA:1909,0
DA:1910,0
DA:1911,0
DA:1912,0
DA:1913,0
DA:1915,0
DA:1916,0
DA:1917,0
DA:1921,0
DA:1922,0
DA:1924,0
DA:1925,0
DA:1927,0
DA:1928,0
DA:1929,0
DA:1930,0
DA:1931,0
DA:1935,0
DA:1939,0
DA:1941,0
DA:1942,0
DA:1943,0
DA:1946,0
DA:1947,0
DA:1948,0
DA:1949,0
DA:1953,0
DA:1954,0
DA:1955,0
DA:1956,0
DA:1957,0
DA:1958,0
DA:1960,0
DA:1961,0
DA:1962,0
DA:1966,0
DA:1967,0
DA:1969,0
DA:1970,0
DA:1972,0
DA:1973,0
DA:1974,0
DA:1975,0
DA:1976,0
DA:1980,0
DA:1983,0
DA:1985,0
DA:1986,0
DA:1987,0
DA:1990,0
DA:1991,0
DA:1992,0
DA:1993,0
DA:1997,0
DA:1998,0
DA:1999,0
DA:2000,0
DA:2001,0
DA:2002,0
DA:2004,0
DA:2005,0
DA:2006,0
DA:2010,0
DA:2011,0
DA:2013,0
DA:2014,0
DA:2016,0
DA:2017,0
DA:2018,0
DA:2019,0
DA:2020,0
DA:2024,0
DA:2027,0
DA:2029,0
DA:2030,0
DA:2031,0
DA:2034,0
DA:2035,0
DA:2036,0
DA:2037,0
DA:2041,0
DA:2042,0
DA:2043,0
DA:2044,0
DA:2045,0
DA:2046,0
DA:2048,0
DA:2049,0
DA:2050,0
DA:2054,0
DA:2055,0
DA:2057,0
DA:2058,0
DA:2060,0
DA:2061,0
DA:2062,0
DA:2063,0
DA:2064,0
DA:2068,0
DA:2071,0
DA:2073,0
DA:2074,0
DA:2075,0
DA:2078,0
DA:2079,0
DA:2080,0
DA:2081,0
DA:2084,0
DA:2085,0
DA:2086,0
DA:2087,0
DA:2088,0
DA:2089,0
DA:2091,0
DA:2092,0
DA:2093,0
DA:2097,0
DA:2098,0
DA:2099,0
DA:2100,0
DA:2103,0
DA:2104,0
DA:2105,0
DA:2106,0
DA:2107,0
DA:2108,0
DA:2110,0
DA:2111,0
DA:2112,0
DA:2116,0
DA:2117,0
DA:2119,0
DA:2120,0
DA:2122,0
DA:2123,0
DA:2124,0
DA:2125,0
DA:2126,0
DA:2130,0
DA:2133,0
DA:2135,0
DA:2136,0
DA:2137,0
DA:2140,0
DA:2141,0
DA:2142,0
DA:2143,0
DA:2146,0
DA:2147,0
DA:2148,0
DA:2149,0
DA:2150,0
DA:2151,0
DA:2153,0
DA:2154,0
DA:2155,0
DA:2159,0
DA:2160,0
DA:2161,0
DA:2162,0
DA:2165,0
DA:2166,0
DA:2167,0
DA:2168,0
DA:2169,0
DA:2170,0
DA:2172,0
DA:2173,0
DA:2174,0
DA:2178,0
DA:2179,0
DA:2181,0
DA:2182,0
DA:2184,0
DA:2185,0
DA:2186,0
DA:2187,0
DA:2188,0
DA:2192,0
DA:2195,0
DA:2197,0
DA:2198,0
DA:2199,0
DA:2202,0
DA:2203,0
DA:2204,0
DA:2205,0
DA:2208,0
DA:2209,0
DA:2210,0
DA:2211,0
DA:2212,0
DA:2213,0
DA:2215,0
DA:2216,0
DA:2217,0
DA:2221,0
DA:2222,0
DA:2223,0
DA:2224,0
DA:2227,0
DA:2228,0
DA:2229,0
DA:2230,0
DA:2231,0
DA:2232,0
DA:2234,0
DA:2235,0
DA:2236,0
DA:2240,0
DA:2241,0
DA:2243,0
DA:2244,0
DA:2246,0
DA:2247,0
DA:2248,0
DA:2249,0
DA:2250,0
DA:2254,0
LF:1381
LH:357
end_of_record
TN:
SF:/home/konrad/Documents/0Uni/programming/ETR/include/etr_bits/subtract.hpp
FN:41,_ZN7VVMINUSId5STOREIdES1_EC2ERKS1_S4_bbiiii
FN:98,_ZNK7VVMINUSId5STOREIdES1_EixEi
FN:102,_ZNK7VVMINUSId5STOREIdES1_E4sizeEv
FN:107,_ZNK7VVMINUSId5STOREIdES1_E2imEv
FN:111,_ZNK7VVMINUSId5STOREIdES1_E2ncEv
FN:115,_ZNK7VVMINUSId5STOREIdES1_E2nrEv
FN:122,_ZmiId5STOREIdES1_E3VECIT_7VVMINUSIS3_T0_T1_EERKS2_IS3_S5_ERKS2_IS3_S6_E
FN:139,_ZN7VSMINUSId5STOREIdEiEC2ERKS1_RKibii
FN:142,_ZNK7VSMINUSId5STOREIdEiEixEi
FN:146,_ZNK7VSMINUSId5STOREIdEiE4sizeEv
FN:151,_ZNK7VSMINUSId5STOREIdEiE2imEv
FN:155,_ZNK7VSMINUSId5STOREIdEiE2ncEv
FN:159,_ZNK7VSMINUSId5STOREIdEiE2nrEv
FN:166,_ZmiId5STOREIdEiE3VECIT_7VSMINUSIS3_T0_T1_EERKS2_IS3_S5_ERKS6_
FN:182,_ZN7SVMINUSId5STOREIdEiEC2ERKiRKS1_bii
FN:185,_ZNK7SVMINUSId5STOREIdEiEixEi
FN:189,_ZNK7SVMINUSId5STOREIdEiE4sizeEv
FN:194,_ZNK7SVMINUSId5STOREIdEiE2imEv
FN:198,_ZNK7SVMINUSId5STOREIdEiE2ncEv
FN:202,_ZNK7SVMINUSId5STOREIdEiE2nrEv
FN:210,_ZmiId5STOREIdEiE3VECIT_7SVMINUSIS3_T0_T1_EERKS6_RKS2_IS3_S5_E
FNDA:16,_ZNK7VVMINUSId5STOREIdES1_EixEi
FNDA:4,_ZNK7VSMINUSId5STOREIdEiE2imEv
FNDA:0,_ZNK7SVMINUSId5STOREIdEiE2ncEv
FNDA:4,_ZN7VVMINUSId5STOREIdES1_EC2ERKS1_S4_bbiiii
FNDA:4,_ZNK7VSMINUSId5STOREIdEiE4sizeEv
FNDA:4,_ZmiId5STOREIdES1_E3VECIT_7VVMINUSIS3_T0_T1_EERKS2_IS3_S5_ERKS2_IS3_S6_E
FNDA:1,_ZN7SVMINUSId5STOREIdEiEC2ERKiRKS1_bii
FNDA:6,_ZNK7VVMINUSId5STOREIdES1_E4sizeEv
FNDA:4,_ZmiId5STOREIdEiE3VECIT_7VSMINUSIS3_T0_T1_EERKS2_IS3_S5_ERKS6_
FNDA:1,_ZmiId5STOREIdEiE3VECIT_7SVMINUSIS3_T0_T1_EERKS6_RKS2_IS3_S5_E
FNDA:4,_ZNK7SVMINUSId5STOREIdEiEixEi
FNDA:1,_ZNK7SVMINUSId5STOREIdEiE2imEv
FNDA:4,_ZN7VSMINUSId5STOREIdEiEC2ERKS1_RKibii
FNDA:13,_ZNK7VSMINUSId5STOREIdEiEixEi
FNDA:3,_ZNK7VVMINUSId5STOREIdES1_E2nrEv
FNDA:4,_ZNK7VVMINUSId5STOREIdES1_E2imEv
FNDA:1,_ZNK7VSMINUSId5STOREIdEiE2nrEv
FNDA:1,_ZNK7VSMINUSId5STOREIdEiE2ncEv
FNDA:3,_ZNK7VVMINUSId5STOREIdES1_E2ncEv
FNDA:0,_ZNK7SVMINUSId5STOREIdEiE2nrEv
FNDA:1,_ZNK7SVMINUSId5STOREIdEiE4sizeEv
FNF:21
FNH:19
DA:41,4
DA:42,4
DA:44,4
DA:45,4
DA:46,4
DA:47,4
DA:48,4
DA:49,4
DA:51,4
DA:52,1
DA:53,3
DA:54,3
DA:55,1
DA:56,1
DA:57,2
DA:58,2
DA:59,2
DA:60,0
DA:61,0
DA:62,0
DA:64,0
DA:68,4
DA:70,0
DA:71,0
DA:72,0
DA:73,0
DA:75,0
DA:76,0
DA:78,4
DA:80,2
DA:81,2
DA:82,10
DA:83,8
DA:85,8
DA:86,8
DA:88,2
DA:89,2
DA:90,2
DA:91,10
DA:92,8
DA:93,8
DA:96,4
DA:98,16
DA:99,16
DA:102,6
DA:103,6
DA:104,6
DA:107,4
DA:108,4
DA:111,3
DA:112,3
DA:115,3
DA:116,3
DA:122,4
DA:123,12
DA:124,4
DA:125,8
DA:139,4
DA:140,4
DA:142,13
DA:143,13
DA:146,4
DA:147,4
DA:151,4
DA:152,4
DA:155,1
DA:156,1
DA:159,1
DA:160,1
DA:166,4
DA:167,4
DA:182,1
DA:183,1
DA:185,4
DA:186,4
DA:189,1
DA:190,1
DA:194,1
DA:195,1
DA:198,0
DA:199,0
DA:202,0
DA:203,0
DA:210,1
DA:211,1
LF:85
LH:71
end_of_record
TN:
SF:/home/konrad/Documents/0Uni/programming/ETR/include/etr_bits/trigo.hpp
FN:78,_Z5sinusd
FN:82,_Z5sinusi
FN:138,_Z6sinushd
FN:142,_Z6sinushi
FN:197,_Z6asinusd
FN:201,_Z6asinusi
FN:259,_Z7cosinusd
FN:263,_Z7cosinusi
FN:322,_Z8acosinusd
FN:326,_Z8acosinusi
FN:384,_Z8cosinushd
FN:388,_Z8cosinushi
FN:448,_Z7tangensd
FN:452,_Z7tangensi
FN:510,_Z8atangensd
FN:514,_Z8atangensi
FN:572,_Z8tangenshd
FN:576,_Z8tangenshi
FNDA:0,_Z5sinusd
FNDA:0,_Z8atangensi
FNDA:0,_Z8acosinusi
FNDA:0,_Z6asinusi
FNDA:0,_Z7cosinusd
FNDA:0,_Z8tangenshi
FNDA:0,_Z8acosinusd
FNDA:0,_Z8atangensd
FNDA:0,_Z7tangensi
FNDA:1,_Z5sinusi
FNDA:0,_Z6sinushd
FNDA:0,_Z8tangenshd
FNDA:0,_Z7tangensd
FNDA:0,_Z8cosinushi
FNDA:0,_Z6asinusd
FNDA:0,_Z8cosinushd
FNDA:0,_Z6sinushi
FNDA:0,_Z7cosinusi
FNF:18
FNH:1
DA:78,0
DA:79,0
DA:82,1
DA:83,1
DA:138,0
DA:139,0
DA:142,0
DA:143,0
DA:197,0
DA:198,0
DA:201,0
DA:202,0
DA:259,0
DA:260,0
DA:263,0
DA:264,0
DA:322,0
DA:323,0
DA:326,0
DA:327,0
DA:384,0
DA:385,0
DA:388,0
DA:389,0
DA:448,0
DA:449,0
DA:452,0
DA:453,0
DA:510,0
DA:511,0
DA:514,0
DA:515,0
DA:572,0
DA:573,0
DA:576,0
DA:577,0
LF:36
LH:2
end_of_record
TN:
SF:/home/konrad/Documents/0Uni/programming/ETR/include/etr_bits/util.hpp
FN:28,_Z3assbNSt7__cxx1112basic_stringIcSt11char_traitsIcESaIcEEE
FN:36,_Z5rangeii
FNDA:6,_Z5rangeii
FNDA:1737,_Z3assbNSt7__cxx1112basic_stringIcSt11char_traitsIcESaIcEEE
FNF:2
FNH:2
DA:28,1737
DA:29,1737
DA:30,0
DA:31,0
DA:33,1737
DA:36,6
DA:37,6
DA:38,51
DA:39,45
DA:41,6
LF:10
LH:8
end_of_record
TN:
SF:/home/konrad/Documents/0Uni/programming/ETR/include/etr_bits/vec.hpp
FN:58,_ZN3VECId5STOREIdEEC2Ed
FN:59,_ZN3VECId5STOREIdEEC2Em
FN:62,_ZN3VECId5STOREIdEEC2Ei
FN:62,_ZN3VECIi5STOREIiEEC2Ei
FN:62,_ZN3VECIb5STOREIbEEC2Ei
FN:63,_ZN3VECId5STOREIdEEC2Eid
FN:64,_ZN3VECId7SVTIMESId5STOREIdEiEEC2ERKS3_
FN:64,_ZN3VECId7VVTIMESId5STOREIdES2_EEC2ERKS3_
FN:64,_ZN3VECId6VVPLUSId5STOREIdES2_EEC2ERKS3_
FN:64,_ZN3VECId7SVMINUSId5STOREIdEiEEC2ERKS3_
FN:64,_ZN3VECId5VVlogId5STOREIdEEEC2ERKS3_
FN:64,_ZN3VECId6SVPLUSId5STOREIdEiEEC2ERKS3_
FN:64,_ZN3VECId5VVDIVId5STOREIdES2_EEC2ERKS3_
FN:64,_ZN3VECId7VSMINUSId5STOREIdEiEEC2ERKS3_
FN:64,_ZN3VECId5VVEXPId5STOREIdEiEEC2ERKS3_
FN:64,_ZN3VECId5VSDIVId5STOREIdEiEEC2ERKS3_
FN:64,_ZN3VECId7VSTIMESId5STOREIdEiEEC2ERKS3_
FN:64,_ZN3VECId5SVDIVId5STOREIdEdEEC2ERKS3_
FN:64,_ZN3VECId5VSDIVId5STOREIdEdEEC2ERKS3_
FN:64,_ZN3VECId7VSTIMESId5STOREIdEdEEC2ERKS3_
FN:64,_ZN3VECId7VVMINUSId5STOREIdES2_EEC2ERKS3_
FN:64,_ZN3VECId6VSPLUSId5STOREIdEiEEC2ERKS3_
FN:68,_ZN3VECId5STOREIdEEC2Ev
FN:69,_ZN3VECId5STOREIdEEC2ESt6vectorIdSaIdEE
FN:72,_ZN3VECId5STOREIdEEC2Eii
FN:73,_ZN3VECId5STOREIdEEC2Eiid
FN:78,_ZN3VECId5STOREIdEEC2Id7VSMINUSIdS1_iEEERKS_IT_T0_E
FN:78,_ZN3VECId5STOREIdEEC2Id6VSPLUSIdS1_iEEERKS_IT_T0_E
FN:78,_ZN3VECId5STOREIdEEC2Id7VSTIMESIdS1_dEEERKS_IT_T0_E
FN:78,_ZN3VECId5STOREIdEEC2Id5SVDIVIdS1_dEEERKS_IT_T0_E
FN:78,_ZN3VECId5STOREIdEEC2Id6SVPLUSIdS1_iEEERKS_IT_T0_E
FN:78,_ZN3VECId5STOREIdEEC2Id5VSDIVIdS1_dEEERKS_IT_T0_E
FN:78,_ZN3VECId5STOREIdEEC2Id7SVMINUSIdS1_iEEERKS_IT_T0_E
FN:78,_ZN3VECId5STOREIdEEC2Id7SVTIMESIdS1_iEEERKS_IT_T0_E
FN:96,_ZN3VECIb5STOREIbEEC2ERKS2_
FN:109,_ZN3VECId5STOREIdEEaSERKd
FN:125,_ZN3VECId5STOREIdEEaSERKS2_
FN:163,_ZN3VECId5STOREIdEEaSId5VVDIVIdS1_S1_EEERS2_RKS_IT_T0_E
FN:163,_ZN3VECId5STOREIdEEaSId7VVMINUSIdS1_S1_EEERS2_RKS_IT_T0_E
FN:163,_ZN3VECId5STOREIdEEaSId6VSPLUSIdS1_iEEERS2_RKS_IT_T0_E
FN:163,_ZN3VECId5STOREIdEEaSId5VSDIVIdS1_iEEERS2_RKS_IT_T0_E
FN:163,_ZN3VECId5STOREIdEEaSId7VVTIMESIdS1_S1_EEERS2_RKS_IT_T0_E
FN:163,_ZN3VECId5STOREIdEEaSId7VSMINUSIdS1_iEEERS2_RKS_IT_T0_E
FN:163,_ZN3VECId5STOREIdEEaSId6VVPLUSIdS1_S1_EEERS2_RKS_IT_T0_E
FN:163,_ZN3VECId5STOREIdEEaSId5VVlogIdS1_EEERS2_RKS_IT_T0_E
FN:163,_ZN3VECId5STOREIdEEaSId5VVEXPIdS1_iEEERS2_RKS_IT_T0_E
FN:163,_ZN3VECId5STOREIdEEaSId7VSTIMESIdS1_iEEERS2_RKS_IT_T0_E
FN:193,_ZNK3VECId5VSDIVId5STOREIdEdEE4sizeEv
FN:193,_ZNK3VECId7SVMINUSId5STOREIdEiEE4sizeEv
FN:193,_ZNK3VECId7VSTIMESId5STOREIdEdEE4sizeEv
FN:193,_ZNK3VECId7VVTIMESId5STOREIdES2_EE4sizeEv
FN:193,_ZNK3VECId5VVEXPId5STOREIdEiEE4sizeEv
FN:193,_ZNK3VECIi5STOREIiEE4sizeEv
FN:193,_ZNK3VECId7SVTIMESId5STOREIdEiEE4sizeEv
FN:193,_ZNK3VECId7VSMINUSId5STOREIdEiEE4sizeEv
FN:193,_ZNK3VECId7VVMINUSId5STOREIdES2_EE4sizeEv
FN:193,_ZNK3VECId6VVPLUSId5STOREIdES2_EE4sizeEv
FN:193,_ZNK3VECId6SVPLUSId5STOREIdEiEE4sizeEv
FN:193,_ZNK3VECId7VSTIMESId5STOREIdEiEE4sizeEv
FN:193,_ZNK3VECId6VSPLUSId5STOREIdEiEE4sizeEv
FN:193,_ZNK3VECId5STOREIdEE4sizeEv
FN:193,_ZNK3VECId5VSDIVId5STOREIdEiEE4sizeEv
[...]
DA:14241,0
DA:14243,0
DA:14246,0
DA:14247,0
DA:14249,0
DA:14250,0
DA:14253,0
DA:14256,1
DA:14259,0
DA:14260,0
DA:14263,0
DA:14264,0
DA:14267,1
DA:14268,2
DA:14269,20
DA:14270,19
DA:14271,19
DA:14276,1
DA:14278,0
DA:14279,0
DA:14280,0
DA:14281,0
DA:14282,0
DA:14283,0
DA:14284,0
DA:14287,0
DA:14289,1
DA:14290,1
DA:14293,19
DA:14294,19
DA:14295,19
DA:14296,0
DA:14297,0
DA:14298,0
DA:14300,19
DA:14303,0
DA:14304,0
DA:14306,1
DA:14307,1
DA:14308,1
DA:14310,1
DA:14311,1
DA:14312,1
DA:14314,1
DA:14318,19
DA:14320,19
DA:14321,19
DA:14322,19
DA:14324,19
DA:14325,19
DA:14326,19
DA:14328,0
DA:14329,0
DA:14330,0
DA:14331,0
DA:14332,0
DA:14334,19
DA:14355,38
DA:14357,38
DA:14358,38
DA:14360,38
DA:14362,19
DA:14363,19
DA:14364,19
DA:14365,19
DA:14366,19
DA:14369,0
DA:14370,0
DA:14371,0
DA:14372,0
DA:14373,0
DA:14375,19
DA:14376,19
DA:14377,19
DA:14378,19
DA:14379,19
DA:14380,19
DA:14381,19
DA:14383,19
DA:14384,19
DA:14386,38
DA:14387,38
DA:14389,38
DA:14390,38
DA:14391,38
DA:14393,38
DA:14396,38
DA:14397,38
DA:14399,19
DA:14400,19
DA:14402,19
DA:14403,19
DA:14405,0
DA:14406,0
DA:14408,0
DA:14409,0
DA:14412,19
DA:14413,19
DA:14414,19
DA:14416,19
DA:14418,0
DA:14420,0
DA:14421,0
DA:14422,19
DA:14423,38
DA:14424,0
DA:14425,38
DA:14427,0
DA:14428,0
DA:14429,0
DA:14432,19
DA:14433,19
DA:14434,19
DA:14435,19
DA:14436,0
DA:14438,19
DA:14440,0
DA:14441,0
DA:14443,19
DA:14444,19
DA:14445,19
DA:14446,19
DA:14447,19
DA:14448,19
DA:14450,19
DA:14453,19
DA:14454,0
DA:14456,19
DA:14457,0
DA:14458,0
DA:14460,19
DA:14461,19
DA:14462,19
DA:14463,0
DA:14464,0
DA:14465,0
DA:14466,0
DA:14468,0
DA:14471,0
DA:14473,0
DA:14474,0
DA:14476,19
DA:14477,19
DA:14478,19
DA:14479,0
DA:14480,0
DA:14481,0
DA:14482,0
DA:14483,0
DA:14484,0
DA:14485,0
DA:14486,0
DA:14487,0
DA:14488,0
DA:14490,19
DA:14491,19
DA:14492,19
DA:14493,19
DA:14494,19
DA:14495,19
DA:14496,19
DA:14498,38
DA:14500,38
DA:14502,38
DA:14503,19
DA:14504,0
DA:14506,19
DA:14507,19
DA:14509,38
DA:14511,19
DA:14512,19
DA:14514,19
DA:14515,0
DA:14516,19
DA:14517,19
DA:14519,19
DA:14522,38
DA:14524,19
DA:14525,19
DA:14527,19
DA:14528,38
DA:14529,0
DA:14530,0
DA:14531,0
DA:14534,19
DA:14535,19
DA:14537,19
DA:14538,19
DA:14539,38
DA:14542,19
DA:14543,19
DA:14544,19
DA:14545,19
DA:14547,19
DA:14548,19
DA:14549,0
DA:14550,0
DA:14551,0
DA:14552,0
DA:14554,19
DA:14555,19
DA:14556,19
DA:14557,0
DA:14558,19
DA:14560,0
DA:14561,0
DA:14564,0
DA:14565,0
DA:14584,19
DA:14585,19
DA:14588,19
DA:14590,19
DA:14592,19
DA:14593,19
DA:14594,38
DA:14596,19
DA:14598,19
DA:14599,0
DA:14601,0
DA:14603,19
DA:14605,19
DA:14617,0
DA:14618,0
DA:14619,0
DA:14621,0
DA:14623,0
DA:14624,0
DA:14627,0
DA:14629,0
DA:14630,0
DA:14632,0
DA:14633,0
DA:14636,0
DA:14638,0
DA:14639,0
DA:14641,0
DA:14642,0
DA:14643,0
DA:14644,0
DA:14647,0
DA:14649,0
DA:14650,0
DA:14652,0
DA:14653,0
DA:14656,0
DA:14657,0
DA:14660,0
DA:14661,0
DA:14662,0
DA:14663,0
DA:14664,0
DA:14667,1
DA:14668,1
DA:14671,0
DA:14672,0
DA:14675,1
DA:14677,1
DA:14678,0
DA:14679,0
DA:14680,0
DA:14681,0
DA:14682,0
DA:14683,0
DA:14684,1
DA:14685,1
DA:14688,2
DA:14689,2
DA:14698,1
DA:14700,0
DA:14701,0
DA:14702,0
DA:14703,0
DA:14704,0
DA:14705,0
DA:14706,0
DA:14707,0
DA:14709,0
DA:14711,0
DA:14712,0
DA:14713,0
DA:14715,0
DA:14716,0
DA:14718,1
DA:14719,1
DA:14720,1
DA:14722,0
DA:14723,0
DA:14724,0
DA:14725,0
DA:14726,0
DA:14727,0
DA:14728,0
DA:14731,0
DA:14732,0
DA:14733,0
DA:14734,0
DA:14735,0
DA:14736,0
DA:14737,0
DA:14738,0
DA:14739,0
DA:14740,0
DA:14741,0
DA:14742,0
DA:14743,0
DA:14746,0
DA:14747,0
DA:14748,0
DA:14751,0
DA:14752,0
DA:14753,0
DA:14754,0
DA:14756,0
DA:14760,0
DA:14761,0
DA:14762,0
DA:14763,0
DA:14764,0
DA:14765,0
DA:14766,0
DA:14767,0
DA:14768,0
DA:14769,0
DA:14770,0
DA:14771,0
DA:14772,0
DA:14773,0
DA:14774,0
DA:14775,0
DA:14778,0
DA:14779,0
DA:14780,0
DA:14781,0
DA:14783,0
DA:14784,0
DA:14786,0
DA:14787,0
DA:14788,0
DA:14789,0
DA:14790,0
DA:14791,0
DA:14792,0
DA:14794,0
DA:14795,0
DA:14796,0
DA:14797,0
DA:14798,0
DA:14799,0
DA:14801,0
DA:14802,0
DA:14803,0
DA:14804,0
DA:14805,0
DA:14806,0
DA:14807,0
DA:14809,0
DA:14812,0
DA:14813,0
DA:14814,0
DA:14815,0
DA:14816,0
DA:14817,0
DA:14818,0
DA:14819,0
DA:14820,0
DA:14821,0
DA:14822,0
DA:14823,0
DA:14824,0
DA:14825,0
DA:14826,0
DA:14827,0
DA:14828,0
DA:14829,0
DA:14830,0
DA:14834,1
DA:14835,1
DA:14836,0
DA:14837,0
DA:14839,1
DA:14841,0
DA:14842,0
DA:14843,0
DA:14845,0
DA:14846,0
DA:14847,0
DA:14849,0
DA:14850,0
DA:14852,0
DA:14853,0
DA:14854,0
DA:14855,0
DA:14856,0
DA:14857,0
DA:14859,0
DA:14860,0
DA:14861,0
DA:14864,0
DA:14865,0
DA:14866,0
DA:14867,0
DA:14868,0
DA:14869,0
DA:14870,0
DA:14871,0
DA:14874,0
DA:14875,0
DA:14877,0
DA:14880,0
DA:14881,0
DA:14883,0
DA:14884,0
DA:14885,0
DA:14886,0
DA:14887,0
DA:14889,0
DA:14890,0
DA:14891,0
DA:14892,0
DA:14894,0
DA:14895,0
DA:14897,0
DA:14900,0
DA:14901,0
DA:14902,0
DA:14903,0
DA:14904,0
DA:14906,0
DA:14909,0
DA:14911,0
DA:14912,0
DA:14914,0
DA:14916,0
DA:14917,0
DA:14918,0
DA:14919,0
DA:14921,0
DA:14922,0
DA:14935,38
DA:14936,38
DA:14940,0
DA:14941,0
DA:14944,0
DA:14946,0
DA:14949,0
DA:14950,0
DA:14951,0
DA:14952,0
DA:14954,0
DA:14955,0
DA:14960,0
DA:14961,0
DA:14967,0
DA:14970,0
DA:14971,0
DA:14972,0
DA:14975,19
DA:14976,19
DA:14977,19
DA:14978,19
DA:14979,19
DA:14981,19
DA:14982,19
DA:14984,0
DA:14985,0
DA:14987,19
DA:14988,19
DA:15021,0
DA:15022,0
DA:15025,0
DA:15026,0
DA:15031,0
DA:15033,0
DA:15034,0
DA:15035,0
DA:15036,0
DA:15039,0
DA:15040,0
DA:15041,0
DA:15042,0
DA:15043,0
DA:15044,0
DA:15049,0
DA:15050,0
DA:15051,0
DA:15054,0
DA:15055,0
DA:15056,0
DA:15057,0
DA:15058,0
DA:15059,0
DA:15060,0
DA:15061,0
DA:15062,0
DA:15063,0
DA:15065,0
DA:15074,0
DA:15075,0
DA:15076,0
DA:15079,0
DA:15080,0
DA:15081,0
DA:15082,0
DA:15083,0
DA:15084,0
DA:15085,0
DA:15086,0
DA:15087,0
DA:15088,0
DA:15089,0
DA:15090,0
DA:15093,0
DA:15094,0
DA:15098,0
DA:15099,0
DA:15103,0
DA:15104,0
DA:15105,0
DA:15107,0
DA:15110,0
DA:15111,0
DA:15112,0
DA:15114,0
DA:15119,0
DA:15120,0
DA:15121,0
DA:15122,0
DA:15123,0
DA:15125,0
DA:15129,0
DA:15130,0
DA:15134,0
DA:15135,0
DA:15136,0
DA:15138,0
DA:15141,0
DA:15142,0
DA:15143,0
DA:15145,0
DA:15152,0
DA:15153,0
DA:15157,0
DA:15158,0
DA:15160,0
DA:15161,0
DA:15163,0
DA:15164,0
DA:15165,0
DA:15166,0
DA:15167,0
DA:15169,0
DA:15172,0
DA:15173,0
DA:15175,0
DA:15176,0
DA:15178,0
DA:15179,0
DA:15180,0
DA:15181,0
DA:15182,0
DA:15184,0
DA:15187,0
DA:15188,0
DA:15191,0
DA:15192,0
DA:15193,0
DA:15194,0
DA:15195,0
DA:15196,0
DA:15197,0
DA:15198,0
DA:15199,0
DA:15200,0
DA:15201,0
DA:15203,0
DA:15204,0
DA:15205,0
DA:15208,0
DA:15209,0
DA:15211,0
DA:15212,0
DA:15215,0
DA:15216,0
DA:15221,0
DA:15222,0
DA:15227,0
DA:15228,0
DA:15231,0
DA:15232,0
DA:15233,0
DA:15234,0
DA:15235,0
DA:15236,0
DA:15249,57
DA:15250,57
DA:15251,57
DA:15252,57
DA:15253,57
DA:15254,57
DA:15257,57
DA:15258,57
DA:15259,57
DA:15260,57
DA:15261,57
DA:15264,25
DA:15265,25
DA:15267,2
DA:15268,2
DA:15270,0
DA:15271,0
DA:15274,19
DA:15275,19
DA:15276,19
DA:15277,19
DA:15278,19
DA:15281,19
DA:15282,19
DA:15283,19
DA:15284,19
DA:15287,19
DA:15288,19
DA:15289,19
DA:15290,0
DA:15291,19
DA:15292,0
DA:15294,19
DA:15295,19
DA:15340,0
DA:15344,0
DA:15357,0
DA:15362,0
DA:15367,0
DA:15368,0
DA:15370,0
DA:15371,0
DA:15372,0
DA:15373,0
DA:15375,0
DA:15376,0
DA:15377,0
DA:15379,0
DA:15382,0
DA:15383,0
DA:15384,0
DA:15393,0
DA:15394,0
DA:15396,0
DA:15398,0
DA:15399,0
DA:15400,0
DA:15402,0
DA:15403,0
DA:15404,0
DA:15406,0
DA:15408,0
DA:15409,0
DA:15410,0
DA:15411,0
DA:15412,0
DA:15413,0
DA:15414,0
DA:15415,0
DA:15416,0
DA:15417,0
DA:15418,0
DA:15419,0
DA:15423,0
DA:15424,0
DA:15437,0
DA:15438,0
DA:15439,0
DA:15441,0
DA:15442,0
DA:15444,0
DA:15445,0
DA:15447,0
DA:15450,0
DA:15451,0
DA:15452,0
DA:15454,0
DA:15455,0
DA:15457,0
DA:15458,0
DA:15460,0
DA:15463,0
DA:15464,0
DA:15465,0
DA:15466,0
DA:15467,0
DA:15468,0
DA:15469,0
DA:15471,0
DA:15472,0
DA:15475,0
DA:15476,0
DA:15481,0
DA:15485,0
DA:15488,0
DA:15492,0
DA:15495,0
DA:15497,0
DA:15498,0
DA:15500,0
DA:15504,0
DA:15505,0
DA:15506,0
DA:15507,0
DA:15508,0
DA:15510,0
DA:15512,0
DA:15513,0
DA:15515,0
DA:15516,0
DA:15518,0
DA:15519,0
DA:15520,0
DA:15522,0
DA:15523,0
DA:15525,0
DA:15530,0
DA:15531,0
DA:15532,0
DA:15536,0
DA:15537,0
DA:15538,0
DA:15547,0
DA:15549,0
DA:15550,0
DA:15553,0
DA:15555,0
DA:15556,0
DA:15557,0
DA:15562,0
DA:15563,0
DA:15564,0
DA:15565,0
DA:15566,0
DA:15567,0
DA:15570,0
DA:15572,0
DA:15574,0
DA:15575,0
DA:15576,0
DA:15580,0
DA:15581,0
DA:15585,0
DA:15586,0
DA:15588,0
DA:15589,0
DA:15592,0
DA:15594,0
DA:15595,0
DA:15596,0
DA:15599,0
DA:15601,0
DA:15602,0
DA:15604,0
DA:15605,0
DA:15606,0
DA:15608,0
DA:15609,0
DA:15610,0
DA:15611,0
DA:15612,0
DA:15613,0
DA:15615,0
DA:15616,0
DA:15617,0
DA:15618,0
DA:15619,0
DA:15622,0
DA:15623,0
DA:15624,0
DA:15626,0
DA:15628,0
DA:15629,0
DA:15630,0
DA:15633,0
DA:15635,0
DA:15636,0
DA:15638,0
DA:15639,0
DA:15640,0
DA:15642,0
DA:15643,0
DA:15645,0
DA:15646,0
DA:15647,0
DA:15648,0
DA:15649,0
DA:15650,0
DA:15652,0
DA:15653,0
DA:15654,0
DA:15655,0
DA:15656,0
DA:15659,0
DA:15660,0
DA:15661,0
DA:15662,0
DA:15665,0
DA:15666,0
DA:15668,0
DA:15669,0
DA:15670,0
DA:15672,0
DA:15673,0
DA:15674,0
DA:15676,0
DA:15678,0
DA:15679,0
DA:15680,0
DA:15681,0
DA:15684,0
DA:15685,0
DA:15686,0
DA:15687,0
DA:15690,0
DA:15691,0
DA:15692,0
DA:15695,0
DA:15696,0
DA:15697,0
DA:15698,0
DA:15699,0
DA:15700,0
DA:15702,0
DA:15703,0
DA:15705,0
DA:15708,0
DA:15709,0
DA:15710,0
DA:15711,0
DA:15713,0
DA:15714,0
DA:15715,0
DA:15718,0
DA:15719,0
DA:15720,0
DA:15722,0
DA:15723,0
DA:15724,0
DA:15725,0
DA:15728,0
DA:15729,0
DA:15730,0
DA:15731,0
DA:15732,0
DA:15734,0
DA:15736,0
DA:15737,0
DA:15738,0
DA:15740,0
DA:15741,0
DA:15742,0
DA:15744,0
DA:15745,0
DA:15746,0
DA:15747,0
DA:15749,0
DA:15761,0
DA:15762,0
DA:15763,0
DA:15767,0
DA:15772,0
DA:15776,0
DA:15780,0
DA:15782,0
DA:15785,19
DA:15786,19
DA:15787,0
DA:15789,19
DA:15790,0
DA:15792,19
DA:15793,19
DA:15796,0
DA:15797,0
DA:15798,0
DA:15799,0
DA:15801,0
DA:15802,0
DA:15804,0
DA:15806,0
DA:15808,0
DA:15811,0
DA:15812,0
DA:15814,0
DA:15815,0
DA:15818,0
DA:15820,0
DA:15821,0
DA:15834,0
DA:15835,0
DA:15839,0
DA:15841,0
DA:15843,0
DA:15856,0
DA:15857,0
DA:15858,0
DA:15859,0
DA:15860,0
DA:15862,0
DA:15863,0
DA:15865,0
DA:15866,0
DA:15867,0
DA:15868,0
DA:15869,0
DA:15871,0
DA:15872,0
DA:15873,0
DA:15874,0
DA:15875,0
DA:15877,0
DA:15878,0
DA:15880,0
DA:15882,0
DA:15883,0
DA:15884,0
DA:15886,0
DA:15893,0
DA:15894,0
DA:15895,0
DA:15896,0
DA:15897,0
DA:15898,0
DA:15900,0
DA:15901,0
DA:15903,0
DA:15905,0
DA:15906,0
DA:15907,0
DA:15908,0
DA:15909,0
DA:15910,0
DA:15911,0
DA:15913,0
DA:15914,0
DA:15915,0
DA:15916,0
DA:15917,0
DA:15919,0
DA:15920,0
DA:15921,0
DA:15922,0
DA:15923,0
DA:15924,0
DA:15925,0
DA:15926,0
DA:15927,0
DA:15928,0
DA:15929,0
DA:15930,0
DA:15931,0
DA:15932,0
DA:15933,0
DA:15934,0
DA:15935,0
DA:15936,0
DA:15937,0
DA:15938,0
DA:15939,0
DA:15940,0
DA:15941,0
DA:15942,0
DA:15943,0
DA:15944,0
DA:15945,0
DA:15946,0
DA:15947,0
DA:15948,0
DA:15949,0
DA:15950,0
DA:15951,0
DA:15952,0
DA:15953,0
DA:15954,0
DA:15955,0
DA:15956,0
DA:15957,0
DA:15958,0
DA:15960,0
DA:15963,0
DA:15964,0
DA:15966,0
DA:15969,0
DA:15970,0
DA:15971,0
DA:15972,0
DA:15974,0
DA:15975,0
DA:15977,0
DA:15978,0
DA:15980,0
DA:15982,0
DA:15984,0
DA:15985,0
DA:15986,0
DA:15988,0
DA:15989,0
DA:15990,0
DA:15992,0
DA:15993,0
DA:15995,0
DA:15997,0
DA:15999,0
DA:16000,0
DA:16001,0
DA:16003,0
DA:16005,0
DA:16006,0
DA:16008,0
DA:16009,0
DA:16011,0
DA:16013,0
DA:16015,0
DA:16016,0
DA:16017,0
DA:16018,0
DA:16020,0
DA:16022,0
DA:16023,0
DA:16024,0
DA:16026,0
DA:16027,0
DA:16030,0
DA:16031,0
DA:16034,0
DA:16036,0
DA:16037,0
DA:16038,0
DA:16039,0
DA:16040,0
DA:16042,0
DA:16044,0
DA:16058,0
DA:16059,0
DA:16062,0
DA:16063,0
DA:16064,0
DA:16066,0
DA:16068,0
DA:16069,0
DA:16071,0
DA:16074,0
DA:16075,0
DA:16076,0
DA:16077,0
DA:16080,0
DA:16081,0
DA:16083,0
DA:16084,0
DA:16087,0
DA:16088,0
DA:16089,0
DA:16090,0
DA:16092,0
DA:16094,0
DA:16095,0
DA:16096,0
DA:16097,0
DA:16098,0
DA:16100,0
DA:16132,0
DA:16133,0
DA:16135,0
DA:16137,0
DA:16138,0
DA:16139,0
DA:16140,0
DA:16141,0
DA:16142,0
DA:16143,0
DA:16145,0
DA:16146,0
DA:16147,0
DA:16148,0
DA:16149,0
DA:16150,0
DA:16151,0
DA:16152,0
DA:16153,0
DA:16155,0
DA:16156,0
DA:16158,0
DA:16159,0
DA:16160,0
DA:16161,0
DA:16162,0
DA:16163,0
DA:16164,0
DA:16165,0
DA:16166,0
DA:16167,0
DA:16168,0
DA:16169,0
DA:16170,0
DA:16171,0
DA:16172,0
DA:16173,0
DA:16174,0
DA:16175,0
DA:16176,0
DA:16177,0
DA:16178,0
DA:16179,0
DA:16180,0
DA:16181,0
DA:16182,0
DA:16183,0
DA:16184,0
DA:16185,0
DA:16186,0
DA:16187,0
DA:16188,0
DA:16189,0
DA:16190,0
DA:16191,0
DA:16192,0
DA:16193,0
DA:16194,0
DA:16195,0
DA:16197,0
DA:16200,0
DA:16201,0
DA:16202,0
DA:16204,0
DA:16206,0
DA:16207,0
DA:16208,0
DA:16209,0
DA:16210,0
DA:16211,0
DA:16213,0
DA:16215,0
DA:16216,0
DA:16219,0
DA:16220,0
DA:16221,0
DA:16222,0
DA:16224,0
DA:16225,0
DA:16226,0
DA:16227,0
DA:16228,0
DA:16229,0
DA:16230,0
DA:16232,0
DA:16233,0
DA:16234,0
DA:16235,0
DA:16236,0
DA:16237,0
DA:16239,0
DA:16240,0
DA:16241,0
DA:16242,0
DA:16243,0
DA:16245,0
DA:16246,0
DA:16248,0
DA:16249,0
DA:16250,0
DA:16251,0
DA:16252,0
DA:16265,3
DA:16266,3
DA:16267,3
DA:16270,1
DA:16271,1
DA:16272,0
DA:16273,1
DA:16274,0
DA:16276,1
DA:16369,1
DA:16370,1
DA:16371,1
DA:16393,57
DA:16394,57
DA:16395,0
DA:16396,0
DA:16397,0
DA:16399,57
DA:16429,0
DA:16430,0
DA:16431,0
DA:16432,0
DA:16434,0
DA:16438,1
DA:16440,1
DA:16441,1
DA:16442,1
DA:16449,0
DA:16458,5
DA:16460,1
DA:16461,2
DA:16463,0
DA:16464,0
DA:16467,0
DA:16468,0
DA:16469,0
DA:16471,0
DA:16472,0
DA:16473,0
DA:16475,487
DA:16477,0
DA:16478,0
DA:16480,0
DA:16483,0
DA:16484,0
DA:16486,0
DA:16488,0
DA:16489,0
DA:16490,0
DA:16491,0
DA:16494,19
DA:16495,19
DA:16496,19
DA:16497,19
DA:16498,19
DA:16499,19
DA:16500,19
DA:16501,19
DA:16502,0
DA:16503,0
DA:16504,0
DA:16505,0
DA:16507,0
DA:16508,0
DA:16510,19
DA:16511,19
DA:16512,0
DA:16514,19
DA:16515,0
DA:16517,19
DA:16518,19
DA:16568,19
DA:16569,19
DA:16570,19
DA:16571,19
DA:16572,19
DA:16573,1
DA:16574,1
DA:16575,0
DA:16576,0
DA:16577,0
DA:16578,0
DA:16580,1
DA:16581,1
DA:16582,1
DA:16583,1
DA:16584,1
DA:16585,1
DA:16586,1
DA:16587,1
DA:16588,1
DA:16589,1
DA:16590,1
DA:16591,1
DA:16593,0
DA:16595,0
DA:16596,0
DA:16597,0
DA:16599,0
DA:16601,0
DA:16602,0
DA:16603,0
DA:16604,0
DA:16606,0
DA:16607,0
DA:16608,0
DA:16610,0
DA:16611,0
DA:16612,0
DA:16613,0
DA:16614,0
DA:16615,0
DA:16616,0
DA:16618,0
DA:16619,0
DA:16621,0
DA:16622,0
DA:16623,0
DA:16624,0
DA:16625,0
DA:16626,0
DA:16628,0
DA:16629,0
DA:16630,0
DA:16631,0
DA:16633,0
DA:16634,0
DA:16637,0
DA:16638,0
DA:16639,0
DA:16640,0
DA:16643,0
DA:16645,0
DA:16646,0
DA:16647,0
DA:16648,0
DA:16649,0
DA:16651,0
DA:16652,0
DA:16653,0
DA:16654,0
DA:16655,0
DA:16656,0
DA:16658,0
DA:16659,0
DA:16661,0
DA:16665,0
DA:16666,0
DA:16667,0
DA:16668,0
DA:16670,0
DA:16671,0
DA:16672,0
DA:16676,0
DA:16677,0
DA:16678,0
DA:16679,0
DA:16680,0
DA:16681,0
DA:16682,0
DA:16683,0
DA:16684,0
DA:16685,0
DA:16686,0
DA:16687,0
DA:16689,0
DA:16690,0
DA:16699,1
DA:16700,1
DA:16701,0
DA:16702,1
DA:16703,1
DA:16704,1
DA:16705,2
DA:16706,2
DA:16707,1
DA:16710,0
DA:16711,0
DA:16712,0
DA:16713,0
DA:16714,0
DA:16715,0
DA:16716,0
DA:16717,0
DA:16718,0
DA:16719,0
DA:16720,0
DA:16721,0
DA:16722,0
DA:16724,0
DA:16725,0
DA:16727,1
DA:16728,0
DA:16729,0
DA:16730,0
DA:16731,0
DA:16732,0
DA:16733,0
DA:16734,0
DA:16736,0
DA:16737,0
DA:16738,0
DA:16739,0
DA:16740,0
DA:16743,0
DA:16744,0
DA:16746,1
DA:16747,1
DA:16748,1
DA:16749,1
DA:16750,1
DA:16751,1
DA:16752,0
DA:16753,2
DA:16754,1
DA:16756,1
DA:16757,1
DA:16758,1
DA:16759,1
DA:16761,0
DA:16763,0
DA:16765,1
DA:16766,1
DA:16767,0
DA:16768,0
DA:16769,0
DA:16771,1
DA:16772,1
DA:16773,0
DA:16774,0
DA:16776,1
DA:16801,0
DA:16805,0
DA:16806,0
DA:16813,0
DA:16817,0
DA:16822,0
DA:16824,0
DA:16827,0
DA:16830,0
DA:16831,0
DA:16832,0
DA:16833,0
DA:16840,0
DA:16841,0
DA:16842,0
DA:16843,0
DA:16848,0
DA:16850,0
DA:16852,0
DA:16853,0
DA:16854,0
DA:16856,0
DA:16858,0
DA:16859,0
DA:16862,0
DA:16864,0
DA:16865,0
DA:16866,0
DA:16867,0
DA:16869,0
DA:16870,0
DA:16871,0
DA:16872,0
DA:16873,0
DA:16874,0
DA:16875,0
DA:16877,0
DA:16878,0
DA:16879,0
DA:16881,0
DA:16882,0
DA:16883,0
DA:16884,0
DA:16887,0
DA:16888,0
DA:16889,0
DA:16890,0
DA:16891,0
DA:16893,0
DA:16894,0
DA:16895,0
DA:16896,0
DA:16897,0
DA:16899,0
DA:16900,0
DA:16901,0
DA:16903,0
DA:16904,0
DA:16906,0
DA:16907,0
DA:16908,0
DA:16909,0
DA:16910,0
DA:16911,0
DA:16912,0
DA:16913,0
DA:16915,0
DA:16916,0
DA:16919,0
DA:16920,0
DA:16921,0
DA:16922,0
DA:16923,0
DA:16924,0
DA:16926,0
DA:16927,0
DA:16928,0
DA:16929,0
DA:16934,0
DA:16935,0
DA:16937,0
DA:16938,0
DA:16939,0
DA:16941,0
DA:16942,0
DA:16946,0
DA:16947,0
DA:16949,0
DA:16951,0
DA:16952,0
DA:16953,0
DA:16954,0
DA:16957,0
DA:16958,0
DA:16960,0
DA:16961,0
DA:16963,0
DA:16967,0
DA:16968,0
DA:16969,0
DA:16971,0
DA:16972,0
DA:16973,0
DA:16974,0
DA:16975,0
DA:16976,0
DA:16977,0
DA:16980,0
DA:16981,0
DA:16983,0
DA:16988,0
DA:16990,0
DA:16991,0
DA:16992,0
DA:16995,0
DA:16997,0
DA:16998,0
DA:16999,0
DA:17000,0
DA:17002,0
DA:17003,0
DA:17004,0
DA:17006,0
DA:17007,0
DA:17009,0
DA:17010,0
DA:17011,0
DA:17012,0
DA:17014,0
DA:17015,0
DA:17016,0
DA:17017,0
DA:17018,0
DA:17019,0
DA:17021,0
DA:17022,0
DA:17023,0
DA:17026,0
DA:17027,0
DA:17030,0
DA:17036,0
DA:17037,0
DA:17040,0
DA:17042,0
DA:17043,0
DA:17045,0
DA:17046,0
DA:17047,0
DA:17048,0
DA:17049,0
DA:17050,0
DA:17051,0
DA:17053,0
DA:17054,0
DA:17055,0
DA:17058,0
DA:17061,0
DA:17062,0
DA:17063,0
DA:17064,0
DA:17065,0
DA:17067,0
DA:17068,0
DA:17070,0
DA:17082,0
DA:17084,0
DA:17085,0
DA:17087,0
DA:17088,0
DA:17089,0
DA:17091,0
DA:17092,0
DA:17093,0
DA:17094,0
DA:17095,0
DA:17097,0
DA:17098,0
DA:17101,0
DA:17102,0
DA:17105,0
DA:17106,0
DA:17107,0
DA:17109,0
DA:17110,0
DA:17112,0
DA:17113,0
DA:17114,0
DA:17116,0
DA:17117,0
DA:17147,0
DA:17148,0
DA:17149,0
DA:17151,0
DA:17152,0
DA:17154,0
DA:17155,0
DA:17156,0
DA:17158,0
DA:17159,0
DA:17161,0
DA:17162,0
DA:17163,0
DA:17165,0
DA:17166,0
DA:17168,0
DA:17169,0
DA:17170,0
DA:17172,0
DA:17173,0
DA:17175,0
DA:17176,0
DA:17177,0
DA:17179,0
DA:17180,0
DA:17183,0
DA:17184,0
DA:17185,0
DA:17187,0
DA:17190,0
DA:17191,0
DA:17192,0
DA:17194,0
DA:17195,0
DA:17197,0
DA:17198,0
DA:17199,0
DA:17201,0
DA:17202,0
DA:17204,0
DA:17205,0
DA:17206,0
DA:17208,0
DA:17209,0
DA:17211,0
DA:17212,0
DA:17213,0
DA:17215,0
DA:17216,0
DA:17218,0
DA:17219,0
DA:17220,0
DA:17222,0
DA:17223,0
DA:17225,0
DA:17226,0
DA:17241,0
DA:17243,0
DA:17245,0
DA:17246,0
DA:17247,0
DA:17249,0
DA:17251,0
DA:17252,0
DA:17255,0
DA:17256,0
DA:17259,0
DA:17261,0
DA:17262,0
DA:17263,0
DA:17265,0
DA:17266,0
DA:17267,0
DA:17269,0
DA:17270,0
DA:17271,0
DA:17272,0
DA:17273,0
DA:17274,0
DA:17275,0
DA:17276,0
DA:17277,0
DA:17278,0
DA:17279,0
DA:17280,0
DA:17281,0
DA:17282,0
DA:17284,0
DA:17285,0
DA:17286,0
DA:17287,0
DA:17288,0
DA:17290,0
DA:17291,0
DA:17292,0
DA:17293,0
DA:17294,0
DA:17295,0
DA:17297,0
DA:17299,0
DA:17300,0
DA:17301,0
DA:17302,0
DA:17304,0
DA:17305,0
DA:17306,0
DA:17307,0
DA:17308,0
DA:17309,0
DA:17310,0
DA:17312,0
DA:17314,0
DA:17316,0
DA:17318,0
DA:17320,0
DA:17322,0
DA:17324,0
DA:17325,0
DA:17326,0
DA:17327,0
DA:17328,0
DA:17329,0
DA:17330,0
DA:17336,0
DA:17337,0
DA:17340,0
DA:17341,0
DA:17342,0
DA:17343,0
DA:17345,0
DA:17347,0
DA:17348,0
DA:17349,0
DA:17350,0
DA:17354,0
DA:17355,0
DA:17356,0
DA:17357,0
DA:17358,0
DA:17359,0
DA:17360,0
DA:17361,0
DA:17362,0
DA:17363,0
DA:17364,0
DA:17365,0
DA:17366,0
DA:17367,0
DA:17368,0
DA:17369,0
DA:17370,0
DA:17371,0
DA:17373,0
DA:17374,0
DA:17375,0
DA:17376,0
DA:17377,0
DA:17378,0
DA:17379,0
DA:17380,0
DA:17381,0
DA:17384,0
DA:17385,0
DA:17387,0
DA:17390,0
DA:17391,0
DA:17392,0
DA:17393,0
DA:17394,0
DA:17395,0
DA:17396,0
DA:17398,0
DA:17399,0
DA:17401,0
DA:17403,0
DA:17405,0
DA:17406,0
DA:17407,0
DA:17408,0
DA:17410,0
DA:17411,0
DA:17413,0
DA:17414,0
DA:17415,0
DA:17416,0
DA:17418,0
DA:17419,0
DA:17421,0
DA:17422,0
DA:17424,0
DA:17425,0
DA:17426,0
DA:17427,0
DA:17428,0
DA:17429,0
DA:17430,0
DA:17431,0
DA:17432,0
DA:17433,0
DA:17435,0
DA:17436,0
DA:17437,0
DA:17438,0
DA:17439,0
DA:17440,0
DA:17441,0
DA:17442,0
DA:17443,0
DA:17444,0
DA:17445,0
DA:17446,0
DA:17523,1
DA:17526,1
LF:4609
LH:1147
end_of_record
