TN:
SF:/home/konrad/Documents/0Uni/programming/ETR/include/etr_bits/add.hpp
FN:43,_ZN3etr6VVPLUSIdNS_5STOREIdEES2_EC2ERKS2_S5_bbiiii
FN:100,_ZNK3etr6VVPLUSIdNS_5STOREIdEES2_EixEi
FN:104,_ZNK3etr6VVPLUSIdNS_5STOREIdEES2_E4sizeEv
FN:113,_ZNK3etr6VVPLUSIdNS_5STOREIdEES2_E2ncEv
FN:117,_ZNK3etr6VVPLUSIdNS_5STOREIdEES2_E2nrEv
FN:125,_ZN3etrplIdNS_5STOREIdEES2_EENS_3VECIT_NS_6VVPLUSIS4_T0_T1_EEEERKNS3_IS4_S6_EERKNS3_IS4_S7_EE
FN:143,_ZN3etr6VSPLUSIdNS_5STOREIdEEiEC2ERKS2_RKibii
FN:146,_ZNK3etr6VSPLUSIdNS_5STOREIdEEiEixEi
FN:150,_ZNK3etr6VSPLUSIdNS_5STOREIdEEiE4sizeEv
FN:155,_ZNK3etr6VSPLUSIdNS_5STOREIdEEiE2imEv
FN:159,_ZNK3etr6VSPLUSIdNS_5STOREIdEEiE2ncEv
FN:163,_ZNK3etr6VSPLUSIdNS_5STOREIdEEiE2nrEv
FN:170,_ZN3etrplIdNS_5STOREIdEEiEENS_3VECIT_NS_6VSPLUSIS4_T0_T1_EEEERKNS3_IS4_S6_EERKS7_
FN:188,_ZN3etr6SVPLUSIdNS_5STOREIdEEiEC2ERKiRKS2_bii
FN:191,_ZNK3etr6SVPLUSIdNS_5STOREIdEEiEixEi
FN:195,_ZNK3etr6SVPLUSIdNS_5STOREIdEEiE4sizeEv
FN:200,_ZNK3etr6SVPLUSIdNS_5STOREIdEEiE2imEv
FN:204,_ZNK3etr6SVPLUSIdNS_5STOREIdEEiE2ncEv
FN:208,_ZNK3etr6SVPLUSIdNS_5STOREIdEEiE2nrEv
FN:216,_ZN3etrplIdNS_5STOREIdEEiEENS_3VECIT_NS_6SVPLUSIS4_T0_T1_EEEERKS7_RKNS3_IS4_S6_EE
FNDA:4,_ZN3etr6VSPLUSIdNS_5STOREIdEEiEC2ERKS2_RKibii
FNDA:6,_ZNK3etr6VVPLUSIdNS_5STOREIdEES2_E4sizeEv
FNDA:0,_ZNK3etr6VSPLUSIdNS_5STOREIdEEiE2ncEv
FNDA:4,_ZN3etr6VVPLUSIdNS_5STOREIdEES2_EC2ERKS2_S5_bbiiii
FNDA:0,_ZNK3etr6VVPLUSIdNS_5STOREIdEES2_E2nrEv
FNDA:0,_ZNK3etr6VSPLUSIdNS_5STOREIdEEiE2nrEv
FNDA:1,_ZN3etrplIdNS_5STOREIdEEiEENS_3VECIT_NS_6SVPLUSIS4_T0_T1_EEEERKS7_RKNS3_IS4_S6_EE
FNDA:0,_ZNK3etr6SVPLUSIdNS_5STOREIdEEiE2ncEv
FNDA:4,_ZNK3etr6SVPLUSIdNS_5STOREIdEEiEixEi
FNDA:1,_ZNK3etr6VSPLUSIdNS_5STOREIdEEiE2imEv
FNDA:13,_ZNK3etr6VSPLUSIdNS_5STOREIdEEiEixEi
FNDA:4,_ZNK3etr6VSPLUSIdNS_5STOREIdEEiE4sizeEv
FNDA:0,_ZNK3etr6SVPLUSIdNS_5STOREIdEEiE2nrEv
FNDA:16,_ZNK3etr6VVPLUSIdNS_5STOREIdEES2_EixEi
FNDA:1,_ZN3etr6SVPLUSIdNS_5STOREIdEEiEC2ERKiRKS2_bii
FNDA:1,_ZNK3etr6SVPLUSIdNS_5STOREIdEEiE4sizeEv
FNDA:1,_ZNK3etr6SVPLUSIdNS_5STOREIdEEiE2imEv
FNDA:4,_ZN3etrplIdNS_5STOREIdEES2_EENS_3VECIT_NS_6VVPLUSIS4_T0_T1_EEEERKNS3_IS4_S6_EERKNS3_IS4_S7_EE
FNDA:4,_ZN3etrplIdNS_5STOREIdEEiEENS_3VECIT_NS_6VSPLUSIS4_T0_T1_EEEERKNS3_IS4_S6_EERKS7_
FNDA:0,_ZNK3etr6VVPLUSIdNS_5STOREIdEES2_E2ncEv
FNF:20
FNH:14
DA:43,4
DA:44,4
DA:46,4
DA:47,4
DA:48,4
DA:49,4
DA:50,4
DA:51,4
DA:53,4
DA:54,3
DA:55,1
DA:56,1
DA:57,0
DA:58,0
DA:59,1
DA:60,1
DA:61,1
DA:62,0
DA:63,0
DA:64,0
DA:66,0
DA:70,4
DA:72,0
DA:73,0
DA:74,0
DA:75,0
DA:77,0
DA:78,0
DA:80,4
DA:82,2
DA:83,2
DA:84,10
DA:85,8
DA:87,8
DA:88,8
DA:90,2
DA:91,2
DA:92,2
DA:93,10
DA:94,8
DA:95,8
DA:98,4
DA:100,16
DA:101,16
DA:104,6
DA:105,6
DA:106,6
DA:113,0
DA:114,0
DA:117,0
DA:118,0
DA:125,4
DA:126,12
DA:127,4
DA:128,8
DA:143,4
DA:144,4
DA:146,13
DA:147,13
DA:150,4
DA:151,4
DA:155,1
DA:156,1
DA:159,0
DA:160,0
DA:163,0
DA:164,0
DA:170,4
DA:171,4
DA:188,1
DA:189,1
DA:191,4
DA:192,4
DA:195,1
DA:196,1
DA:200,1
DA:201,1
DA:204,0
DA:205,0
DA:208,0
DA:209,0
DA:216,1
DA:217,1
LF:83
LH:59
end_of_record
TN:
SF:/home/konrad/Documents/0Uni/programming/ETR/include/etr_bits/allocation.hpp
FN:30,_ZN3etr6vectorEi
FN:35,_ZN3etr6vectorEdi
FN:41,_ZN3etr6vectorENS_3VECIdNS_5STOREIdEEEE
FN:47,_ZN3etr6matrixEii
FN:56,_ZN3etr6matrixEdii
FN:64,_ZN3etr6matrixENS_3VECIdNS_5STOREIdEEEEii
FNDA:13,_ZN3etr6matrixEdii
FNDA:5,_ZN3etr6vectorEi
FNDA:1,_ZN3etr6vectorENS_3VECIdNS_5STOREIdEEEE
FNDA:85,_ZN3etr6vectorEdi
FNDA:1,_ZN3etr6matrixEii
FNDA:49,_ZN3etr6matrixENS_3VECIdNS_5STOREIdEEEEii
FNF:6
FNH:6
DA:30,5
DA:31,5
DA:32,5
DA:35,85
DA:36,85
DA:37,85
DA:41,1
DA:42,1
DA:43,1
DA:44,1
DA:47,1
DA:48,1
DA:49,1
DA:50,1
DA:51,1
DA:52,1
DA:56,13
DA:57,13
DA:58,13
DA:59,13
DA:60,13
DA:61,13
DA:64,49
DA:65,49
DA:66,49
DA:67,49
DA:68,49
DA:69,49
DA:70,49
LF:29
LH:29
end_of_record
TN:
SF:/home/konrad/Documents/0Uni/programming/ETR/include/etr_bits/colon.hpp
FN:30,_ZN3etr5colonEii
FN:38,_ZN3etr5colonEdd
FN:48,_ZN3etr5colonEid
FN:58,_ZN3etr5colonEdi
FN:68,_ZN3etr5colonEiNS_3VECIdNS_5STOREIdEEEE
FN:78,_ZN3etr5colonEdNS_3VECIdNS_5STOREIdEEEE
FN:88,_ZN3etr5colonENS_3VECIdNS_5STOREIdEEEEi
FN:98,_ZN3etr5colonENS_3VECIdNS_5STOREIdEEEEd
FN:109,_ZN3etr5colonENS_3VECIdNS_5STOREIdEEEES3_
FN:120,_ZN3etr6lengthEd
FN:124,_ZN3etr6lengthEi
FN:128,_ZN3etr6lengthEb
FN:133,_ZN3etr6lengthIdEEiRNS_3VECIT_NS_5STOREIS2_EEEE
FN:138,_ZN3etr3dimIdEENS_3VECIdNS_5STOREIdEEEERNS1_IT_NS2_IS5_EEEE
FN:153,_ZN3etr3dimEb
FN:158,_ZN3etr3dimEi
FN:163,_ZN3etr3dimEd
FNDA:1,_ZN3etr5colonENS_3VECIdNS_5STOREIdEEEEi
FNDA:4,_ZN3etr3dimIdEENS_3VECIdNS_5STOREIdEEEERNS1_IT_NS2_IS5_EEEE
FNDA:1,_ZN3etr6lengthEd
FNDA:1,_ZN3etr5colonEdi
FNDA:1,_ZN3etr5colonEid
FNDA:1,_ZN3etr6lengthEb
FNDA:1,_ZN3etr5colonENS_3VECIdNS_5STOREIdEEEEd
FNDA:0,_ZN3etr3dimEd
FNDA:2,_ZN3etr6lengthIdEEiRNS_3VECIT_NS_5STOREIS2_EEEE
FNDA:0,_ZN3etr3dimEb
FNDA:1,_ZN3etr5colonEdd
FNDA:2,_ZN3etr6lengthEi
FNDA:0,_ZN3etr3dimEi
FNDA:1,_ZN3etr5colonEiNS_3VECIdNS_5STOREIdEEEE
FNDA:1,_ZN3etr5colonENS_3VECIdNS_5STOREIdEEEES3_
FNDA:95,_ZN3etr5colonEii
FNDA:1,_ZN3etr5colonEdNS_3VECIdNS_5STOREIdEEEE
FNF:17
FNH:14
DA:30,95
DA:31,95
DA:32,1428
DA:33,1333
DA:35,95
DA:38,1
DA:40,1
DA:41,1
DA:42,4
DA:43,3
DA:45,1
DA:48,1
DA:50,1
DA:51,1
DA:52,4
DA:53,3
DA:55,1
DA:58,1
DA:60,1
DA:61,1
DA:62,4
DA:63,3
DA:65,1
DA:68,1
DA:70,1
DA:71,1
DA:72,4
DA:73,3
DA:75,1
DA:78,1
DA:80,1
DA:81,1
DA:82,4
DA:83,3
DA:85,1
DA:88,1
DA:90,1
DA:91,1
DA:92,4
DA:93,3
DA:95,1
DA:98,1
DA:100,1
DA:101,1
DA:102,4
DA:103,3
DA:105,1
DA:109,1
DA:111,1
DA:112,1
DA:113,4
DA:114,3
DA:116,1
DA:120,1
DA:121,1
DA:124,2
DA:125,2
DA:128,1
DA:129,1
DA:133,2
DA:134,2
DA:138,4
DA:139,4
DA:140,0
DA:141,0
DA:144,4
DA:146,4
DA:147,4
DA:149,4
DA:153,0
DA:154,0
DA:155,0
DA:158,0
DA:159,0
DA:160,0
DA:163,0
DA:164,0
DA:165,0
LF:78
LH:67
end_of_record
TN:
SF:/home/konrad/Documents/0Uni/programming/ETR/include/etr_bits/comparison.hpp
FN:30,_ZN3etr2cdEdd
FN:34,_ZN3etreqERNS_3VECIdNS_5STOREIdEEEEd
FN:43,_ZN3etreqEONS_3VECIdNS_5STOREIdEEEEd
FN:52,_ZN3etreqERNS_3VECIdNS_5STOREIdEEEEi
FN:61,_ZN3etreqEONS_3VECIdNS_5STOREIdEEEEi
FN:72,_ZN3etrgeERNS_3VECIdNS_5STOREIdEEEEd
FN:81,_ZN3etrgeEONS_3VECIdNS_5STOREIdEEEEd
FN:90,_ZN3etrgeERNS_3VECIdNS_5STOREIdEEEEi
FN:99,_ZN3etrgeEONS_3VECIdNS_5STOREIdEEEEi
FN:110,_ZN3etrleERNS_3VECIdNS_5STOREIdEEEEd
FN:119,_ZN3etrleEONS_3VECIdNS_5STOREIdEEEEd
FN:128,_ZN3etrleERNS_3VECIdNS_5STOREIdEEEEi
FN:137,_ZN3etrleEONS_3VECIdNS_5STOREIdEEEEi
FN:147,_ZN3etrltERNS_3VECIdNS_5STOREIdEEEEd
FN:156,_ZN3etrltEONS_3VECIdNS_5STOREIdEEEEd
FN:165,_ZN3etrltERNS_3VECIdNS_5STOREIdEEEEi
FN:174,_ZN3etrltEONS_3VECIdNS_5STOREIdEEEEi
FN:185,_ZN3etrgtERNS_3VECIdNS_5STOREIdEEEEd
FN:194,_ZN3etrgtEONS_3VECIdNS_5STOREIdEEEEd
FN:203,_ZN3etrgtERNS_3VECIdNS_5STOREIdEEEEi
FN:212,_ZN3etrgtEONS_3VECIdNS_5STOREIdEEEEi
FN:223,_ZN3etrneERNS_3VECIdNS_5STOREIdEEEEd
FN:232,_ZN3etrneEONS_3VECIdNS_5STOREIdEEEEd
FN:241,_ZN3etrneERNS_3VECIdNS_5STOREIdEEEEi
FN:250,_ZN3etrneEONS_3VECIdNS_5STOREIdEEEEi
FN:261,_ZN3etreqERNS_3VECIdNS_5STOREIdEEEES4_
FN:303,_ZN3etrgeERNS_3VECIdNS_5STOREIdEEEES4_
FN:345,_ZN3etrleERNS_3VECIdNS_5STOREIdEEEES4_
FN:388,_ZN3etrgtERNS_3VECIdNS_5STOREIdEEEES4_
FN:431,_ZN3etrltERNS_3VECIdNS_5STOREIdEEEES4_
FN:473,_ZN3etrneERNS_3VECIdNS_5STOREIdEEEES4_
FN:549,_ZN3etreqEONS_3VECIdNS_5STOREIdEEEES4_
FN:589,_ZN3etreqERNS_3VECIdNS_5STOREIdEEEEOS3_
FN:629,_ZN3etreqEONS_3VECIdNS_5STOREIdEEEERS3_
FN:672,_ZN3etrgeEONS_3VECIdNS_5STOREIdEEEES4_
FN:713,_ZN3etrgeERNS_3VECIdNS_5STOREIdEEEEOS3_
FN:754,_ZN3etrgeEONS_3VECIdNS_5STOREIdEEEERS3_
FN:796,_ZN3etrleEONS_3VECIdNS_5STOREIdEEEES4_
FN:837,_ZN3etrleERNS_3VECIdNS_5STOREIdEEEEOS3_
FN:878,_ZN3etrleEONS_3VECIdNS_5STOREIdEEEERS3_
FN:922,_ZN3etrgtEONS_3VECIdNS_5STOREIdEEEES4_
FN:964,_ZN3etrgtERNS_3VECIdNS_5STOREIdEEEEOS3_
FN:1006,_ZN3etrgtEONS_3VECIdNS_5STOREIdEEEERS3_
FN:1049,_ZN3etrltEONS_3VECIdNS_5STOREIdEEEES4_
FN:1090,_ZN3etrltERNS_3VECIdNS_5STOREIdEEEEOS3_
FN:1130,_ZN3etrltEONS_3VECIdNS_5STOREIdEEEERS3_
FN:1175,_ZN3etrneEONS_3VECIdNS_5STOREIdEEEES4_
FN:1217,_ZN3etrneERNS_3VECIdNS_5STOREIdEEEEOS3_
FN:1258,_ZN3etrneEONS_3VECIdNS_5STOREIdEEEERS3_
FNDA:0,_ZN3etreqEONS_3VECIdNS_5STOREIdEEEEi
FNDA:28,_ZN3etreqERNS_3VECIdNS_5STOREIdEEEES4_
FNDA:2,_ZN3etrgtERNS_3VECIdNS_5STOREIdEEEEd
FNDA:3,_ZN3etrltERNS_3VECIdNS_5STOREIdEEEES4_
FNDA:1,_ZN3etrneEONS_3VECIdNS_5STOREIdEEEES4_
FNDA:2,_ZN3etrneERNS_3VECIdNS_5STOREIdEEEEi
FNDA:5,_ZN3etrneEONS_3VECIdNS_5STOREIdEEEERS3_
FNDA:9,_ZN3etreqEONS_3VECIdNS_5STOREIdEEEES4_
FNDA:2,_ZN3etrgtERNS_3VECIdNS_5STOREIdEEEES4_
FNDA:2,_ZN3etrltERNS_3VECIdNS_5STOREIdEEEEd
FNDA:1,_ZN3etrleERNS_3VECIdNS_5STOREIdEEEEOS3_
FNDA:1,_ZN3etrgtEONS_3VECIdNS_5STOREIdEEEES4_
FNDA:0,_ZN3etrleEONS_3VECIdNS_5STOREIdEEEEd
FNDA:1,_ZN3etrgtERNS_3VECIdNS_5STOREIdEEEEOS3_
FNDA:1,_ZN3etrleEONS_3VECIdNS_5STOREIdEEEES4_
FNDA:2,_ZN3etrltERNS_3VECIdNS_5STOREIdEEEEOS3_
FNDA:1,_ZN3etrltEONS_3VECIdNS_5STOREIdEEEES4_
FNDA:5,_ZN3etrltEONS_3VECIdNS_5STOREIdEEEERS3_
FNDA:0,_ZN3etrneEONS_3VECIdNS_5STOREIdEEEEd
FNDA:2,_ZN3etreqERNS_3VECIdNS_5STOREIdEEEEd
FNDA:2,_ZN3etrleERNS_3VECIdNS_5STOREIdEEEEd
FNDA:5,_ZN3etreqEONS_3VECIdNS_5STOREIdEEEERS3_
FNDA:173,_ZN3etr2cdEdd
FNDA:0,_ZN3etrgeEONS_3VECIdNS_5STOREIdEEEEd
FNDA:2,_ZN3etrleERNS_3VECIdNS_5STOREIdEEEEi
FNDA:0,_ZN3etrgtEONS_3VECIdNS_5STOREIdEEEEi
FNDA:0,_ZN3etrleEONS_3VECIdNS_5STOREIdEEEEi
FNDA:5,_ZN3etrgeEONS_3VECIdNS_5STOREIdEEEERS3_
FNDA:1,_ZN3etrgeERNS_3VECIdNS_5STOREIdEEEEOS3_
FNDA:2,_ZN3etreqERNS_3VECIdNS_5STOREIdEEEEi
FNDA:1,_ZN3etreqERNS_3VECIdNS_5STOREIdEEEEOS3_
FNDA:2,_ZN3etrgeERNS_3VECIdNS_5STOREIdEEEEd
FNDA:0,_ZN3etrgtEONS_3VECIdNS_5STOREIdEEEEd
FNDA:2,_ZN3etrleERNS_3VECIdNS_5STOREIdEEEES4_
FNDA:5,_ZN3etrgtEONS_3VECIdNS_5STOREIdEEEERS3_
FNDA:0,_ZN3etrgeEONS_3VECIdNS_5STOREIdEEEEi
FNDA:0,_ZN3etrneERNS_3VECIdNS_5STOREIdEEEEOS3_
FNDA:2,_ZN3etrgtERNS_3VECIdNS_5STOREIdEEEEi
FNDA:0,_ZN3etrneEONS_3VECIdNS_5STOREIdEEEEi
FNDA:2,_ZN3etrltERNS_3VECIdNS_5STOREIdEEEEi
FNDA:1,_ZN3etrneERNS_3VECIdNS_5STOREIdEEEES4_
FNDA:5,_ZN3etrleEONS_3VECIdNS_5STOREIdEEEERS3_
FNDA:1,_ZN3etrgeEONS_3VECIdNS_5STOREIdEEEES4_
FNDA:2,_ZN3etrgeERNS_3VECIdNS_5STOREIdEEEES4_
FNDA:0,_ZN3etrltEONS_3VECIdNS_5STOREIdEEEEd
FNDA:2,_ZN3etrgeERNS_3VECIdNS_5STOREIdEEEEi
FNDA:0,_ZN3etreqEONS_3VECIdNS_5STOREIdEEEEd
FNDA:2,_ZN3etrneERNS_3VECIdNS_5STOREIdEEEEd
FNDA:0,_ZN3etrltEONS_3VECIdNS_5STOREIdEEEEi
FNF:49
FNH:36
DA:30,173
DA:31,173
DA:34,2
DA:35,2
DA:36,10
DA:37,8
DA:40,2
DA:43,0
DA:44,0
DA:45,0
DA:46,0
DA:49,0
DA:52,2
DA:53,2
DA:54,10
DA:55,8
DA:58,2
DA:61,0
DA:62,0
DA:63,0
DA:64,0
DA:67,0
DA:72,2
DA:73,2
DA:74,10
DA:75,8
DA:78,2
DA:81,0
DA:82,0
DA:83,0
DA:84,0
DA:87,0
DA:90,2
DA:91,2
DA:92,10
DA:93,8
DA:96,2
DA:99,0
DA:100,0
DA:101,0
DA:102,0
DA:105,0
DA:110,2
DA:111,2
DA:112,10
DA:113,8
DA:116,2
DA:119,0
DA:120,0
DA:121,0
DA:122,0
DA:125,0
DA:128,2
DA:129,2
DA:130,10
DA:131,8
DA:134,2
DA:137,0
DA:138,0
DA:139,0
DA:140,0
DA:143,0
DA:147,2
DA:148,2
DA:149,10
DA:150,8
DA:153,2
DA:156,0
DA:157,0
DA:158,0
DA:159,0
DA:162,0
DA:165,2
DA:166,2
DA:167,10
DA:168,8
DA:171,2
DA:174,0
DA:175,0
DA:176,0
DA:177,0
DA:180,0
DA:185,2
DA:186,2
DA:187,10
DA:188,8
DA:191,2
DA:194,0
DA:195,0
DA:196,0
DA:197,0
DA:200,0
DA:203,2
DA:204,2
DA:205,10
DA:206,8
DA:209,2
DA:212,0
DA:213,0
DA:214,0
DA:215,0
DA:218,0
DA:223,2
DA:224,2
DA:225,10
DA:226,8
DA:229,2
DA:232,0
DA:233,0
DA:234,0
DA:235,0
DA:238,0
DA:241,2
DA:242,2
DA:243,10
DA:244,8
DA:247,2
DA:250,0
DA:251,0
DA:252,0
DA:253,0
DA:256,0
DA:261,28
DA:263,28
DA:264,28
DA:265,28
DA:266,28
DA:267,28
DA:269,28
DA:270,119
DA:271,93
DA:273,26
DA:276,2
DA:278,12
DA:279,10
DA:280,2
DA:282,10
DA:285,0
DA:287,0
DA:288,0
DA:289,0
DA:291,0
DA:298,2
DA:303,2
DA:305,2
DA:306,2
DA:307,2
DA:308,2
DA:309,2
DA:311,2
DA:312,10
DA:313,8
DA:315,2
DA:318,0
DA:320,0
DA:321,0
DA:322,0
DA:324,0
DA:327,0
DA:329,0
DA:330,0
DA:331,0
DA:333,0
DA:340,0
DA:345,2
DA:347,2
DA:348,2
DA:349,2
DA:350,2
DA:351,2
DA:353,2
DA:354,10
DA:355,8
DA:357,2
DA:360,0
DA:362,0
DA:363,0
DA:364,0
DA:366,0
DA:369,0
DA:371,0
DA:372,0
DA:373,0
DA:375,0
DA:382,0
DA:388,2
DA:390,2
DA:391,2
DA:392,2
DA:393,2
DA:394,2
DA:396,2
DA:397,10
DA:398,8
DA:400,2
DA:403,0
DA:405,0
DA:406,0
DA:407,0
DA:409,0
DA:412,0
DA:414,0
DA:415,0
DA:416,0
DA:418,0
DA:425,0
DA:431,3
DA:433,3
DA:434,3
DA:435,3
DA:436,3
DA:437,3
DA:439,3
DA:440,15
DA:441,12
DA:443,3
DA:446,0
DA:448,0
DA:449,0
DA:450,0
DA:452,0
DA:455,0
DA:457,0
DA:458,0
DA:459,0
DA:461,0
DA:468,0
DA:473,1
DA:475,1
DA:476,1
DA:477,1
DA:478,1
DA:479,1
DA:481,1
DA:482,5
DA:483,4
DA:485,1
DA:488,0
DA:490,0
DA:491,0
DA:492,0
DA:494,0
DA:497,0
DA:499,0
DA:500,0
DA:501,0
DA:503,0
DA:510,0
DA:549,9
DA:551,9
DA:552,9
DA:553,9
DA:554,9
DA:555,9
DA:557,9
DA:558,39
DA:559,30
DA:561,9
DA:564,0
DA:566,0
DA:567,0
DA:568,0
DA:570,0
DA:573,0
DA:575,0
DA:576,0
DA:577,0
DA:579,0
DA:586,0
DA:589,1
DA:591,1
DA:592,1
DA:593,1
DA:594,1
DA:595,1
DA:597,1
DA:598,5
DA:599,4
DA:601,1
DA:604,0
DA:606,0
DA:607,0
DA:608,0
DA:610,0
DA:613,0
DA:615,0
DA:616,0
DA:617,0
DA:619,0
DA:626,0
DA:629,5
DA:631,5
DA:632,5
DA:633,5
DA:634,5
DA:635,5
DA:637,5
DA:638,5
DA:639,4
DA:641,1
DA:644,4
DA:646,0
DA:647,0
DA:648,0
DA:650,0
DA:653,4
DA:655,20
DA:656,16
DA:657,8
DA:659,16
DA:666,4
DA:672,1
DA:674,1
DA:675,1
DA:676,1
DA:677,1
DA:678,1
DA:680,1
DA:681,5
DA:682,4
DA:684,1
DA:687,0
DA:689,0
DA:690,0
DA:691,0
DA:693,0
DA:696,0
DA:698,0
DA:699,0
DA:700,0
DA:702,0
DA:709,0
DA:713,1
DA:715,1
DA:716,1
DA:717,1
DA:718,1
DA:719,1
DA:721,1
DA:722,5
DA:723,4
DA:725,1
DA:728,0
DA:730,0
DA:731,0
DA:732,0
DA:734,0
DA:737,0
DA:739,0
DA:740,0
DA:741,0
DA:743,0
DA:750,0
DA:754,5
DA:756,5
DA:757,5
DA:758,5
DA:759,5
DA:760,5
DA:762,5
DA:763,5
DA:764,4
DA:766,1
DA:769,4
DA:771,0
DA:772,0
DA:773,0
DA:775,0
DA:778,4
DA:780,20
DA:781,16
DA:782,8
DA:784,16
DA:791,4
DA:796,1
DA:798,1
DA:799,1
DA:800,1
DA:801,1
DA:802,1
DA:804,1
DA:805,5
DA:806,4
DA:808,1
DA:811,0
DA:813,0
DA:814,0
DA:815,0
DA:817,0
DA:820,0
DA:822,0
DA:823,0
DA:824,0
DA:826,0
DA:833,0
DA:837,1
DA:839,1
DA:840,1
DA:841,1
DA:842,1
DA:843,1
DA:845,1
DA:846,5
DA:847,4
DA:849,1
DA:852,0
DA:854,0
DA:855,0
DA:856,0
DA:858,0
DA:861,0
DA:863,0
DA:864,0
DA:865,0
DA:867,0
DA:874,0
DA:878,5
DA:880,5
DA:881,5
DA:882,5
DA:883,5
DA:884,5
DA:886,5
DA:887,5
DA:888,4
DA:890,1
DA:893,4
DA:895,0
DA:896,0
DA:897,0
DA:899,0
DA:902,4
DA:904,20
DA:905,16
DA:906,8
DA:908,16
DA:915,4
DA:922,1
DA:924,1
DA:925,1
DA:926,1
DA:927,1
DA:928,1
DA:930,1
DA:931,5
DA:932,4
DA:934,1
DA:937,0
DA:939,0
DA:940,0
DA:941,0
DA:943,0
DA:946,0
DA:948,0
DA:949,0
DA:950,0
DA:952,0
DA:959,0
DA:964,1
DA:966,1
DA:967,1
DA:968,1
DA:969,1
DA:970,1
DA:972,1
DA:973,5
DA:974,4
DA:976,1
DA:979,0
DA:981,0
DA:982,0
DA:983,0
DA:985,0
DA:988,0
DA:990,0
DA:991,0
DA:992,0
DA:994,0
DA:1001,0
DA:1006,5
DA:1008,5
DA:1009,5
DA:1010,5
DA:1011,5
DA:1012,5
DA:1014,5
DA:1015,5
DA:1016,4
DA:1018,1
DA:1021,4
DA:1023,0
DA:1024,0
DA:1025,0
DA:1027,0
DA:1030,4
DA:1032,20
DA:1033,16
DA:1034,8
DA:1036,16
DA:1043,4
DA:1049,1
DA:1051,1
DA:1052,1
DA:1053,1
DA:1054,1
DA:1055,1
DA:1057,1
DA:1058,5
DA:1059,4
DA:1061,1
DA:1064,0
DA:1066,0
DA:1067,0
DA:1068,0
DA:1070,0
DA:1073,0
DA:1075,0
DA:1076,0
DA:1077,0
DA:1079,0
DA:1086,0
DA:1090,2
DA:1092,2
DA:1093,2
DA:1094,2
DA:1095,2
DA:1096,2
DA:1098,2
DA:1099,10
DA:1100,8
DA:1102,2
DA:1105,0
DA:1107,0
DA:1108,0
DA:1109,0
DA:1111,0
DA:1114,0
DA:1116,0
DA:1117,0
DA:1118,0
DA:1120,0
DA:1127,0
DA:1130,5
DA:1132,5
DA:1133,5
DA:1134,5
DA:1135,5
DA:1136,5
DA:1138,5
DA:1139,5
DA:1140,4
DA:1142,1
DA:1145,4
DA:1147,0
DA:1148,0
DA:1149,0
DA:1151,0
DA:1154,4
DA:1156,20
DA:1157,16
DA:1158,8
DA:1160,16
DA:1167,4
DA:1175,1
DA:1177,1
DA:1178,1
DA:1179,1
DA:1180,1
DA:1181,1
DA:1183,1
DA:1184,5
DA:1185,4
DA:1187,1
DA:1190,0
DA:1192,0
DA:1193,0
DA:1194,0
DA:1196,0
DA:1199,0
DA:1201,0
DA:1202,0
DA:1203,0
DA:1205,0
DA:1212,0
DA:1217,0
DA:1219,0
DA:1220,0
DA:1221,0
DA:1222,0
DA:1223,0
DA:1225,0
DA:1226,0
DA:1227,0
DA:1229,0
DA:1232,0
DA:1234,0
DA:1235,0
DA:1236,0
DA:1238,0
DA:1241,0
DA:1243,0
DA:1244,0
DA:1245,0
DA:1247,0
DA:1254,0
DA:1258,5
DA:1260,5
DA:1261,5
DA:1262,5
DA:1263,5
DA:1264,5
DA:1266,5
DA:1267,5
DA:1268,4
DA:1270,1
DA:1273,4
DA:1275,0
DA:1276,0
DA:1277,0
DA:1279,0
DA:1282,4
DA:1284,20
DA:1285,16
DA:1286,8
DA:1288,16
DA:1295,4
LF:626
LH:340
end_of_record
TN:
SF:/home/konrad/Documents/0Uni/programming/ETR/include/etr_bits/concatenate.hpp
FN:29,_ZN3etr7combineEONS_3VECIdNS_5STOREIdEEEES4_
FN:44,_ZN3etr7combineERNS_3VECIdNS_5STOREIdEEEES4_
FN:61,_ZN3etr7combineERNS_3VECIdNS_5STOREIdEEEEd
FN:76,_ZN3etr7combineEdRNS_3VECIdNS_5STOREIdEEEE
FN:92,_ZN3etr4cocaIJiRNS_3VECIdNS_5STOREIdEEEEEEES4_DpOT_
FN:92,_ZN3etr4cocaIJiEEENS_3VECIdNS_5STOREIdEEEEDpOT_
FN:92,_ZN3etr4cocaIJddiEEENS_3VECIdNS_5STOREIdEEEEDpOT_
FN:92,_ZN3etr4cocaIJidRdEEENS_3VECIdNS_5STOREIdEEEEDpOT_
FN:92,_ZN3etr4cocaIJiiiiiiiiiiEEENS_3VECIdNS_5STOREIdEEEEDpOT_
FN:92,_ZN3etr4cocaIJiiiiEEENS_3VECIdNS_5STOREIdEEEEDpOT_
FN:92,_ZN3etr4cocaIJiiiiiiEEENS_3VECIdNS_5STOREIdEEEEDpOT_
FN:92,_ZN3etr4cocaIJidiEEENS_3VECIdNS_5STOREIdEEEEDpOT_
FN:92,_ZN3etr4cocaIJiiiiiiiiiEEENS_3VECIdNS_5STOREIdEEEEDpOT_
FN:92,_ZN3etr4cocaIJidEEENS_3VECIdNS_5STOREIdEEEEDpOT_
FN:92,_ZN3etr4cocaIJiddEEENS_3VECIdNS_5STOREIdEEEEDpOT_
FN:92,_ZN3etr4cocaIJiiiiiEEENS_3VECIdNS_5STOREIdEEEEDpOT_
FN:92,_ZN3etr4cocaIJiddRdEEENS_3VECIdNS_5STOREIdEEEEDpOT_
FN:92,_ZN3etr4cocaIJiiiEEENS_3VECIdNS_5STOREIdEEEEDpOT_
FN:92,_ZN3etr4cocaIJiiEEENS_3VECIdNS_5STOREIdEEEEDpOT_
FN:92,_ZN3etr4cocaIJRNS_3VECIdNS_5STOREIdEEEEiEEES4_DpOT_
FN:92,_ZN3etr4cocaIJidiiEEENS_3VECIdNS_5STOREIdEEEEDpOT_
FN:98,_ZZN3etr4cocaIJiiiiiiEEENS_3VECIdNS_5STOREIdEEEEDpOT_ENKUlRT_E3_clIiEEDaS9_
FN:98,_ZZN3etr4cocaIJddiEEENS_3VECIdNS_5STOREIdEEEEDpOT_ENKUlRT_E_clIdEEDaS9_
FN:98,_ZZN3etr4cocaIJiiiiiiiiiiEEENS_3VECIdNS_5STOREIdEEEEDpOT_ENKUlRT_E3_clIiEEDaS9_
FN:98,_ZZN3etr4cocaIJiiiiiiEEENS_3VECIdNS_5STOREIdEEEEDpOT_ENKUlRT_E1_clIiEEDaS9_
FN:98,_ZZN3etr4cocaIJiRNS_3VECIdNS_5STOREIdEEEEEEES4_DpOT_ENKUlRT_E_clIiEEDaSA_
FN:98,_ZZN3etr4cocaIJiiiiiiiiiEEENS_3VECIdNS_5STOREIdEEEEDpOT_ENKUlRT_E2_clIiEEDaS9_
FN:98,_ZZN3etr4cocaIJiiiiiiiiiiEEENS_3VECIdNS_5STOREIdEEEEDpOT_ENKUlRT_E2_clIiEEDaS9_
FN:98,_ZZN3etr4cocaIJiddRdEEENS_3VECIdNS_5STOREIdEEEEDpOT_ENKUlRT_E2_clIdEEDaSA_
FN:98,_ZZN3etr4cocaIJiiiiEEENS_3VECIdNS_5STOREIdEEEEDpOT_ENKUlRT_E1_clIiEEDaS9_
FN:98,_ZZN3etr4cocaIJiiiiEEENS_3VECIdNS_5STOREIdEEEEDpOT_ENKUlRT_E0_clIiEEDaS9_
FN:98,_ZZN3etr4cocaIJiiiiiiiiiiEEENS_3VECIdNS_5STOREIdEEEEDpOT_ENKUlRT_E6_clIiEEDaS9_
FN:98,_ZZN3etr4cocaIJidiiEEENS_3VECIdNS_5STOREIdEEEEDpOT_ENKUlRT_E_clIiEEDaS9_
FN:98,_ZZN3etr4cocaIJiddEEENS_3VECIdNS_5STOREIdEEEEDpOT_ENKUlRT_E0_clIdEEDaS9_
FN:98,_ZZN3etr4cocaIJiddEEENS_3VECIdNS_5STOREIdEEEEDpOT_ENKUlRT_E1_clIdEEDaS9_
FN:98,_ZZN3etr4cocaIJiiiEEENS_3VECIdNS_5STOREIdEEEEDpOT_ENKUlRT_E1_clIiEEDaS9_
FN:98,_ZZN3etr4cocaIJidEEENS_3VECIdNS_5STOREIdEEEEDpOT_ENKUlRT_E0_clIdEEDaS9_
FN:98,_ZZN3etr4cocaIJiEEENS_3VECIdNS_5STOREIdEEEEDpOT_ENKUlRT_E_clIiEEDaS9_
FN:98,_ZZN3etr4cocaIJidRdEEENS_3VECIdNS_5STOREIdEEEEDpOT_ENKUlRT_E0_clIdEEDaSA_
FN:98,_ZZN3etr4cocaIJiiiiiiiiiiEEENS_3VECIdNS_5STOREIdEEEEDpOT_ENKUlRT_E_clIiEEDaS9_
FN:98,_ZZN3etr4cocaIJidRdEEENS_3VECIdNS_5STOREIdEEEEDpOT_ENKUlRT_E_clIiEEDaSA_
FN:98,_ZZN3etr4cocaIJidEEENS_3VECIdNS_5STOREIdEEEEDpOT_ENKUlRT_E_clIiEEDaS9_
FN:98,_ZZN3etr4cocaIJiddRdEEENS_3VECIdNS_5STOREIdEEEEDpOT_ENKUlRT_E1_clIdEEDaSA_
FN:98,_ZZN3etr4cocaIJiiiiiEEENS_3VECIdNS_5STOREIdEEEEDpOT_ENKUlRT_E1_clIiEEDaS9_
FN:98,_ZZN3etr4cocaIJRNS_3VECIdNS_5STOREIdEEEEiEEES4_DpOT_ENKUlRT_E0_clIiEEDaSA_
FN:98,_ZZN3etr4cocaIJiiiiiiiiiiEEENS_3VECIdNS_5STOREIdEEEEDpOT_ENKUlRT_E7_clIiEEDaS9_
FN:98,_ZZN3etr4cocaIJidiEEENS_3VECIdNS_5STOREIdEEEEDpOT_ENKUlRT_E_clIiEEDaS9_
FN:98,_ZZN3etr4cocaIJiiiEEENS_3VECIdNS_5STOREIdEEEEDpOT_ENKUlRT_E_clIiEEDaS9_
FN:98,_ZZN3etr4cocaIJiiiiiiiiiEEENS_3VECIdNS_5STOREIdEEEEDpOT_ENKUlRT_E5_clIiEEDaS9_
FN:98,_ZZN3etr4cocaIJiiiiiEEENS_3VECIdNS_5STOREIdEEEEDpOT_ENKUlRT_E0_clIiEEDaS9_
FN:98,_ZZN3etr4cocaIJiiiiiiEEENS_3VECIdNS_5STOREIdEEEEDpOT_ENKUlRT_E4_clIiEEDaS9_
FN:98,_ZZN3etr4cocaIJiiiEEENS_3VECIdNS_5STOREIdEEEEDpOT_ENKUlRT_E0_clIiEEDaS9_
FN:98,_ZZN3etr4cocaIJiiiiiiiiiEEENS_3VECIdNS_5STOREIdEEEEDpOT_ENKUlRT_E7_clIiEEDaS9_
FN:98,_ZZN3etr4cocaIJiiEEENS_3VECIdNS_5STOREIdEEEEDpOT_ENKUlRT_E0_clIiEEDaS9_
FN:98,_ZZN3etr4cocaIJiiiiEEENS_3VECIdNS_5STOREIdEEEEDpOT_ENKUlRT_E_clIiEEDaS9_
FN:98,_ZZN3etr4cocaIJiiiiEEENS_3VECIdNS_5STOREIdEEEEDpOT_ENKUlRT_E2_clIiEEDaS9_
FN:98,_ZZN3etr4cocaIJddiEEENS_3VECIdNS_5STOREIdEEEEDpOT_ENKUlRT_E1_clIiEEDaS9_
FN:98,_ZZN3etr4cocaIJiiiiiiEEENS_3VECIdNS_5STOREIdEEEEDpOT_ENKUlRT_E0_clIiEEDaS9_
FN:98,_ZZN3etr4cocaIJiiiiiiiiiiEEENS_3VECIdNS_5STOREIdEEEEDpOT_ENKUlRT_E1_clIiEEDaS9_
FN:98,_ZZN3etr4cocaIJiiiiiiiiiEEENS_3VECIdNS_5STOREIdEEEEDpOT_ENKUlRT_E6_clIiEEDaS9_
FN:98,_ZZN3etr4cocaIJidiEEENS_3VECIdNS_5STOREIdEEEEDpOT_ENKUlRT_E0_clIdEEDaS9_
FN:98,_ZZN3etr4cocaIJiiiiiiEEENS_3VECIdNS_5STOREIdEEEEDpOT_ENKUlRT_E_clIiEEDaS9_
FN:98,_ZZN3etr4cocaIJiiiiiEEENS_3VECIdNS_5STOREIdEEEEDpOT_ENKUlRT_E3_clIiEEDaS9_
FN:98,_ZZN3etr4cocaIJiiEEENS_3VECIdNS_5STOREIdEEEEDpOT_ENKUlRT_E_clIiEEDaS9_
FN:98,_ZZN3etr4cocaIJidRdEEENS_3VECIdNS_5STOREIdEEEEDpOT_ENKUlRT_E1_clIdEEDaSA_
FN:98,_ZZN3etr4cocaIJiiiiiiiiiEEENS_3VECIdNS_5STOREIdEEEEDpOT_ENKUlRT_E1_clIiEEDaS9_
FN:98,_ZZN3etr4cocaIJiiiiiiiiiiEEENS_3VECIdNS_5STOREIdEEEEDpOT_ENKUlRT_E4_clIiEEDaS9_
FN:98,_ZZN3etr4cocaIJiiiiiiiiiEEENS_3VECIdNS_5STOREIdEEEEDpOT_ENKUlRT_E_clIiEEDaS9_
FN:98,_ZZN3etr4cocaIJiddRdEEENS_3VECIdNS_5STOREIdEEEEDpOT_ENKUlRT_E_clIiEEDaSA_
FN:98,_ZZN3etr4cocaIJiiiiiiiiiEEENS_3VECIdNS_5STOREIdEEEEDpOT_ENKUlRT_E3_clIiEEDaS9_
FN:98,_ZZN3etr4cocaIJiiiiiiiiiiEEENS_3VECIdNS_5STOREIdEEEEDpOT_ENKUlRT_E0_clIiEEDaS9_
FN:98,_ZZN3etr4cocaIJidiiEEENS_3VECIdNS_5STOREIdEEEEDpOT_ENKUlRT_E1_clIiEEDaS9_
FN:98,_ZZN3etr4cocaIJiddRdEEENS_3VECIdNS_5STOREIdEEEEDpOT_ENKUlRT_E0_clIdEEDaSA_
FN:98,_ZZN3etr4cocaIJiiiiiiiiiiEEENS_3VECIdNS_5STOREIdEEEEDpOT_ENKUlRT_E8_clIiEEDaS9_
FN:98,_ZZN3etr4cocaIJiiiiiEEENS_3VECIdNS_5STOREIdEEEEDpOT_ENKUlRT_E2_clIiEEDaS9_
FN:98,_ZZN3etr4cocaIJiiiiiEEENS_3VECIdNS_5STOREIdEEEEDpOT_ENKUlRT_E_clIiEEDaS9_
FN:98,_ZZN3etr4cocaIJidiiEEENS_3VECIdNS_5STOREIdEEEEDpOT_ENKUlRT_E0_clIdEEDaS9_
FN:98,_ZZN3etr4cocaIJRNS_3VECIdNS_5STOREIdEEEEiEEES4_DpOT_ENKUlRT_E_clIS4_EEDaSA_
FN:98,_ZZN3etr4cocaIJidiiEEENS_3VECIdNS_5STOREIdEEEEDpOT_ENKUlRT_E2_clIiEEDaS9_
FN:98,_ZZN3etr4cocaIJiiiiiiiiiEEENS_3VECIdNS_5STOREIdEEEEDpOT_ENKUlRT_E4_clIiEEDaS9_
FN:98,_ZZN3etr4cocaIJidiEEENS_3VECIdNS_5STOREIdEEEEDpOT_ENKUlRT_E1_clIiEEDaS9_
FN:98,_ZZN3etr4cocaIJiiiiiiiiiiEEENS_3VECIdNS_5STOREIdEEEEDpOT_ENKUlRT_E5_clIiEEDaS9_
FN:98,_ZZN3etr4cocaIJiiiiiiiiiEEENS_3VECIdNS_5STOREIdEEEEDpOT_ENKUlRT_E0_clIiEEDaS9_
FN:98,_ZZN3etr4cocaIJiiiiiiEEENS_3VECIdNS_5STOREIdEEEEDpOT_ENKUlRT_E2_clIiEEDaS9_
FN:98,_ZZN3etr4cocaIJiRNS_3VECIdNS_5STOREIdEEEEEEES4_DpOT_ENKUlRT_E0_clIS4_EEDaSA_
FN:98,_ZZN3etr4cocaIJddiEEENS_3VECIdNS_5STOREIdEEEEDpOT_ENKUlRT_E0_clIdEEDaS9_
FN:98,_ZZN3etr4cocaIJiddEEENS_3VECIdNS_5STOREIdEEEEDpOT_ENKUlRT_E_clIiEEDaS9_
FN:116,_ZN3etr4cocaIJNS_3VECIdNS_5STOREIdEEEES4_EEES4_DpRT_
FN:122,_ZZN3etr4cocaIJNS_3VECIdNS_5STOREIdEEEES4_EEES4_DpRT_ENKUlRT_E0_clIS4_EEDaS9_
FN:122,_ZZN3etr4cocaIJNS_3VECIdNS_5STOREIdEEEES4_EEES4_DpRT_ENKUlRT_E_clIS4_EEDaS9_
FNDA:2,_ZZN3etr4cocaIJidEEENS_3VECIdNS_5STOREIdEEEEDpOT_ENKUlRT_E0_clIdEEDaS9_
FNDA:46,_ZN3etr4cocaIJiiiiEEENS_3VECIdNS_5STOREIdEEEEDpOT_
FNDA:3,_ZN3etr4cocaIJiiiiiiEEENS_3VECIdNS_5STOREIdEEEEDpOT_
FNDA:59,_ZZN3etr4cocaIJiiiEEENS_3VECIdNS_5STOREIdEEEEDpOT_ENKUlRT_E1_clIiEEDaS9_
FNDA:3,_ZZN3etr4cocaIJiddEEENS_3VECIdNS_5STOREIdEEEEDpOT_ENKUlRT_E1_clIdEEDaS9_
FNDA:1,_ZN3etr4cocaIJiiiiiiiiiiEEENS_3VECIdNS_5STOREIdEEEEDpOT_
FNDA:1,_ZN3etr4cocaIJidRdEEENS_3VECIdNS_5STOREIdEEEEDpOT_
FNDA:1,_ZZN3etr4cocaIJiiiiiiiiiiEEENS_3VECIdNS_5STOREIdEEEEDpOT_ENKUlRT_E6_clIiEEDaS9_
FNDA:2,_ZZN3etr4cocaIJidiiEEENS_3VECIdNS_5STOREIdEEEEDpOT_ENKUlRT_E_clIiEEDaS9_
FNDA:3,_ZZN3etr4cocaIJiddEEENS_3VECIdNS_5STOREIdEEEEDpOT_ENKUlRT_E0_clIdEEDaS9_
FNDA:46,_ZZN3etr4cocaIJiiiiEEENS_3VECIdNS_5STOREIdEEEEDpOT_ENKUlRT_E0_clIiEEDaS9_
FNDA:1,_ZN3etr4cocaIJddiEEENS_3VECIdNS_5STOREIdEEEEDpOT_
FNDA:1,_ZZN3etr4cocaIJNS_3VECIdNS_5STOREIdEEEES4_EEES4_DpRT_ENKUlRT_E_clIS4_EEDaS9_
FNDA:2,_ZZN3etr4cocaIJiddRdEEENS_3VECIdNS_5STOREIdEEEEDpOT_ENKUlRT_E2_clIdEEDaSA_
FNDA:1,_ZZN3etr4cocaIJiiiiiiiiiiEEENS_3VECIdNS_5STOREIdEEEEDpOT_ENKUlRT_E2_clIiEEDaS9_
FNDA:46,_ZZN3etr4cocaIJiiiiEEENS_3VECIdNS_5STOREIdEEEEDpOT_ENKUlRT_E1_clIiEEDaS9_
FNDA:1,_ZN3etr4cocaIJiRNS_3VECIdNS_5STOREIdEEEEEEES4_DpOT_
FNDA:3,_ZZN3etr4cocaIJiiiiiiEEENS_3VECIdNS_5STOREIdEEEEDpOT_ENKUlRT_E1_clIiEEDaS9_
FNDA:1,_ZZN3etr4cocaIJiiiiiiiiiEEENS_3VECIdNS_5STOREIdEEEEDpOT_ENKUlRT_E2_clIiEEDaS9_
FNDA:1,_ZZN3etr4cocaIJiRNS_3VECIdNS_5STOREIdEEEEEEES4_DpOT_ENKUlRT_E_clIiEEDaSA_
FNDA:5,_ZN3etr4cocaIJiEEENS_3VECIdNS_5STOREIdEEEEDpOT_
FNDA:1,_ZZN3etr4cocaIJiiiiiiiiiiEEENS_3VECIdNS_5STOREIdEEEEDpOT_ENKUlRT_E3_clIiEEDaS9_
FNDA:1,_ZZN3etr4cocaIJNS_3VECIdNS_5STOREIdEEEES4_EEES4_DpRT_ENKUlRT_E0_clIS4_EEDaS9_
FNDA:1,_ZZN3etr4cocaIJddiEEENS_3VECIdNS_5STOREIdEEEEDpOT_ENKUlRT_E_clIdEEDaS9_
FNDA:3,_ZZN3etr4cocaIJiiiiiiEEENS_3VECIdNS_5STOREIdEEEEDpOT_ENKUlRT_E3_clIiEEDaS9_
FNDA:34,_ZZN3etr4cocaIJiiEEENS_3VECIdNS_5STOREIdEEEEDpOT_ENKUlRT_E0_clIiEEDaS9_
FNDA:1,_ZZN3etr4cocaIJiiiiiiiiiEEENS_3VECIdNS_5STOREIdEEEEDpOT_ENKUlRT_E7_clIiEEDaS9_
FNDA:23,_ZZN3etr4cocaIJiiiiiEEENS_3VECIdNS_5STOREIdEEEEDpOT_ENKUlRT_E0_clIiEEDaS9_
FNDA:59,_ZZN3etr4cocaIJiiiEEENS_3VECIdNS_5STOREIdEEEEDpOT_ENKUlRT_E0_clIiEEDaS9_
FNDA:3,_ZZN3etr4cocaIJiiiiiiEEENS_3VECIdNS_5STOREIdEEEEDpOT_ENKUlRT_E4_clIiEEDaS9_
FNDA:1,_ZZN3etr4cocaIJiiiiiiiiiiEEENS_3VECIdNS_5STOREIdEEEEDpOT_ENKUlRT_E7_clIiEEDaS9_
FNDA:1,_ZZN3etr4cocaIJiiiiiiiiiEEENS_3VECIdNS_5STOREIdEEEEDpOT_ENKUlRT_E5_clIiEEDaS9_
FNDA:59,_ZZN3etr4cocaIJiiiEEENS_3VECIdNS_5STOREIdEEEEDpOT_ENKUlRT_E_clIiEEDaS9_
FNDA:4,_ZZN3etr4cocaIJidiEEENS_3VECIdNS_5STOREIdEEEEDpOT_ENKUlRT_E_clIiEEDaS9_
FNDA:3,_ZN3etr4cocaIJiddEEENS_3VECIdNS_5STOREIdEEEEDpOT_
FNDA:23,_ZN3etr4cocaIJiiiiiEEENS_3VECIdNS_5STOREIdEEEEDpOT_
FNDA:1,_ZZN3etr4cocaIJRNS_3VECIdNS_5STOREIdEEEEiEEES4_DpOT_ENKUlRT_E0_clIiEEDaSA_
FNDA:2,_ZN3etr4cocaIJidEEENS_3VECIdNS_5STOREIdEEEEDpOT_
FNDA:23,_ZZN3etr4cocaIJiiiiiEEENS_3VECIdNS_5STOREIdEEEEDpOT_ENKUlRT_E1_clIiEEDaS9_
FNDA:2,_ZZN3etr4cocaIJiddRdEEENS_3VECIdNS_5STOREIdEEEEDpOT_ENKUlRT_E1_clIdEEDaSA_
FNDA:2,_ZZN3etr4cocaIJidEEENS_3VECIdNS_5STOREIdEEEEDpOT_ENKUlRT_E_clIiEEDaS9_
FNDA:1,_ZN3etr4cocaIJiiiiiiiiiEEENS_3VECIdNS_5STOREIdEEEEDpOT_
FNDA:1,_ZZN3etr4cocaIJidRdEEENS_3VECIdNS_5STOREIdEEEEDpOT_ENKUlRT_E_clIiEEDaSA_
FNDA:5,_ZZN3etr4cocaIJiEEENS_3VECIdNS_5STOREIdEEEEDpOT_ENKUlRT_E_clIiEEDaS9_
FNDA:4,_ZN3etr4cocaIJidiEEENS_3VECIdNS_5STOREIdEEEEDpOT_
FNDA:1,_ZZN3etr4cocaIJiiiiiiiiiiEEENS_3VECIdNS_5STOREIdEEEEDpOT_ENKUlRT_E_clIiEEDaS9_
FNDA:1,_ZZN3etr4cocaIJidRdEEENS_3VECIdNS_5STOREIdEEEEDpOT_ENKUlRT_E0_clIdEEDaSA_
FNDA:59,_ZN3etr4cocaIJiiiEEENS_3VECIdNS_5STOREIdEEEEDpOT_
FNDA:1,_ZZN3etr4cocaIJiiiiiiiiiiEEENS_3VECIdNS_5STOREIdEEEEDpOT_ENKUlRT_E0_clIiEEDaS9_
FNDA:1,_ZZN3etr4cocaIJiiiiiiiiiEEENS_3VECIdNS_5STOREIdEEEEDpOT_ENKUlRT_E3_clIiEEDaS9_
FNDA:1,_ZZN3etr4cocaIJiiiiiiiiiEEENS_3VECIdNS_5STOREIdEEEEDpOT_ENKUlRT_E1_clIiEEDaS9_
FNDA:2,_ZZN3etr4cocaIJiddRdEEENS_3VECIdNS_5STOREIdEEEEDpOT_ENKUlRT_E_clIiEEDaSA_
FNDA:1,_ZZN3etr4cocaIJiiiiiiiiiEEENS_3VECIdNS_5STOREIdEEEEDpOT_ENKUlRT_E_clIiEEDaS9_
FNDA:1,_ZZN3etr4cocaIJiiiiiiiiiiEEENS_3VECIdNS_5STOREIdEEEEDpOT_ENKUlRT_E4_clIiEEDaS9_
FNDA:23,_ZZN3etr4cocaIJiiiiiEEENS_3VECIdNS_5STOREIdEEEEDpOT_ENKUlRT_E3_clIiEEDaS9_
FNDA:2,_ZN3etr7combineERNS_3VECIdNS_5STOREIdEEEES4_
FNDA:1,_ZZN3etr4cocaIJidRdEEENS_3VECIdNS_5STOREIdEEEEDpOT_ENKUlRT_E1_clIdEEDaSA_
FNDA:34,_ZZN3etr4cocaIJiiEEENS_3VECIdNS_5STOREIdEEEEDpOT_ENKUlRT_E_clIiEEDaS9_
FNDA:3,_ZZN3etr4cocaIJiiiiiiEEENS_3VECIdNS_5STOREIdEEEEDpOT_ENKUlRT_E_clIiEEDaS9_
FNDA:2,_ZN3etr4cocaIJiddRdEEENS_3VECIdNS_5STOREIdEEEEDpOT_
FNDA:4,_ZZN3etr4cocaIJidiEEENS_3VECIdNS_5STOREIdEEEEDpOT_ENKUlRT_E0_clIdEEDaS9_
FNDA:1,_ZZN3etr4cocaIJiiiiiiiiiEEENS_3VECIdNS_5STOREIdEEEEDpOT_ENKUlRT_E6_clIiEEDaS9_
FNDA:0,_ZN3etr7combineEdRNS_3VECIdNS_5STOREIdEEEE
FNDA:3,_ZZN3etr4cocaIJiiiiiiEEENS_3VECIdNS_5STOREIdEEEEDpOT_ENKUlRT_E0_clIiEEDaS9_
FNDA:0,_ZN3etr7combineEONS_3VECIdNS_5STOREIdEEEES4_
FNDA:1,_ZZN3etr4cocaIJddiEEENS_3VECIdNS_5STOREIdEEEEDpOT_ENKUlRT_E1_clIiEEDaS9_
FNDA:46,_ZZN3etr4cocaIJiiiiEEENS_3VECIdNS_5STOREIdEEEEDpOT_ENKUlRT_E_clIiEEDaS9_
FNDA:46,_ZZN3etr4cocaIJiiiiEEENS_3VECIdNS_5STOREIdEEEEDpOT_ENKUlRT_E2_clIiEEDaS9_
FNDA:1,_ZZN3etr4cocaIJiiiiiiiiiiEEENS_3VECIdNS_5STOREIdEEEEDpOT_ENKUlRT_E1_clIiEEDaS9_
FNDA:3,_ZZN3etr4cocaIJiddEEENS_3VECIdNS_5STOREIdEEEEDpOT_ENKUlRT_E_clIiEEDaS9_
FNDA:1,_ZZN3etr4cocaIJddiEEENS_3VECIdNS_5STOREIdEEEEDpOT_ENKUlRT_E0_clIdEEDaS9_
FNDA:2,_ZN3etr4cocaIJidiiEEENS_3VECIdNS_5STOREIdEEEEDpOT_
FNDA:1,_ZZN3etr4cocaIJiRNS_3VECIdNS_5STOREIdEEEEEEES4_DpOT_ENKUlRT_E0_clIS4_EEDaSA_
FNDA:3,_ZZN3etr4cocaIJiiiiiiEEENS_3VECIdNS_5STOREIdEEEEDpOT_ENKUlRT_E2_clIiEEDaS9_
FNDA:4,_ZZN3etr4cocaIJidiEEENS_3VECIdNS_5STOREIdEEEEDpOT_ENKUlRT_E1_clIiEEDaS9_
FNDA:1,_ZN3etr4cocaIJRNS_3VECIdNS_5STOREIdEEEEiEEES4_DpOT_
FNDA:1,_ZZN3etr4cocaIJiiiiiiiiiEEENS_3VECIdNS_5STOREIdEEEEDpOT_ENKUlRT_E0_clIiEEDaS9_
FNDA:1,_ZZN3etr4cocaIJiiiiiiiiiiEEENS_3VECIdNS_5STOREIdEEEEDpOT_ENKUlRT_E5_clIiEEDaS9_
FNDA:2,_ZZN3etr4cocaIJidiiEEENS_3VECIdNS_5STOREIdEEEEDpOT_ENKUlRT_E2_clIiEEDaS9_
FNDA:1,_ZZN3etr4cocaIJRNS_3VECIdNS_5STOREIdEEEEiEEES4_DpOT_ENKUlRT_E_clIS4_EEDaSA_
FNDA:2,_ZZN3etr4cocaIJidiiEEENS_3VECIdNS_5STOREIdEEEEDpOT_ENKUlRT_E0_clIdEEDaS9_
FNDA:23,_ZZN3etr4cocaIJiiiiiEEENS_3VECIdNS_5STOREIdEEEEDpOT_ENKUlRT_E_clIiEEDaS9_
FNDA:1,_ZZN3etr4cocaIJiiiiiiiiiEEENS_3VECIdNS_5STOREIdEEEEDpOT_ENKUlRT_E4_clIiEEDaS9_
FNDA:447,_ZN3etr7combineERNS_3VECIdNS_5STOREIdEEEEd
FNDA:23,_ZZN3etr4cocaIJiiiiiEEENS_3VECIdNS_5STOREIdEEEEDpOT_ENKUlRT_E2_clIiEEDaS9_
FNDA:34,_ZN3etr4cocaIJiiEEENS_3VECIdNS_5STOREIdEEEEDpOT_
FNDA:1,_ZZN3etr4cocaIJiiiiiiiiiiEEENS_3VECIdNS_5STOREIdEEEEDpOT_ENKUlRT_E8_clIiEEDaS9_
FNDA:2,_ZZN3etr4cocaIJiddRdEEENS_3VECIdNS_5STOREIdEEEEDpOT_ENKUlRT_E0_clIdEEDaSA_
FNDA:2,_ZZN3etr4cocaIJidiiEEENS_3VECIdNS_5STOREIdEEEEDpOT_ENKUlRT_E1_clIiEEDaS9_
FNDA:1,_ZN3etr4cocaIJNS_3VECIdNS_5STOREIdEEEES4_EEES4_DpRT_
FNF:90
FNH:88
DA:29,0
DA:32,0
DA:33,0
DA:34,0
DA:35,0
DA:36,0
DA:37,0
DA:40,0
DA:41,0
DA:44,2
DA:47,2
DA:48,12
DA:49,10
DA:50,4
DA:51,6
DA:52,6
DA:55,2
DA:56,2
DA:61,447
DA:62,447
DA:64,1793
DA:65,1346
DA:66,899
DA:67,447
DA:68,447
DA:71,447
DA:72,447
DA:76,0
DA:77,0
DA:79,0
DA:80,0
DA:81,0
DA:83,0
DA:86,0
DA:87,0
DA:92,189
DA:94,189
DA:95,189
DA:96,189
DA:98,2359
DA:100,637
DA:101,189
DA:103,448
DA:106,637
DA:107,189
DA:109,378
DA:116,1
DA:118,1
DA:119,1
DA:120,1
DA:122,7
DA:124,2
DA:125,1
DA:127,1
DA:130,2
DA:131,1
DA:133,2
LF:57
LH:40
end_of_record
TN:
SF:/home/konrad/Documents/0Uni/programming/ETR/include/etr_bits/divide.hpp
FN:43,_ZN3etr5VVDIVIdNS_5STOREIdEES2_EC2ERKS2_S5_bbiiii
FN:100,_ZNK3etr5VVDIVIdNS_5STOREIdEES2_EixEi
FN:104,_ZNK3etr5VVDIVIdNS_5STOREIdEES2_E4sizeEv
FN:113,_ZNK3etr5VVDIVIdNS_5STOREIdEES2_E2ncEv
FN:117,_ZNK3etr5VVDIVIdNS_5STOREIdEES2_E2nrEv
FN:124,_ZN3etrdvIdNS_5STOREIdEES2_EENS_3VECIT_NS_5VVDIVIS4_T0_T1_EEEERKNS3_IS4_S6_EERKNS3_IS4_S7_EE
FN:141,_ZN3etr5VSDIVIdNS_5STOREIdEEdEC2ERKS2_RKdbii
FN:141,_ZN3etr5VSDIVIdNS_5STOREIdEEiEC2ERKS2_RKibii
FN:144,_ZNK3etr5VSDIVIdNS_5STOREIdEEiEixEi
FN:144,_ZNK3etr5VSDIVIdNS_5STOREIdEEdEixEi
FN:148,_ZNK3etr5VSDIVIdNS_5STOREIdEEdE4sizeEv
FN:148,_ZNK3etr5VSDIVIdNS_5STOREIdEEiE4sizeEv
FN:153,_ZNK3etr5VSDIVIdNS_5STOREIdEEdE2imEv
FN:157,_ZNK3etr5VSDIVIdNS_5STOREIdEEiE2ncEv
FN:157,_ZNK3etr5VSDIVIdNS_5STOREIdEEdE2ncEv
FN:161,_ZNK3etr5VSDIVIdNS_5STOREIdEEdE2nrEv
FN:161,_ZNK3etr5VSDIVIdNS_5STOREIdEEiE2nrEv
FN:168,_ZN3etrdvIdNS_5STOREIdEEdEENS_3VECIT_NS_5VSDIVIS4_T0_T1_EEEERKNS3_IS4_S6_EERKS7_
FN:168,_ZN3etrdvIdNS_5STOREIdEEiEENS_3VECIT_NS_5VSDIVIS4_T0_T1_EEEERKNS3_IS4_S6_EERKS7_
FN:184,_ZN3etr5SVDIVIdNS_5STOREIdEEdEC2ERKdRKS2_bii
FN:187,_ZNK3etr5SVDIVIdNS_5STOREIdEEdEixEi
FN:191,_ZNK3etr5SVDIVIdNS_5STOREIdEEdE4sizeEv
FN:196,_ZNK3etr5SVDIVIdNS_5STOREIdEEdE2imEv
FN:200,_ZNK3etr5SVDIVIdNS_5STOREIdEEdE2ncEv
FN:204,_ZNK3etr5SVDIVIdNS_5STOREIdEEdE2nrEv
FN:212,_ZN3etrdvIdNS_5STOREIdEEdEENS_3VECIT_NS_5SVDIVIS4_T0_T1_EEEERKS7_RKNS3_IS4_S6_EE
FNDA:0,_ZNK3etr5VSDIVIdNS_5STOREIdEEiE2ncEv
FNDA:9,_ZNK3etr5VSDIVIdNS_5STOREIdEEiEixEi
FNDA:4,_ZN3etr5VVDIVIdNS_5STOREIdEES2_EC2ERKS2_S5_bbiiii
FNDA:1,_ZNK3etr5SVDIVIdNS_5STOREIdEEdE2imEv
FNDA:16,_ZNK3etr5VVDIVIdNS_5STOREIdEES2_EixEi
FNDA:1,_ZNK3etr5VSDIVIdNS_5STOREIdEEdE2imEv
FNDA:1,_ZN3etrdvIdNS_5STOREIdEEdEENS_3VECIT_NS_5VSDIVIS4_T0_T1_EEEERKNS3_IS4_S6_EERKS7_
FNDA:0,_ZNK3etr5VVDIVIdNS_5STOREIdEES2_E2ncEv
FNDA:4,_ZN3etrdvIdNS_5STOREIdEES2_EENS_3VECIT_NS_5VVDIVIS4_T0_T1_EEEERKNS3_IS4_S6_EERKNS3_IS4_S7_EE
FNDA:6,_ZNK3etr5VVDIVIdNS_5STOREIdEES2_E4sizeEv
FNDA:1,_ZN3etr5VSDIVIdNS_5STOREIdEEdEC2ERKS2_RKdbii
FNDA:0,_ZNK3etr5VSDIVIdNS_5STOREIdEEdE2nrEv
FNDA:1,_ZN3etr5SVDIVIdNS_5STOREIdEEdEC2ERKdRKS2_bii
FNDA:0,_ZNK3etr5SVDIVIdNS_5STOREIdEEdE2nrEv
FNDA:3,_ZN3etrdvIdNS_5STOREIdEEiEENS_3VECIT_NS_5VSDIVIS4_T0_T1_EEEERKNS3_IS4_S6_EERKS7_
FNDA:1,_ZNK3etr5SVDIVIdNS_5STOREIdEEdE4sizeEv
FNDA:0,_ZNK3etr5VSDIVIdNS_5STOREIdEEiE2nrEv
FNDA:0,_ZNK3etr5VSDIVIdNS_5STOREIdEEdE2ncEv
FNDA:3,_ZN3etr5VSDIVIdNS_5STOREIdEEiEC2ERKS2_RKibii
FNDA:3,_ZNK3etr5VSDIVIdNS_5STOREIdEEiE4sizeEv
FNDA:4,_ZNK3etr5SVDIVIdNS_5STOREIdEEdEixEi
FNDA:1,_ZNK3etr5VSDIVIdNS_5STOREIdEEdE4sizeEv
FNDA:4,_ZNK3etr5VSDIVIdNS_5STOREIdEEdEixEi
FNDA:0,_ZNK3etr5SVDIVIdNS_5STOREIdEEdE2ncEv
FNDA:1,_ZN3etrdvIdNS_5STOREIdEEdEENS_3VECIT_NS_5SVDIVIS4_T0_T1_EEEERKS7_RKNS3_IS4_S6_EE
FNDA:0,_ZNK3etr5VVDIVIdNS_5STOREIdEES2_E2nrEv
FNF:26
FNH:18
DA:43,4
DA:44,4
DA:46,4
DA:47,4
DA:48,4
DA:49,4
DA:50,4
DA:51,4
DA:53,4
DA:54,3
DA:55,1
DA:56,1
DA:57,0
DA:58,0
DA:59,1
DA:60,1
DA:61,1
DA:62,0
DA:63,0
DA:64,0
DA:66,0
DA:70,4
DA:72,0
DA:73,0
DA:74,0
DA:75,0
DA:77,0
DA:78,0
DA:80,4
DA:82,2
DA:83,2
DA:84,10
DA:85,8
DA:87,8
DA:88,8
DA:90,2
DA:91,2
DA:92,2
DA:93,10
DA:94,8
DA:95,8
DA:98,4
DA:100,16
DA:101,16
DA:104,6
DA:105,6
DA:106,6
DA:113,0
DA:114,0
DA:117,0
DA:118,0
DA:124,4
DA:125,12
DA:126,4
DA:127,8
DA:141,4
DA:142,4
DA:144,13
DA:145,13
DA:148,4
DA:149,4
DA:153,1
DA:154,1
DA:157,0
DA:158,0
DA:161,0
DA:162,0
DA:168,4
DA:169,4
DA:184,1
DA:185,1
DA:187,4
DA:188,4
DA:191,1
DA:192,1
DA:196,1
DA:197,1
DA:200,0
DA:201,0
DA:204,0
DA:205,0
DA:212,1
DA:213,1
LF:83
LH:59
end_of_record
TN:
SF:/home/konrad/Documents/0Uni/programming/ETR/include/etr_bits/exponent.hpp
FN:42,_ZN3etr5VVEXPIdNS_5STOREIdEEiEC2ERKS2_biid
FN:52,_ZNK3etr5VVEXPIdNS_5STOREIdEEiEixEi
FN:56,_ZNK3etr5VVEXPIdNS_5STOREIdEEiE4sizeEv
FN:64,_ZNK3etr5VVEXPIdNS_5STOREIdEEiE2ncEv
FN:68,_ZNK3etr5VVEXPIdNS_5STOREIdEEiE2nrEv
FN:76,_ZN3etreoIdNS_5STOREIdEEiEENS_3VECIT_NS_5VVEXPIS4_T0_T1_EEEERKNS3_IS4_S6_EES7_
FN:82,_ZN3etr3expIdNS_5STOREIdEEiEENS_3VECIT_NS_5VVEXPIS4_T0_T1_EEEERKNS3_IS4_S6_EES7_
FN:87,_ZN3etr3expEdd
FN:112,_ZN3etr5VVlogIdNS_5STOREIdEEEC2ERKS2_bii
FN:122,_ZNK3etr5VVlogIdNS_5STOREIdEEEixEi
FN:126,_ZNK3etr5VVlogIdNS_5STOREIdEEE4sizeEv
FN:134,_ZNK3etr5VVlogIdNS_5STOREIdEEE2ncEv
FN:138,_ZNK3etr5VVlogIdNS_5STOREIdEEE2nrEv
FN:146,_ZN3etr2lnIdNS_5STOREIdEEEENS_3VECIT_NS_5VVlogIS4_T0_EEEERKNS3_IS4_S6_EE
FN:151,_ZN3etr2lnEd
FN:155,_ZN3etr2lnEi
FNDA:1,_ZNK3etr5VVlogIdNS_5STOREIdEEE4sizeEv
FNDA:1,_ZN3etr3expIdNS_5STOREIdEEiEENS_3VECIT_NS_5VVEXPIS4_T0_T1_EEEERKNS3_IS4_S6_EES7_
FNDA:4,_ZNK3etr5VVlogIdNS_5STOREIdEEEixEi
FNDA:1,_ZN3etr2lnEi
FNDA:0,_ZN3etr2lnEd
FNDA:0,_ZNK3etr5VVlogIdNS_5STOREIdEEE2nrEv
FNDA:2,_ZNK3etr5VVEXPIdNS_5STOREIdEEiE4sizeEv
FNDA:1,_ZN3etr3expEdd
FNDA:8,_ZNK3etr5VVEXPIdNS_5STOREIdEEiEixEi
FNDA:0,_ZNK3etr5VVlogIdNS_5STOREIdEEE2ncEv
FNDA:1,_ZN3etr2lnIdNS_5STOREIdEEEENS_3VECIT_NS_5VVlogIS4_T0_EEEERKNS3_IS4_S6_EE
FNDA:1,_ZN3etr5VVlogIdNS_5STOREIdEEEC2ERKS2_bii
FNDA:0,_ZNK3etr5VVEXPIdNS_5STOREIdEEiE2ncEv
FNDA:1,_ZN3etreoIdNS_5STOREIdEEiEENS_3VECIT_NS_5VVEXPIS4_T0_T1_EEEERKNS3_IS4_S6_EES7_
FNDA:2,_ZN3etr5VVEXPIdNS_5STOREIdEEiEC2ERKS2_biid
FNDA:0,_ZNK3etr5VVEXPIdNS_5STOREIdEEiE2nrEv
FNF:16
FNH:11
DA:42,2
DA:44,2
DA:45,0
DA:46,0
DA:47,0
DA:50,2
DA:52,8
DA:53,8
DA:56,2
DA:57,2
DA:64,0
DA:65,0
DA:68,0
DA:69,0
DA:76,1
DA:77,1
DA:82,1
DA:83,1
DA:87,1
DA:88,1
DA:112,1
DA:114,1
DA:115,0
DA:116,0
DA:117,0
DA:120,1
DA:122,4
DA:123,4
DA:126,1
DA:127,1
DA:134,0
DA:135,0
DA:138,0
DA:139,0
DA:146,1
DA:147,1
DA:151,0
DA:152,0
DA:155,1
DA:156,1
LF:40
LH:24
end_of_record
TN:
SF:/home/konrad/Documents/0Uni/programming/ETR/include/etr_bits/mul.hpp
FN:43,_ZN3etr7VVTIMESIdNS_5STOREIdEES2_EC2ERKS2_S5_bbiiii
FN:100,_ZNK3etr7VVTIMESIdNS_5STOREIdEES2_EixEi
FN:104,_ZNK3etr7VVTIMESIdNS_5STOREIdEES2_E4sizeEv
FN:113,_ZNK3etr7VVTIMESIdNS_5STOREIdEES2_E2ncEv
FN:117,_ZNK3etr7VVTIMESIdNS_5STOREIdEES2_E2nrEv
FN:124,_ZN3etrmlIdNS_5STOREIdEES2_EENS_3VECIT_NS_7VVTIMESIS4_T0_T1_EEEERKNS3_IS4_S6_EERKNS3_IS4_S7_EE
FN:142,_ZN3etr7VSTIMESIdNS_5STOREIdEEiEC2ERKS2_RKibii
FN:142,_ZN3etr7VSTIMESIdNS_5STOREIdEEdEC2ERKS2_RKdbii
FN:145,_ZNK3etr7VSTIMESIdNS_5STOREIdEEdEixEi
FN:145,_ZNK3etr7VSTIMESIdNS_5STOREIdEEiEixEi
FN:149,_ZNK3etr7VSTIMESIdNS_5STOREIdEEdE4sizeEv
FN:149,_ZNK3etr7VSTIMESIdNS_5STOREIdEEiE4sizeEv
FN:154,_ZNK3etr7VSTIMESIdNS_5STOREIdEEdE2imEv
FN:158,_ZNK3etr7VSTIMESIdNS_5STOREIdEEdE2ncEv
FN:158,_ZNK3etr7VSTIMESIdNS_5STOREIdEEiE2ncEv
FN:162,_ZNK3etr7VSTIMESIdNS_5STOREIdEEdE2nrEv
FN:162,_ZNK3etr7VSTIMESIdNS_5STOREIdEEiE2nrEv
FN:169,_ZN3etrmlIdNS_5STOREIdEEdEENS_3VECIT_NS_7VSTIMESIS4_T0_T1_EEEERKNS3_IS4_S6_EERKS7_
FN:169,_ZN3etrmlIdNS_5STOREIdEEiEENS_3VECIT_NS_7VSTIMESIS4_T0_T1_EEEERKNS3_IS4_S6_EERKS7_
FN:186,_ZN3etr7SVTIMESIdNS_5STOREIdEEiEC2ERKiRKS2_bii
FN:189,_ZNK3etr7SVTIMESIdNS_5STOREIdEEiEixEi
FN:193,_ZNK3etr7SVTIMESIdNS_5STOREIdEEiE4sizeEv
FN:198,_ZNK3etr7SVTIMESIdNS_5STOREIdEEiE2imEv
FN:202,_ZNK3etr7SVTIMESIdNS_5STOREIdEEiE2ncEv
FN:206,_ZNK3etr7SVTIMESIdNS_5STOREIdEEiE2nrEv
FN:214,_ZN3etrmlIdNS_5STOREIdEEiEENS_3VECIT_NS_7SVTIMESIS4_T0_T1_EEEERKS7_RKNS3_IS4_S6_EE
FNDA:1,_ZNK3etr7VSTIMESIdNS_5STOREIdEEdE4sizeEv
FNDA:3,_ZN3etr7VSTIMESIdNS_5STOREIdEEiEC2ERKS2_RKibii
FNDA:1,_ZNK3etr7SVTIMESIdNS_5STOREIdEEiE4sizeEv
FNDA:0,_ZNK3etr7SVTIMESIdNS_5STOREIdEEiE2nrEv
FNDA:0,_ZNK3etr7VVTIMESIdNS_5STOREIdEES2_E2nrEv
FNDA:4,_ZNK3etr7SVTIMESIdNS_5STOREIdEEiEixEi
FNDA:1,_ZNK3etr7SVTIMESIdNS_5STOREIdEEiE2imEv
FNDA:0,_ZNK3etr7VSTIMESIdNS_5STOREIdEEdE2ncEv
FNDA:3,_ZNK3etr7VSTIMESIdNS_5STOREIdEEiE4sizeEv
FNDA:0,_ZNK3etr7VSTIMESIdNS_5STOREIdEEdE2nrEv
FNDA:3,_ZN3etrmlIdNS_5STOREIdEEiEENS_3VECIT_NS_7VSTIMESIS4_T0_T1_EEEERKNS3_IS4_S6_EERKS7_
FNDA:0,_ZNK3etr7VSTIMESIdNS_5STOREIdEEiE2ncEv
FNDA:4,_ZN3etr7VVTIMESIdNS_5STOREIdEES2_EC2ERKS2_S5_bbiiii
FNDA:4,_ZN3etrmlIdNS_5STOREIdEES2_EENS_3VECIT_NS_7VVTIMESIS4_T0_T1_EEEERKNS3_IS4_S6_EERKNS3_IS4_S7_EE
FNDA:1,_ZN3etrmlIdNS_5STOREIdEEdEENS_3VECIT_NS_7VSTIMESIS4_T0_T1_EEEERKNS3_IS4_S6_EERKS7_
FNDA:1,_ZN3etrmlIdNS_5STOREIdEEiEENS_3VECIT_NS_7SVTIMESIS4_T0_T1_EEEERKS7_RKNS3_IS4_S6_EE
FNDA:0,_ZNK3etr7SVTIMESIdNS_5STOREIdEEiE2ncEv
FNDA:0,_ZNK3etr7VVTIMESIdNS_5STOREIdEES2_E2ncEv
FNDA:16,_ZNK3etr7VVTIMESIdNS_5STOREIdEES2_EixEi
FNDA:1,_ZN3etr7VSTIMESIdNS_5STOREIdEEdEC2ERKS2_RKdbii
FNDA:1,_ZN3etr7SVTIMESIdNS_5STOREIdEEiEC2ERKiRKS2_bii
FNDA:6,_ZNK3etr7VVTIMESIdNS_5STOREIdEES2_E4sizeEv
FNDA:4,_ZNK3etr7VSTIMESIdNS_5STOREIdEEdEixEi
FNDA:1,_ZNK3etr7VSTIMESIdNS_5STOREIdEEdE2imEv
FNDA:9,_ZNK3etr7VSTIMESIdNS_5STOREIdEEiEixEi
FNDA:0,_ZNK3etr7VSTIMESIdNS_5STOREIdEEiE2nrEv
FNF:26
FNH:18
DA:43,4
DA:44,4
DA:46,4
DA:47,4
DA:48,4
DA:49,4
DA:50,4
DA:51,4
DA:53,4
DA:54,3
DA:55,1
DA:56,1
DA:57,0
DA:58,0
DA:59,1
DA:60,1
DA:61,1
DA:62,0
DA:63,0
DA:64,0
DA:66,0
DA:70,4
DA:72,0
DA:73,0
DA:74,0
DA:75,0
DA:77,0
DA:78,0
DA:80,4
DA:82,2
DA:83,2
DA:84,10
DA:85,8
DA:87,8
DA:88,8
DA:90,2
DA:91,2
DA:92,2
DA:93,10
DA:94,8
DA:95,8
DA:98,4
DA:100,16
DA:101,16
DA:104,6
DA:105,6
DA:106,6
DA:113,0
DA:114,0
DA:117,0
DA:118,0
DA:124,4
DA:125,12
DA:126,4
DA:127,8
DA:142,4
DA:143,4
DA:145,13
DA:146,13
DA:149,4
DA:150,4
DA:154,1
DA:155,1
DA:158,0
DA:159,0
DA:162,0
DA:163,0
DA:169,4
DA:170,4
DA:186,1
DA:187,1
DA:189,4
DA:190,4
DA:193,1
DA:194,1
DA:198,1
DA:199,1
DA:202,0
DA:203,0
DA:206,0
DA:207,0
DA:214,1
DA:215,1
LF:83
LH:59
end_of_record
TN:
SF:/home/konrad/Documents/0Uni/programming/ETR/include/etr_bits/pointer_storage.hpp
FN:36,_ZN3etr2ItIdEdeEv
FN:38,_ZN3etr2ItIdEneERKS1_
FN:41,_ZN3etr2ItIdEppEv
FN:59,_ZN3etr5STOREIdEC2ERKS1_
FN:92,_ZN3etr5STOREIbEC2Ei
FN:92,_ZN3etr5STOREIdEC2Ei
FN:92,_ZN3etr5STOREIiEC2Ei
FN:106,_ZN3etr5STOREIdEC2Eid
FN:203,_ZN3etr5STOREIiED2Ev
FN:203,_ZN3etr5STOREIbED2Ev
FN:203,_ZN3etr5STOREIdED2Ev
FN:213,_ZNK3etr5STOREIiE4sizeEv
FN:213,_ZNK3etr5STOREIbE4sizeEv
FN:213,_ZNK3etr5STOREIdE4sizeEv
FN:246,_ZNK3etr5STOREIdEixEi
FN:246,_ZNK3etr5STOREIbEixEi
FN:246,_ZNK3etr5STOREIiEixEi
FN:257,_ZN3etr5STOREIdE6resizeEi
FN:257,_ZN3etr5STOREIbE6resizeEi
FN:301,_ZN3etr5STOREIdE4fillEd
FN:301,_ZN3etr5STOREIbE4fillEb
FN:301,_ZN3etr5STOREIiE4fillEi
FNDA:119,_ZN3etr5STOREIbE4fillEb
FNDA:635,_ZN3etr5STOREIdE4fillEd
FNDA:227,_ZN3etr5STOREIbEC2Ei
FNDA:113,_ZN3etr5STOREIdEC2Eid
FNDA:16,_ZN3etr2ItIdEppEv
FNDA:16766,_ZNK3etr5STOREIdEixEi
FNDA:34,_ZN3etr5STOREIiED2Ev
FNDA:231,_ZN3etr5STOREIdEC2ERKS1_
FNDA:179,_ZNK3etr5STOREIiE4sizeEv
FNDA:2288,_ZNK3etr5STOREIbEixEi
FNDA:910,_ZN3etr5STOREIdEC2Ei
FNDA:34,_ZN3etr5STOREIiEC2Ei
FNDA:1514,_ZNK3etr5STOREIbE4sizeEv
FNDA:194,_ZNK3etr5STOREIiEixEi
FNDA:227,_ZN3etr5STOREIbED2Ev
FNDA:34,_ZN3etr5STOREIiE4fillEi
FNDA:20,_ZN3etr2ItIdEneERKS1_
FNDA:108,_ZN3etr5STOREIbE6resizeEi
FNDA:15940,_ZNK3etr5STOREIdE4sizeEv
FNDA:1254,_ZN3etr5STOREIdED2Ev
FNDA:16,_ZN3etr2ItIdEdeEv
FNDA:730,_ZN3etr5STOREIdE6resizeEi
FNF:22
FNH:22
DA:36,16
DA:38,20
DA:39,20
DA:41,16
DA:59,231
DA:60,231
DA:61,0
DA:62,0
DA:63,0
DA:66,231
DA:67,231
DA:68,231
DA:69,2383
DA:70,2152
DA:72,231
DA:73,231
DA:74,231
DA:92,1171
DA:94,1171
DA:95,0
DA:96,0
DA:97,0
DA:99,1171
DA:100,1171
DA:101,1171
DA:102,1171
DA:103,1171
DA:104,1171
DA:106,113
DA:108,113
DA:109,0
DA:110,0
DA:111,0
DA:113,113
DA:114,113
DA:115,113
DA:116,761
DA:117,648
DA:119,113
DA:120,113
DA:121,113
DA:203,1515
DA:204,1515
DA:205,1515
DA:206,1515
DA:207,1515
DA:208,1515
DA:211,1515
DA:213,17633
DA:214,17633
DA:246,19248
DA:247,19248
DA:248,0
DA:249,0
DA:250,19248
DA:251,0
DA:252,0
DA:254,19248
DA:257,838
DA:258,838
DA:259,838
DA:260,838
DA:261,838
DA:262,838
DA:264,838
DA:265,838
DA:266,838
DA:267,838
DA:301,788
DA:302,4374
DA:303,3586
DA:305,788
LF:72
LH:59
end_of_record
TN:
SF:/home/konrad/Documents/0Uni/programming/ETR/include/etr_bits/print.hpp
FN:31,_ZN3etr5printEv
FN:35,_ZN3etr5printENSt7__cxx1112basic_stringIcSt11char_traitsIcESaIcEEE
FN:39,_ZN3etr5printEPKc
FN:45,_ZN3etr5printEd
FN:49,_ZN3etr5printEi
FN:53,_ZN3etr5printEb
FN:61,_ZN3etr5printERNS_3VECIdNS_5STOREIdEEEE
FN:100,_ZN3etr5printEONS_3VECIdNS_5STOREIdEEEE
FN:142,_ZN3etr5printERNS_3VECIbNS_5STOREIbEEEE
FNDA:0,_ZN3etr5printENSt7__cxx1112basic_stringIcSt11char_traitsIcESaIcEEE
FNDA:1,_ZN3etr5printEd
FNDA:0,_ZN3etr5printERNS_3VECIbNS_5STOREIbEEEE
FNDA:1,_ZN3etr5printEv
FNDA:3,_ZN3etr5printERNS_3VECIdNS_5STOREIdEEEE
FNDA:1,_ZN3etr5printEPKc
FNDA:2,_ZN3etr5printEONS_3VECIdNS_5STOREIdEEEE
FNDA:1,_ZN3etr5printEb
FNDA:1,_ZN3etr5printEi
FNF:9
FNH:7
DA:31,1
DA:32,1
DA:33,1
DA:35,0
DA:36,0
DA:37,0
DA:39,1
DA:40,1
DA:41,1
DA:45,1
DA:46,1
DA:47,1
DA:49,1
DA:50,1
DA:51,1
DA:53,1
DA:54,1
DA:55,1
DA:61,3
DA:63,3
DA:65,2
DA:66,5
DA:67,3
DA:70,0
DA:71,0
DA:75,1
DA:77,1
DA:78,3
DA:79,8
DA:80,6
DA:82,2
DA:86,0
DA:87,0
DA:88,0
DA:89,0
DA:91,0
DA:97,3
DA:100,2
DA:102,2
DA:104,1
DA:105,3
DA:106,2
DA:109,0
DA:110,0
DA:114,1
DA:116,1
DA:117,3
DA:118,4
DA:119,2
DA:121,2
DA:125,0
DA:126,0
DA:127,0
DA:128,0
DA:130,0
DA:136,2
DA:142,0
DA:144,0
DA:145,0
DA:146,0
DA:147,0
DA:149,0
DA:150,0
DA:154,0
DA:155,0
DA:158,0
LF:66
LH:39
end_of_record
TN:
SF:/home/konrad/Documents/0Uni/programming/ETR/include/etr_bits/subset.hpp
FN:27,_ZN3etr6subsetERNS_3VECIdNS_5STOREIdEEEE
FN:33,_ZN3etr6subsetERNS_3VECIdNS_5STOREIdEEEEi
FN:40,_ZN3etr6subsetERNS_3VECIdNS_5STOREIdEEEEd
FN:48,_ZN3etr6subsetERNS_3VECIdNS_5STOREIdEEEEb
FN:58,_ZN3etr6subsetERNS_3VECIdNS_5STOREIdEEEEPv
FN:65,_ZN3etr6subsetERNS_3VECIdNS_5STOREIdEEEES4_
FN:76,_ZN3etr6subsetERNS_3VECIdNS_5STOREIdEEEERNS0_IbNS1_IbEEEE
FN:107,_ZN3etr6subsetERNS_3VECIdNS_5STOREIdEEEEii
FN:124,_ZN3etr6subsetERNS_3VECIdNS_5STOREIdEEEEid
FN:143,_ZN3etr6subsetERNS_3VECIdNS_5STOREIdEEEEib
FN:167,_ZN3etr6subsetERNS_3VECIdNS_5STOREIdEEEEiPv
FN:186,_ZN3etr6subsetERNS_3VECIdNS_5STOREIdEEEEiS4_
FN:204,_ZN3etr6subsetERNS_3VECIdNS_5STOREIdEEEEiRNS0_IbNS1_IbEEEE
FN:242,_ZN3etr6subsetERNS_3VECIdNS_5STOREIdEEEEdi
FN:262,_ZN3etr6subsetERNS_3VECIdNS_5STOREIdEEEEbi
FN:286,_ZN3etr6subsetERNS_3VECIdNS_5STOREIdEEEEPvi
FN:305,_ZN3etr6subsetERNS_3VECIdNS_5STOREIdEEEES4_i
FN:324,_ZN3etr6subsetERNS_3VECIdNS_5STOREIdEEEERNS0_IbNS1_IbEEEEi
FN:362,_ZN3etr6subsetERNS_3VECIdNS_5STOREIdEEEEdd
FN:381,_ZN3etr6subsetERNS_3VECIdNS_5STOREIdEEEEdb
FN:407,_ZN3etr6subsetERNS_3VECIdNS_5STOREIdEEEEdPv
FN:427,_ZN3etr6subsetERNS_3VECIdNS_5STOREIdEEEEdS4_
FN:447,_ZN3etr6subsetERNS_3VECIdNS_5STOREIdEEEEdRNS0_IbNS1_IbEEEE
FN:486,_ZN3etr6subsetERNS_3VECIdNS_5STOREIdEEEEbd
FN:511,_ZN3etr6subsetERNS_3VECIdNS_5STOREIdEEEEPvd
FN:531,_ZN3etr6subsetERNS_3VECIdNS_5STOREIdEEEES4_d
FN:551,_ZN3etr6subsetERNS_3VECIdNS_5STOREIdEEEERNS0_IbNS1_IbEEEEd
FN:590,_ZN3etr6subsetERNS_3VECIdNS_5STOREIdEEEEbb
FN:606,_ZN3etr6subsetERNS_3VECIdNS_5STOREIdEEEEbPv
FN:622,_ZN3etr6subsetERNS_3VECIdNS_5STOREIdEEEEbS4_
FN:652,_ZN3etr6subsetERNS_3VECIdNS_5STOREIdEEEEbRNS0_IbNS1_IbEEEE
FN:702,_ZN3etr6subsetERNS_3VECIdNS_5STOREIdEEEEPvb
FN:718,_ZN3etr6subsetERNS_3VECIdNS_5STOREIdEEEES4_b
FN:748,_ZN3etr6subsetERNS_3VECIdNS_5STOREIdEEEERNS0_IbNS1_IbEEEEb
FN:798,_ZN3etr6subsetERNS_3VECIdNS_5STOREIdEEEEPvS5_
FN:811,_ZN3etr6subsetERNS_3VECIdNS_5STOREIdEEEEPvS4_
FN:836,_ZN3etr6subsetERNS_3VECIdNS_5STOREIdEEEEPvRNS0_IbNS1_IbEEEE
FN:881,_ZN3etr6subsetERNS_3VECIdNS_5STOREIdEEEES4_Pv
FN:906,_ZN3etr6subsetERNS_3VECIdNS_5STOREIdEEEERNS0_IbNS1_IbEEEEPv
FN:951,_ZN3etr6subsetERNS_3VECIdNS_5STOREIdEEEES4_S4_
FN:976,_ZN3etr6subsetERNS_3VECIdNS_5STOREIdEEEES4_RNS0_IbNS1_IbEEEE
FN:1022,_ZN3etr6subsetERNS_3VECIdNS_5STOREIdEEEERNS0_IbNS1_IbEEEES4_
FN:1068,_ZN3etr6subsetERNS_3VECIdNS_5STOREIdEEEERNS0_IbNS1_IbEEEES7_
FN:1138,_ZN3etr6subsetERNS_3VECIdNS_5STOREIdEEEEOS3_
FN:1149,_ZN3etr6subsetERNS_3VECIdNS_5STOREIdEEEEONS0_IbNS1_IbEEEE
FN:1180,_ZN3etr6subsetERNS_3VECIdNS_5STOREIdEEEEiOS3_
FN:1198,_ZN3etr6subsetERNS_3VECIdNS_5STOREIdEEEEiONS0_IbNS1_IbEEEE
FN:1236,_ZN3etr6subsetERNS_3VECIdNS_5STOREIdEEEEOS3_i
FN:1255,_ZN3etr6subsetERNS_3VECIdNS_5STOREIdEEEEONS0_IbNS1_IbEEEEi
FN:1293,_ZN3etr6subsetERNS_3VECIdNS_5STOREIdEEEEdOS3_
FN:1312,_ZN3etr6subsetERNS_3VECIdNS_5STOREIdEEEEdONS0_IbNS1_IbEEEE
FN:1351,_ZN3etr6subsetERNS_3VECIdNS_5STOREIdEEEEOS3_d
FN:1371,_ZN3etr6subsetERNS_3VECIdNS_5STOREIdEEEEONS0_IbNS1_IbEEEEd
FN:1410,_ZN3etr6subsetERNS_3VECIdNS_5STOREIdEEEEbOS3_
FN:1440,_ZN3etr6subsetERNS_3VECIdNS_5STOREIdEEEEbONS0_IbNS1_IbEEEE
FN:1490,_ZN3etr6subsetERNS_3VECIdNS_5STOREIdEEEEOS3_b
FN:1520,_ZN3etr6subsetERNS_3VECIdNS_5STOREIdEEEEONS0_IbNS1_IbEEEEb
FN:1570,_ZN3etr6subsetERNS_3VECIdNS_5STOREIdEEEEPvOS3_
FN:1595,_ZN3etr6subsetERNS_3VECIdNS_5STOREIdEEEEPvONS0_IbNS1_IbEEEE
FN:1640,_ZN3etr6subsetERNS_3VECIdNS_5STOREIdEEEEOS3_Pv
FN:1665,_ZN3etr6subsetERNS_3VECIdNS_5STOREIdEEEEONS0_IbNS1_IbEEEEPv
FN:1710,_ZN3etr6subsetERNS_3VECIdNS_5STOREIdEEEEOS3_S5_
FN:1735,_ZN3etr6subsetERNS_3VECIdNS_5STOREIdEEEES4_OS3_
FN:1760,_ZN3etr6subsetERNS_3VECIdNS_5STOREIdEEEEOS3_S4_
FN:1785,_ZN3etr6subsetERNS_3VECIdNS_5STOREIdEEEEOS3_ONS0_IbNS1_IbEEEE
FN:1831,_ZN3etr6subsetERNS_3VECIdNS_5STOREIdEEEES4_ONS0_IbNS1_IbEEEE
FN:1877,_ZN3etr6subsetERNS_3VECIdNS_5STOREIdEEEEOS3_RNS0_IbNS1_IbEEEE
FN:1923,_ZN3etr6subsetERNS_3VECIdNS_5STOREIdEEEEONS0_IbNS1_IbEEEEOS3_
FN:1969,_ZN3etr6subsetERNS_3VECIdNS_5STOREIdEEEERNS0_IbNS1_IbEEEEOS3_
FN:2015,_ZN3etr6subsetERNS_3VECIdNS_5STOREIdEEEEONS0_IbNS1_IbEEEES4_
FN:2061,_ZN3etr6subsetERNS_3VECIdNS_5STOREIdEEEEONS0_IbNS1_IbEEEES7_
FN:2126,_ZN3etr6subsetERNS_3VECIdNS_5STOREIdEEEERNS0_IbNS1_IbEEEEOS6_
FN:2191,_ZN3etr6subsetERNS_3VECIdNS_5STOREIdEEEEONS0_IbNS1_IbEEEERS6_
FNDA:1,_ZN3etr6subsetERNS_3VECIdNS_5STOREIdEEEEOS3_d
FNDA:1,_ZN3etr6subsetERNS_3VECIdNS_5STOREIdEEEE
FNDA:1,_ZN3etr6subsetERNS_3VECIdNS_5STOREIdEEEEid
FNDA:2,_ZN3etr6subsetERNS_3VECIdNS_5STOREIdEEEEONS0_IbNS1_IbEEEEi
FNDA:0,_ZN3etr6subsetERNS_3VECIdNS_5STOREIdEEEEOS3_Pv
FNDA:0,_ZN3etr6subsetERNS_3VECIdNS_5STOREIdEEEEPvOS3_
FNDA:0,_ZN3etr6subsetERNS_3VECIdNS_5STOREIdEEEEbRNS0_IbNS1_IbEEEE
FNDA:1,_ZN3etr6subsetERNS_3VECIdNS_5STOREIdEEEEdPv
FNDA:0,_ZN3etr6subsetERNS_3VECIdNS_5STOREIdEEEERNS0_IbNS1_IbEEEE
FNDA:2,_ZN3etr6subsetERNS_3VECIdNS_5STOREIdEEEEdONS0_IbNS1_IbEEEE
FNDA:1,_ZN3etr6subsetERNS_3VECIdNS_5STOREIdEEEEPvi
FNDA:1,_ZN3etr6subsetERNS_3VECIdNS_5STOREIdEEEEii
FNDA:1,_ZN3etr6subsetERNS_3VECIdNS_5STOREIdEEEEbi
FNDA:1,_ZN3etr6subsetERNS_3VECIdNS_5STOREIdEEEEOS3_S4_
FNDA:1,_ZN3etr6subsetERNS_3VECIdNS_5STOREIdEEEES4_ONS0_IbNS1_IbEEEE
FNDA:0,_ZN3etr6subsetERNS_3VECIdNS_5STOREIdEEEERNS0_IbNS1_IbEEEEb
FNDA:0,_ZN3etr6subsetERNS_3VECIdNS_5STOREIdEEEEdRNS0_IbNS1_IbEEEE
FNDA:1,_ZN3etr6subsetERNS_3VECIdNS_5STOREIdEEEEPvS4_
FNDA:1,_ZN3etr6subsetERNS_3VECIdNS_5STOREIdEEEEOS3_
FNDA:1,_ZN3etr6subsetERNS_3VECIdNS_5STOREIdEEEEbPv
FNDA:1,_ZN3etr6subsetERNS_3VECIdNS_5STOREIdEEEEPvS5_
FNDA:0,_ZN3etr6subsetERNS_3VECIdNS_5STOREIdEEEEONS0_IbNS1_IbEEEEOS3_
FNDA:1,_ZN3etr6subsetERNS_3VECIdNS_5STOREIdEEEEiPv
FNDA:1,_ZN3etr6subsetERNS_3VECIdNS_5STOREIdEEEEPv
FNDA:0,_ZN3etr6subsetERNS_3VECIdNS_5STOREIdEEEERNS0_IbNS1_IbEEEEi
FNDA:0,_ZN3etr6subsetERNS_3VECIdNS_5STOREIdEEEES4_d
FNDA:1,_ZN3etr6subsetERNS_3VECIdNS_5STOREIdEEEEdOS3_
FNDA:1,_ZN3etr6subsetERNS_3VECIdNS_5STOREIdEEEEdi
FNDA:0,_ZN3etr6subsetERNS_3VECIdNS_5STOREIdEEEEiRNS0_IbNS1_IbEEEE
FNDA:0,_ZN3etr6subsetERNS_3VECIdNS_5STOREIdEEEEbOS3_
FNDA:0,_ZN3etr6subsetERNS_3VECIdNS_5STOREIdEEEEOS3_b
FNDA:1,_ZN3etr6subsetERNS_3VECIdNS_5STOREIdEEEES4_Pv
FNDA:5,_ZN3etr6subsetERNS_3VECIdNS_5STOREIdEEEEi
FNDA:1,_ZN3etr6subsetERNS_3VECIdNS_5STOREIdEEEEPvd
FNDA:1,_ZN3etr6subsetERNS_3VECIdNS_5STOREIdEEEES4_i
FNDA:2,_ZN3etr6subsetERNS_3VECIdNS_5STOREIdEEEEOS3_S5_
FNDA:1,_ZN3etr6subsetERNS_3VECIdNS_5STOREIdEEEEbS4_
FNDA:1,_ZN3etr6subsetERNS_3VECIdNS_5STOREIdEEEEOS3_i
FNDA:0,_ZN3etr6subsetERNS_3VECIdNS_5STOREIdEEEERNS0_IbNS1_IbEEEEPv
FNDA:1,_ZN3etr6subsetERNS_3VECIdNS_5STOREIdEEEEONS0_IbNS1_IbEEEEPv
FNDA:0,_ZN3etr6subsetERNS_3VECIdNS_5STOREIdEEEEiOS3_
FNDA:1,_ZN3etr6subsetERNS_3VECIdNS_5STOREIdEEEEbd
FNDA:3,_ZN3etr6subsetERNS_3VECIdNS_5STOREIdEEEEbb
FNDA:0,_ZN3etr6subsetERNS_3VECIdNS_5STOREIdEEEERNS0_IbNS1_IbEEEES7_
FNDA:1,_ZN3etr6subsetERNS_3VECIdNS_5STOREIdEEEEONS0_IbNS1_IbEEEES4_
FNDA:0,_ZN3etr6subsetERNS_3VECIdNS_5STOREIdEEEEONS0_IbNS1_IbEEEEb
FNDA:1,_ZN3etr6subsetERNS_3VECIdNS_5STOREIdEEEEPvb
FNDA:1,_ZN3etr6subsetERNS_3VECIdNS_5STOREIdEEEES4_b
FNDA:0,_ZN3etr6subsetERNS_3VECIdNS_5STOREIdEEEERNS0_IbNS1_IbEEEES4_
FNDA:2,_ZN3etr6subsetERNS_3VECIdNS_5STOREIdEEEEONS0_IbNS1_IbEEEEd
FNDA:0,_ZN3etr6subsetERNS_3VECIdNS_5STOREIdEEEEOS3_RNS0_IbNS1_IbEEEE
FNDA:2,_ZN3etr6subsetERNS_3VECIdNS_5STOREIdEEEEb
FNDA:1,_ZN3etr6subsetERNS_3VECIdNS_5STOREIdEEEEd
FNDA:0,_ZN3etr6subsetERNS_3VECIdNS_5STOREIdEEEEONS0_IbNS1_IbEEEERS6_
FNDA:0,_ZN3etr6subsetERNS_3VECIdNS_5STOREIdEEEES4_RNS0_IbNS1_IbEEEE
FNDA:1,_ZN3etr6subsetERNS_3VECIdNS_5STOREIdEEEEdb
FNDA:0,_ZN3etr6subsetERNS_3VECIdNS_5STOREIdEEEEPvRNS0_IbNS1_IbEEEE
FNDA:0,_ZN3etr6subsetERNS_3VECIdNS_5STOREIdEEEERNS0_IbNS1_IbEEEEOS3_
FNDA:1,_ZN3etr6subsetERNS_3VECIdNS_5STOREIdEEEEONS0_IbNS1_IbEEEE
FNDA:1,_ZN3etr6subsetERNS_3VECIdNS_5STOREIdEEEEONS0_IbNS1_IbEEEES7_
FNDA:2,_ZN3etr6subsetERNS_3VECIdNS_5STOREIdEEEEib
FNDA:2,_ZN3etr6subsetERNS_3VECIdNS_5STOREIdEEEES4_S4_
FNDA:0,_ZN3etr6subsetERNS_3VECIdNS_5STOREIdEEEERNS0_IbNS1_IbEEEEd
FNDA:0,_ZN3etr6subsetERNS_3VECIdNS_5STOREIdEEEEOS3_ONS0_IbNS1_IbEEEE
FNDA:2,_ZN3etr6subsetERNS_3VECIdNS_5STOREIdEEEEdd
FNDA:1,_ZN3etr6subsetERNS_3VECIdNS_5STOREIdEEEES4_
FNDA:0,_ZN3etr6subsetERNS_3VECIdNS_5STOREIdEEEEdS4_
FNDA:2,_ZN3etr6subsetERNS_3VECIdNS_5STOREIdEEEEbONS0_IbNS1_IbEEEE
FNDA:1,_ZN3etr6subsetERNS_3VECIdNS_5STOREIdEEEEiS4_
FNDA:1,_ZN3etr6subsetERNS_3VECIdNS_5STOREIdEEEES4_OS3_
FNDA:2,_ZN3etr6subsetERNS_3VECIdNS_5STOREIdEEEEiONS0_IbNS1_IbEEEE
FNDA:0,_ZN3etr6subsetERNS_3VECIdNS_5STOREIdEEEERNS0_IbNS1_IbEEEEOS6_
FNDA:1,_ZN3etr6subsetERNS_3VECIdNS_5STOREIdEEEEPvONS0_IbNS1_IbEEEE
FNF:73
FNH:47
DA:27,1
DA:28,1
DA:29,1
DA:30,1
DA:33,5
DA:34,5
DA:35,5
DA:36,5
DA:37,5
DA:40,1
DA:41,1
DA:42,1
DA:43,1
DA:44,1
DA:45,1
DA:48,2
DA:50,2
DA:51,2
DA:52,1
DA:54,1
DA:55,1
DA:58,1
DA:60,1
DA:61,1
DA:62,1
DA:65,1
DA:67,1
DA:69,4
DA:70,3
DA:73,1
DA:76,0
DA:78,0
DA:79,0
DA:80,0
DA:81,0
DA:85,0
DA:86,0
DA:87,0
DA:88,0
DA:89,0
DA:90,0
DA:92,0
DA:93,0
DA:94,0
DA:98,0
DA:100,0
DA:101,0
DA:104,0
DA:107,1
DA:109,1
DA:110,0
DA:111,0
DA:114,1
DA:115,1
DA:116,1
DA:117,1
DA:119,1
DA:121,1
DA:124,1
DA:126,1
DA:128,1
DA:129,0
DA:130,0
DA:133,1
DA:134,1
DA:135,1
DA:136,1
DA:138,1
DA:140,1
DA:143,2
DA:145,2
DA:146,0
DA:147,0
DA:150,2
DA:151,2
DA:152,1
DA:155,2
DA:156,1
DA:157,1
DA:159,6
DA:160,5
DA:161,5
DA:164,1
DA:167,1
DA:169,1
DA:170,0
DA:171,0
DA:174,1
DA:175,1
DA:176,1
DA:178,6
DA:179,5
DA:180,5
DA:183,1
DA:186,1
DA:188,1
DA:189,0
DA:190,0
DA:193,1
DA:194,1
DA:195,1
DA:196,5
DA:197,4
DA:198,4
DA:201,1
DA:204,0
DA:206,0
DA:207,0
DA:208,0
DA:211,0
DA:212,0
DA:213,0
DA:214,0
DA:218,0
DA:219,0
DA:220,0
DA:221,0
DA:222,0
DA:223,0
DA:225,0
DA:226,0
DA:227,0
DA:231,0
DA:232,0
DA:233,0
DA:234,0
DA:235,0
DA:236,0
DA:239,0
DA:242,1
DA:244,1
DA:246,1
DA:247,0
DA:248,0
DA:251,1
DA:252,1
DA:253,1
DA:254,1
DA:256,1
DA:258,1
DA:262,1
DA:264,1
DA:265,0
DA:266,0
DA:269,1
DA:270,0
DA:271,0
DA:274,2
DA:275,1
DA:276,1
DA:278,4
DA:279,3
DA:280,3
DA:283,1
DA:286,1
DA:288,1
DA:289,0
DA:290,0
DA:293,1
DA:294,1
DA:295,1
DA:297,4
DA:298,3
DA:299,3
DA:302,1
DA:305,1
DA:307,1
DA:308,0
DA:309,0
DA:312,1
DA:313,1
DA:314,1
DA:316,3
DA:317,2
DA:318,2
DA:321,1
DA:324,0
DA:326,0
DA:327,0
DA:328,0
DA:331,0
DA:332,0
DA:333,0
DA:334,0
DA:338,0
DA:339,0
DA:340,0
DA:341,0
DA:342,0
DA:343,0
DA:345,0
DA:346,0
DA:347,0
DA:351,0
DA:352,0
DA:353,0
DA:354,0
DA:355,0
DA:356,0
DA:359,0
DA:362,2
DA:363,2
DA:364,2
DA:366,2
DA:367,0
DA:368,0
DA:371,2
DA:372,2
DA:373,2
DA:374,2
DA:376,2
DA:378,2
DA:381,1
DA:383,1
DA:385,1
DA:386,0
DA:387,0
DA:390,1
DA:391,0
DA:392,0
DA:395,2
DA:396,1
DA:397,1
DA:399,6
DA:400,5
DA:401,5
DA:404,1
DA:407,1
DA:408,1
DA:410,1
DA:411,0
DA:412,0
DA:415,1
DA:416,1
DA:417,1
DA:419,6
DA:420,5
DA:421,5
DA:424,1
DA:427,0
DA:428,0
DA:430,0
DA:431,0
DA:432,0
DA:435,0
DA:436,0
DA:437,0
DA:438,0
DA:439,0
DA:440,0
DA:443,0
DA:447,0
DA:448,0
DA:450,0
DA:451,0
DA:452,0
DA:455,0
DA:456,0
DA:457,0
DA:458,0
DA:462,0
DA:463,0
DA:464,0
DA:465,0
DA:466,0
DA:467,0
DA:469,0
DA:470,0
DA:471,0
DA:475,0
DA:476,0
DA:477,0
DA:478,0
DA:479,0
DA:480,0
DA:483,0
DA:486,1
DA:487,1
DA:489,1
DA:490,0
DA:491,0
DA:494,1
DA:495,0
DA:496,0
DA:499,2
DA:500,1
DA:501,1
DA:503,4
DA:504,3
DA:505,3
DA:508,1
DA:511,1
DA:512,1
DA:514,1
DA:515,0
DA:516,0
DA:519,1
DA:520,1
DA:521,1
DA:523,4
DA:524,3
DA:525,3
DA:528,1
DA:531,0
DA:532,0
DA:534,0
DA:535,0
DA:536,0
DA:539,0
DA:540,0
DA:541,0
DA:543,0
DA:544,0
DA:545,0
DA:548,0
DA:551,0
DA:552,0
DA:554,0
DA:555,0
DA:556,0
DA:559,0
DA:560,0
DA:561,0
DA:562,0
DA:566,0
DA:567,0
DA:568,0
DA:569,0
DA:570,0
DA:571,0
DA:573,0
DA:574,0
DA:575,0
DA:579,0
DA:580,0
DA:581,0
DA:582,0
DA:583,0
DA:584,0
DA:587,0
DA:590,3
DA:592,3
DA:593,0
DA:594,0
DA:597,3
DA:598,3
DA:599,1
DA:600,1
DA:603,2
DA:606,1
DA:608,1
DA:609,0
DA:610,0
DA:613,1
DA:614,1
DA:615,1
DA:616,1
DA:619,0
DA:622,1
DA:624,1
DA:625,0
DA:626,0
DA:629,1
DA:630,0
DA:631,0
DA:634,2
DA:635,1
DA:636,1
DA:637,1
DA:639,1
DA:640,1
DA:641,4
DA:642,12
DA:643,9
DA:644,9
DA:645,9
DA:649,1
DA:652,0
DA:654,0
DA:655,0
DA:656,0
DA:659,0
DA:660,0
DA:661,0
DA:664,0
DA:665,0
DA:666,0
DA:667,0
DA:671,0
DA:672,0
DA:673,0
DA:674,0
DA:675,0
DA:676,0
DA:678,0
DA:679,0
DA:680,0
DA:684,0
DA:685,0
DA:686,0
DA:687,0
DA:689,0
DA:690,0
DA:691,0
DA:692,0
DA:693,0
DA:694,0
DA:695,0
DA:699,0
DA:702,1
DA:704,1
DA:705,0
DA:706,0
DA:709,1
DA:710,1
DA:711,1
DA:712,1
DA:715,0
DA:718,1
DA:720,1
DA:721,0
DA:722,0
DA:725,1
DA:726,0
DA:727,0
DA:730,2
DA:731,1
DA:732,1
DA:733,1
DA:735,1
DA:736,1
DA:737,6
DA:738,10
DA:739,5
DA:740,5
DA:741,5
DA:745,1
DA:748,0
DA:750,0
DA:751,0
DA:752,0
DA:755,0
DA:756,0
DA:757,0
DA:760,0
DA:761,0
DA:762,0
DA:763,0
DA:767,0
DA:768,0
DA:769,0
DA:770,0
DA:771,0
DA:772,0
DA:774,0
DA:775,0
DA:776,0
DA:780,0
DA:781,0
DA:782,0
DA:783,0
DA:785,0
DA:786,0
DA:787,0
DA:788,0
DA:789,0
DA:790,0
DA:791,0
DA:795,0
DA:798,1
DA:800,1
DA:801,0
DA:802,0
DA:805,1
DA:806,1
DA:808,1
DA:811,1
DA:813,1
DA:814,0
DA:815,0
DA:818,1
DA:819,1
DA:820,1
DA:821,1
DA:823,1
DA:824,1
DA:825,4
DA:826,12
DA:827,9
DA:828,9
DA:829,9
DA:833,1
DA:836,0
DA:838,0
DA:839,0
DA:840,0
DA:843,0
DA:844,0
DA:845,0
DA:846,0
DA:850,0
DA:851,0
DA:852,0
DA:853,0
DA:854,0
DA:855,0
DA:857,0
DA:858,0
DA:859,0
DA:863,0
DA:864,0
DA:865,0
DA:866,0
DA:868,0
DA:869,0
DA:870,0
DA:871,0
DA:872,0
DA:873,0
DA:874,0
DA:878,0
DA:881,1
DA:883,1
DA:884,0
DA:885,0
DA:888,1
DA:889,1
DA:890,1
DA:891,1
DA:893,1
DA:894,1
DA:895,6
DA:896,15
DA:897,10
DA:898,10
DA:899,10
DA:903,1
DA:906,0
DA:908,0
DA:909,0
DA:910,0
DA:913,0
DA:914,0
DA:915,0
DA:916,0
DA:920,0
DA:921,0
DA:922,0
DA:923,0
DA:924,0
DA:925,0
DA:927,0
DA:928,0
DA:929,0
DA:933,0
DA:934,0
DA:935,0
DA:936,0
DA:938,0
DA:939,0
DA:940,0
DA:941,0
DA:942,0
DA:943,0
DA:944,0
DA:948,0
DA:951,2
DA:952,2
DA:953,0
DA:954,0
DA:957,2
DA:958,2
DA:959,2
DA:960,2
DA:962,2
DA:963,2
DA:965,8
DA:966,20
DA:967,14
DA:968,14
DA:969,14
DA:973,2
DA:976,0
DA:978,0
DA:979,0
DA:980,0
DA:983,0
DA:984,0
DA:985,0
DA:986,0
DA:990,0
DA:991,0
DA:992,0
DA:993,0
DA:994,0
DA:995,0
DA:997,0
DA:998,0
DA:999,0
DA:1003,0
DA:1004,0
DA:1005,0
DA:1006,0
DA:1008,0
DA:1009,0
DA:1011,0
DA:1012,0
DA:1013,0
DA:1014,0
DA:1015,0
DA:1019,0
DA:1022,0
DA:1024,0
DA:1025,0
DA:1026,0
DA:1029,0
DA:1030,0
DA:1031,0
DA:1032,0
DA:1036,0
DA:1037,0
DA:1038,0
DA:1039,0
DA:1040,0
DA:1041,0
DA:1043,0
DA:1044,0
DA:1045,0
DA:1049,0
DA:1050,0
DA:1051,0
DA:1052,0
DA:1054,0
DA:1055,0
DA:1057,0
DA:1058,0
DA:1059,0
DA:1060,0
DA:1061,0
DA:1065,0
DA:1068,0
DA:1070,0
DA:1071,0
DA:1072,0
DA:1075,0
DA:1076,0
DA:1077,0
DA:1078,0
DA:1081,0
DA:1082,0
DA:1083,0
DA:1084,0
DA:1085,0
DA:1086,0
DA:1088,0
DA:1089,0
DA:1090,0
DA:1094,0
DA:1095,0
DA:1096,0
DA:1097,0
DA:1100,0
DA:1101,0
DA:1102,0
DA:1103,0
DA:1104,0
DA:1105,0
DA:1107,0
DA:1108,0
DA:1109,0
DA:1114,0
DA:1115,0
DA:1116,0
DA:1117,0
DA:1119,0
DA:1120,0
DA:1122,0
DA:1123,0
DA:1124,0
DA:1125,0
DA:1126,0
DA:1130,0
DA:1138,1
DA:1140,1
DA:1142,4
DA:1143,3
DA:1146,1
DA:1149,1
DA:1151,1
DA:1152,6
DA:1153,5
DA:1154,1
DA:1158,2
DA:1159,1
DA:1160,1
DA:1161,6
DA:1162,5
DA:1163,0
DA:1165,5
DA:1166,1
DA:1167,1
DA:1171,1
DA:1173,2
DA:1174,1
DA:1177,2
DA:1180,0
DA:1182,0
DA:1183,0
DA:1184,0
DA:1187,0
DA:1188,0
DA:1189,0
DA:1190,0
DA:1191,0
DA:1192,0
DA:1195,0
DA:1198,2
DA:1200,2
DA:1201,0
DA:1202,0
DA:1205,2
DA:1206,12
DA:1207,10
DA:1208,8
DA:1212,4
DA:1213,2
DA:1214,2
DA:1215,12
DA:1216,10
DA:1217,0
DA:1219,10
DA:1220,8
DA:1221,8
DA:1225,2
DA:1226,2
DA:1227,2
DA:1228,10
DA:1229,8
DA:1230,8
DA:1233,4
DA:1236,1
DA:1238,1
DA:1239,0
DA:1240,0
DA:1243,1
DA:1244,1
DA:1245,1
DA:1247,3
DA:1248,2
DA:1249,2
DA:1252,1
DA:1255,2
DA:1257,2
DA:1258,0
DA:1259,0
DA:1262,2
DA:1263,8
DA:1264,6
DA:1265,4
DA:1269,4
DA:1270,2
DA:1271,2
DA:1272,8
DA:1273,6
DA:1274,0
DA:1276,6
DA:1277,4
DA:1278,4
DA:1282,2
DA:1283,2
DA:1284,2
DA:1285,6
DA:1286,4
DA:1287,4
DA:1290,4
DA:1293,1
DA:1294,1
DA:1296,1
DA:1297,0
DA:1298,0
DA:1301,1
DA:1302,1
DA:1303,1
DA:1304,3
DA:1305,2
DA:1306,2
DA:1309,1
DA:1312,2
DA:1313,2
DA:1315,2
DA:1316,0
DA:1317,0
DA:1320,2
DA:1321,6
DA:1322,4
DA:1323,2
DA:1327,4
DA:1328,2
DA:1329,2
DA:1330,6
DA:1331,4
DA:1332,0
DA:1334,4
DA:1335,2
DA:1336,2
DA:1340,2
DA:1341,2
DA:1342,2
DA:1343,4
DA:1344,2
DA:1345,2
DA:1348,4
DA:1351,1
DA:1352,1
DA:1354,1
DA:1355,0
DA:1356,0
DA:1359,1
DA:1360,1
DA:1361,1
DA:1363,4
DA:1364,3
DA:1365,3
DA:1368,1
DA:1371,2
DA:1372,2
DA:1374,2
DA:1375,0
DA:1376,0
DA:1379,2
DA:1380,8
DA:1381,6
DA:1382,4
DA:1386,4
DA:1387,2
DA:1388,2
DA:1389,8
DA:1390,6
DA:1391,0
DA:1393,6
DA:1394,4
DA:1395,4
DA:1399,2
DA:1400,2
DA:1401,2
DA:1402,6
DA:1403,4
DA:1404,4
DA:1407,4
DA:1410,0
DA:1412,0
DA:1413,0
DA:1414,0
DA:1417,0
DA:1418,0
DA:1419,0
DA:1422,0
DA:1423,0
DA:1424,0
DA:1425,0
DA:1427,0
DA:1428,0
DA:1429,0
DA:1430,0
DA:1431,0
DA:1432,0
DA:1433,0
DA:1437,0
DA:1440,2
DA:1442,2
DA:1443,0
DA:1444,0
DA:1447,2
DA:1448,0
DA:1449,0
DA:1452,2
DA:1453,8
DA:1454,6
DA:1455,4
DA:1459,4
DA:1460,2
DA:1461,2
DA:1462,8
DA:1463,6
DA:1464,0
DA:1466,6
DA:1467,4
DA:1468,4
DA:1472,4
DA:1473,2
DA:1474,2
DA:1475,2
DA:1477,2
DA:1478,2
DA:1479,6
DA:1480,16
DA:1481,12
DA:1482,12
DA:1483,12
DA:1487,2
DA:1490,0
DA:1492,0
DA:1493,0
DA:1494,0
DA:1497,0
DA:1498,0
DA:1499,0
DA:1502,0
DA:1503,0
DA:1504,0
DA:1505,0
DA:1507,0
DA:1508,0
DA:1509,0
DA:1510,0
DA:1511,0
DA:1512,0
DA:1513,0
DA:1517,0
DA:1520,0
DA:1522,0
DA:1523,0
DA:1524,0
DA:1527,0
DA:1528,0
DA:1529,0
DA:1532,0
DA:1533,0
DA:1534,0
DA:1535,0
DA:1539,0
DA:1540,0
DA:1541,0
DA:1542,0
DA:1543,0
DA:1544,0
DA:1546,0
DA:1547,0
DA:1548,0
DA:1552,0
DA:1553,0
DA:1554,0
DA:1555,0
DA:1557,0
DA:1558,0
DA:1559,0
DA:1560,0
DA:1561,0
DA:1562,0
DA:1563,0
DA:1567,0
DA:1570,0
DA:1572,0
DA:1573,0
DA:1574,0
DA:1577,0
DA:1578,0
DA:1579,0
DA:1580,0
DA:1582,0
DA:1583,0
DA:1584,0
DA:1585,0
DA:1586,0
DA:1587,0
DA:1588,0
DA:1592,0
DA:1595,1
DA:1597,1
DA:1598,0
DA:1599,0
DA:1602,1
DA:1603,4
DA:1604,3
DA:1605,2
DA:1609,2
DA:1610,1
DA:1611,1
DA:1612,4
DA:1613,3
DA:1614,0
DA:1616,3
DA:1617,2
DA:1618,2
DA:1622,1
DA:1623,1
DA:1624,1
DA:1625,1
DA:1627,1
DA:1628,1
DA:1629,3
DA:1630,8
DA:1631,6
DA:1632,6
DA:1633,6
DA:1637,2
DA:1640,0
DA:1642,0
DA:1643,0
DA:1644,0
DA:1647,0
DA:1648,0
DA:1649,0
DA:1650,0
DA:1652,0
DA:1653,0
DA:1654,0
DA:1655,0
DA:1656,0
DA:1657,0
DA:1658,0
DA:1662,0
DA:1665,1
DA:1667,1
DA:1668,0
DA:1669,0
DA:1672,1
DA:1673,4
DA:1674,3
DA:1675,2
DA:1679,2
DA:1680,1
DA:1681,1
DA:1682,4
DA:1683,3
DA:1684,0
DA:1686,3
DA:1687,2
DA:1688,2
DA:1692,1
DA:1693,1
DA:1694,1
DA:1695,1
DA:1697,1
DA:1698,1
DA:1699,6
DA:1700,15
DA:1701,10
DA:1702,10
DA:1703,10
DA:1707,2
DA:1710,2
DA:1711,2
DA:1712,0
DA:1713,0
DA:1716,2
DA:1717,2
DA:1718,2
DA:1719,2
DA:1721,2
DA:1722,2
DA:1724,10
DA:1725,24
DA:1726,16
DA:1727,16
DA:1728,16
DA:1732,2
DA:1735,1
DA:1736,1
DA:1737,0
DA:1738,0
DA:1741,1
DA:1742,1
DA:1743,1
DA:1744,1
DA:1746,1
DA:1747,1
DA:1749,5
DA:1750,12
DA:1751,8
DA:1752,8
DA:1753,8
DA:1757,1
DA:1760,1
DA:1761,1
DA:1762,0
DA:1763,0
DA:1766,1
DA:1767,1
DA:1768,1
DA:1769,1
DA:1771,1
DA:1772,1
DA:1774,5
DA:1775,12
DA:1776,8
DA:1777,8
DA:1778,8
DA:1782,1
DA:1785,0
DA:1787,0
DA:1788,0
DA:1789,0
DA:1792,0
DA:1793,0
DA:1794,0
DA:1795,0
DA:1799,0
DA:1800,0
DA:1801,0
DA:1802,0
DA:1803,0
DA:1804,0
DA:1806,0
DA:1807,0
DA:1808,0
DA:1812,0
DA:1813,0
DA:1814,0
DA:1815,0
DA:1817,0
DA:1818,0
DA:1820,0
DA:1821,0
DA:1822,0
DA:1823,0
DA:1824,0
DA:1828,0
DA:1831,1
DA:1833,1
DA:1834,0
DA:1835,0
DA:1838,1
DA:1839,6
DA:1840,5
DA:1841,2
DA:1845,2
DA:1846,1
DA:1847,1
DA:1848,6
DA:1849,5
DA:1850,0
DA:1852,5
DA:1853,2
DA:1854,2
DA:1858,1
DA:1859,1
DA:1860,1
DA:1861,1
DA:1863,1
DA:1864,1
DA:1866,3
DA:1867,8
DA:1868,6
DA:1869,6
DA:1870,6
DA:1874,2
DA:1877,0
DA:1879,0
DA:1880,0
DA:1881,0
DA:1884,0
DA:1885,0
DA:1886,0
DA:1887,0
DA:1891,0
DA:1892,0
DA:1893,0
DA:1894,0
DA:1895,0
DA:1896,0
DA:1898,0
DA:1899,0
DA:1900,0
DA:1904,0
DA:1905,0
DA:1906,0
DA:1907,0
DA:1909,0
DA:1910,0
DA:1912,0
DA:1913,0
DA:1914,0
DA:1915,0
DA:1916,0
DA:1920,0
DA:1923,0
DA:1925,0
DA:1926,0
DA:1927,0
DA:1930,0
DA:1931,0
DA:1932,0
DA:1933,0
DA:1937,0
DA:1938,0
DA:1939,0
DA:1940,0
DA:1941,0
DA:1942,0
DA:1944,0
DA:1945,0
DA:1946,0
DA:1950,0
DA:1951,0
DA:1952,0
DA:1953,0
DA:1955,0
DA:1956,0
DA:1958,0
DA:1959,0
DA:1960,0
DA:1961,0
DA:1962,0
DA:1966,0
DA:1969,0
DA:1971,0
DA:1972,0
DA:1973,0
DA:1976,0
DA:1977,0
DA:1978,0
DA:1979,0
DA:1983,0
DA:1984,0
DA:1985,0
DA:1986,0
DA:1987,0
DA:1988,0
DA:1990,0
DA:1991,0
DA:1992,0
DA:1996,0
DA:1997,0
DA:1998,0
DA:1999,0
DA:2001,0
DA:2002,0
DA:2004,0
DA:2005,0
DA:2006,0
DA:2007,0
DA:2008,0
DA:2012,0
DA:2015,1
DA:2017,1
DA:2018,0
DA:2019,0
DA:2022,1
DA:2023,4
DA:2024,3
DA:2025,2
DA:2029,2
DA:2030,1
DA:2031,1
DA:2032,4
DA:2033,3
DA:2034,0
DA:2036,3
DA:2037,2
DA:2038,2
DA:2042,1
DA:2043,1
DA:2044,1
DA:2045,1
DA:2047,1
DA:2048,1
DA:2050,3
DA:2051,6
DA:2052,4
DA:2053,4
DA:2054,4
DA:2058,2
DA:2061,1
DA:2063,1
DA:2064,0
DA:2065,0
DA:2068,1
DA:2069,4
DA:2070,3
DA:2071,2
DA:2074,2
DA:2075,1
DA:2076,1
DA:2077,4
DA:2078,3
DA:2079,0
DA:2081,3
DA:2082,2
DA:2083,2
DA:2087,1
DA:2088,6
DA:2089,5
DA:2090,2
DA:2093,2
DA:2094,1
DA:2095,1
DA:2096,6
DA:2097,5
DA:2098,0
DA:2100,5
DA:2101,2
DA:2102,2
DA:2107,1
DA:2108,1
DA:2109,1
DA:2110,1
DA:2112,1
DA:2113,1
DA:2115,3
DA:2116,6
DA:2117,4
DA:2118,4
DA:2119,4
DA:2123,2
DA:2126,0
DA:2128,0
DA:2129,0
DA:2130,0
DA:2133,0
DA:2134,0
DA:2135,0
DA:2136,0
DA:2139,0
DA:2140,0
DA:2141,0
DA:2142,0
DA:2143,0
DA:2144,0
DA:2146,0
DA:2147,0
DA:2148,0
DA:2152,0
DA:2153,0
DA:2154,0
DA:2155,0
DA:2158,0
DA:2159,0
DA:2160,0
DA:2161,0
DA:2162,0
DA:2163,0
DA:2165,0
DA:2166,0
DA:2167,0
DA:2172,0
DA:2173,0
DA:2174,0
DA:2175,0
DA:2177,0
DA:2178,0
DA:2180,0
DA:2181,0
DA:2182,0
DA:2183,0
DA:2184,0
DA:2188,0
DA:2191,0
DA:2193,0
DA:2194,0
DA:2195,0
DA:2198,0
DA:2199,0
DA:2200,0
DA:2201,0
DA:2204,0
DA:2205,0
DA:2206,0
DA:2207,0
DA:2208,0
DA:2209,0
DA:2211,0
DA:2212,0
DA:2213,0
DA:2217,0
DA:2218,0
DA:2219,0
DA:2220,0
DA:2223,0
DA:2224,0
DA:2225,0
DA:2226,0
DA:2227,0
DA:2228,0
DA:2230,0
DA:2231,0
DA:2232,0
DA:2237,0
DA:2238,0
DA:2239,0
DA:2240,0
DA:2242,0
DA:2243,0
DA:2245,0
DA:2246,0
DA:2247,0
DA:2248,0
DA:2249,0
DA:2253,0
LF:1389
LH:610
end_of_record
TN:
SF:/home/konrad/Documents/0Uni/programming/ETR/include/etr_bits/subsetassign.hpp
FN:30,_ZN3etr9subassignERNS_3VECIdNS_5STOREIdEEEE
FN:38,_ZN3etr9subassignERNS_3VECIdNS_5STOREIdEEEEi
FN:46,_ZN3etr9subassignERNS_3VECIdNS_5STOREIdEEEEd
FN:55,_ZN3etr9subassignERNS_3VECIdNS_5STOREIdEEEEb
FN:71,_ZN3etr9subassignERNS_3VECIdNS_5STOREIdEEEEPv
FN:80,_ZN3etr9subassignERNS_3VECIdNS_5STOREIdEEEES4_
FN:92,_ZN3etr9subassignERNS_3VECIdNS_5STOREIdEEEERNS0_IbNS1_IbEEEE
FN:124,_ZN3etr9subassignERNS_3VECIdNS_5STOREIdEEEEii
FN:143,_ZN3etr9subassignERNS_3VECIdNS_5STOREIdEEEEid
FN:164,_ZN3etr9subassignERNS_3VECIdNS_5STOREIdEEEEib
FN:189,_ZN3etr9subassignERNS_3VECIdNS_5STOREIdEEEEiPv
FN:208,_ZN3etr9subassignERNS_3VECIdNS_5STOREIdEEEEiS4_
FN:228,_ZN3etr9subassignERNS_3VECIdNS_5STOREIdEEEEiRNS0_IbNS1_IbEEEE
FN:267,_ZN3etr9subassignERNS_3VECIdNS_5STOREIdEEEEdi
FN:289,_ZN3etr9subassignERNS_3VECIdNS_5STOREIdEEEEbi
FN:313,_ZN3etr9subassignERNS_3VECIdNS_5STOREIdEEEEPvi
FN:332,_ZN3etr9subassignERNS_3VECIdNS_5STOREIdEEEES4_i
FN:352,_ZN3etr9subassignERNS_3VECIdNS_5STOREIdEEEERNS0_IbNS1_IbEEEEi
FN:392,_ZN3etr9subassignERNS_3VECIdNS_5STOREIdEEEEdd
FN:412,_ZN3etr9subassignERNS_3VECIdNS_5STOREIdEEEEdb
FN:440,_ZN3etr9subassignERNS_3VECIdNS_5STOREIdEEEEdPv
FN:460,_ZN3etr9subassignERNS_3VECIdNS_5STOREIdEEEEdS4_
FN:481,_ZN3etr9subassignERNS_3VECIdNS_5STOREIdEEEEdRNS0_IbNS1_IbEEEE
FN:522,_ZN3etr9subassignERNS_3VECIdNS_5STOREIdEEEEbd
FN:547,_ZN3etr9subassignERNS_3VECIdNS_5STOREIdEEEEPvd
FN:570,_ZN3etr9subassignERNS_3VECIdNS_5STOREIdEEEES4_d
FN:591,_ZN3etr9subassignERNS_3VECIdNS_5STOREIdEEEERNS0_IbNS1_IbEEEEd
FN:633,_ZN3etr9subassignERNS_3VECIdNS_5STOREIdEEEEbb
FN:654,_ZN3etr9subassignERNS_3VECIdNS_5STOREIdEEEEbPv
FN:675,_ZN3etr9subassignERNS_3VECIdNS_5STOREIdEEEEbS4_
FN:704,_ZN3etr9subassignERNS_3VECIdNS_5STOREIdEEEEbRNS0_IbNS1_IbEEEE
FN:753,_ZN3etr9subassignERNS_3VECIdNS_5STOREIdEEEEPvb
FN:775,_ZN3etr9subassignERNS_3VECIdNS_5STOREIdEEEES4_b
FN:804,_ZN3etr9subassignERNS_3VECIdNS_5STOREIdEEEERNS0_IbNS1_IbEEEEb
FN:853,_ZN3etr9subassignERNS_3VECIdNS_5STOREIdEEEEPvS5_
FN:862,_ZN3etr9subassignERNS_3VECIdNS_5STOREIdEEEEPvS4_
FN:885,_ZN3etr9subassignERNS_3VECIdNS_5STOREIdEEEEPvRNS0_IbNS1_IbEEEE
FN:928,_ZN3etr9subassignERNS_3VECIdNS_5STOREIdEEEES4_Pv
FN:951,_ZN3etr9subassignERNS_3VECIdNS_5STOREIdEEEERNS0_IbNS1_IbEEEEPv
FN:994,_ZN3etr9subassignERNS_3VECIdNS_5STOREIdEEEES4_S4_
FN:1017,_ZN3etr9subassignERNS_3VECIdNS_5STOREIdEEEES4_RNS0_IbNS1_IbEEEE
FN:1061,_ZN3etr9subassignERNS_3VECIdNS_5STOREIdEEEERNS0_IbNS1_IbEEEES4_
FN:1105,_ZN3etr9subassignERNS_3VECIdNS_5STOREIdEEEERNS0_IbNS1_IbEEEES7_
FN:1168,_ZN3etr9subassignERNS_3VECIdNS_5STOREIdEEEEOS3_
FN:1180,_ZN3etr9subassignERNS_3VECIdNS_5STOREIdEEEEONS0_IbNS1_IbEEEE
FN:1212,_ZN3etr9subassignERNS_3VECIdNS_5STOREIdEEEEiOS3_
FN:1232,_ZN3etr9subassignERNS_3VECIdNS_5STOREIdEEEEiONS0_IbNS1_IbEEEE
FN:1271,_ZN3etr9subassignERNS_3VECIdNS_5STOREIdEEEEOS3_i
FN:1291,_ZN3etr9subassignERNS_3VECIdNS_5STOREIdEEEEONS0_IbNS1_IbEEEEi
FN:1331,_ZN3etr9subassignERNS_3VECIdNS_5STOREIdEEEEdOS3_
FN:1351,_ZN3etr9subassignERNS_3VECIdNS_5STOREIdEEEEdONS0_IbNS1_IbEEEE
FN:1392,_ZN3etr9subassignERNS_3VECIdNS_5STOREIdEEEEOS3_d
FN:1413,_ZN3etr9subassignERNS_3VECIdNS_5STOREIdEEEEONS0_IbNS1_IbEEEEd
FN:1455,_ZN3etr9subassignERNS_3VECIdNS_5STOREIdEEEEbOS3_
FN:1484,_ZN3etr9subassignERNS_3VECIdNS_5STOREIdEEEEbONS0_IbNS1_IbEEEE
FN:1533,_ZN3etr9subassignERNS_3VECIdNS_5STOREIdEEEEOS3_b
FN:1562,_ZN3etr9subassignERNS_3VECIdNS_5STOREIdEEEEONS0_IbNS1_IbEEEEb
FN:1611,_ZN3etr9subassignERNS_3VECIdNS_5STOREIdEEEEPvOS3_
FN:1634,_ZN3etr9subassignERNS_3VECIdNS_5STOREIdEEEEPvONS0_IbNS1_IbEEEE
FN:1677,_ZN3etr9subassignERNS_3VECIdNS_5STOREIdEEEEOS3_Pv
FN:1700,_ZN3etr9subassignERNS_3VECIdNS_5STOREIdEEEEONS0_IbNS1_IbEEEEPv
FN:1743,_ZN3etr9subassignERNS_3VECIdNS_5STOREIdEEEEOS3_S5_
FN:1766,_ZN3etr9subassignERNS_3VECIdNS_5STOREIdEEEEOS3_S4_
FN:1789,_ZN3etr9subassignERNS_3VECIdNS_5STOREIdEEEES4_OS3_
FN:1812,_ZN3etr9subassignERNS_3VECIdNS_5STOREIdEEEEOS3_ONS0_IbNS1_IbEEEE
FN:1856,_ZN3etr9subassignERNS_3VECIdNS_5STOREIdEEEEOS3_RNS0_IbNS1_IbEEEE
FN:1900,_ZN3etr9subassignERNS_3VECIdNS_5STOREIdEEEES4_ONS0_IbNS1_IbEEEE
FN:1945,_ZN3etr9subassignERNS_3VECIdNS_5STOREIdEEEEONS0_IbNS1_IbEEEEOS3_
FN:1989,_ZN3etr9subassignERNS_3VECIdNS_5STOREIdEEEEONS0_IbNS1_IbEEEES4_
FN:2033,_ZN3etr9subassignERNS_3VECIdNS_5STOREIdEEEERNS0_IbNS1_IbEEEEOS3_
FN:2077,_ZN3etr9subassignERNS_3VECIdNS_5STOREIdEEEEONS0_IbNS1_IbEEEES7_
FN:2139,_ZN3etr9subassignERNS_3VECIdNS_5STOREIdEEEEONS0_IbNS1_IbEEEERS6_
FN:2201,_ZN3etr9subassignERNS_3VECIdNS_5STOREIdEEEERNS0_IbNS1_IbEEEEOS6_
FNDA:1,_ZN3etr9subassignERNS_3VECIdNS_5STOREIdEEEEPv
FNDA:0,_ZN3etr9subassignERNS_3VECIdNS_5STOREIdEEEEPvRNS0_IbNS1_IbEEEE
FNDA:1,_ZN3etr9subassignERNS_3VECIdNS_5STOREIdEEEEdOS3_
FNDA:1,_ZN3etr9subassignERNS_3VECIdNS_5STOREIdEEEES4_i
FNDA:0,_ZN3etr9subassignERNS_3VECIdNS_5STOREIdEEEEbOS3_
FNDA:0,_ZN3etr9subassignERNS_3VECIdNS_5STOREIdEEEEONS0_IbNS1_IbEEEERS6_
FNDA:1,_ZN3etr9subassignERNS_3VECIdNS_5STOREIdEEEEbPv
FNDA:1,_ZN3etr9subassignERNS_3VECIdNS_5STOREIdEEEEbb
FNDA:2,_ZN3etr9subassignERNS_3VECIdNS_5STOREIdEEEEiONS0_IbNS1_IbEEEE
FNDA:1,_ZN3etr9subassignERNS_3VECIdNS_5STOREIdEEEEiS4_
FNDA:0,_ZN3etr9subassignERNS_3VECIdNS_5STOREIdEEEEOS3_Pv
FNDA:0,_ZN3etr9subassignERNS_3VECIdNS_5STOREIdEEEERNS0_IbNS1_IbEEEEOS6_
FNDA:0,_ZN3etr9subassignERNS_3VECIdNS_5STOREIdEEEEiRNS0_IbNS1_IbEEEE
FNDA:1,_ZN3etr9subassignERNS_3VECIdNS_5STOREIdEEEEbS4_
FNDA:1,_ZN3etr9subassignERNS_3VECIdNS_5STOREIdEEEEdb
FNDA:1,_ZN3etr9subassignERNS_3VECIdNS_5STOREIdEEEEONS0_IbNS1_IbEEEEi
FNDA:1,_ZN3etr9subassignERNS_3VECIdNS_5STOREIdEEEEPvS5_
FNDA:1,_ZN3etr9subassignERNS_3VECIdNS_5STOREIdEEEES4_ONS0_IbNS1_IbEEEE
FNDA:2,_ZN3etr9subassignERNS_3VECIdNS_5STOREIdEEEEdd
FNDA:1,_ZN3etr9subassignERNS_3VECIdNS_5STOREIdEEEEONS0_IbNS1_IbEEEES7_
FNDA:0,_ZN3etr9subassignERNS_3VECIdNS_5STOREIdEEEEOS3_S4_
FNDA:1,_ZN3etr9subassignERNS_3VECIdNS_5STOREIdEEEEbi
FNDA:1,_ZN3etr9subassignERNS_3VECIdNS_5STOREIdEEEEONS0_IbNS1_IbEEEES4_
FNDA:0,_ZN3etr9subassignERNS_3VECIdNS_5STOREIdEEEEiOS3_
FNDA:0,_ZN3etr9subassignERNS_3VECIdNS_5STOREIdEEEEOS3_S5_
FNDA:1,_ZN3etr9subassignERNS_3VECIdNS_5STOREIdEEEEONS0_IbNS1_IbEEEEPv
FNDA:10,_ZN3etr9subassignERNS_3VECIdNS_5STOREIdEEEEi
FNDA:0,_ZN3etr9subassignERNS_3VECIdNS_5STOREIdEEEES4_RNS0_IbNS1_IbEEEE
FNDA:2,_ZN3etr9subassignERNS_3VECIdNS_5STOREIdEEEEdONS0_IbNS1_IbEEEE
FNDA:1,_ZN3etr9subassignERNS_3VECIdNS_5STOREIdEEEEPvi
FNDA:0,_ZN3etr9subassignERNS_3VECIdNS_5STOREIdEEEERNS0_IbNS1_IbEEEEb
FNDA:1,_ZN3etr9subassignERNS_3VECIdNS_5STOREIdEEEEOS3_i
FNDA:2,_ZN3etr9subassignERNS_3VECIdNS_5STOREIdEEEES4_
FNDA:0,_ZN3etr9subassignERNS_3VECIdNS_5STOREIdEEEERNS0_IbNS1_IbEEEE
FNDA:0,_ZN3etr9subassignERNS_3VECIdNS_5STOREIdEEEEbRNS0_IbNS1_IbEEEE
FNDA:1,_ZN3etr9subassignERNS_3VECIdNS_5STOREIdEEEEPvONS0_IbNS1_IbEEEE
FNDA:1,_ZN3etr9subassignERNS_3VECIdNS_5STOREIdEEEES4_b
FNDA:1,_ZN3etr9subassignERNS_3VECIdNS_5STOREIdEEEEPvb
FNDA:0,_ZN3etr9subassignERNS_3VECIdNS_5STOREIdEEEEdRNS0_IbNS1_IbEEEE
FNDA:1,_ZN3etr9subassignERNS_3VECIdNS_5STOREIdEEEEOS3_d
FNDA:0,_ZN3etr9subassignERNS_3VECIdNS_5STOREIdEEEERNS0_IbNS1_IbEEEES7_
FNDA:1,_ZN3etr9subassignERNS_3VECIdNS_5STOREIdEEEEPvS4_
FNDA:1,_ZN3etr9subassignERNS_3VECIdNS_5STOREIdEEEEdPv
FNDA:1,_ZN3etr9subassignERNS_3VECIdNS_5STOREIdEEEEib
FNDA:0,_ZN3etr9subassignERNS_3VECIdNS_5STOREIdEEEERNS0_IbNS1_IbEEEES4_
FNDA:0,_ZN3etr9subassignERNS_3VECIdNS_5STOREIdEEEEONS0_IbNS1_IbEEEEOS3_
FNDA:1,_ZN3etr9subassignERNS_3VECIdNS_5STOREIdEEEEPvd
FNDA:0,_ZN3etr9subassignERNS_3VECIdNS_5STOREIdEEEEOS3_ONS0_IbNS1_IbEEEE
FNDA:1,_ZN3etr9subassignERNS_3VECIdNS_5STOREIdEEEEb
FNDA:0,_ZN3etr9subassignERNS_3VECIdNS_5STOREIdEEEEPvOS3_
FNDA:1,_ZN3etr9subassignERNS_3VECIdNS_5STOREIdEEEEOS3_
FNDA:0,_ZN3etr9subassignERNS_3VECIdNS_5STOREIdEEEES4_d
FNDA:1,_ZN3etr9subassignERNS_3VECIdNS_5STOREIdEEEEbd
FNDA:1,_ZN3etr9subassignERNS_3VECIdNS_5STOREIdEEEEdS4_
FNDA:2,_ZN3etr9subassignERNS_3VECIdNS_5STOREIdEEEEONS0_IbNS1_IbEEEE
FNDA:0,_ZN3etr9subassignERNS_3VECIdNS_5STOREIdEEEERNS0_IbNS1_IbEEEEd
FNDA:0,_ZN3etr9subassignERNS_3VECIdNS_5STOREIdEEEERNS0_IbNS1_IbEEEEi
FNDA:0,_ZN3etr9subassignERNS_3VECIdNS_5STOREIdEEEERNS0_IbNS1_IbEEEEPv
FNDA:0,_ZN3etr9subassignERNS_3VECIdNS_5STOREIdEEEERNS0_IbNS1_IbEEEEOS3_
FNDA:2,_ZN3etr9subassignERNS_3VECIdNS_5STOREIdEEEEbONS0_IbNS1_IbEEEE
FNDA:1,_ZN3etr9subassignERNS_3VECIdNS_5STOREIdEEEES4_Pv
FNDA:0,_ZN3etr9subassignERNS_3VECIdNS_5STOREIdEEEES4_OS3_
FNDA:1,_ZN3etr9subassignERNS_3VECIdNS_5STOREIdEEEEd
FNDA:0,_ZN3etr9subassignERNS_3VECIdNS_5STOREIdEEEE
FNDA:1,_ZN3etr9subassignERNS_3VECIdNS_5STOREIdEEEEOS3_b
FNDA:0,_ZN3etr9subassignERNS_3VECIdNS_5STOREIdEEEEOS3_RNS0_IbNS1_IbEEEE
FNDA:1,_ZN3etr9subassignERNS_3VECIdNS_5STOREIdEEEEiPv
FNDA:2,_ZN3etr9subassignERNS_3VECIdNS_5STOREIdEEEEONS0_IbNS1_IbEEEEd
FNDA:1,_ZN3etr9subassignERNS_3VECIdNS_5STOREIdEEEEii
FNDA:3,_ZN3etr9subassignERNS_3VECIdNS_5STOREIdEEEES4_S4_
FNDA:0,_ZN3etr9subassignERNS_3VECIdNS_5STOREIdEEEEONS0_IbNS1_IbEEEEb
FNDA:1,_ZN3etr9subassignERNS_3VECIdNS_5STOREIdEEEEdi
FNDA:1,_ZN3etr9subassignERNS_3VECIdNS_5STOREIdEEEEid
FNF:73
FNH:45
DA:30,0
DA:31,0
DA:32,0
DA:33,0
DA:35,0
DA:38,10
DA:39,10
DA:40,10
DA:41,10
DA:42,10
DA:43,10
DA:46,1
DA:47,1
DA:48,1
DA:49,1
DA:50,1
DA:51,1
DA:52,1
DA:55,1
DA:57,1
DA:58,0
DA:59,0
DA:60,0
DA:62,1
DA:64,1
DA:65,6
DA:66,5
DA:68,1
DA:71,1
DA:72,1
DA:73,6
DA:74,5
DA:76,1
DA:77,1
DA:80,2
DA:82,2
DA:83,2
DA:85,10
DA:86,8
DA:89,2
DA:92,0
DA:94,0
DA:95,0
DA:96,0
DA:97,0
DA:101,0
DA:102,0
DA:103,0
DA:104,0
DA:105,0
DA:106,0
DA:108,0
DA:109,0
DA:110,0
DA:114,0
DA:115,0
DA:117,0
DA:118,0
DA:121,0
DA:124,1
DA:126,1
DA:127,0
DA:128,0
DA:131,1
DA:132,1
DA:133,1
DA:134,1
DA:136,1
DA:138,1
DA:140,1
DA:143,1
DA:145,1
DA:147,1
DA:148,0
DA:149,0
DA:152,1
DA:153,1
DA:154,1
DA:155,1
DA:157,1
DA:159,1
DA:161,1
DA:164,1
DA:166,1
DA:167,0
DA:168,0
DA:171,1
DA:172,0
DA:173,0
DA:174,0
DA:177,1
DA:178,1
DA:179,1
DA:181,6
DA:182,5
DA:183,5
DA:186,1
DA:189,1
DA:191,1
DA:192,0
DA:193,0
DA:196,1
DA:197,1
DA:198,1
DA:200,6
DA:201,5
DA:202,5
DA:205,1
DA:208,1
DA:210,1
DA:211,0
DA:212,0
DA:215,1
DA:216,1
DA:218,1
DA:219,1
DA:220,4
DA:221,3
DA:222,3
DA:225,1
DA:228,0
DA:230,0
DA:231,0
DA:232,0
DA:235,0
DA:236,0
DA:237,0
DA:238,0
DA:242,0
DA:243,0
DA:244,0
DA:245,0
DA:246,0
DA:247,0
DA:249,0
DA:250,0
DA:251,0
DA:255,0
DA:256,0
DA:257,0
DA:258,0
DA:259,0
DA:260,0
DA:261,0
DA:264,0
DA:267,1
DA:269,1
DA:271,1
DA:272,0
DA:273,0
DA:276,1
DA:277,1
DA:279,1
DA:280,1
DA:281,1
DA:283,1
DA:285,1
DA:289,1
DA:291,1
DA:292,0
DA:293,0
DA:295,1
DA:296,1
DA:297,0
DA:298,0
DA:301,1
DA:302,1
DA:304,4
DA:305,3
DA:306,3
DA:309,1
DA:313,1
DA:315,1
DA:316,0
DA:317,0
DA:320,1
DA:321,1
DA:322,1
DA:324,4
DA:325,3
DA:326,3
DA:329,1
DA:332,1
DA:334,1
DA:335,0
DA:336,0
DA:339,1
DA:340,1
DA:341,1
DA:342,1
DA:344,3
DA:345,2
DA:346,2
DA:349,1
DA:352,0
DA:354,0
DA:355,0
DA:356,0
DA:359,0
DA:360,0
DA:361,0
DA:362,0
DA:366,0
DA:367,0
DA:368,0
DA:369,0
DA:370,0
DA:371,0
DA:373,0
DA:374,0
DA:375,0
DA:379,0
DA:380,0
DA:382,0
DA:383,0
DA:384,0
DA:385,0
DA:386,0
DA:389,0
DA:392,2
DA:393,2
DA:394,2
DA:396,2
DA:397,0
DA:398,0
DA:401,2
DA:402,2
DA:403,2
DA:404,2
DA:405,2
DA:407,2
DA:409,2
DA:412,1
DA:414,1
DA:416,1
DA:417,0
DA:418,0
DA:421,1
DA:422,0
DA:423,0
DA:424,0
DA:427,1
DA:428,1
DA:430,6
DA:431,5
DA:432,5
DA:435,1
DA:437,1
DA:440,1
DA:441,1
DA:443,1
DA:444,0
DA:445,0
DA:448,1
DA:449,1
DA:450,1
DA:452,6
DA:453,5
DA:454,5
DA:457,1
DA:460,1
DA:461,1
DA:463,1
DA:464,0
DA:465,0
DA:468,1
DA:469,1
DA:470,1
DA:471,1
DA:472,4
DA:473,3
DA:474,3
DA:477,1
DA:481,0
DA:482,0
DA:484,0
DA:485,0
DA:486,0
DA:489,0
DA:490,0
DA:491,0
DA:492,0
DA:496,0
DA:497,0
DA:498,0
DA:499,0
DA:500,0
DA:501,0
DA:503,0
DA:504,0
DA:505,0
DA:509,0
DA:510,0
DA:512,0
DA:513,0
DA:514,0
DA:515,0
DA:516,0
DA:519,0
DA:522,1
DA:523,1
DA:525,1
DA:526,0
DA:527,0
DA:530,1
DA:531,0
DA:532,0
DA:533,0
DA:536,1
DA:537,1
DA:538,1
DA:539,4
DA:540,3
DA:541,3
DA:544,1
DA:547,1
DA:548,1
DA:550,1
DA:551,0
DA:552,0
DA:555,1
DA:556,1
DA:558,1
DA:560,4
DA:561,3
DA:562,3
DA:565,1
DA:567,1
DA:570,0
DA:571,0
DA:573,0
DA:574,0
DA:575,0
DA:578,0
DA:579,0
DA:580,0
DA:581,0
DA:583,0
DA:584,0
DA:585,0
DA:588,0
DA:591,0
DA:592,0
DA:594,0
DA:595,0
DA:596,0
DA:599,0
DA:600,0
DA:601,0
DA:602,0
DA:606,0
DA:607,0
DA:608,0
DA:609,0
DA:610,0
DA:611,0
DA:613,0
DA:614,0
DA:615,0
DA:619,0
DA:620,0
DA:621,0
DA:623,0
DA:624,0
DA:625,0
DA:626,0
DA:627,0
DA:630,0
DA:633,1
DA:635,1
DA:636,0
DA:637,0
DA:640,1
DA:641,1
DA:642,1
DA:643,16
DA:644,15
DA:646,1
DA:649,0
DA:651,0
DA:654,1
DA:656,1
DA:657,0
DA:658,0
DA:661,1
DA:662,1
DA:663,16
DA:664,15
DA:666,1
DA:667,1
DA:670,0
DA:672,0
DA:675,1
DA:677,1
DA:678,0
DA:679,0
DA:682,1
DA:683,0
DA:684,0
DA:685,0
DA:688,1
DA:689,1
DA:691,1
DA:692,1
DA:693,4
DA:694,12
DA:695,9
DA:696,9
DA:697,9
DA:701,1
DA:704,0
DA:706,0
DA:707,0
DA:708,0
DA:711,0
DA:712,0
DA:713,0
DA:714,0
DA:717,0
DA:718,0
DA:719,0
DA:720,0
DA:724,0
DA:725,0
DA:726,0
DA:727,0
DA:728,0
DA:729,0
DA:731,0
DA:732,0
DA:733,0
DA:737,0
DA:738,0
DA:740,0
DA:741,0
DA:742,0
DA:743,0
DA:744,0
DA:745,0
DA:746,0
DA:750,0
DA:753,1
DA:755,1
DA:756,0
DA:757,0
DA:760,1
DA:761,0
DA:762,0
DA:763,0
DA:766,1
DA:767,16
DA:768,15
DA:770,1
DA:772,1
DA:775,1
DA:777,1
DA:778,0
DA:779,0
DA:782,1
DA:783,0
DA:784,0
DA:785,0
DA:788,1
DA:789,1
DA:791,1
DA:792,1
DA:793,6
DA:794,10
DA:795,5
DA:796,5
DA:797,5
DA:801,1
DA:804,0
DA:806,0
DA:807,0
DA:808,0
DA:811,0
DA:812,0
DA:813,0
DA:814,0
DA:817,0
DA:818,0
DA:819,0
DA:820,0
DA:824,0
DA:825,0
DA:826,0
DA:827,0
DA:828,0
DA:829,0
DA:831,0
DA:832,0
DA:833,0
DA:837,0
DA:838,0
DA:840,0
DA:841,0
DA:842,0
DA:843,0
DA:844,0
DA:845,0
DA:846,0
DA:850,0
DA:853,1
DA:854,1
DA:855,16
DA:856,15
DA:858,1
DA:859,1
DA:862,1
DA:864,1
DA:865,0
DA:866,0
DA:869,1
DA:870,1
DA:872,1
DA:873,1
DA:874,4
DA:875,12
DA:876,9
DA:877,9
DA:878,9
DA:882,1
DA:885,0
DA:887,0
DA:888,0
DA:889,0
DA:892,0
DA:893,0
DA:894,0
DA:895,0
DA:899,0
DA:900,0
DA:901,0
DA:902,0
DA:903,0
DA:904,0
DA:906,0
DA:907,0
DA:908,0
DA:912,0
DA:913,0
DA:915,0
DA:916,0
DA:917,0
DA:918,0
DA:919,0
DA:920,0
DA:921,0
DA:925,0
DA:928,1
DA:930,1
DA:931,0
DA:932,0
DA:935,1
DA:936,1
DA:938,1
DA:939,1
DA:940,6
DA:941,10
DA:942,5
DA:943,5
DA:944,5
DA:948,1
DA:951,0
DA:953,0
DA:954,0
DA:955,0
DA:958,0
DA:959,0
DA:960,0
DA:961,0
DA:965,0
DA:966,0
DA:967,0
DA:968,0
DA:969,0
DA:970,0
DA:972,0
DA:973,0
DA:974,0
DA:978,0
DA:979,0
DA:981,0
DA:982,0
DA:983,0
DA:984,0
DA:985,0
DA:986,0
DA:987,0
DA:991,0
DA:994,3
DA:995,3
DA:996,0
DA:997,0
DA:1000,3
DA:1001,3
DA:1003,3
DA:1004,3
DA:1006,11
DA:1007,24
DA:1008,16
DA:1009,16
DA:1010,16
DA:1014,3
DA:1017,0
DA:1019,0
DA:1020,0
DA:1021,0
DA:1024,0
DA:1025,0
DA:1026,0
DA:1027,0
DA:1031,0
DA:1032,0
DA:1033,0
DA:1034,0
DA:1035,0
DA:1036,0
DA:1038,0
DA:1039,0
DA:1040,0
DA:1044,0
DA:1045,0
DA:1047,0
DA:1048,0
DA:1050,0
DA:1051,0
DA:1052,0
DA:1053,0
DA:1054,0
DA:1058,0
DA:1061,0
DA:1063,0
DA:1064,0
DA:1065,0
DA:1068,0
DA:1069,0
DA:1070,0
DA:1071,0
DA:1075,0
DA:1076,0
DA:1077,0
DA:1078,0
DA:1079,0
DA:1080,0
DA:1082,0
DA:1083,0
DA:1084,0
DA:1088,0
DA:1089,0
DA:1091,0
DA:1092,0
[...]
FNDA:3,_ZNK3etr3VECIdNS_6VVacosIdNS_5STOREIdEEEEEixEi
FNDA:1,_ZN3etr3VECIdNS_5STOREIdEEEC2IdNS_5SVDIVIdS2_dEEEERKNS0_IT_T0_EE
FNDA:4,_ZN3etr3VECIdNS_5STOREIdEEEaSIdNS_7VVMINUSIdS2_S2_EEEERS3_RKNS0_IT_T0_EE
FNDA:9,_ZNK3etr3VECIdNS_7VSTIMESIdNS_5STOREIdEEiEEEixEi
FNDA:3,_ZN3etr3VECIdNS_5STOREIdEEEaSIdNS_7VSTIMESIdS2_iEEEERS3_RKNS0_IT_T0_EE
FNDA:1,_ZN3etr3VECIdNS_5STOREIdEEEaSIdNS_5VVtanIdS2_EEEERS3_RKNS0_IT_T0_EE
FNDA:1,_ZNK3etr3VECIdNS_5VVlogIdNS_5STOREIdEEEEE4sizeEv
FNDA:1,_ZNK3etr3VECIdNS_6VVatanIdNS_5STOREIdEEEEE2imEv
FNDA:3,_ZN3etr3VECIdNS_5STOREIdEEEaSIdNS_6VSPLUSIdS2_iEEEERS3_RKNS0_IT_T0_EE
FNDA:1,_ZNK3etr3VECIdNS_6VVsinhIdNS_5STOREIdEEEEE4sizeEv
FNDA:1,_ZN3etr3VECIdNS_5STOREIdEEEC2IdNS_5VSDIVIdS2_dEEEERKNS0_IT_T0_EE
FNDA:4,_ZNK3etr3VECIdNS_7VVTIMESIdNS_5STOREIdEES3_EEE2imEv
FNDA:3,_ZNK3etr3VECIdNS_5VSDIVIdNS_5STOREIdEEiEEE4sizeEv
FNDA:1,_ZNK3etr3VECIdNS_5VVSINIdNS_5STOREIdEEEEE4sizeEv
FNDA:1,_ZN3etr3VECIdNS_5STOREIdEEEC2IdNS_7SVMINUSIdS2_iEEEERKNS0_IT_T0_EE
FNDA:1,_ZN3etr3VECIdNS_5STOREIdEEEC2IdNS_7SVTIMESIdS2_iEEEERKNS0_IT_T0_EE
FNDA:1424,_ZN3etr3VECIbNS_5STOREIbEEEixEi
FNDA:4,_ZNK3etr3VECIdNS_7VSTIMESIdNS_5STOREIdEEdEEEixEi
FNDA:4,_ZN3etr3VECIdNS_5STOREIdEEEaSIdNS_6VVPLUSIdS2_S2_EEEERS3_RKNS0_IT_T0_EE
FNDA:4,_ZNK3etr3VECIdNS_5VVDIVIdNS_5STOREIdEES3_EEE2imEv
FNDA:1,_ZN3etr3VECIdNS_5STOREIdEEEaSIdNS_6VVtanhIdS2_EEEERS3_RKNS0_IT_T0_EE
FNDA:1,_ZN3etr3VECIdNS_5STOREIdEEEaSIdNS_6VVasinIdS2_EEEERS3_RKNS0_IT_T0_EE
FNDA:4,_ZNK3etr3VECIdNS_7SVTIMESIdNS_5STOREIdEEiEEEixEi
FNDA:108,_ZN3etr3VECIbNS_5STOREIbEEEC2ERKS3_
FNDA:1,_ZN3etr3VECIdNS_6VVCOSHIdNS_5STOREIdEEEEEC2ERKS4_
FNDA:208,_ZN3etr3VECIdNS_5STOREIdEEEaSERKd
FNDA:2,_ZNK3etr3VECIdNS_5VVEXPIdNS_5STOREIdEEiEEE2imEv
FNDA:3,_ZNK3etr3VECIdNS_7VSTIMESIdNS_5STOREIdEEiEEE2imEv
FNDA:974,_ZNK3etr3VECIbNS_5STOREIbEEE4sizeEv
FNDA:1,_ZN3etr3VECIdNS_5STOREIdEEEaSIdNS_6VVatanIdS2_EEEERS3_RKNS0_IT_T0_EE
FNDA:179,_ZNK3etr3VECIiNS_5STOREIiEEE4sizeEv
FNDA:1,_ZN3etr3VECIdNS_6VVacosIdNS_5STOREIdEEEEEC2ERKS4_
FNDA:770,_ZNK3etr3VECIdNS_5STOREIdEEE2imEv
FNDA:4,_ZNK3etr3VECIdNS_5STOREIdEEE3endEv
FNDA:3,_ZNK3etr3VECIdNS_6VVsinhIdNS_5STOREIdEEEEEixEi
FNDA:1,_ZNK3etr3VECIdNS_6VVasinIdNS_5STOREIdEEEEE2imEv
FNDA:2,_ZNK3etr3VECIdNS_5VVEXPIdNS_5STOREIdEEiEEE4sizeEv
FNDA:1,_ZN3etr3VECIdNS_5VVtanIdNS_5STOREIdEEEEEC2ERKS4_
FNDA:1,_ZNK3etr3VECIdNS_7SVTIMESIdNS_5STOREIdEEiEEE4sizeEv
FNDA:1,_ZNK3etr3VECIdNS_6VVtanhIdNS_5STOREIdEEEEE2imEv
FNDA:1,_ZN3etr3VECIdNS_5STOREIdEEEaSIdNS_5VVCOSIdS2_EEEERS3_RKNS0_IT_T0_EE
FNDA:1,_ZN3etr3VECIdNS_5VVCOSIdNS_5STOREIdEEEEEC2ERKS4_
FNDA:216,_ZN3etr3VECIdNS_5STOREIdEEEC2Ev
FNDA:1,_ZN3etr3VECIdNS_6VVsinhIdNS_5STOREIdEEEEEC2ERKS4_
FNDA:3,_ZN3etr3VECIdNS_5STOREIdEEEaSIdNS_5VSDIVIdS2_iEEEERS3_RKNS0_IT_T0_EE
FNDA:6,_ZNK3etr3VECIdNS_6VVPLUSIdNS_5STOREIdEES3_EEE4sizeEv
FNDA:702,_ZNK3etr3VECIdNS_5STOREIdEEE2nrEv
FNDA:194,_ZN3etr3VECIiNS_5STOREIiEEEixEi
FNDA:1,_ZN3etr3VECIdNS_5STOREIdEEEC2IdNS_6VSPLUSIdS2_iEEEERKNS0_IT_T0_EE
FNDA:1,_ZN3etr3VECIdNS_5STOREIdEEEaSIdNS_5VVlogIdS2_EEEERS3_RKNS0_IT_T0_EE
FNDA:2,_ZNK3etr3VECIdNS_6VVacosIdNS_5STOREIdEEEEE4sizeEv
FNDA:323,_ZNK3etr3VECIdNS_5STOREIdEEE2ncEv
FNDA:3,_ZN3etr3VECIdNS_7VSTIMESIdNS_5STOREIdEEiEEEC2ERKS4_
FNDA:50,_ZN3etr3VECIdNS_5STOREIdEEEC2Eii
FNDA:1,_ZN3etr3VECIdNS_7SVMINUSIdNS_5STOREIdEEiEEEC2ERKS4_
FNDA:3,_ZNK3etr3VECIdNS_5VVtanIdNS_5STOREIdEEEEEixEi
FNDA:3,_ZNK3etr3VECIdNS_7VSTIMESIdNS_5STOREIdEEiEEE4sizeEv
FNDA:4,_ZN3etr3VECIdNS_5STOREIdEEEaSIdNS_5VVDIVIdS2_S2_EEEERS3_RKNS0_IT_T0_EE
FNDA:4,_ZN3etr3VECIdNS_6VVPLUSIdNS_5STOREIdEES3_EEEC2ERKS4_
FNDA:10092,_ZNK3etr3VECIdNS_5STOREIdEEE4sizeEv
FNDA:4,_ZN3etr3VECIdNS_7VSMINUSIdNS_5STOREIdEEiEEEC2ERKS4_
FNDA:1,_ZNK3etr3VECIdNS_6VVCOSHIdNS_5STOREIdEEEEE2imEv
FNDA:1,_ZNK3etr3VECIdNS_6VVCOSHIdNS_5STOREIdEEEEE4sizeEv
FNDA:1,_ZN3etr3VECIdNS_6VVatanIdNS_5STOREIdEEEEEC2ERKS4_
FNDA:7874,_ZN3etr3VECIdNS_5STOREIdEEEixEi
FNDA:2,_ZNK3etr3VECIdNS_6VVatanIdNS_5STOREIdEEEEE4sizeEv
FNDA:1,_ZNK3etr3VECIdNS_6VVtanhIdNS_5STOREIdEEEEE4sizeEv
FNDA:8,_ZNK3etr3VECIdNS_5VVEXPIdNS_5STOREIdEEiEEEixEi
FNDA:1,_ZNK3etr3VECIdNS_5VVlogIdNS_5STOREIdEEEEE2imEv
FNDA:34,_ZN3etr3VECIiNS_5STOREIiEEEC2Ei
FNDA:4,_ZN3etr3VECIdNS_7VVMINUSIdNS_5STOREIdEES3_EEEC2ERKS4_
FNDA:2,_ZNK3etr3VECIdNS_6VVasinIdNS_5STOREIdEEEEE4sizeEv
FNDA:4135,_ZNK3etr3VECIdNS_5STOREIdEEEixEi
FNDA:4,_ZNK3etr3VECIdNS_7VVMINUSIdNS_5STOREIdEES3_EEE2imEv
FNDA:4,_ZNK3etr3VECIdNS_7SVMINUSIdNS_5STOREIdEEiEEEixEi
FNDA:1,_ZNK3etr3VECIdNS_5VVtanIdNS_5STOREIdEEEEE2imEv
FNDA:4,_ZNK3etr3VECIdNS_5VVSINIdNS_5STOREIdEEEEEixEi
FNDA:6,_ZNK3etr3VECIdNS_7VVMINUSIdNS_5STOREIdEES3_EEE4sizeEv
FNDA:4,_ZNK3etr3VECIdNS_7VSMINUSIdNS_5STOREIdEEiEEE4sizeEv
FNDA:3,_ZNK3etr3VECIdNS_6VSPLUSIdNS_5STOREIdEEiEEE2imEv
FNDA:1,_ZNK3etr3VECIdNS_6VVsinhIdNS_5STOREIdEEEEE2imEv
FNDA:3,_ZNK3etr3VECIdNS_7VSMINUSIdNS_5STOREIdEEiEEE2imEv
FNDA:1,_ZNK3etr3VECIdNS_5VVCOSIdNS_5STOREIdEEEEE2imEv
FNDA:4,_ZN3etr3VECIdNS_7VVTIMESIdNS_5STOREIdEES3_EEEC2ERKS4_
FNDA:16,_ZNK3etr3VECIdNS_7VVTIMESIdNS_5STOREIdEES3_EEEixEi
FNDA:16,_ZNK3etr3VECIdNS_5VVDIVIdNS_5STOREIdEES3_EEEixEi
FNDA:13,_ZNK3etr3VECIdNS_7VSMINUSIdNS_5STOREIdEEiEEEixEi
FNDA:4,_ZNK3etr3VECIdNS_6VSPLUSIdNS_5STOREIdEEiEEE4sizeEv
FNDA:6,_ZNK3etr3VECIdNS_7VVTIMESIdNS_5STOREIdEES3_EEE4sizeEv
FNDA:1,_ZN3etr3VECIdNS_5STOREIdEEEaSIdNS_6VVCOSHIdS2_EEEERS3_RKNS0_IT_T0_EE
FNDA:6,_ZNK3etr3VECIdNS_5VVDIVIdNS_5STOREIdEES3_EEE4sizeEv
FNDA:13,_ZN3etr3VECIdNS_5STOREIdEEEC2Eiid
FNDA:4,_ZNK3etr3VECIdNS_5VVCOSIdNS_5STOREIdEEEEEixEi
FNDA:4,_ZNK3etr3VECIdNS_5SVDIVIdNS_5STOREIdEEdEEEixEi
FNDA:1,_ZN3etr3VECIdNS_6VVtanhIdNS_5STOREIdEEEEEC2ERKS4_
FNDA:1,_ZN3etr3VECIdNS_5STOREIdEEEaSIdNS_6VVacosIdS2_EEEERS3_RKNS0_IT_T0_EE
FNDA:1,_ZN3etr3VECIdNS_6VVasinIdNS_5STOREIdEEEEEC2ERKS4_
FNDA:2,_ZNK3etr3VECIdNS_6VVatanIdNS_5STOREIdEEEEEixEi
FNDA:2,_ZN3etr3VECIdNS_5STOREIdEEEaSIdNS_5VVEXPIdS2_iEEEERS3_RKNS0_IT_T0_EE
FNDA:4,_ZN3etr3VECIdNS_5VVDIVIdNS_5STOREIdEES3_EEEC2ERKS4_
FNDA:16,_ZNK3etr3VECIdNS_7VVMINUSIdNS_5STOREIdEES3_EEEixEi
FNDA:44,_ZNK3etr3VECIdNS_5STOREIdEEE4ncolEv
FNDA:1,_ZNK3etr3VECIdNS_6VVacosIdNS_5STOREIdEEEEE2imEv
FNDA:13,_ZN3etr3VECIdNS_5STOREIdEEEC2Ed
FNDA:1,_ZN3etr3VECIdNS_5STOREIdEEEC2IdNS_6SVPLUSIdS2_iEEEERKNS0_IT_T0_EE
FNDA:87,_ZN3etr3VECIdNS_5STOREIdEEEC2Eid
FNDA:1,_ZN3etr3VECIdNS_7VSTIMESIdNS_5STOREIdEEdEEEC2ERKS4_
FNDA:1,_ZN3etr3VECIdNS_5VVlogIdNS_5STOREIdEEEEEC2ERKS4_
FNDA:2,_ZNK3etr3VECIdNS_5VVCOSIdNS_5STOREIdEEEEE4sizeEv
FNDA:749,_ZN3etr3VECIdNS_5STOREIdEEEaSERKS3_
FNDA:119,_ZN3etr3VECIbNS_5STOREIbEEEC2Ei
FNDA:4,_ZNK3etr3VECIdNS_6VVPLUSIdNS_5STOREIdEES3_EEE2imEv
FNDA:432,_ZNK3etr3VECIbNS_5STOREIbEEEixEi
FNDA:1,_ZN3etr3VECIdNS_5SVDIVIdNS_5STOREIdEEdEEEC2ERKS4_
FNF:149
FNH:149
DA:60,13
DA:64,788
DA:65,87
DA:66,48
DA:70,216
DA:74,50
DA:75,13
DA:80,9
DA:82,9
DA:83,9
DA:84,45
DA:85,36
DA:88,9
DA:89,0
DA:90,0
DA:91,0
DA:94,9
DA:96,9
DA:99,108
DA:100,108
DA:101,108
DA:102,108
DA:103,540
DA:104,432
DA:107,108
DA:117,208
DA:119,208
DA:120,192
DA:121,192
DA:122,192
DA:124,32
DA:125,16
DA:129,208
DA:130,208
DA:133,749
DA:146,749
DA:147,702
DA:149,517
DA:152,702
DA:153,4604
DA:154,3902
DA:156,702
DA:157,55
DA:158,55
DA:159,55
DA:162,280
DA:163,233
DA:167,749
DA:169,749
DA:173,39
DA:175,39
DA:176,39
DA:177,12
DA:180,39
DA:182,174
DA:183,135
DA:185,39
DA:186,0
DA:187,0
DA:188,0
DA:191,0
DA:192,0
DA:196,39
DA:198,39
DA:203,11305
DA:204,11305
DA:207,4738
DA:208,4738
DA:211,9492
DA:212,9492
DA:215,64
DA:216,64
DA:238,44
DA:239,44
DA:242,44
DA:243,44
DA:247,809
DA:248,809
DA:251,323
DA:252,323
DA:255,702
DA:256,702
DA:259,4
DA:260,4
DA:263,4
DA:264,4
DA:272,63
DA:273,63
DA:274,63
DA:280,300
DA:281,300
LF:91
LH:83
end_of_record
TN:
SF:/home/konrad/Documents/0Uni/programming/ETR/tests/alltests.cpp
FN:7,_Z3deqdd
FN:12,_Z2eqN3etr3VECIdNS_5STOREIdEEEES3_
FN:31,_Z2eqN3etr3VECIdNS_5STOREIdEEEEd
FN:48,_Z3eqbN3etr3VECIbNS_5STOREIbEEEES3_
FN:64,_ZL29____C_A_T_C_H____T_E_S_T____0v
FN:98,_ZL29____C_A_T_C_H____T_E_S_T____2v
FN:132,_ZL29____C_A_T_C_H____T_E_S_T____4v
FN:165,_ZL29____C_A_T_C_H____T_E_S_T____6v
FN:212,_ZL29____C_A_T_C_H____T_E_S_T____8v
FN:244,_ZL30____C_A_T_C_H____T_E_S_T____10v
FN:266,_ZL30____C_A_T_C_H____T_E_S_T____12v
FN:317,_ZL30____C_A_T_C_H____T_E_S_T____14v
FN:368,_ZL30____C_A_T_C_H____T_E_S_T____16v
FN:419,_ZL30____C_A_T_C_H____T_E_S_T____18v
FN:470,_ZL30____C_A_T_C_H____T_E_S_T____20v
FN:522,_ZL30____C_A_T_C_H____T_E_S_T____22v
FN:574,_ZL30____C_A_T_C_H____T_E_S_T____24v
FN:613,_ZL30____C_A_T_C_H____T_E_S_T____26v
FN:641,_ZL30____C_A_T_C_H____T_E_S_T____28v
FN:662,_ZL30____C_A_T_C_H____T_E_S_T____30v
FN:691,_ZL30____C_A_T_C_H____T_E_S_T____32v
FN:824,_ZL30____C_A_T_C_H____T_E_S_T____34v
FN:878,_Z11test_subassRN3etr3VECIdNS_5STOREIdEEEEOS3_S5_S3_S4_
FN:885,_Z11test_subassRN3etr3VECIdNS_5STOREIdEEEES4_S4_S3_S4_
FN:893,_ZL30____C_A_T_C_H____T_E_S_T____36v
FN:1324,_ZL30____C_A_T_C_H____T_E_S_T____38v
FNDA:1304,_Z3deqdd
FNDA:1,_ZL29____C_A_T_C_H____T_E_S_T____8v
FNDA:78,_Z3eqbN3etr3VECIbNS_5STOREIbEEEES3_
FNDA:1,_ZL30____C_A_T_C_H____T_E_S_T____32v
FNDA:1,_ZL30____C_A_T_C_H____T_E_S_T____16v
FNDA:1,_ZL30____C_A_T_C_H____T_E_S_T____28v
FNDA:1,_ZL30____C_A_T_C_H____T_E_S_T____22v
FNDA:1,_ZL29____C_A_T_C_H____T_E_S_T____6v
FNDA:162,_Z2eqN3etr3VECIdNS_5STOREIdEEEES3_
FNDA:1,_ZL30____C_A_T_C_H____T_E_S_T____34v
FNDA:1,_ZL29____C_A_T_C_H____T_E_S_T____4v
FNDA:1,_ZL30____C_A_T_C_H____T_E_S_T____36v
FNDA:1,_Z11test_subassRN3etr3VECIdNS_5STOREIdEEEES4_S4_S3_S4_
FNDA:1,_ZL30____C_A_T_C_H____T_E_S_T____18v
FNDA:1,_ZL30____C_A_T_C_H____T_E_S_T____26v
FNDA:1,_ZL29____C_A_T_C_H____T_E_S_T____0v
FNDA:1,_ZL29____C_A_T_C_H____T_E_S_T____2v
FNDA:1,_ZL30____C_A_T_C_H____T_E_S_T____24v
FNDA:6,_Z2eqN3etr3VECIdNS_5STOREIdEEEEd
FNDA:1,_ZL30____C_A_T_C_H____T_E_S_T____20v
FNDA:1,_ZL30____C_A_T_C_H____T_E_S_T____30v
FNDA:1,_ZL30____C_A_T_C_H____T_E_S_T____12v
FNDA:1,_ZL30____C_A_T_C_H____T_E_S_T____38v
FNDA:1,_Z11test_subassRN3etr3VECIdNS_5STOREIdEEEEOS3_S5_S3_S4_
FNDA:1,_ZL30____C_A_T_C_H____T_E_S_T____10v
FNDA:1,_ZL30____C_A_T_C_H____T_E_S_T____14v
FNF:26
FNH:26
DA:7,1304
DA:8,1304
DA:12,162
DA:14,162
DA:16,162
DA:18,1460
DA:19,1298
DA:20,0
DA:21,0
DA:25,162
DA:31,6
DA:33,6
DA:35,12
DA:36,6
DA:37,0
DA:38,0
DA:42,6
DA:48,78
DA:50,78
DA:52,78
DA:54,390
DA:55,312
DA:56,0
DA:57,0
DA:61,78
DA:64,1
DA:66,2
DA:67,1
DA:68,1
DA:69,1
DA:71,1
DA:72,1
DA:74,1
DA:75,1
DA:76,1
DA:78,1
DA:79,1
DA:81,1
DA:82,1
DA:85,1
DA:86,1
DA:87,1
DA:89,1
DA:90,1
DA:92,1
DA:93,1
DA:94,1
DA:98,1
DA:100,2
DA:101,1
DA:102,1
DA:103,1
DA:105,1
DA:106,1
DA:108,1
DA:109,1
DA:110,1
DA:111,1
DA:112,1
DA:114,1
DA:115,1
DA:117,1
DA:118,1
DA:119,1
DA:121,1
DA:122,1
DA:124,1
DA:125,1
DA:127,1
DA:132,1
DA:134,2
DA:135,1
DA:136,1
DA:137,1
DA:139,1
DA:140,1
DA:142,1
DA:143,1
DA:144,1
DA:145,1
DA:146,1
DA:148,1
DA:149,1
DA:151,1
DA:152,1
DA:153,1
DA:155,1
DA:156,1
DA:158,1
DA:159,1
DA:161,1
DA:165,1
DA:167,2
DA:168,1
DA:169,1
DA:170,1
DA:172,1
DA:173,1
DA:175,1
DA:176,1
DA:177,1
DA:178,1
DA:179,1
DA:183,1
DA:184,5
DA:185,4
DA:189,1
DA:190,1
DA:191,5
DA:192,4
DA:196,1
DA:197,5
DA:198,4
DA:201,1
DA:202,5
DA:203,4
DA:207,1
DA:212,1
DA:214,1
DA:215,1
DA:216,1
DA:217,1
DA:219,2
DA:220,1
DA:221,1
DA:223,2
DA:224,1
DA:225,1
DA:227,1
DA:229,1
DA:230,1
DA:232,2
DA:233,2
DA:235,1
DA:236,1
DA:238,1
DA:239,1
DA:241,1
DA:244,1
DA:246,2
DA:247,1
DA:249,2
DA:250,1
DA:252,2
DA:253,1
DA:255,2
DA:256,1
DA:258,2
DA:259,1
DA:261,2
DA:262,1
DA:263,1
DA:266,1
DA:267,2
DA:268,2
DA:270,2
DA:271,1
DA:272,1
DA:273,1
DA:274,1
DA:276,2
DA:277,1
DA:278,1
DA:279,1
DA:280,1
DA:281,1
DA:283,1
DA:284,1
DA:285,1
DA:286,1
DA:287,2
DA:288,1
DA:289,1
DA:291,1
DA:292,1
DA:293,1
DA:294,1
DA:295,2
DA:296,1
DA:297,1
DA:299,1
DA:300,1
DA:301,1
DA:302,1
DA:303,2
DA:304,1
DA:305,1
DA:307,1
DA:308,1
DA:309,1
DA:310,1
DA:311,2
DA:312,1
DA:313,1
DA:314,1
DA:317,1
DA:318,2
DA:319,2
DA:321,2
DA:322,1
DA:323,1
DA:324,1
DA:325,1
DA:327,2
DA:328,1
DA:329,1
DA:330,1
DA:331,1
DA:332,1
DA:334,1
DA:335,1
DA:336,1
DA:337,1
DA:338,2
DA:339,1
DA:340,1
DA:342,1
DA:343,1
DA:344,1
DA:345,1
DA:346,2
DA:347,1
DA:348,1
DA:351,1
DA:352,1
DA:353,1
DA:354,1
DA:355,2
DA:356,1
DA:357,1
DA:359,1
DA:360,1
DA:361,1
DA:362,1
DA:363,2
DA:364,1
DA:365,1
DA:366,1
DA:368,1
DA:369,2
DA:370,2
DA:372,2
DA:373,1
DA:374,1
DA:375,1
DA:376,1
DA:378,2
DA:379,1
DA:380,1
DA:381,1
DA:382,1
DA:383,1
DA:385,1
DA:386,1
DA:387,1
DA:388,1
DA:389,2
DA:390,1
DA:391,1
DA:393,1
DA:394,1
DA:395,1
DA:396,1
DA:397,2
DA:398,1
DA:399,1
DA:401,1
DA:402,1
DA:403,1
DA:404,1
DA:405,2
DA:406,1
DA:407,1
DA:409,1
DA:410,1
DA:411,1
DA:412,1
DA:413,2
DA:414,1
DA:415,1
DA:416,1
DA:419,1
DA:420,2
DA:421,2
DA:423,2
DA:424,1
DA:425,1
DA:426,1
DA:427,1
DA:429,2
DA:430,1
DA:431,1
DA:432,1
DA:433,1
DA:434,1
DA:436,1
DA:437,1
DA:438,1
DA:439,1
DA:440,2
DA:441,1
DA:442,1
DA:444,1
DA:445,1
DA:446,1
DA:447,1
DA:448,2
DA:449,1
DA:450,1
DA:452,1
DA:453,1
DA:454,1
DA:455,1
DA:456,2
DA:457,1
DA:458,1
DA:460,1
DA:461,1
DA:462,1
DA:463,1
DA:464,2
DA:465,1
DA:466,1
DA:467,1
DA:470,1
DA:471,2
DA:472,2
DA:474,2
DA:475,1
DA:476,1
DA:477,1
DA:478,1
DA:480,2
DA:481,1
DA:482,1
DA:483,1
DA:484,1
DA:485,1
DA:487,1
DA:488,1
DA:489,1
DA:490,1
DA:491,2
DA:492,1
DA:493,1
DA:495,1
DA:496,1
DA:497,1
DA:498,1
DA:499,2
DA:500,1
DA:501,1
DA:503,1
DA:504,1
DA:505,1
DA:506,1
DA:507,2
DA:508,1
DA:509,1
DA:511,1
DA:512,1
DA:513,1
DA:514,1
DA:515,2
DA:516,1
DA:517,1
DA:518,1
DA:522,1
DA:523,2
DA:524,2
DA:526,2
DA:527,1
DA:528,1
DA:529,1
DA:530,1
DA:532,2
DA:533,1
DA:534,1
DA:535,1
DA:536,1
DA:537,1
DA:539,1
DA:540,1
DA:541,1
DA:542,1
DA:543,2
DA:544,1
DA:545,1
DA:547,1
DA:548,1
DA:549,1
DA:550,1
DA:551,2
DA:552,1
DA:553,1
DA:555,1
DA:556,1
DA:557,1
DA:558,1
DA:559,2
DA:560,1
DA:561,1
DA:563,1
DA:564,1
DA:565,1
DA:566,1
DA:567,2
DA:568,1
DA:569,1
DA:570,1
DA:574,1
DA:576,2
DA:577,2
DA:578,1
DA:579,1
DA:580,1
DA:581,1
DA:583,2
DA:584,2
DA:585,1
DA:586,1
DA:587,1
DA:588,1
DA:589,1
DA:591,2
DA:592,2
DA:593,1
DA:594,1
DA:595,1
DA:596,1
DA:597,1
DA:600,2
DA:601,2
DA:602,1
DA:603,1
DA:604,1
DA:605,1
DA:606,1
DA:607,1
DA:608,1
DA:610,1
DA:613,1
DA:614,2
DA:615,1
DA:616,2
DA:617,1
DA:618,1
DA:619,1
DA:620,1
DA:621,1
DA:623,2
DA:624,1
DA:625,1
DA:627,1
DA:629,1
DA:630,1
DA:631,1
DA:632,1
DA:633,1
DA:634,1
DA:635,1
DA:637,1
DA:639,1
DA:641,1
DA:643,2
DA:644,2
DA:645,1
DA:647,1
DA:648,1
DA:649,1
DA:650,1
DA:651,1
DA:652,1
DA:653,1
DA:654,1
DA:655,1
DA:656,1
DA:658,1
DA:662,1
DA:664,2
DA:665,2
DA:666,2
DA:667,1
DA:668,1
DA:669,1
DA:671,1
DA:672,1
DA:673,1
DA:674,1
DA:675,1
DA:676,1
DA:677,1
DA:678,1
DA:680,2
DA:681,1
DA:682,1
DA:683,1
DA:684,1
DA:685,1
DA:686,1
DA:687,1
DA:691,1
DA:693,2
DA:694,2
DA:695,2
DA:696,2
DA:697,1
DA:698,1
DA:699,1
DA:700,1
DA:701,1
DA:702,1
DA:703,1
DA:704,1
DA:705,1
DA:706,1
DA:707,1
DA:708,1
DA:709,1
DA:710,1
DA:711,1
DA:712,1
DA:713,1
DA:714,1
DA:715,1
DA:717,1
DA:718,1
DA:719,1
DA:720,1
DA:722,1
DA:723,1
DA:724,1
DA:725,1
DA:726,1
DA:727,1
DA:729,1
DA:730,1
DA:732,2
DA:733,2
DA:734,1
DA:735,1
DA:736,1
DA:738,1
DA:739,1
DA:740,1
DA:742,1
DA:743,1
DA:744,1
DA:746,1
DA:747,1
DA:748,1
DA:749,1
DA:750,1
DA:752,1
DA:754,1
DA:755,1
DA:757,1
DA:758,1
DA:759,1
DA:760,1
DA:761,1
DA:763,1
DA:764,1
DA:765,1
DA:767,1
DA:768,1
DA:770,1
DA:771,1
DA:772,1
DA:773,1
DA:774,1
DA:777,1
DA:778,1
DA:779,1
DA:780,1
DA:782,1
DA:783,1
DA:784,1
DA:786,1
DA:787,1
DA:788,1
DA:790,1
DA:791,1
DA:793,1
DA:794,1
DA:795,1
DA:797,1
DA:798,1
DA:799,1
DA:801,1
DA:802,1
DA:803,1
DA:804,1
DA:806,1
DA:807,1
DA:808,1
DA:810,1
DA:811,1
DA:812,1
DA:813,1
DA:816,2
DA:817,2
DA:818,1
DA:819,1
DA:824,1
DA:825,2
DA:826,2
DA:827,2
DA:828,2
DA:830,1
DA:831,1
DA:832,1
DA:833,1
DA:834,1
DA:837,1
DA:838,1
DA:839,1
DA:840,1
DA:843,1
DA:844,1
DA:845,1
DA:846,1
DA:848,1
DA:849,1
DA:850,1
DA:851,1
DA:853,1
DA:854,1
DA:855,1
DA:856,1
DA:859,1
DA:860,1
DA:861,1
DA:862,1
DA:864,1
DA:865,1
DA:866,1
DA:867,1
DA:870,1
DA:871,1
DA:872,1
DA:873,1
DA:875,1
DA:878,1
DA:879,1
DA:880,1
DA:881,1
DA:882,1
DA:883,1
DA:885,1
DA:886,1
DA:887,1
DA:888,1
DA:889,1
DA:890,1
DA:893,1
DA:894,2
DA:895,2
DA:896,2
DA:897,2
DA:898,2
DA:899,1
DA:900,1
DA:901,1
DA:902,1
DA:903,1
DA:904,1
DA:905,1
DA:906,1
DA:907,1
DA:908,1
DA:909,1
DA:910,1
DA:911,1
DA:912,1
DA:913,1
DA:916,1
DA:917,1
DA:918,1
DA:919,1
DA:921,1
DA:922,1
DA:923,1
DA:924,1
DA:926,1
DA:927,1
DA:928,1
DA:929,1
DA:931,1
DA:932,1
DA:933,1
DA:934,1
DA:938,1
DA:939,1
DA:940,1
DA:941,1
DA:942,1
DA:944,1
DA:945,1
DA:946,1
DA:947,1
DA:948,1
DA:950,1
DA:951,1
DA:952,1
DA:953,1
DA:954,1
DA:956,1
DA:957,1
DA:958,1
DA:959,1
DA:960,1
DA:963,1
DA:964,1
DA:965,1
DA:966,1
DA:967,1
DA:968,1
DA:969,1
DA:970,1
DA:971,1
DA:974,1
DA:975,1
DA:976,1
DA:977,1
DA:978,1
DA:979,1
DA:980,1
DA:981,1
DA:982,1
DA:985,1
DA:986,1
DA:987,1
DA:988,1
DA:989,1
DA:990,1
DA:991,1
DA:992,1
DA:993,1
DA:995,1
DA:996,1
DA:997,1
DA:998,1
DA:999,1
DA:1000,1
DA:1001,1
DA:1002,1
DA:1003,1
DA:1006,1
DA:1007,1
DA:1008,1
DA:1009,1
DA:1010,1
DA:1011,1
DA:1012,1
DA:1013,1
DA:1016,1
DA:1017,1
DA:1018,1
DA:1019,1
DA:1020,1
DA:1021,1
DA:1022,1
DA:1023,1
DA:1029,2
DA:1030,2
DA:1031,1
DA:1032,1
DA:1033,1
DA:1034,1
DA:1035,1
DA:1036,1
DA:1037,1
DA:1038,1
DA:1039,1
DA:1040,1
DA:1041,1
DA:1044,1
DA:1045,1
DA:1046,1
DA:1047,1
DA:1048,1
DA:1049,1
DA:1050,1
DA:1051,1
DA:1052,1
DA:1053,1
DA:1055,1
DA:1056,1
DA:1057,1
DA:1058,1
DA:1059,1
DA:1060,1
DA:1061,1
DA:1062,1
DA:1063,1
DA:1064,1
DA:1067,1
DA:1068,1
DA:1069,1
DA:1070,1
DA:1071,1
DA:1072,1
DA:1073,1
DA:1074,1
DA:1075,1
DA:1076,1
DA:1077,1
DA:1078,1
DA:1079,1
DA:1081,1
DA:1082,1
DA:1083,1
DA:1084,1
DA:1085,1
DA:1088,1
DA:1089,1
DA:1090,1
DA:1091,1
DA:1092,1
DA:1093,1
DA:1095,1
DA:1096,1
DA:1097,1
DA:1098,1
DA:1099,1
DA:1100,1
DA:1101,1
DA:1102,1
DA:1103,1
DA:1104,1
DA:1105,1
DA:1108,1
DA:1109,1
DA:1110,1
DA:1111,1
DA:1112,1
DA:1113,1
DA:1114,1
DA:1117,1
DA:1118,1
DA:1119,1
DA:1120,1
DA:1121,1
DA:1122,1
DA:1123,1
DA:1125,1
DA:1126,1
DA:1127,1
DA:1128,1
DA:1129,1
DA:1130,1
DA:1131,1
DA:1134,1
DA:1135,1
DA:1136,1
DA:1137,1
DA:1138,1
DA:1139,1
DA:1140,1
DA:1141,1
DA:1143,1
DA:1144,1
DA:1145,1
DA:1146,1
DA:1147,1
DA:1148,1
DA:1152,1
DA:1153,1
DA:1154,1
DA:1155,1
DA:1156,1
DA:1157,1
DA:1158,1
DA:1159,1
DA:1160,1
DA:1161,1
DA:1162,1
DA:1163,1
DA:1164,1
DA:1165,1
DA:1167,1
DA:1168,1
DA:1169,1
DA:1170,1
DA:1171,1
DA:1172,1
DA:1173,1
DA:1174,1
DA:1175,1
DA:1176,1
DA:1177,1
DA:1178,1
DA:1179,1
DA:1180,1
DA:1182,1
DA:1183,1
DA:1184,1
DA:1185,1
DA:1186,1
DA:1187,1
DA:1188,1
DA:1189,1
DA:1190,1
DA:1191,1
DA:1192,1
DA:1193,1
DA:1194,1
DA:1197,1
DA:1198,1
DA:1199,1
DA:1200,1
DA:1201,1
DA:1202,1
DA:1203,1
DA:1204,1
DA:1205,1
DA:1206,1
DA:1207,1
DA:1210,1
DA:1211,1
DA:1212,1
DA:1213,1
DA:1214,1
DA:1215,1
DA:1216,1
DA:1217,1
DA:1218,1
DA:1220,1
DA:1221,1
DA:1222,1
DA:1223,1
DA:1224,1
DA:1225,1
DA:1226,1
DA:1227,1
DA:1228,1
DA:1229,1
DA:1231,1
DA:1232,1
DA:1233,1
DA:1234,1
DA:1235,1
DA:1236,1
DA:1237,1
DA:1238,1
DA:1239,1
DA:1240,1
DA:1242,1
DA:1243,1
DA:1244,1
DA:1245,1
DA:1246,1
DA:1247,1
DA:1248,1
DA:1249,1
DA:1250,1
DA:1254,1
DA:1255,1
DA:1256,1
DA:1257,1
DA:1258,1
DA:1259,1
DA:1260,1
DA:1261,1
DA:1262,1
DA:1263,1
DA:1264,1
DA:1265,1
DA:1266,1
DA:1267,1
DA:1268,1
DA:1269,1
DA:1271,1
DA:1272,1
DA:1273,1
DA:1274,1
DA:1275,1
DA:1276,1
DA:1277,1
DA:1278,1
DA:1279,1
DA:1280,1
DA:1283,1
DA:1284,1
DA:1285,1
DA:1286,1
DA:1287,1
DA:1288,1
DA:1289,1
DA:1290,1
DA:1291,1
DA:1292,1
DA:1293,1
DA:1296,1
DA:1297,1
DA:1298,1
DA:1299,1
DA:1300,1
DA:1301,1
DA:1302,1
DA:1303,1
DA:1304,1
DA:1305,1
DA:1306,1
DA:1308,1
DA:1309,1
DA:1310,2
DA:1311,1
DA:1312,1
DA:1313,1
DA:1314,1
DA:1315,1
DA:1316,1
DA:1317,1
DA:1318,1
DA:1319,1
DA:1320,1
DA:1324,1
DA:1326,1
DA:1328,2
DA:1329,2
DA:1330,2
DA:1331,1
DA:1332,1
DA:1335,1
DA:1336,1
DA:1337,1
DA:1338,1
DA:1339,1
DA:1341,1
DA:1342,1
DA:1343,1
DA:1344,1
DA:1345,1
DA:1348,1
DA:1349,1
DA:1350,1
DA:1351,1
DA:1352,1
DA:1354,1
DA:1355,1
DA:1356,1
DA:1357,1
DA:1358,1
DA:1360,1
DA:1361,1
DA:1362,1
DA:1363,1
DA:1364,1
DA:1367,1
DA:1368,1
DA:1369,1
DA:1370,1
DA:1371,1
DA:1373,1
DA:1374,1
DA:1375,1
DA:1376,1
DA:1377,1
DA:1380,1
DA:1381,1
DA:1382,1
DA:1383,1
DA:1384,1
DA:1387,1
DA:1388,1
DA:1389,1
DA:1390,1
DA:1391,1
DA:1392,1
DA:1394,1
DA:1395,1
DA:1396,1
DA:1397,1
DA:1398,1
DA:1399,1
DA:1401,1
DA:1402,1
DA:1403,1
DA:1404,1
DA:1405,1
DA:1406,1
DA:1409,1
LF:1084
LH:1078
end_of_record
